{
  "app_params": {
    "output_dimensions": [
      2,
      4,
      8,
      16,
      32
    ]
  },
  "app_proc": "dimensionality_reduction_risp",
  "argv": "../bin/bayes --input_file /lustre/isaac24/scratch/jhanna8/repos/2026_dr_tests/bayes/dimensionality_reduction/27/b27.in --output_file /lustre/isaac24/scratch/jhanna8/repos/2026_dr_tests/bayes/dimensionality_reduction/27/b27.out --n_calls 5 -d /lustre/isaac24/scratch/jhanna8/repos/2026_dr_tests/bayes/dimensionality_reduction/27/networks ",
  "bayes_iteration": 5,
  "bayes_iteration_type": "median",
  "best_fitness": [
    {
      "cmd": "bin/dimensionality_reduction_risp -a train --app_params 27/dimensionality_reduction.json --eons_params 27/eons.json --proc_params 27/risp.json --sim_time 64 --threads 13 --epochs 10 --extra_eons_params {\"starting_edges\":64} --extra_app_params {\"output_dimensions\":2} --extra_proc_params {\"discrete\":false,\"leak_mode\":\"none\",\"max_delay\":8,\"max_threshold\":2,\"max_weight\":8,\"min_potential\":-4,\"min_weight\":-1} --encoder \"spikes\" --decoder \"rate\"",
      "fitness": 0.179378,
      "network": "/lustre/isaac24/scratch/jhanna8/repos/2026_dr_tests/bayes/dimensionality_reduction/27/networks/dimensionality_reduction_risp_2"
    },
    {
      "cmd": "bin/dimensionality_reduction_risp -a train --app_params 27/dimensionality_reduction.json --eons_params 27/eons.json --proc_params 27/risp.json --sim_time 64 --threads 13 --epochs 10 --extra_eons_params {\"starting_edges\":64} --extra_app_params {\"output_dimensions\":8} --extra_proc_params {\"discrete\":true,\"leak_mode\":\"all\",\"max_delay\":2,\"max_threshold\":2,\"max_weight\":8,\"min_potential\":-8,\"min_weight\":-2} --encoder \"spike\" --decoder \"rate\"",
      "fitness": 0.177947,
      "network": "/lustre/isaac24/scratch/jhanna8/repos/2026_dr_tests/bayes/dimensionality_reduction/27/networks/dimensionality_reduction_risp_1"
    },
    {
      "cmd": "bin/dimensionality_reduction_risp -a train --app_params 27/dimensionality_reduction.json --eons_params 27/eons.json --proc_params 27/risp.json --sim_time 64 --threads 13 --epochs 10 --extra_eons_params {\"starting_edges\":96} --extra_app_params {\"output_dimensions\":8} --extra_proc_params {\"discrete\":false,\"leak_mode\":\"all\",\"max_delay\":4,\"max_threshold\":2,\"max_weight\":4,\"min_potential\":-2,\"min_weight\":-4} --encoder \"rate\" --decoder \"ttls\"",
      "fitness": 0.171736,
      "network": "/lustre/isaac24/scratch/jhanna8/repos/2026_dr_tests/bayes/dimensionality_reduction/27/networks/dimensionality_reduction_risp_5"
    },
    {
      "cmd": "bin/dimensionality_reduction_risp -a train --app_params 27/dimensionality_reduction.json --eons_params 27/eons.json --proc_params 27/risp.json --sim_time 64 --threads 13 --epochs 10 --extra_eons_params {\"starting_edges\":96} --extra_app_params {\"output_dimensions\":8} --extra_proc_params {\"discrete\":true,\"leak_mode\":\"none\",\"max_delay\":1,\"max_threshold\":4,\"max_weight\":2,\"min_potential\":-4,\"min_weight\":-1} --encoder \"rate\" --decoder \"ttls\"",
      "fitness": 0.170861,
      "network": "/lustre/isaac24/scratch/jhanna8/repos/2026_dr_tests/bayes/dimensionality_reduction/27/networks/dimensionality_reduction_risp_4"
    },
    {
      "cmd": "bin/dimensionality_reduction_risp -a train --app_params 27/dimensionality_reduction.json --eons_params 27/eons.json --proc_params 27/risp.json --sim_time 64 --threads 13 --epochs 10 --extra_eons_params {\"starting_edges\":96} --extra_app_params {\"output_dimensions\":2} --extra_proc_params {\"discrete\":true,\"leak_mode\":\"none\",\"max_delay\":1,\"max_threshold\":2,\"max_weight\":2,\"min_potential\":-4,\"min_weight\":-4} --encoder \"rate\" --decoder \"ttls\"",
      "fitness": 0.168568,
      "network": "/lustre/isaac24/scratch/jhanna8/repos/2026_dr_tests/bayes/dimensionality_reduction/27/networks/dimensionality_reduction_risp_3"
    }
  ],
  "command": "bin/dimensionality_reduction_risp -a train --app_params 27/dimensionality_reduction.json --eons_params 27/eons.json --proc_params 27/risp.json --sim_time 64 --threads 13 --epochs 10",
  "command_params": {},
  "data_points": [
    {
      "best": 0.179378,
      "cmd": "bin/dimensionality_reduction_risp -a train --app_params 27/dimensionality_reduction.json --eons_params 27/eons.json --proc_params 27/risp.json --sim_time 64 --threads 13 --epochs 10 --extra_eons_params {\"starting_edges\":64} --extra_app_params {\"output_dimensions\":2} --extra_proc_params {\"discrete\":false,\"leak_mode\":\"none\",\"max_delay\":8,\"max_threshold\":2,\"max_weight\":8,\"min_potential\":-4,\"min_weight\":-1} --encoder \"spikes\" --decoder \"rate\"",
      "fitness": [
        0.179378,
        0.168732,
        0.176239
      ],
      "hyperparam": "0.000000000-0.000000000-1.000000000-1.000000000-3.000000000-1.000000000-3.000000000-1.000000000-2.000000000-3.000000000-1.000000000",
      "mean": 0.17478300000000002,
      "median": 0.176239,
      "network": "/lustre/isaac24/scratch/jhanna8/repos/2026_dr_tests/bayes/dimensionality_reduction/27/networks/dimensionality_reduction_risp_2"
    },
    {
      "best": 0.177947,
      "cmd": "bin/dimensionality_reduction_risp -a train --app_params 27/dimensionality_reduction.json --eons_params 27/eons.json --proc_params 27/risp.json --sim_time 64 --threads 13 --epochs 10 --extra_eons_params {\"starting_edges\":64} --extra_app_params {\"output_dimensions\":8} --extra_proc_params {\"discrete\":true,\"leak_mode\":\"all\",\"max_delay\":2,\"max_threshold\":2,\"max_weight\":8,\"min_potential\":-8,\"min_weight\":-2} --encoder \"spike\" --decoder \"rate\"",
      "fitness": [
        0.167452,
        0.177947,
        0.167785
      ],
      "hyperparam": "0.000000000-2.000000000-0.000000000-0.000000000-1.000000000-1.000000000-3.000000000-0.000000000-1.000000000-1.000000000-1.000000000",
      "mean": 0.17106133333333332,
      "median": 0.167785,
      "network": "/lustre/isaac24/scratch/jhanna8/repos/2026_dr_tests/bayes/dimensionality_reduction/27/networks/dimensionality_reduction_risp_1"
    },
    {
      "best": 0.168568,
      "cmd": "bin/dimensionality_reduction_risp -a train --app_params 27/dimensionality_reduction.json --eons_params 27/eons.json --proc_params 27/risp.json --sim_time 64 --threads 13 --epochs 10 --extra_eons_params {\"starting_edges\":96} --extra_app_params {\"output_dimensions\":2} --extra_proc_params {\"discrete\":true,\"leak_mode\":\"none\",\"max_delay\":1,\"max_threshold\":2,\"max_weight\":2,\"min_potential\":-4,\"min_weight\":-4} --encoder \"rate\" --decoder \"ttls\"",
      "fitness": [
        0.160151,
        0.168568,
        0.160056
      ],
      "hyperparam": "1.000000000-0.000000000-0.000000000-1.000000000-0.000000000-1.000000000-1.000000000-1.000000000-0.000000000-2.000000000-0.000000000",
      "mean": 0.162925,
      "median": 0.160151,
      "network": "/lustre/isaac24/scratch/jhanna8/repos/2026_dr_tests/bayes/dimensionality_reduction/27/networks/dimensionality_reduction_risp_3"
    },
    {
      "best": 0.170861,
      "cmd": "bin/dimensionality_reduction_risp -a train --app_params 27/dimensionality_reduction.json --eons_params 27/eons.json --proc_params 27/risp.json --sim_time 64 --threads 13 --epochs 10 --extra_eons_params {\"starting_edges\":96} --extra_app_params {\"output_dimensions\":8} --extra_proc_params {\"discrete\":true,\"leak_mode\":\"none\",\"max_delay\":1,\"max_threshold\":4,\"max_weight\":2,\"min_potential\":-4,\"min_weight\":-1} --encoder \"rate\" --decoder \"ttls\"",
      "fitness": [
        0.161516,
        0.170861,
        0.15925
      ],
      "hyperparam": "1.000000000-2.000000000-0.000000000-1.000000000-0.000000000-2.000000000-1.000000000-1.000000000-2.000000000-2.000000000-0.000000000",
      "mean": 0.16387566666666667,
      "median": 0.161516,
      "network": "/lustre/isaac24/scratch/jhanna8/repos/2026_dr_tests/bayes/dimensionality_reduction/27/networks/dimensionality_reduction_risp_4"
    },
    {
      "best": 0.171736,
      "cmd": "bin/dimensionality_reduction_risp -a train --app_params 27/dimensionality_reduction.json --eons_params 27/eons.json --proc_params 27/risp.json --sim_time 64 --threads 13 --epochs 10 --extra_eons_params {\"starting_edges\":96} --extra_app_params {\"output_dimensions\":8} --extra_proc_params {\"discrete\":false,\"leak_mode\":\"all\",\"max_delay\":4,\"max_threshold\":2,\"max_weight\":4,\"min_potential\":-2,\"min_weight\":-4} --encoder \"rate\" --decoder \"ttls\"",
      "fitness": [
        0.17092,
        0.16579,
        0.171736
      ],
      "hyperparam": "1.000000000-2.000000000-1.000000000-0.000000000-2.000000000-1.000000000-2.000000000-2.000000000-0.000000000-2.000000000-0.000000000",
      "mean": 0.169482,
      "median": 0.17092,
      "network": "/lustre/isaac24/scratch/jhanna8/repos/2026_dr_tests/bayes/dimensionality_reduction/27/networks/dimensionality_reduction_risp_5"
    }
  ],
  "decoder": {
    "base": [
      "ttls",
      "rate"
    ]
  },
  "encoder": {
    "base": [
      "val",
      "spike",
      "rate",
      "spikes",
      "temporal"
    ]
  },
  "eons_params": {
    "starting_edges": [
      64,
      96,
      128
    ]
  },
  "fitness_metric": "fitness",
  "iterations_per_test": 3,
  "num_best_networks": 0,
  "opt_params": {
    "n_random_starts": 5,
    "random_state": 11591
  },
  "optimizer": "python ../utils/scikit_opt.py",
  "proc_params": {
    "discrete": [
      true,
      false
    ],
    "leak_mode": [
      "all",
      "none"
    ],
    "max_delay": [
      1,
      2,
      4,
      8,
      16
    ],
    "max_threshold": [
      1,
      2,
      4,
      8,
      16
    ],
    "max_weight": [
      1,
      2,
      4,
      8,
      16
    ],
    "min_potential": [
      -8,
      -4,
      -2,
      -1
    ],
    "min_weight": [
      -4,
      -2,
      -1
    ]
  },
  "python_app": false,
  "test_episodes": 0,
  "test_iteration_type": "none"
}
