{
  "app_params": {
    "output_dimensions": [
      2,
      4,
      8,
      16,
      32
    ]
  },
  "app_proc": "dimensionality_reduction_risp",
  "argv": "../bin/bayes --input_file /lustre/isaac24/scratch/jhanna8/repos/2026_dr_tests/bayes/dimensionality_reduction/21/b21.in --output_file /lustre/isaac24/scratch/jhanna8/repos/2026_dr_tests/bayes/dimensionality_reduction/21/b21.out --n_calls 5 -d /lustre/isaac24/scratch/jhanna8/repos/2026_dr_tests/bayes/dimensionality_reduction/21/networks ",
  "bayes_iteration": 5,
  "bayes_iteration_type": "median",
  "best_fitness": [
    {
      "cmd": "bin/dimensionality_reduction_risp -a train --app_params 21/dimensionality_reduction.json --eons_params 21/eons.json --proc_params 21/risp.json --sim_time 16 --threads 13 --epochs 10 --extra_eons_params {\"starting_edges\":128} --extra_app_params {\"output_dimensions\":16} --extra_proc_params {\"discrete\":false,\"leak_mode\":\"all\",\"max_delay\":2,\"max_threshold\":8,\"max_weight\":2,\"min_potential\":-1,\"min_weight\":-1} --encoder \"val\" --decoder \"rate\"",
      "fitness": 0.173315,
      "network": "/lustre/isaac24/scratch/jhanna8/repos/2026_dr_tests/bayes/dimensionality_reduction/21/networks/dimensionality_reduction_risp_5"
    },
    {
      "cmd": "bin/dimensionality_reduction_risp -a train --app_params 21/dimensionality_reduction.json --eons_params 21/eons.json --proc_params 21/risp.json --sim_time 16 --threads 13 --epochs 10 --extra_eons_params {\"starting_edges\":96} --extra_app_params {\"output_dimensions\":4} --extra_proc_params {\"discrete\":false,\"leak_mode\":\"all\",\"max_delay\":8,\"max_threshold\":1,\"max_weight\":4,\"min_potential\":-4,\"min_weight\":-1} --encoder \"spike\" --decoder \"rate\"",
      "fitness": 0.152553,
      "network": "/lustre/isaac24/scratch/jhanna8/repos/2026_dr_tests/bayes/dimensionality_reduction/21/networks/dimensionality_reduction_risp_4"
    },
    {
      "cmd": "bin/dimensionality_reduction_risp -a train --app_params 21/dimensionality_reduction.json --eons_params 21/eons.json --proc_params 21/risp.json --sim_time 16 --threads 13 --epochs 10 --extra_eons_params {\"starting_edges\":128} --extra_app_params {\"output_dimensions\":8} --extra_proc_params {\"discrete\":false,\"leak_mode\":\"none\",\"max_delay\":16,\"max_threshold\":8,\"max_weight\":4,\"min_potential\":-8,\"min_weight\":-2} --encoder \"spikes\" --decoder \"rate\"",
      "fitness": 0.151581,
      "network": "/lustre/isaac24/scratch/jhanna8/repos/2026_dr_tests/bayes/dimensionality_reduction/21/networks/dimensionality_reduction_risp_1"
    },
    {
      "cmd": "bin/dimensionality_reduction_risp -a train --app_params 21/dimensionality_reduction.json --eons_params 21/eons.json --proc_params 21/risp.json --sim_time 16 --threads 13 --epochs 10 --extra_eons_params {\"starting_edges\":128} --extra_app_params {\"output_dimensions\":8} --extra_proc_params {\"discrete\":false,\"leak_mode\":\"none\",\"max_delay\":2,\"max_threshold\":8,\"max_weight\":4,\"min_potential\":-2,\"min_weight\":-2} --encoder \"spike\" --decoder \"ttls\"",
      "fitness": 0.147166,
      "network": "/lustre/isaac24/scratch/jhanna8/repos/2026_dr_tests/bayes/dimensionality_reduction/21/networks/dimensionality_reduction_risp_3"
    },
    {
      "cmd": "bin/dimensionality_reduction_risp -a train --app_params 21/dimensionality_reduction.json --eons_params 21/eons.json --proc_params 21/risp.json --sim_time 16 --threads 13 --epochs 10 --extra_eons_params {\"starting_edges\":128} --extra_app_params {\"output_dimensions\":4} --extra_proc_params {\"discrete\":false,\"leak_mode\":\"none\",\"max_delay\":16,\"max_threshold\":16,\"max_weight\":16,\"min_potential\":-2,\"min_weight\":-4} --encoder \"temporal\" --decoder \"ttls\"",
      "fitness": 0.0987499,
      "network": "/lustre/isaac24/scratch/jhanna8/repos/2026_dr_tests/bayes/dimensionality_reduction/21/networks/dimensionality_reduction_risp_2"
    }
  ],
  "command": "bin/dimensionality_reduction_risp -a train --app_params 21/dimensionality_reduction.json --eons_params 21/eons.json --proc_params 21/risp.json --sim_time 16 --threads 13 --epochs 10",
  "command_params": {},
  "data_points": [
    {
      "best": 0.152553,
      "cmd": "bin/dimensionality_reduction_risp -a train --app_params 21/dimensionality_reduction.json --eons_params 21/eons.json --proc_params 21/risp.json --sim_time 16 --threads 13 --epochs 10 --extra_eons_params {\"starting_edges\":96} --extra_app_params {\"output_dimensions\":4} --extra_proc_params {\"discrete\":false,\"leak_mode\":\"all\",\"max_delay\":8,\"max_threshold\":1,\"max_weight\":4,\"min_potential\":-4,\"min_weight\":-1} --encoder \"spike\" --decoder \"rate\"",
      "fitness": [
        0.131778,
        0.146648,
        0.152553
      ],
      "hyperparam": "1.000000000-1.000000000-1.000000000-0.000000000-3.000000000-0.000000000-2.000000000-1.000000000-2.000000000-1.000000000-1.000000000",
      "mean": 0.14365966666666666,
      "median": 0.146648,
      "network": "/lustre/isaac24/scratch/jhanna8/repos/2026_dr_tests/bayes/dimensionality_reduction/21/networks/dimensionality_reduction_risp_4"
    },
    {
      "best": 0.0987499,
      "cmd": "bin/dimensionality_reduction_risp -a train --app_params 21/dimensionality_reduction.json --eons_params 21/eons.json --proc_params 21/risp.json --sim_time 16 --threads 13 --epochs 10 --extra_eons_params {\"starting_edges\":128} --extra_app_params {\"output_dimensions\":4} --extra_proc_params {\"discrete\":false,\"leak_mode\":\"none\",\"max_delay\":16,\"max_threshold\":16,\"max_weight\":16,\"min_potential\":-2,\"min_weight\":-4} --encoder \"temporal\" --decoder \"ttls\"",
      "fitness": [
        0.0987499,
        0.089028,
        0.0939557
      ],
      "hyperparam": "2.000000000-1.000000000-1.000000000-1.000000000-4.000000000-4.000000000-4.000000000-2.000000000-0.000000000-4.000000000-0.000000000",
      "mean": 0.09391120000000001,
      "median": 0.0939557,
      "network": "/lustre/isaac24/scratch/jhanna8/repos/2026_dr_tests/bayes/dimensionality_reduction/21/networks/dimensionality_reduction_risp_2"
    },
    {
      "best": 0.147166,
      "cmd": "bin/dimensionality_reduction_risp -a train --app_params 21/dimensionality_reduction.json --eons_params 21/eons.json --proc_params 21/risp.json --sim_time 16 --threads 13 --epochs 10 --extra_eons_params {\"starting_edges\":128} --extra_app_params {\"output_dimensions\":8} --extra_proc_params {\"discrete\":false,\"leak_mode\":\"none\",\"max_delay\":2,\"max_threshold\":8,\"max_weight\":4,\"min_potential\":-2,\"min_weight\":-2} --encoder \"spike\" --decoder \"ttls\"",
      "fitness": [
        0.14086,
        0.138949,
        0.147166
      ],
      "hyperparam": "2.000000000-2.000000000-1.000000000-1.000000000-1.000000000-3.000000000-2.000000000-2.000000000-1.000000000-1.000000000-0.000000000",
      "mean": 0.142325,
      "median": 0.14086,
      "network": "/lustre/isaac24/scratch/jhanna8/repos/2026_dr_tests/bayes/dimensionality_reduction/21/networks/dimensionality_reduction_risp_3"
    },
    {
      "best": 0.151581,
      "cmd": "bin/dimensionality_reduction_risp -a train --app_params 21/dimensionality_reduction.json --eons_params 21/eons.json --proc_params 21/risp.json --sim_time 16 --threads 13 --epochs 10 --extra_eons_params {\"starting_edges\":128} --extra_app_params {\"output_dimensions\":8} --extra_proc_params {\"discrete\":false,\"leak_mode\":\"none\",\"max_delay\":16,\"max_threshold\":8,\"max_weight\":4,\"min_potential\":-8,\"min_weight\":-2} --encoder \"spikes\" --decoder \"rate\"",
      "fitness": [
        0.151178,
        0.151581,
        0.146735
      ],
      "hyperparam": "2.000000000-2.000000000-1.000000000-1.000000000-4.000000000-3.000000000-2.000000000-0.000000000-1.000000000-3.000000000-1.000000000",
      "mean": 0.14983133333333334,
      "median": 0.151178,
      "network": "/lustre/isaac24/scratch/jhanna8/repos/2026_dr_tests/bayes/dimensionality_reduction/21/networks/dimensionality_reduction_risp_1"
    },
    {
      "best": 0.173315,
      "cmd": "bin/dimensionality_reduction_risp -a train --app_params 21/dimensionality_reduction.json --eons_params 21/eons.json --proc_params 21/risp.json --sim_time 16 --threads 13 --epochs 10 --extra_eons_params {\"starting_edges\":128} --extra_app_params {\"output_dimensions\":16} --extra_proc_params {\"discrete\":false,\"leak_mode\":\"all\",\"max_delay\":2,\"max_threshold\":8,\"max_weight\":2,\"min_potential\":-1,\"min_weight\":-1} --encoder \"val\" --decoder \"rate\"",
      "fitness": [
        0.163488,
        0.166489,
        0.173315
      ],
      "hyperparam": "2.000000000-3.000000000-1.000000000-0.000000000-1.000000000-3.000000000-1.000000000-3.000000000-2.000000000-0.000000000-1.000000000",
      "mean": 0.167764,
      "median": 0.166489,
      "network": "/lustre/isaac24/scratch/jhanna8/repos/2026_dr_tests/bayes/dimensionality_reduction/21/networks/dimensionality_reduction_risp_5"
    }
  ],
  "decoder": {
    "base": [
      "ttls",
      "rate"
    ]
  },
  "encoder": {
    "base": [
      "val",
      "spike",
      "rate",
      "spikes",
      "temporal"
    ]
  },
  "eons_params": {
    "starting_edges": [
      64,
      96,
      128
    ]
  },
  "fitness_metric": "fitness",
  "iterations_per_test": 3,
  "num_best_networks": 0,
  "opt_params": {
    "n_random_starts": 5,
    "random_state": 581
  },
  "optimizer": "python ../utils/scikit_opt.py",
  "proc_params": {
    "discrete": [
      true,
      false
    ],
    "leak_mode": [
      "all",
      "none"
    ],
    "max_delay": [
      1,
      2,
      4,
      8,
      16
    ],
    "max_threshold": [
      1,
      2,
      4,
      8,
      16
    ],
    "max_weight": [
      1,
      2,
      4,
      8,
      16
    ],
    "min_potential": [
      -8,
      -4,
      -2,
      -1
    ],
    "min_weight": [
      -4,
      -2,
      -1
    ]
  },
  "python_app": false,
  "test_episodes": 0,
  "test_iteration_type": "none"
}
