{
  "app_params": {
    "output_dimensions": [
      2,
      4,
      8,
      16,
      32
    ]
  },
  "app_proc": "dimensionality_reduction_risp",
  "argv": "../bin/bayes --input_file /lustre/isaac24/scratch/jhanna8/repos/2026_dr_tests/bayes/dimensionality_reduction/24/b24.in --output_file /lustre/isaac24/scratch/jhanna8/repos/2026_dr_tests/bayes/dimensionality_reduction/24/b24.out --n_calls 5 -d /lustre/isaac24/scratch/jhanna8/repos/2026_dr_tests/bayes/dimensionality_reduction/24/networks ",
  "bayes_iteration": 5,
  "bayes_iteration_type": "median",
  "best_fitness": [
    {
      "cmd": "bin/dimensionality_reduction_risp -a train --app_params 24/dimensionality_reduction.json --eons_params 24/eons.json --proc_params 24/risp.json --sim_time 32 --threads 13 --epochs 10 --extra_eons_params {\"starting_edges\":96} --extra_app_params {\"output_dimensions\":2} --extra_proc_params {\"discrete\":false,\"leak_mode\":\"none\",\"max_delay\":8,\"max_threshold\":1,\"max_weight\":2,\"min_potential\":-4,\"min_weight\":-4} --encoder \"spike\" --decoder \"rate\"",
      "fitness": 0.160993,
      "network": "/lustre/isaac24/scratch/jhanna8/repos/2026_dr_tests/bayes/dimensionality_reduction/24/networks/dimensionality_reduction_risp_2"
    },
    {
      "cmd": "bin/dimensionality_reduction_risp -a train --app_params 24/dimensionality_reduction.json --eons_params 24/eons.json --proc_params 24/risp.json --sim_time 32 --threads 13 --epochs 10 --extra_eons_params {\"starting_edges\":96} --extra_app_params {\"output_dimensions\":2} --extra_proc_params {\"discrete\":false,\"leak_mode\":\"none\",\"max_delay\":8,\"max_threshold\":2,\"max_weight\":4,\"min_potential\":-2,\"min_weight\":-2} --encoder \"rate\" --decoder \"ttls\"",
      "fitness": 0.15851,
      "network": "/lustre/isaac24/scratch/jhanna8/repos/2026_dr_tests/bayes/dimensionality_reduction/24/networks/dimensionality_reduction_risp_5"
    },
    {
      "cmd": "bin/dimensionality_reduction_risp -a train --app_params 24/dimensionality_reduction.json --eons_params 24/eons.json --proc_params 24/risp.json --sim_time 32 --threads 13 --epochs 10 --extra_eons_params {\"starting_edges\":96} --extra_app_params {\"output_dimensions\":4} --extra_proc_params {\"discrete\":true,\"leak_mode\":\"all\",\"max_delay\":2,\"max_threshold\":2,\"max_weight\":4,\"min_potential\":-8,\"min_weight\":-4} --encoder \"temporal\" --decoder \"ttls\"",
      "fitness": 0.149501,
      "network": "/lustre/isaac24/scratch/jhanna8/repos/2026_dr_tests/bayes/dimensionality_reduction/24/networks/dimensionality_reduction_risp_4"
    },
    {
      "cmd": "bin/dimensionality_reduction_risp -a train --app_params 24/dimensionality_reduction.json --eons_params 24/eons.json --proc_params 24/risp.json --sim_time 32 --threads 13 --epochs 10 --extra_eons_params {\"starting_edges\":128} --extra_app_params {\"output_dimensions\":4} --extra_proc_params {\"discrete\":false,\"leak_mode\":\"none\",\"max_delay\":8,\"max_threshold\":1,\"max_weight\":1,\"min_potential\":-1,\"min_weight\":-2} --encoder \"spike\" --decoder \"rate\"",
      "fitness": 0.147352,
      "network": "/lustre/isaac24/scratch/jhanna8/repos/2026_dr_tests/bayes/dimensionality_reduction/24/networks/dimensionality_reduction_risp_1"
    },
    {
      "cmd": "bin/dimensionality_reduction_risp -a train --app_params 24/dimensionality_reduction.json --eons_params 24/eons.json --proc_params 24/risp.json --sim_time 32 --threads 13 --epochs 10 --extra_eons_params {\"starting_edges\":128} --extra_app_params {\"output_dimensions\":2} --extra_proc_params {\"discrete\":false,\"leak_mode\":\"all\",\"max_delay\":2,\"max_threshold\":4,\"max_weight\":8,\"min_potential\":-8,\"min_weight\":-2} --encoder \"spikes\" --decoder \"rate\"",
      "fitness": 0.140198,
      "network": "/lustre/isaac24/scratch/jhanna8/repos/2026_dr_tests/bayes/dimensionality_reduction/24/networks/dimensionality_reduction_risp_3"
    }
  ],
  "command": "bin/dimensionality_reduction_risp -a train --app_params 24/dimensionality_reduction.json --eons_params 24/eons.json --proc_params 24/risp.json --sim_time 32 --threads 13 --epochs 10",
  "command_params": {},
  "data_points": [
    {
      "best": 0.160993,
      "cmd": "bin/dimensionality_reduction_risp -a train --app_params 24/dimensionality_reduction.json --eons_params 24/eons.json --proc_params 24/risp.json --sim_time 32 --threads 13 --epochs 10 --extra_eons_params {\"starting_edges\":96} --extra_app_params {\"output_dimensions\":2} --extra_proc_params {\"discrete\":false,\"leak_mode\":\"none\",\"max_delay\":8,\"max_threshold\":1,\"max_weight\":2,\"min_potential\":-4,\"min_weight\":-4} --encoder \"spike\" --decoder \"rate\"",
      "fitness": [
        0.160993,
        0.153817,
        0.147744
      ],
      "hyperparam": "1.000000000-0.000000000-1.000000000-1.000000000-3.000000000-0.000000000-1.000000000-1.000000000-0.000000000-1.000000000-1.000000000",
      "mean": 0.15418466666666666,
      "median": 0.153817,
      "network": "/lustre/isaac24/scratch/jhanna8/repos/2026_dr_tests/bayes/dimensionality_reduction/24/networks/dimensionality_reduction_risp_2"
    },
    {
      "best": 0.15851,
      "cmd": "bin/dimensionality_reduction_risp -a train --app_params 24/dimensionality_reduction.json --eons_params 24/eons.json --proc_params 24/risp.json --sim_time 32 --threads 13 --epochs 10 --extra_eons_params {\"starting_edges\":96} --extra_app_params {\"output_dimensions\":2} --extra_proc_params {\"discrete\":false,\"leak_mode\":\"none\",\"max_delay\":8,\"max_threshold\":2,\"max_weight\":4,\"min_potential\":-2,\"min_weight\":-2} --encoder \"rate\" --decoder \"ttls\"",
      "fitness": [
        0.15851,
        0.154789,
        0.155931
      ],
      "hyperparam": "1.000000000-0.000000000-1.000000000-1.000000000-3.000000000-1.000000000-2.000000000-2.000000000-1.000000000-2.000000000-0.000000000",
      "mean": 0.15641,
      "median": 0.155931,
      "network": "/lustre/isaac24/scratch/jhanna8/repos/2026_dr_tests/bayes/dimensionality_reduction/24/networks/dimensionality_reduction_risp_5"
    },
    {
      "best": 0.149501,
      "cmd": "bin/dimensionality_reduction_risp -a train --app_params 24/dimensionality_reduction.json --eons_params 24/eons.json --proc_params 24/risp.json --sim_time 32 --threads 13 --epochs 10 --extra_eons_params {\"starting_edges\":96} --extra_app_params {\"output_dimensions\":4} --extra_proc_params {\"discrete\":true,\"leak_mode\":\"all\",\"max_delay\":2,\"max_threshold\":2,\"max_weight\":4,\"min_potential\":-8,\"min_weight\":-4} --encoder \"temporal\" --decoder \"ttls\"",
      "fitness": [
        0.149501,
        0.139056,
        0.143269
      ],
      "hyperparam": "1.000000000-1.000000000-0.000000000-0.000000000-1.000000000-1.000000000-2.000000000-0.000000000-0.000000000-4.000000000-0.000000000",
      "mean": 0.14394200000000001,
      "median": 0.143269,
      "network": "/lustre/isaac24/scratch/jhanna8/repos/2026_dr_tests/bayes/dimensionality_reduction/24/networks/dimensionality_reduction_risp_4"
    },
    {
      "best": 0.140198,
      "cmd": "bin/dimensionality_reduction_risp -a train --app_params 24/dimensionality_reduction.json --eons_params 24/eons.json --proc_params 24/risp.json --sim_time 32 --threads 13 --epochs 10 --extra_eons_params {\"starting_edges\":128} --extra_app_params {\"output_dimensions\":2} --extra_proc_params {\"discrete\":false,\"leak_mode\":\"all\",\"max_delay\":2,\"max_threshold\":4,\"max_weight\":8,\"min_potential\":-8,\"min_weight\":-2} --encoder \"spikes\" --decoder \"rate\"",
      "fitness": [
        0.140198,
        0.0861236,
        0.132141
      ],
      "hyperparam": "2.000000000-0.000000000-1.000000000-0.000000000-1.000000000-2.000000000-3.000000000-0.000000000-1.000000000-3.000000000-1.000000000",
      "mean": 0.11948753333333333,
      "median": 0.132141,
      "network": "/lustre/isaac24/scratch/jhanna8/repos/2026_dr_tests/bayes/dimensionality_reduction/24/networks/dimensionality_reduction_risp_3"
    },
    {
      "best": 0.147352,
      "cmd": "bin/dimensionality_reduction_risp -a train --app_params 24/dimensionality_reduction.json --eons_params 24/eons.json --proc_params 24/risp.json --sim_time 32 --threads 13 --epochs 10 --extra_eons_params {\"starting_edges\":128} --extra_app_params {\"output_dimensions\":4} --extra_proc_params {\"discrete\":false,\"leak_mode\":\"none\",\"max_delay\":8,\"max_threshold\":1,\"max_weight\":1,\"min_potential\":-1,\"min_weight\":-2} --encoder \"spike\" --decoder \"rate\"",
      "fitness": [
        0.147352,
        0.144864,
        0.105938
      ],
      "hyperparam": "2.000000000-1.000000000-1.000000000-1.000000000-3.000000000-0.000000000-0.000000000-3.000000000-1.000000000-1.000000000-1.000000000",
      "mean": 0.132718,
      "median": 0.144864,
      "network": "/lustre/isaac24/scratch/jhanna8/repos/2026_dr_tests/bayes/dimensionality_reduction/24/networks/dimensionality_reduction_risp_1"
    }
  ],
  "decoder": {
    "base": [
      "ttls",
      "rate"
    ]
  },
  "encoder": {
    "base": [
      "val",
      "spike",
      "rate",
      "spikes",
      "temporal"
    ]
  },
  "eons_params": {
    "starting_edges": [
      64,
      96,
      128
    ]
  },
  "fitness_metric": "fitness",
  "iterations_per_test": 3,
  "num_best_networks": 0,
  "opt_params": {
    "n_random_starts": 5,
    "random_state": 23960
  },
  "optimizer": "python ../utils/scikit_opt.py",
  "proc_params": {
    "discrete": [
      true,
      false
    ],
    "leak_mode": [
      "all",
      "none"
    ],
    "max_delay": [
      1,
      2,
      4,
      8,
      16
    ],
    "max_threshold": [
      1,
      2,
      4,
      8,
      16
    ],
    "max_weight": [
      1,
      2,
      4,
      8,
      16
    ],
    "min_potential": [
      -8,
      -4,
      -2,
      -1
    ],
    "min_weight": [
      -4,
      -2,
      -1
    ]
  },
  "python_app": false,
  "test_episodes": 0,
  "test_iteration_type": "none"
}
