{
  "app_params": {
    "output_dimensions": [
      2,
      4,
      8,
      16,
      32
    ]
  },
  "app_proc": "dimensionality_reduction_risp",
  "argv": "../bin/bayes --input_file /lustre/isaac24/scratch/jhanna8/repos/2026_dr_tests/bayes/dimensionality_reduction/17/b17.in --output_file /lustre/isaac24/scratch/jhanna8/repos/2026_dr_tests/bayes/dimensionality_reduction/17/b17.out --n_calls 5 -d /lustre/isaac24/scratch/jhanna8/repos/2026_dr_tests/bayes/dimensionality_reduction/17/networks ",
  "bayes_iteration": 5,
  "bayes_iteration_type": "median",
  "best_fitness": [
    {
      "cmd": "bin/dimensionality_reduction_risp -a train --app_params 17/dimensionality_reduction.json --eons_params 17/eons.json --proc_params 17/risp.json --sim_time 8 --threads 13 --epochs 10 --extra_eons_params {\"starting_edges\":96} --extra_app_params {\"output_dimensions\":8} --extra_proc_params {\"discrete\":false,\"leak_mode\":\"none\",\"max_delay\":2,\"max_threshold\":2,\"max_weight\":2,\"min_potential\":-1,\"min_weight\":-1} --encoder \"val\" --decoder \"rate\"",
      "fitness": 0.159142,
      "network": "/lustre/isaac24/scratch/jhanna8/repos/2026_dr_tests/bayes/dimensionality_reduction/17/networks/dimensionality_reduction_risp_4"
    },
    {
      "cmd": "bin/dimensionality_reduction_risp -a train --app_params 17/dimensionality_reduction.json --eons_params 17/eons.json --proc_params 17/risp.json --sim_time 8 --threads 13 --epochs 10 --extra_eons_params {\"starting_edges\":96} --extra_app_params {\"output_dimensions\":32} --extra_proc_params {\"discrete\":true,\"leak_mode\":\"all\",\"max_delay\":4,\"max_threshold\":2,\"max_weight\":16,\"min_potential\":-2,\"min_weight\":-2} --encoder \"rate\" --decoder \"ttls\"",
      "fitness": 0.152817,
      "network": "/lustre/isaac24/scratch/jhanna8/repos/2026_dr_tests/bayes/dimensionality_reduction/17/networks/dimensionality_reduction_risp_1"
    },
    {
      "cmd": "bin/dimensionality_reduction_risp -a train --app_params 17/dimensionality_reduction.json --eons_params 17/eons.json --proc_params 17/risp.json --sim_time 8 --threads 13 --epochs 10 --extra_eons_params {\"starting_edges\":96} --extra_app_params {\"output_dimensions\":16} --extra_proc_params {\"discrete\":false,\"leak_mode\":\"all\",\"max_delay\":8,\"max_threshold\":2,\"max_weight\":8,\"min_potential\":-4,\"min_weight\":-1} --encoder \"rate\" --decoder \"rate\"",
      "fitness": 0.149016,
      "network": "/lustre/isaac24/scratch/jhanna8/repos/2026_dr_tests/bayes/dimensionality_reduction/17/networks/dimensionality_reduction_risp_3"
    },
    {
      "cmd": "bin/dimensionality_reduction_risp -a train --app_params 17/dimensionality_reduction.json --eons_params 17/eons.json --proc_params 17/risp.json --sim_time 8 --threads 13 --epochs 10 --extra_eons_params {\"starting_edges\":128} --extra_app_params {\"output_dimensions\":16} --extra_proc_params {\"discrete\":false,\"leak_mode\":\"all\",\"max_delay\":2,\"max_threshold\":8,\"max_weight\":8,\"min_potential\":-4,\"min_weight\":-2} --encoder \"spikes\" --decoder \"rate\"",
      "fitness": 0.145075,
      "network": "/lustre/isaac24/scratch/jhanna8/repos/2026_dr_tests/bayes/dimensionality_reduction/17/networks/dimensionality_reduction_risp_2"
    },
    {
      "cmd": "bin/dimensionality_reduction_risp -a train --app_params 17/dimensionality_reduction.json --eons_params 17/eons.json --proc_params 17/risp.json --sim_time 8 --threads 13 --epochs 10 --extra_eons_params {\"starting_edges\":128} --extra_app_params {\"output_dimensions\":16} --extra_proc_params {\"discrete\":true,\"leak_mode\":\"all\",\"max_delay\":2,\"max_threshold\":1,\"max_weight\":8,\"min_potential\":-4,\"min_weight\":-1} --encoder \"spikes\" --decoder \"ttls\"",
      "fitness": 0.131863,
      "network": "/lustre/isaac24/scratch/jhanna8/repos/2026_dr_tests/bayes/dimensionality_reduction/17/networks/dimensionality_reduction_risp_5"
    }
  ],
  "command": "bin/dimensionality_reduction_risp -a train --app_params 17/dimensionality_reduction.json --eons_params 17/eons.json --proc_params 17/risp.json --sim_time 8 --threads 13 --epochs 10",
  "command_params": {},
  "data_points": [
    {
      "best": 0.159142,
      "cmd": "bin/dimensionality_reduction_risp -a train --app_params 17/dimensionality_reduction.json --eons_params 17/eons.json --proc_params 17/risp.json --sim_time 8 --threads 13 --epochs 10 --extra_eons_params {\"starting_edges\":96} --extra_app_params {\"output_dimensions\":8} --extra_proc_params {\"discrete\":false,\"leak_mode\":\"none\",\"max_delay\":2,\"max_threshold\":2,\"max_weight\":2,\"min_potential\":-1,\"min_weight\":-1} --encoder \"val\" --decoder \"rate\"",
      "fitness": [
        0.1397,
        0.159142,
        0.153043
      ],
      "hyperparam": "1.000000000-2.000000000-1.000000000-1.000000000-1.000000000-1.000000000-1.000000000-3.000000000-2.000000000-0.000000000-1.000000000",
      "mean": 0.15062833333333334,
      "median": 0.153043,
      "network": "/lustre/isaac24/scratch/jhanna8/repos/2026_dr_tests/bayes/dimensionality_reduction/17/networks/dimensionality_reduction_risp_4"
    },
    {
      "best": 0.149016,
      "cmd": "bin/dimensionality_reduction_risp -a train --app_params 17/dimensionality_reduction.json --eons_params 17/eons.json --proc_params 17/risp.json --sim_time 8 --threads 13 --epochs 10 --extra_eons_params {\"starting_edges\":96} --extra_app_params {\"output_dimensions\":16} --extra_proc_params {\"discrete\":false,\"leak_mode\":\"all\",\"max_delay\":8,\"max_threshold\":2,\"max_weight\":8,\"min_potential\":-4,\"min_weight\":-1} --encoder \"rate\" --decoder \"rate\"",
      "fitness": [
        0.149016,
        0.148816,
        0.146608
      ],
      "hyperparam": "1.000000000-3.000000000-1.000000000-0.000000000-3.000000000-1.000000000-3.000000000-1.000000000-2.000000000-2.000000000-1.000000000",
      "mean": 0.14814666666666665,
      "median": 0.148816,
      "network": "/lustre/isaac24/scratch/jhanna8/repos/2026_dr_tests/bayes/dimensionality_reduction/17/networks/dimensionality_reduction_risp_3"
    },
    {
      "best": 0.152817,
      "cmd": "bin/dimensionality_reduction_risp -a train --app_params 17/dimensionality_reduction.json --eons_params 17/eons.json --proc_params 17/risp.json --sim_time 8 --threads 13 --epochs 10 --extra_eons_params {\"starting_edges\":96} --extra_app_params {\"output_dimensions\":32} --extra_proc_params {\"discrete\":true,\"leak_mode\":\"all\",\"max_delay\":4,\"max_threshold\":2,\"max_weight\":16,\"min_potential\":-2,\"min_weight\":-2} --encoder \"rate\" --decoder \"ttls\"",
      "fitness": [
        0.152817,
        0.143182,
        0.146672
      ],
      "hyperparam": "1.000000000-4.000000000-0.000000000-0.000000000-2.000000000-1.000000000-4.000000000-2.000000000-1.000000000-2.000000000-0.000000000",
      "mean": 0.14755700000000002,
      "median": 0.146672,
      "network": "/lustre/isaac24/scratch/jhanna8/repos/2026_dr_tests/bayes/dimensionality_reduction/17/networks/dimensionality_reduction_risp_1"
    },
    {
      "best": 0.131863,
      "cmd": "bin/dimensionality_reduction_risp -a train --app_params 17/dimensionality_reduction.json --eons_params 17/eons.json --proc_params 17/risp.json --sim_time 8 --threads 13 --epochs 10 --extra_eons_params {\"starting_edges\":128} --extra_app_params {\"output_dimensions\":16} --extra_proc_params {\"discrete\":true,\"leak_mode\":\"all\",\"max_delay\":2,\"max_threshold\":1,\"max_weight\":8,\"min_potential\":-4,\"min_weight\":-1} --encoder \"spikes\" --decoder \"ttls\"",
      "fitness": [
        0.131863,
        0.127376,
        0.119479
      ],
      "hyperparam": "2.000000000-3.000000000-0.000000000-0.000000000-1.000000000-0.000000000-3.000000000-1.000000000-2.000000000-3.000000000-0.000000000",
      "mean": 0.12623933333333334,
      "median": 0.127376,
      "network": "/lustre/isaac24/scratch/jhanna8/repos/2026_dr_tests/bayes/dimensionality_reduction/17/networks/dimensionality_reduction_risp_5"
    },
    {
      "best": 0.145075,
      "cmd": "bin/dimensionality_reduction_risp -a train --app_params 17/dimensionality_reduction.json --eons_params 17/eons.json --proc_params 17/risp.json --sim_time 8 --threads 13 --epochs 10 --extra_eons_params {\"starting_edges\":128} --extra_app_params {\"output_dimensions\":16} --extra_proc_params {\"discrete\":false,\"leak_mode\":\"all\",\"max_delay\":2,\"max_threshold\":8,\"max_weight\":8,\"min_potential\":-4,\"min_weight\":-2} --encoder \"spikes\" --decoder \"rate\"",
      "fitness": [
        0.145075,
        0.134324,
        0.141699
      ],
      "hyperparam": "2.000000000-3.000000000-1.000000000-0.000000000-1.000000000-3.000000000-3.000000000-1.000000000-1.000000000-3.000000000-1.000000000",
      "mean": 0.140366,
      "median": 0.141699,
      "network": "/lustre/isaac24/scratch/jhanna8/repos/2026_dr_tests/bayes/dimensionality_reduction/17/networks/dimensionality_reduction_risp_2"
    }
  ],
  "decoder": {
    "base": [
      "ttls",
      "rate"
    ]
  },
  "encoder": {
    "base": [
      "val",
      "spike",
      "rate",
      "spikes",
      "temporal"
    ]
  },
  "eons_params": {
    "starting_edges": [
      64,
      96,
      128
    ]
  },
  "fitness_metric": "fitness",
  "iterations_per_test": 3,
  "num_best_networks": 0,
  "opt_params": {
    "n_random_starts": 5,
    "random_state": 8916
  },
  "optimizer": "python ../utils/scikit_opt.py",
  "proc_params": {
    "discrete": [
      true,
      false
    ],
    "leak_mode": [
      "all",
      "none"
    ],
    "max_delay": [
      1,
      2,
      4,
      8,
      16
    ],
    "max_threshold": [
      1,
      2,
      4,
      8,
      16
    ],
    "max_weight": [
      1,
      2,
      4,
      8,
      16
    ],
    "min_potential": [
      -8,
      -4,
      -2,
      -1
    ],
    "min_weight": [
      -4,
      -2,
      -1
    ]
  },
  "python_app": false,
  "test_episodes": 0,
  "test_iteration_type": "none"
}
