Fitness metric fitness
Executing python ../utils/scikit_opt.py --n_calls 5 --n_random_starts 5 --random_state 8916

Writing the following to python: [{"categories":[0,1,2],"name":"starting_edges","type":"C"},{"categories":[0,1,2,3,4],"name":"output_dimensions","type":"C"},{"categories":[0,1],"name":"discrete","type":"C"},{"categories":[0,1],"name":"leak_mode","type":"C"},{"categories":[0,1,2,3,4],"name":"max_delay","type":"C"},{"categories":[0,1,2,3,4],"name":"max_threshold","type":"C"},{"categories":[0,1,2,3,4],"name":"max_weight","type":"C"},{"categories":[0,1,2,3],"name":"min_potential","type":"C"},{"categories":[0,1,2],"name":"min_weight","type":"C"},{"categories":[0,1,2,3,4],"name":"base","type":"C"},{"categories":[0,1],"name":"base","type":"C"}]
-
Bayes Iteration :   0
  Cmd: bin/dimensionality_reduction_risp -a train --app_params 17/dimensionality_reduction.json --eons_params 17/eons.json --proc_params 17/risp.json --sim_time 8 --threads 13 --epochs 10 --extra_eons_params '{"starting_edges":96}' --extra_app_params '{"output_dimensions":32}' --extra_proc_params '{"discrete":true,"leak_mode":"all","max_delay":4,"max_threshold":2,"max_weight":16,"min_potential":-2,"min_weight":-2}' --encoder "rate" --decoder "ttls"
  Selected Fitness: 0.146672

Best Fitness = 0.152817

Bayes Iteration :   1
  Cmd: bin/dimensionality_reduction_risp -a train --app_params 17/dimensionality_reduction.json --eons_params 17/eons.json --proc_params 17/risp.json --sim_time 8 --threads 13 --epochs 10 --extra_eons_params '{"starting_edges":128}' --extra_app_params '{"output_dimensions":16}' --extra_proc_params '{"discrete":false,"leak_mode":"all","max_delay":2,"max_threshold":8,"max_weight":8,"min_potential":-4,"min_weight":-2}' --encoder "spikes" --decoder "rate"
  Selected Fitness: 0.141699

Best Fitness = 0.152817

Bayes Iteration :   2
  Cmd: bin/dimensionality_reduction_risp -a train --app_params 17/dimensionality_reduction.json --eons_params 17/eons.json --proc_params 17/risp.json --sim_time 8 --threads 13 --epochs 10 --extra_eons_params '{"starting_edges":96}' --extra_app_params '{"output_dimensions":16}' --extra_proc_params '{"discrete":false,"leak_mode":"all","max_delay":8,"max_threshold":2,"max_weight":8,"min_potential":-4,"min_weight":-1}' --encoder "rate" --decoder "rate"
  Selected Fitness: 0.148816

Best Fitness = 0.152817

Bayes Iteration :   3
  Cmd: bin/dimensionality_reduction_risp -a train --app_params 17/dimensionality_reduction.json --eons_params 17/eons.json --proc_params 17/risp.json --sim_time 8 --threads 13 --epochs 10 --extra_eons_params '{"starting_edges":96}' --extra_app_params '{"output_dimensions":8}' --extra_proc_params '{"discrete":false,"leak_mode":"none","max_delay":2,"max_threshold":2,"max_weight":2,"min_potential":-1,"min_weight":-1}' --encoder "val" --decoder "rate"
  Selected Fitness: 0.153043

Best Fitness = 0.159142

Bayes Iteration :   4
  Cmd: bin/dimensionality_reduction_risp -a train --app_params 17/dimensionality_reduction.json --eons_params 17/eons.json --proc_params 17/risp.json --sim_time 8 --threads 13 --epochs 10 --extra_eons_params '{"starting_edges":128}' --extra_app_params '{"output_dimensions":16}' --extra_proc_params '{"discrete":true,"leak_mode":"all","max_delay":2,"max_threshold":1,"max_weight":8,"min_potential":-4,"min_weight":-1}' --encoder "spikes" --decoder "ttls"
  Selected Fitness: 0.127376

Best Fitness = 0.159142

