{
  "app_params": {
    "output_dimensions": [
      2,
      4,
      8,
      16,
      32
    ]
  },
  "app_proc": "dimensionality_reduction_risp",
  "argv": "../bin/bayes --input_file /lustre/isaac24/scratch/jhanna8/repos/2026_dr_tests/bayes/dimensionality_reduction/39/b39.in --output_file /lustre/isaac24/scratch/jhanna8/repos/2026_dr_tests/bayes/dimensionality_reduction/39/b39.out --n_calls 25 -d /lustre/isaac24/scratch/jhanna8/repos/2026_dr_tests/bayes/dimensionality_reduction/39/networks ",
  "bayes_iteration": 25,
  "bayes_iteration_type": "median",
  "best_fitness": [
    {
      "cmd": "bin/dimensionality_reduction_risp -a train --app_params 39/dimensionality_reduction.json --eons_params 39/eons.json --proc_params 39/risp.json --threads 13 --epochs 10 --sim_time 32 --extra_eons_params {\"starting_edges\":96} --extra_app_params {\"output_dimensions\":2} --extra_proc_params {\"discrete\":true,\"leak_mode\":\"none\",\"max_delay\":2,\"max_threshold\":2,\"max_weight\":2,\"min_potential\":-2,\"min_weight\":-1} --encoder \"spike\" --decoder \"ttls\"",
      "fitness": 0.00103351,
      "network": "/lustre/isaac24/scratch/jhanna8/repos/2026_dr_tests/bayes/dimensionality_reduction/39/networks/dimensionality_reduction_risp_5"
    },
    {
      "cmd": "bin/dimensionality_reduction_risp -a train --app_params 39/dimensionality_reduction.json --eons_params 39/eons.json --proc_params 39/risp.json --threads 13 --epochs 10 --sim_time 8 --extra_eons_params {\"starting_edges\":128} --extra_app_params {\"output_dimensions\":4} --extra_proc_params {\"discrete\":true,\"leak_mode\":\"all\",\"max_delay\":4,\"max_threshold\":1,\"max_weight\":8,\"min_potential\":-8,\"min_weight\":-1} --encoder \"temporal\" --decoder \"rate\"",
      "fitness": 0.000201569,
      "network": "/lustre/isaac24/scratch/jhanna8/repos/2026_dr_tests/bayes/dimensionality_reduction/39/networks/dimensionality_reduction_risp_18"
    },
    {
      "cmd": "bin/dimensionality_reduction_risp -a train --app_params 39/dimensionality_reduction.json --eons_params 39/eons.json --proc_params 39/risp.json --threads 13 --epochs 10 --sim_time 8 --extra_eons_params {\"starting_edges\":96} --extra_app_params {\"output_dimensions\":8} --extra_proc_params {\"discrete\":false,\"leak_mode\":\"none\",\"max_delay\":1,\"max_threshold\":2,\"max_weight\":4,\"min_potential\":-8,\"min_weight\":-4} --encoder \"rate\" --decoder \"rate\"",
      "fitness": 0.000179283,
      "network": "/lustre/isaac24/scratch/jhanna8/repos/2026_dr_tests/bayes/dimensionality_reduction/39/networks/dimensionality_reduction_risp_16"
    },
    {
      "cmd": "bin/dimensionality_reduction_risp -a train --app_params 39/dimensionality_reduction.json --eons_params 39/eons.json --proc_params 39/risp.json --threads 13 --epochs 10 --sim_time 32 --extra_eons_params {\"starting_edges\":64} --extra_app_params {\"output_dimensions\":4} --extra_proc_params {\"discrete\":false,\"leak_mode\":\"none\",\"max_delay\":2,\"max_threshold\":8,\"max_weight\":4,\"min_potential\":-4,\"min_weight\":-2} --encoder \"rate\" --decoder \"ttls\"",
      "fitness": 0.000137729,
      "network": "/lustre/isaac24/scratch/jhanna8/repos/2026_dr_tests/bayes/dimensionality_reduction/39/networks/dimensionality_reduction_risp_2"
    },
    {
      "cmd": "bin/dimensionality_reduction_risp -a train --app_params 39/dimensionality_reduction.json --eons_params 39/eons.json --proc_params 39/risp.json --threads 13 --epochs 10 --sim_time 64 --extra_eons_params {\"starting_edges\":128} --extra_app_params {\"output_dimensions\":32} --extra_proc_params {\"discrete\":false,\"leak_mode\":\"none\",\"max_delay\":2,\"max_threshold\":4,\"max_weight\":4,\"min_potential\":-8,\"min_weight\":-4} --encoder \"spike\" --decoder \"rate\"",
      "fitness": 0.00013198,
      "network": "/lustre/isaac24/scratch/jhanna8/repos/2026_dr_tests/bayes/dimensionality_reduction/39/networks/dimensionality_reduction_risp_9"
    },
    {
      "cmd": "bin/dimensionality_reduction_risp -a train --app_params 39/dimensionality_reduction.json --eons_params 39/eons.json --proc_params 39/risp.json --threads 13 --epochs 10 --sim_time 32 --extra_eons_params {\"starting_edges\":64} --extra_app_params {\"output_dimensions\":4} --extra_proc_params {\"discrete\":true,\"leak_mode\":\"none\",\"max_delay\":2,\"max_threshold\":4,\"max_weight\":2,\"min_potential\":-2,\"min_weight\":-1} --encoder \"spike\" --decoder \"ttls\"",
      "fitness": 0.000107984,
      "network": "/lustre/isaac24/scratch/jhanna8/repos/2026_dr_tests/bayes/dimensionality_reduction/39/networks/dimensionality_reduction_risp_15"
    },
    {
      "cmd": "bin/dimensionality_reduction_risp -a train --app_params 39/dimensionality_reduction.json --eons_params 39/eons.json --proc_params 39/risp.json --threads 13 --epochs 10 --sim_time 64 --extra_eons_params {\"starting_edges\":128} --extra_app_params {\"output_dimensions\":8} --extra_proc_params {\"discrete\":true,\"leak_mode\":\"none\",\"max_delay\":16,\"max_threshold\":4,\"max_weight\":1,\"min_potential\":-8,\"min_weight\":-1} --encoder \"rate\" --decoder \"rate\"",
      "fitness": 8.93317e-05,
      "network": "/lustre/isaac24/scratch/jhanna8/repos/2026_dr_tests/bayes/dimensionality_reduction/39/networks/dimensionality_reduction_risp_7"
    },
    {
      "cmd": "bin/dimensionality_reduction_risp -a train --app_params 39/dimensionality_reduction.json --eons_params 39/eons.json --proc_params 39/risp.json --threads 13 --epochs 10 --sim_time 16 --extra_eons_params {\"starting_edges\":64} --extra_app_params {\"output_dimensions\":8} --extra_proc_params {\"discrete\":true,\"leak_mode\":\"none\",\"max_delay\":8,\"max_threshold\":1,\"max_weight\":4,\"min_potential\":-2,\"min_weight\":-4} --encoder \"spikes\" --decoder \"rate\"",
      "fitness": 6.7862e-05,
      "network": "/lustre/isaac24/scratch/jhanna8/repos/2026_dr_tests/bayes/dimensionality_reduction/39/networks/dimensionality_reduction_risp_21"
    },
    {
      "cmd": "bin/dimensionality_reduction_risp -a train --app_params 39/dimensionality_reduction.json --eons_params 39/eons.json --proc_params 39/risp.json --threads 13 --epochs 10 --sim_time 8 --extra_eons_params {\"starting_edges\":128} --extra_app_params {\"output_dimensions\":4} --extra_proc_params {\"discrete\":false,\"leak_mode\":\"all\",\"max_delay\":8,\"max_threshold\":2,\"max_weight\":1,\"min_potential\":-4,\"min_weight\":-2} --encoder \"spikes\" --decoder \"rate\"",
      "fitness": 5.1457e-05,
      "network": "/lustre/isaac24/scratch/jhanna8/repos/2026_dr_tests/bayes/dimensionality_reduction/39/networks/dimensionality_reduction_risp_10"
    },
    {
      "cmd": "bin/dimensionality_reduction_risp -a train --app_params 39/dimensionality_reduction.json --eons_params 39/eons.json --proc_params 39/risp.json --threads 13 --epochs 10 --sim_time 16 --extra_eons_params {\"starting_edges\":96} --extra_app_params {\"output_dimensions\":4} --extra_proc_params {\"discrete\":false,\"leak_mode\":\"none\",\"max_delay\":8,\"max_threshold\":8,\"max_weight\":8,\"min_potential\":-2,\"min_weight\":-2} --encoder \"spikes\" --decoder \"ttls\"",
      "fitness": 2.39964e-05,
      "network": "/lustre/isaac24/scratch/jhanna8/repos/2026_dr_tests/bayes/dimensionality_reduction/39/networks/dimensionality_reduction_risp_24"
    },
    {
      "cmd": "bin/dimensionality_reduction_risp -a train --app_params 39/dimensionality_reduction.json --eons_params 39/eons.json --proc_params 39/risp.json --threads 13 --epochs 10 --sim_time 8 --extra_eons_params {\"starting_edges\":64} --extra_app_params {\"output_dimensions\":4} --extra_proc_params {\"discrete\":true,\"leak_mode\":\"all\",\"max_delay\":8,\"max_threshold\":8,\"max_weight\":16,\"min_potential\":-4,\"min_weight\":-2} --encoder \"rate\" --decoder \"ttls\"",
      "fitness": 0.0,
      "network": "/lustre/isaac24/scratch/jhanna8/repos/2026_dr_tests/bayes/dimensionality_reduction/39/networks/dimensionality_reduction_risp_1"
    },
    {
      "cmd": "bin/dimensionality_reduction_risp -a train --app_params 39/dimensionality_reduction.json --eons_params 39/eons.json --proc_params 39/risp.json --threads 13 --epochs 10 --sim_time 32 --extra_eons_params {\"starting_edges\":128} --extra_app_params {\"output_dimensions\":8} --extra_proc_params {\"discrete\":true,\"leak_mode\":\"none\",\"max_delay\":4,\"max_threshold\":4,\"max_weight\":16,\"min_potential\":-2,\"min_weight\":-2} --encoder \"val\" --decoder \"ttls\"",
      "fitness": -0.000121657,
      "network": "/lustre/isaac24/scratch/jhanna8/repos/2026_dr_tests/bayes/dimensionality_reduction/39/networks/dimensionality_reduction_risp_23"
    },
    {
      "cmd": "bin/dimensionality_reduction_risp -a train --app_params 39/dimensionality_reduction.json --eons_params 39/eons.json --proc_params 39/risp.json --threads 13 --epochs 10 --sim_time 128 --extra_eons_params {\"starting_edges\":128} --extra_app_params {\"output_dimensions\":16} --extra_proc_params {\"discrete\":false,\"leak_mode\":\"none\",\"max_delay\":16,\"max_threshold\":4,\"max_weight\":4,\"min_potential\":-1,\"min_weight\":-2} --encoder \"spike\" --decoder \"rate\"",
      "fitness": -0.00246477,
      "network": "/lustre/isaac24/scratch/jhanna8/repos/2026_dr_tests/bayes/dimensionality_reduction/39/networks/dimensionality_reduction_risp_19"
    }
  ],
  "command": "bin/dimensionality_reduction_risp -a train --app_params 39/dimensionality_reduction.json --eons_params 39/eons.json --proc_params 39/risp.json --threads 13 --epochs 10",
  "command_params": {
    "sim_time": [
      8,
      16,
      32,
      64,
      128
    ]
  },
  "data_points": [
    {
      "best": 0.0,
      "cmd": "bin/dimensionality_reduction_risp -a train --app_params 39/dimensionality_reduction.json --eons_params 39/eons.json --proc_params 39/risp.json --threads 13 --epochs 10 --sim_time 8 --extra_eons_params {\"starting_edges\":64} --extra_app_params {\"output_dimensions\":4} --extra_proc_params {\"discrete\":true,\"leak_mode\":\"all\",\"max_delay\":8,\"max_threshold\":8,\"max_weight\":16,\"min_potential\":-4,\"min_weight\":-2} --encoder \"rate\" --decoder \"ttls\"",
      "fitness": [
        0.0,
        0.0,
        0.0
      ],
      "hyperparam": "0.000000000-1.000000000-0.000000000-0.000000000-3.000000000-3.000000000-4.000000000-1.000000000-1.000000000-0.000000000-2.000000000-0.000000000",
      "mean": 0.0,
      "median": 0.0,
      "network": "/lustre/isaac24/scratch/jhanna8/repos/2026_dr_tests/bayes/dimensionality_reduction/39/networks/dimensionality_reduction_risp_1"
    },
    {
      "best": 0.0,
      "cmd": "bin/dimensionality_reduction_risp -a train --app_params 39/dimensionality_reduction.json --eons_params 39/eons.json --proc_params 39/risp.json --threads 13 --epochs 10 --sim_time 32 --extra_eons_params {\"starting_edges\":64} --extra_app_params {\"output_dimensions\":4} --extra_proc_params {\"discrete\":true,\"leak_mode\":\"all\",\"max_delay\":16,\"max_threshold\":2,\"max_weight\":4,\"min_potential\":-8,\"min_weight\":-1} --encoder \"spikes\" --decoder \"rate\"",
      "fitness": [
        0.0,
        0.0,
        0.0
      ],
      "hyperparam": "0.000000000-1.000000000-0.000000000-0.000000000-4.000000000-1.000000000-2.000000000-0.000000000-2.000000000-2.000000000-3.000000000-1.000000000",
      "mean": 0.0,
      "median": 0.0,
      "network": "/lustre/isaac24/scratch/jhanna8/repos/2026_dr_tests/bayes/dimensionality_reduction/39/networks/dimensionality_reduction_risp_17"
    },
    {
      "best": 0.000107984,
      "cmd": "bin/dimensionality_reduction_risp -a train --app_params 39/dimensionality_reduction.json --eons_params 39/eons.json --proc_params 39/risp.json --threads 13 --epochs 10 --sim_time 32 --extra_eons_params {\"starting_edges\":64} --extra_app_params {\"output_dimensions\":4} --extra_proc_params {\"discrete\":true,\"leak_mode\":\"none\",\"max_delay\":2,\"max_threshold\":4,\"max_weight\":2,\"min_potential\":-2,\"min_weight\":-1} --encoder \"spike\" --decoder \"ttls\"",
      "fitness": [
        0.000107984,
        3.4715e-05,
        0.0
      ],
      "hyperparam": "0.000000000-1.000000000-0.000000000-1.000000000-1.000000000-2.000000000-1.000000000-2.000000000-2.000000000-2.000000000-1.000000000-0.000000000",
      "mean": 4.756633333333334e-05,
      "median": 3.4715e-05,
      "network": "/lustre/isaac24/scratch/jhanna8/repos/2026_dr_tests/bayes/dimensionality_reduction/39/networks/dimensionality_reduction_risp_15"
    },
    {
      "best": 0.000137729,
      "cmd": "bin/dimensionality_reduction_risp -a train --app_params 39/dimensionality_reduction.json --eons_params 39/eons.json --proc_params 39/risp.json --threads 13 --epochs 10 --sim_time 32 --extra_eons_params {\"starting_edges\":64} --extra_app_params {\"output_dimensions\":4} --extra_proc_params {\"discrete\":false,\"leak_mode\":\"none\",\"max_delay\":2,\"max_threshold\":8,\"max_weight\":4,\"min_potential\":-4,\"min_weight\":-2} --encoder \"rate\" --decoder \"ttls\"",
      "fitness": [
        3.83942e-05,
        0.000137729,
        0.0
      ],
      "hyperparam": "0.000000000-1.000000000-1.000000000-1.000000000-1.000000000-3.000000000-2.000000000-1.000000000-1.000000000-2.000000000-2.000000000-0.000000000",
      "mean": 5.8707733333333334e-05,
      "median": 3.83942e-05,
      "network": "/lustre/isaac24/scratch/jhanna8/repos/2026_dr_tests/bayes/dimensionality_reduction/39/networks/dimensionality_reduction_risp_2"
    },
    {
      "best": 6.7862e-05,
      "cmd": "bin/dimensionality_reduction_risp -a train --app_params 39/dimensionality_reduction.json --eons_params 39/eons.json --proc_params 39/risp.json --threads 13 --epochs 10 --sim_time 16 --extra_eons_params {\"starting_edges\":64} --extra_app_params {\"output_dimensions\":8} --extra_proc_params {\"discrete\":true,\"leak_mode\":\"none\",\"max_delay\":8,\"max_threshold\":1,\"max_weight\":4,\"min_potential\":-2,\"min_weight\":-4} --encoder \"spikes\" --decoder \"rate\"",
      "fitness": [
        6.7862e-05,
        1.44978e-05,
        1.19982e-06
      ],
      "hyperparam": "0.000000000-2.000000000-0.000000000-1.000000000-3.000000000-0.000000000-2.000000000-2.000000000-0.000000000-1.000000000-3.000000000-1.000000000",
      "mean": 2.7853206666666666e-05,
      "median": 1.44978e-05,
      "network": "/lustre/isaac24/scratch/jhanna8/repos/2026_dr_tests/bayes/dimensionality_reduction/39/networks/dimensionality_reduction_risp_21"
    },
    {
      "best": 0.0,
      "cmd": "bin/dimensionality_reduction_risp -a train --app_params 39/dimensionality_reduction.json --eons_params 39/eons.json --proc_params 39/risp.json --threads 13 --epochs 10 --sim_time 64 --extra_eons_params {\"starting_edges\":64} --extra_app_params {\"output_dimensions\":16} --extra_proc_params {\"discrete\":false,\"leak_mode\":\"none\",\"max_delay\":1,\"max_threshold\":1,\"max_weight\":4,\"min_potential\":-8,\"min_weight\":-2} --encoder \"spike\" --decoder \"rate\"",
      "fitness": [
        0.0,
        0.0,
        0.0
      ],
      "hyperparam": "0.000000000-3.000000000-1.000000000-1.000000000-0.000000000-0.000000000-2.000000000-0.000000000-1.000000000-3.000000000-1.000000000-1.000000000",
      "mean": 0.0,
      "median": 0.0,
      "network": "/lustre/isaac24/scratch/jhanna8/repos/2026_dr_tests/bayes/dimensionality_reduction/39/networks/dimensionality_reduction_risp_3"
    },
    {
      "best": 0.0,
      "cmd": "bin/dimensionality_reduction_risp -a train --app_params 39/dimensionality_reduction.json --eons_params 39/eons.json --proc_params 39/risp.json --threads 13 --epochs 10 --sim_time 32 --extra_eons_params {\"starting_edges\":64} --extra_app_params {\"output_dimensions\":32} --extra_proc_params {\"discrete\":false,\"leak_mode\":\"none\",\"max_delay\":4,\"max_threshold\":4,\"max_weight\":2,\"min_potential\":-8,\"min_weight\":-1} --encoder \"rate\" --decoder \"rate\"",
      "fitness": [
        0.0,
        0.0,
        0.0
      ],
      "hyperparam": "0.000000000-4.000000000-1.000000000-1.000000000-2.000000000-2.000000000-1.000000000-0.000000000-2.000000000-2.000000000-2.000000000-1.000000000",
      "mean": 0.0,
      "median": 0.0,
      "network": "/lustre/isaac24/scratch/jhanna8/repos/2026_dr_tests/bayes/dimensionality_reduction/39/networks/dimensionality_reduction_risp_22"
    },
    {
      "best": 0.00103351,
      "cmd": "bin/dimensionality_reduction_risp -a train --app_params 39/dimensionality_reduction.json --eons_params 39/eons.json --proc_params 39/risp.json --threads 13 --epochs 10 --sim_time 32 --extra_eons_params {\"starting_edges\":96} --extra_app_params {\"output_dimensions\":2} --extra_proc_params {\"discrete\":true,\"leak_mode\":\"none\",\"max_delay\":2,\"max_threshold\":2,\"max_weight\":2,\"min_potential\":-2,\"min_weight\":-1} --encoder \"spike\" --decoder \"ttls\"",
      "fitness": [
        0.000251496,
        0.00026396,
        0.00103351
      ],
      "hyperparam": "1.000000000-0.000000000-0.000000000-1.000000000-1.000000000-1.000000000-1.000000000-2.000000000-2.000000000-2.000000000-1.000000000-0.000000000",
      "mean": 0.000516322,
      "median": 0.00026396,
      "network": "/lustre/isaac24/scratch/jhanna8/repos/2026_dr_tests/bayes/dimensionality_reduction/39/networks/dimensionality_reduction_risp_5"
    },
    {
      "best": 0.0,
      "cmd": "bin/dimensionality_reduction_risp -a train --app_params 39/dimensionality_reduction.json --eons_params 39/eons.json --proc_params 39/risp.json --threads 13 --epochs 10 --sim_time 32 --extra_eons_params {\"starting_edges\":96} --extra_app_params {\"output_dimensions\":2} --extra_proc_params {\"discrete\":false,\"leak_mode\":\"all\",\"max_delay\":4,\"max_threshold\":2,\"max_weight\":8,\"min_potential\":-8,\"min_weight\":-1} --encoder \"val\" --decoder \"rate\"",
      "fitness": [
        0.0,
        0.0,
        -7.50922e-05
      ],
      "hyperparam": "1.000000000-0.000000000-1.000000000-0.000000000-2.000000000-1.000000000-3.000000000-0.000000000-2.000000000-2.000000000-0.000000000-1.000000000",
      "mean": -2.5030733333333334e-05,
      "median": 0.0,
      "network": "/lustre/isaac24/scratch/jhanna8/repos/2026_dr_tests/bayes/dimensionality_reduction/39/networks/dimensionality_reduction_risp_8"
    },
    {
      "best": 0.0,
      "cmd": "bin/dimensionality_reduction_risp -a train --app_params 39/dimensionality_reduction.json --eons_params 39/eons.json --proc_params 39/risp.json --threads 13 --epochs 10 --sim_time 64 --extra_eons_params {\"starting_edges\":96} --extra_app_params {\"output_dimensions\":4} --extra_proc_params {\"discrete\":true,\"leak_mode\":\"none\",\"max_delay\":2,\"max_threshold\":8,\"max_weight\":8,\"min_potential\":-1,\"min_weight\":-2} --encoder \"rate\" --decoder \"ttls\"",
      "fitness": [
        0.0,
        0.0,
        -7.29946e-05
      ],
      "hyperparam": "1.000000000-1.000000000-0.000000000-1.000000000-1.000000000-3.000000000-3.000000000-3.000000000-1.000000000-3.000000000-2.000000000-0.000000000",
      "mean": -2.4331533333333332e-05,
      "median": 0.0,
      "network": "/lustre/isaac24/scratch/jhanna8/repos/2026_dr_tests/bayes/dimensionality_reduction/39/networks/dimensionality_reduction_risp_13"
    },
    {
      "best": 0.0,
      "cmd": "bin/dimensionality_reduction_risp -a train --app_params 39/dimensionality_reduction.json --eons_params 39/eons.json --proc_params 39/risp.json --threads 13 --epochs 10 --sim_time 64 --extra_eons_params {\"starting_edges\":96} --extra_app_params {\"output_dimensions\":4} --extra_proc_params {\"discrete\":false,\"leak_mode\":\"all\",\"max_delay\":4,\"max_threshold\":2,\"max_weight\":1,\"min_potential\":-2,\"min_weight\":-2} --encoder \"val\" --decoder \"rate\"",
      "fitness": [
        0.0,
        0.0,
        0.0
      ],
      "hyperparam": "1.000000000-1.000000000-1.000000000-0.000000000-2.000000000-1.000000000-0.000000000-2.000000000-1.000000000-3.000000000-0.000000000-1.000000000",
      "mean": 0.0,
      "median": 0.0,
      "network": "/lustre/isaac24/scratch/jhanna8/repos/2026_dr_tests/bayes/dimensionality_reduction/39/networks/dimensionality_reduction_risp_14"
    },
    {
      "best": 2.39964e-05,
      "cmd": "bin/dimensionality_reduction_risp -a train --app_params 39/dimensionality_reduction.json --eons_params 39/eons.json --proc_params 39/risp.json --threads 13 --epochs 10 --sim_time 16 --extra_eons_params {\"starting_edges\":96} --extra_app_params {\"output_dimensions\":4} --extra_proc_params {\"discrete\":false,\"leak_mode\":\"none\",\"max_delay\":8,\"max_threshold\":8,\"max_weight\":8,\"min_potential\":-2,\"min_weight\":-2} --encoder \"spikes\" --decoder \"ttls\"",
      "fitness": [
        -3.74515e-14,
        2.39964e-05,
        0.0
      ],
      "hyperparam": "1.000000000-1.000000000-1.000000000-1.000000000-3.000000000-3.000000000-3.000000000-2.000000000-1.000000000-1.000000000-3.000000000-0.000000000",
      "mean": 7.998799987516166e-06,
      "median": 0.0,
      "network": "/lustre/isaac24/scratch/jhanna8/repos/2026_dr_tests/bayes/dimensionality_reduction/39/networks/dimensionality_reduction_risp_24"
    },
    {
      "best": 0.0,
      "cmd": "bin/dimensionality_reduction_risp -a train --app_params 39/dimensionality_reduction.json --eons_params 39/eons.json --proc_params 39/risp.json --threads 13 --epochs 10 --sim_time 32 --extra_eons_params {\"starting_edges\":96} --extra_app_params {\"output_dimensions\":8} --extra_proc_params {\"discrete\":true,\"leak_mode\":\"all\",\"max_delay\":2,\"max_threshold\":8,\"max_weight\":4,\"min_potential\":-1,\"min_weight\":-1} --encoder \"spikes\" --decoder \"ttls\"",
      "fitness": [
        0.0,
        0.0,
        0.0
      ],
      "hyperparam": "1.000000000-2.000000000-0.000000000-0.000000000-1.000000000-3.000000000-2.000000000-3.000000000-2.000000000-2.000000000-3.000000000-0.000000000",
      "mean": 0.0,
      "median": 0.0,
      "network": "/lustre/isaac24/scratch/jhanna8/repos/2026_dr_tests/bayes/dimensionality_reduction/39/networks/dimensionality_reduction_risp_11"
    },
    {
      "best": 0.0,
      "cmd": "bin/dimensionality_reduction_risp -a train --app_params 39/dimensionality_reduction.json --eons_params 39/eons.json --proc_params 39/risp.json --threads 13 --epochs 10 --sim_time 128 --extra_eons_params {\"starting_edges\":96} --extra_app_params {\"output_dimensions\":8} --extra_proc_params {\"discrete\":false,\"leak_mode\":\"all\",\"max_delay\":1,\"max_threshold\":16,\"max_weight\":8,\"min_potential\":-2,\"min_weight\":-2} --encoder \"spike\" --decoder \"ttls\"",
      "fitness": [
        0.0,
        0.0,
        0.0
      ],
      "hyperparam": "1.000000000-2.000000000-1.000000000-0.000000000-0.000000000-4.000000000-3.000000000-2.000000000-1.000000000-4.000000000-1.000000000-0.000000000",
      "mean": 0.0,
      "median": 0.0,
      "network": "/lustre/isaac24/scratch/jhanna8/repos/2026_dr_tests/bayes/dimensionality_reduction/39/networks/dimensionality_reduction_risp_25"
    },
    {
      "best": 0.0,
      "cmd": "bin/dimensionality_reduction_risp -a train --app_params 39/dimensionality_reduction.json --eons_params 39/eons.json --proc_params 39/risp.json --threads 13 --epochs 10 --sim_time 32 --extra_eons_params {\"starting_edges\":96} --extra_app_params {\"output_dimensions\":8} --extra_proc_params {\"discrete\":false,\"leak_mode\":\"all\",\"max_delay\":2,\"max_threshold\":2,\"max_weight\":2,\"min_potential\":-4,\"min_weight\":-2} --encoder \"spikes\" --decoder \"ttls\"",
      "fitness": [
        0.0,
        0.0,
        0.0
      ],
      "hyperparam": "1.000000000-2.000000000-1.000000000-0.000000000-1.000000000-1.000000000-1.000000000-1.000000000-1.000000000-2.000000000-3.000000000-0.000000000",
      "mean": 0.0,
      "median": 0.0,
      "network": "/lustre/isaac24/scratch/jhanna8/repos/2026_dr_tests/bayes/dimensionality_reduction/39/networks/dimensionality_reduction_risp_6"
    },
    {
      "best": 0.000179283,
      "cmd": "bin/dimensionality_reduction_risp -a train --app_params 39/dimensionality_reduction.json --eons_params 39/eons.json --proc_params 39/risp.json --threads 13 --epochs 10 --sim_time 8 --extra_eons_params {\"starting_edges\":96} --extra_app_params {\"output_dimensions\":8} --extra_proc_params {\"discrete\":false,\"leak_mode\":\"none\",\"max_delay\":1,\"max_threshold\":2,\"max_weight\":4,\"min_potential\":-8,\"min_weight\":-4} --encoder \"rate\" --decoder \"rate\"",
      "fitness": [
        8.82119e-05,
        3.42033e-05,
        0.000179283
      ],
      "hyperparam": "1.000000000-2.000000000-1.000000000-1.000000000-0.000000000-1.000000000-2.000000000-0.000000000-0.000000000-0.000000000-2.000000000-1.000000000",
      "mean": 0.00010056606666666667,
      "median": 8.82119e-05,
      "network": "/lustre/isaac24/scratch/jhanna8/repos/2026_dr_tests/bayes/dimensionality_reduction/39/networks/dimensionality_reduction_risp_16"
    },
    {
      "best": 0.0,
      "cmd": "bin/dimensionality_reduction_risp -a train --app_params 39/dimensionality_reduction.json --eons_params 39/eons.json --proc_params 39/risp.json --threads 13 --epochs 10 --sim_time 16 --extra_eons_params {\"starting_edges\":96} --extra_app_params {\"output_dimensions\":16} --extra_proc_params {\"discrete\":false,\"leak_mode\":\"all\",\"max_delay\":8,\"max_threshold\":16,\"max_weight\":2,\"min_potential\":-1,\"min_weight\":-2} --encoder \"spike\" --decoder \"ttls\"",
      "fitness": [
        0.0,
        0.0,
        0.0
      ],
      "hyperparam": "1.000000000-3.000000000-1.000000000-0.000000000-3.000000000-4.000000000-1.000000000-3.000000000-1.000000000-1.000000000-1.000000000-0.000000000",
      "mean": 0.0,
      "median": 0.0,
      "network": "/lustre/isaac24/scratch/jhanna8/repos/2026_dr_tests/bayes/dimensionality_reduction/39/networks/dimensionality_reduction_risp_20"
    },
    {
      "best": 0.0,
      "cmd": "bin/dimensionality_reduction_risp -a train --app_params 39/dimensionality_reduction.json --eons_params 39/eons.json --proc_params 39/risp.json --threads 13 --epochs 10 --sim_time 16 --extra_eons_params {\"starting_edges\":96} --extra_app_params {\"output_dimensions\":32} --extra_proc_params {\"discrete\":true,\"leak_mode\":\"all\",\"max_delay\":8,\"max_threshold\":4,\"max_weight\":2,\"min_potential\":-1,\"min_weight\":-1} --encoder \"temporal\" --decoder \"ttls\"",
      "fitness": [
        0.0,
        0.0,
        0.0
      ],
      "hyperparam": "1.000000000-4.000000000-0.000000000-0.000000000-3.000000000-2.000000000-1.000000000-3.000000000-2.000000000-1.000000000-4.000000000-0.000000000",
      "mean": 0.0,
      "median": 0.0,
      "network": "/lustre/isaac24/scratch/jhanna8/repos/2026_dr_tests/bayes/dimensionality_reduction/39/networks/dimensionality_reduction_risp_12"
    },
    {
      "best": 0.000201569,
      "cmd": "bin/dimensionality_reduction_risp -a train --app_params 39/dimensionality_reduction.json --eons_params 39/eons.json --proc_params 39/risp.json --threads 13 --epochs 10 --sim_time 8 --extra_eons_params {\"starting_edges\":128} --extra_app_params {\"output_dimensions\":4} --extra_proc_params {\"discrete\":true,\"leak_mode\":\"all\",\"max_delay\":4,\"max_threshold\":1,\"max_weight\":8,\"min_potential\":-8,\"min_weight\":-1} --encoder \"temporal\" --decoder \"rate\"",
      "fitness": [
        -4.24105e-13,
        0.000201569,
        -4.24105e-13
      ],
      "hyperparam": "2.000000000-1.000000000-0.000000000-0.000000000-2.000000000-0.000000000-3.000000000-0.000000000-2.000000000-0.000000000-4.000000000-1.000000000",
      "mean": 6.718966638393e-05,
      "median": -4.24105e-13,
      "network": "/lustre/isaac24/scratch/jhanna8/repos/2026_dr_tests/bayes/dimensionality_reduction/39/networks/dimensionality_reduction_risp_18"
    },
    {
      "best": 5.1457e-05,
      "cmd": "bin/dimensionality_reduction_risp -a train --app_params 39/dimensionality_reduction.json --eons_params 39/eons.json --proc_params 39/risp.json --threads 13 --epochs 10 --sim_time 8 --extra_eons_params {\"starting_edges\":128} --extra_app_params {\"output_dimensions\":4} --extra_proc_params {\"discrete\":false,\"leak_mode\":\"all\",\"max_delay\":8,\"max_threshold\":2,\"max_weight\":1,\"min_potential\":-4,\"min_weight\":-2} --encoder \"spikes\" --decoder \"rate\"",
      "fitness": [
        5.1457e-05,
        4.79927e-06,
        2.39964e-06
      ],
      "hyperparam": "2.000000000-1.000000000-1.000000000-0.000000000-3.000000000-1.000000000-0.000000000-1.000000000-1.000000000-0.000000000-3.000000000-1.000000000",
      "mean": 1.955197e-05,
      "median": 4.79927e-06,
      "network": "/lustre/isaac24/scratch/jhanna8/repos/2026_dr_tests/bayes/dimensionality_reduction/39/networks/dimensionality_reduction_risp_10"
    },
    {
      "best": 0.0,
      "cmd": "bin/dimensionality_reduction_risp -a train --app_params 39/dimensionality_reduction.json --eons_params 39/eons.json --proc_params 39/risp.json --threads 13 --epochs 10 --sim_time 8 --extra_eons_params {\"starting_edges\":128} --extra_app_params {\"output_dimensions\":8} --extra_proc_params {\"discrete\":true,\"leak_mode\":\"all\",\"max_delay\":16,\"max_threshold\":8,\"max_weight\":8,\"min_potential\":-1,\"min_weight\":-1} --encoder \"val\" --decoder \"ttls\"",
      "fitness": [
        0.0,
        0.0,
        0.0
      ],
      "hyperparam": "2.000000000-2.000000000-0.000000000-0.000000000-4.000000000-3.000000000-3.000000000-3.000000000-2.000000000-0.000000000-0.000000000-0.000000000",
      "mean": 0.0,
      "median": 0.0,
      "network": "/lustre/isaac24/scratch/jhanna8/repos/2026_dr_tests/bayes/dimensionality_reduction/39/networks/dimensionality_reduction_risp_4"
    },
    {
      "best": -0.000121657,
      "cmd": "bin/dimensionality_reduction_risp -a train --app_params 39/dimensionality_reduction.json --eons_params 39/eons.json --proc_params 39/risp.json --threads 13 --epochs 10 --sim_time 32 --extra_eons_params {\"starting_edges\":128} --extra_app_params {\"output_dimensions\":8} --extra_proc_params {\"discrete\":true,\"leak_mode\":\"none\",\"max_delay\":4,\"max_threshold\":4,\"max_weight\":16,\"min_potential\":-2,\"min_weight\":-2} --encoder \"val\" --decoder \"ttls\"",
      "fitness": [
        -0.000121657,
        -0.000125746,
        -0.000151863
      ],
      "hyperparam": "2.000000000-2.000000000-0.000000000-1.000000000-2.000000000-2.000000000-4.000000000-2.000000000-1.000000000-2.000000000-0.000000000-0.000000000",
      "mean": -0.00013308866666666668,
      "median": -0.000125746,
      "network": "/lustre/isaac24/scratch/jhanna8/repos/2026_dr_tests/bayes/dimensionality_reduction/39/networks/dimensionality_reduction_risp_23"
    },
    {
      "best": 8.93317e-05,
      "cmd": "bin/dimensionality_reduction_risp -a train --app_params 39/dimensionality_reduction.json --eons_params 39/eons.json --proc_params 39/risp.json --threads 13 --epochs 10 --sim_time 64 --extra_eons_params {\"starting_edges\":128} --extra_app_params {\"output_dimensions\":8} --extra_proc_params {\"discrete\":true,\"leak_mode\":\"none\",\"max_delay\":16,\"max_threshold\":4,\"max_weight\":1,\"min_potential\":-8,\"min_weight\":-1} --encoder \"rate\" --decoder \"rate\"",
      "fitness": [
        0.0,
        0.0,
        8.93317e-05
      ],
      "hyperparam": "2.000000000-2.000000000-0.000000000-1.000000000-4.000000000-2.000000000-0.000000000-0.000000000-2.000000000-3.000000000-2.000000000-1.000000000",
      "mean": 2.9777233333333334e-05,
      "median": 0.0,
      "network": "/lustre/isaac24/scratch/jhanna8/repos/2026_dr_tests/bayes/dimensionality_reduction/39/networks/dimensionality_reduction_risp_7"
    },
    {
      "best": -0.00246477,
      "cmd": "bin/dimensionality_reduction_risp -a train --app_params 39/dimensionality_reduction.json --eons_params 39/eons.json --proc_params 39/risp.json --threads 13 --epochs 10 --sim_time 128 --extra_eons_params {\"starting_edges\":128} --extra_app_params {\"output_dimensions\":16} --extra_proc_params {\"discrete\":false,\"leak_mode\":\"none\",\"max_delay\":16,\"max_threshold\":4,\"max_weight\":4,\"min_potential\":-1,\"min_weight\":-2} --encoder \"spike\" --decoder \"rate\"",
      "fitness": [
        -0.00246477,
        -0.00468552,
        -0.00311944
      ],
      "hyperparam": "2.000000000-3.000000000-1.000000000-1.000000000-4.000000000-2.000000000-2.000000000-3.000000000-1.000000000-4.000000000-1.000000000-1.000000000",
      "mean": -0.003423243333333333,
      "median": -0.00311944,
      "network": "/lustre/isaac24/scratch/jhanna8/repos/2026_dr_tests/bayes/dimensionality_reduction/39/networks/dimensionality_reduction_risp_19"
    },
    {
      "best": 0.00013198,
      "cmd": "bin/dimensionality_reduction_risp -a train --app_params 39/dimensionality_reduction.json --eons_params 39/eons.json --proc_params 39/risp.json --threads 13 --epochs 10 --sim_time 64 --extra_eons_params {\"starting_edges\":128} --extra_app_params {\"output_dimensions\":32} --extra_proc_params {\"discrete\":false,\"leak_mode\":\"none\",\"max_delay\":2,\"max_threshold\":4,\"max_weight\":4,\"min_potential\":-8,\"min_weight\":-4} --encoder \"spike\" --decoder \"rate\"",
      "fitness": [
        1.20815e-06,
        0.0,
        0.00013198
      ],
      "hyperparam": "2.000000000-4.000000000-1.000000000-1.000000000-1.000000000-2.000000000-2.000000000-0.000000000-0.000000000-3.000000000-1.000000000-1.000000000",
      "mean": 4.4396049999999997e-05,
      "median": 1.20815e-06,
      "network": "/lustre/isaac24/scratch/jhanna8/repos/2026_dr_tests/bayes/dimensionality_reduction/39/networks/dimensionality_reduction_risp_9"
    }
  ],
  "decoder": {
    "base": [
      "ttls",
      "rate"
    ]
  },
  "encoder": {
    "base": [
      "val",
      "spike",
      "rate",
      "spikes",
      "temporal"
    ]
  },
  "eons_params": {
    "starting_edges": [
      64,
      96,
      128
    ]
  },
  "fitness_metric": "fitness",
  "iterations_per_test": 3,
  "num_best_networks": 0,
  "opt_params": {
    "n_random_starts": 25,
    "random_state": 27538
  },
  "optimizer": "python ../utils/scikit_opt.py",
  "proc_params": {
    "discrete": [
      true,
      false
    ],
    "leak_mode": [
      "all",
      "none"
    ],
    "max_delay": [
      1,
      2,
      4,
      8,
      16
    ],
    "max_threshold": [
      1,
      2,
      4,
      8,
      16
    ],
    "max_weight": [
      1,
      2,
      4,
      8,
      16
    ],
    "min_potential": [
      -8,
      -4,
      -2,
      -1
    ],
    "min_weight": [
      -4,
      -2,
      -1
    ]
  },
  "python_app": false,
  "test_episodes": 0,
  "test_iteration_type": "none"
}
