{
  "app_params": {
    "output_dimensions": [
      2,
      4,
      8,
      16,
      32
    ]
  },
  "app_proc": "dimensionality_reduction_risp",
  "argv": "../bin/bayes --input_file /lustre/isaac24/scratch/jhanna8/repos/2026_dr_tests/bayes/dimensionality_reduction/08/b08.in --output_file /lustre/isaac24/scratch/jhanna8/repos/2026_dr_tests/bayes/dimensionality_reduction/08/b08.out --n_calls 20 -d /lustre/isaac24/scratch/jhanna8/repos/2026_dr_tests/bayes/dimensionality_reduction/08/networks ",
  "bayes_iteration": 20,
  "bayes_iteration_type": "median",
  "best_fitness": [
    {
      "cmd": "bin/dimensionality_reduction_risp -a train --app_params 08/dimensionality_reduction.json --eons_params 08/eons.json --proc_params 08/risp.json --sim_time 128 --threads 13 --epochs 10 --extra_eons_params {\"starting_edges\":96} --extra_app_params {\"output_dimensions\":32} --extra_proc_params {\"discrete\":true,\"leak_mode\":\"none\",\"max_delay\":8,\"max_threshold\":8,\"max_weight\":2,\"min_potential\":-2,\"min_weight\":-2} --encoder \"spike\" --decoder \"rate\"",
      "fitness": 0.167172,
      "network": "/lustre/isaac24/scratch/jhanna8/repos/2026_dr_tests/bayes/dimensionality_reduction/08/networks/dimensionality_reduction_risp_18"
    },
    {
      "cmd": "bin/dimensionality_reduction_risp -a train --app_params 08/dimensionality_reduction.json --eons_params 08/eons.json --proc_params 08/risp.json --sim_time 128 --threads 13 --epochs 10 --extra_eons_params {\"starting_edges\":128} --extra_app_params {\"output_dimensions\":4} --extra_proc_params {\"discrete\":false,\"leak_mode\":\"none\",\"max_delay\":8,\"max_threshold\":4,\"max_weight\":16,\"min_potential\":-1,\"min_weight\":-4} --encoder \"spike\" --decoder \"rate\"",
      "fitness": 0.156515,
      "network": "/lustre/isaac24/scratch/jhanna8/repos/2026_dr_tests/bayes/dimensionality_reduction/08/networks/dimensionality_reduction_risp_2"
    },
    {
      "cmd": "bin/dimensionality_reduction_risp -a train --app_params 08/dimensionality_reduction.json --eons_params 08/eons.json --proc_params 08/risp.json --sim_time 128 --threads 13 --epochs 10 --extra_eons_params {\"starting_edges\":96} --extra_app_params {\"output_dimensions\":16} --extra_proc_params {\"discrete\":false,\"leak_mode\":\"all\",\"max_delay\":16,\"max_threshold\":4,\"max_weight\":4,\"min_potential\":-8,\"min_weight\":-2} --encoder \"spike\" --decoder \"rate\"",
      "fitness": 0.146115,
      "network": "/lustre/isaac24/scratch/jhanna8/repos/2026_dr_tests/bayes/dimensionality_reduction/08/networks/dimensionality_reduction_risp_16"
    },
    {
      "cmd": "bin/dimensionality_reduction_risp -a train --app_params 08/dimensionality_reduction.json --eons_params 08/eons.json --proc_params 08/risp.json --sim_time 128 --threads 13 --epochs 10 --extra_eons_params {\"starting_edges\":64} --extra_app_params {\"output_dimensions\":8} --extra_proc_params {\"discrete\":false,\"leak_mode\":\"none\",\"max_delay\":8,\"max_threshold\":4,\"max_weight\":8,\"min_potential\":-8,\"min_weight\":-4} --encoder \"rate\" --decoder \"rate\"",
      "fitness": 0.142719,
      "network": "/lustre/isaac24/scratch/jhanna8/repos/2026_dr_tests/bayes/dimensionality_reduction/08/networks/dimensionality_reduction_risp_10"
    },
    {
      "cmd": "bin/dimensionality_reduction_risp -a train --app_params 08/dimensionality_reduction.json --eons_params 08/eons.json --proc_params 08/risp.json --sim_time 128 --threads 13 --epochs 10 --extra_eons_params {\"starting_edges\":96} --extra_app_params {\"output_dimensions\":8} --extra_proc_params {\"discrete\":true,\"leak_mode\":\"all\",\"max_delay\":1,\"max_threshold\":1,\"max_weight\":4,\"min_potential\":-2,\"min_weight\":-2} --encoder \"spike\" --decoder \"rate\"",
      "fitness": 0.140656,
      "network": "/lustre/isaac24/scratch/jhanna8/repos/2026_dr_tests/bayes/dimensionality_reduction/08/networks/dimensionality_reduction_risp_7"
    },
    {
      "cmd": "bin/dimensionality_reduction_risp -a train --app_params 08/dimensionality_reduction.json --eons_params 08/eons.json --proc_params 08/risp.json --sim_time 128 --threads 13 --epochs 10 --extra_eons_params {\"starting_edges\":64} --extra_app_params {\"output_dimensions\":8} --extra_proc_params {\"discrete\":false,\"leak_mode\":\"none\",\"max_delay\":8,\"max_threshold\":16,\"max_weight\":4,\"min_potential\":-2,\"min_weight\":-2} --encoder \"rate\" --decoder \"rate\"",
      "fitness": 0.123665,
      "network": "/lustre/isaac24/scratch/jhanna8/repos/2026_dr_tests/bayes/dimensionality_reduction/08/networks/dimensionality_reduction_risp_15"
    },
    {
      "cmd": "bin/dimensionality_reduction_risp -a train --app_params 08/dimensionality_reduction.json --eons_params 08/eons.json --proc_params 08/risp.json --sim_time 128 --threads 13 --epochs 10 --extra_eons_params {\"starting_edges\":96} --extra_app_params {\"output_dimensions\":8} --extra_proc_params {\"discrete\":true,\"leak_mode\":\"all\",\"max_delay\":1,\"max_threshold\":8,\"max_weight\":2,\"min_potential\":-2,\"min_weight\":-2} --encoder \"spikes\" --decoder \"rate\"",
      "fitness": 0.111174,
      "network": "/lustre/isaac24/scratch/jhanna8/repos/2026_dr_tests/bayes/dimensionality_reduction/08/networks/dimensionality_reduction_risp_3"
    },
    {
      "cmd": "bin/dimensionality_reduction_risp -a train --app_params 08/dimensionality_reduction.json --eons_params 08/eons.json --proc_params 08/risp.json --sim_time 128 --threads 13 --epochs 10 --extra_eons_params {\"starting_edges\":96} --extra_app_params {\"output_dimensions\":8} --extra_proc_params {\"discrete\":true,\"leak_mode\":\"none\",\"max_delay\":16,\"max_threshold\":1,\"max_weight\":4,\"min_potential\":-2,\"min_weight\":-2} --encoder \"rate\" --decoder \"ttls\"",
      "fitness": 0.105824,
      "network": "/lustre/isaac24/scratch/jhanna8/repos/2026_dr_tests/bayes/dimensionality_reduction/08/networks/dimensionality_reduction_risp_11"
    },
    {
      "cmd": "bin/dimensionality_reduction_risp -a train --app_params 08/dimensionality_reduction.json --eons_params 08/eons.json --proc_params 08/risp.json --sim_time 128 --threads 13 --epochs 10 --extra_eons_params {\"starting_edges\":96} --extra_app_params {\"output_dimensions\":2} --extra_proc_params {\"discrete\":true,\"leak_mode\":\"none\",\"max_delay\":8,\"max_threshold\":1,\"max_weight\":4,\"min_potential\":-8,\"min_weight\":-2} --encoder \"val\" --decoder \"rate\"",
      "fitness": 0.102388,
      "network": "/lustre/isaac24/scratch/jhanna8/repos/2026_dr_tests/bayes/dimensionality_reduction/08/networks/dimensionality_reduction_risp_13"
    },
    {
      "cmd": "bin/dimensionality_reduction_risp -a train --app_params 08/dimensionality_reduction.json --eons_params 08/eons.json --proc_params 08/risp.json --sim_time 128 --threads 13 --epochs 10 --extra_eons_params {\"starting_edges\":96} --extra_app_params {\"output_dimensions\":4} --extra_proc_params {\"discrete\":false,\"leak_mode\":\"none\",\"max_delay\":4,\"max_threshold\":8,\"max_weight\":4,\"min_potential\":-2,\"min_weight\":-4} --encoder \"spikes\" --decoder \"rate\"",
      "fitness": 0.0996531,
      "network": "/lustre/isaac24/scratch/jhanna8/repos/2026_dr_tests/bayes/dimensionality_reduction/08/networks/dimensionality_reduction_risp_14"
    },
    {
      "cmd": "bin/dimensionality_reduction_risp -a train --app_params 08/dimensionality_reduction.json --eons_params 08/eons.json --proc_params 08/risp.json --sim_time 128 --threads 13 --epochs 10 --extra_eons_params {\"starting_edges\":96} --extra_app_params {\"output_dimensions\":8} --extra_proc_params {\"discrete\":false,\"leak_mode\":\"all\",\"max_delay\":8,\"max_threshold\":2,\"max_weight\":1,\"min_potential\":-1,\"min_weight\":-2} --encoder \"spikes\" --decoder \"ttls\"",
      "fitness": 0.0669887,
      "network": "/lustre/isaac24/scratch/jhanna8/repos/2026_dr_tests/bayes/dimensionality_reduction/08/networks/dimensionality_reduction_risp_6"
    },
    {
      "cmd": "bin/dimensionality_reduction_risp -a train --app_params 08/dimensionality_reduction.json --eons_params 08/eons.json --proc_params 08/risp.json --sim_time 128 --threads 13 --epochs 10 --extra_eons_params {\"starting_edges\":96} --extra_app_params {\"output_dimensions\":4} --extra_proc_params {\"discrete\":false,\"leak_mode\":\"none\",\"max_delay\":4,\"max_threshold\":2,\"max_weight\":16,\"min_potential\":-8,\"min_weight\":-2} --encoder \"spikes\" --decoder \"rate\"",
      "fitness": 0.0601445,
      "network": "/lustre/isaac24/scratch/jhanna8/repos/2026_dr_tests/bayes/dimensionality_reduction/08/networks/dimensionality_reduction_risp_4"
    },
    {
      "cmd": "bin/dimensionality_reduction_risp -a train --app_params 08/dimensionality_reduction.json --eons_params 08/eons.json --proc_params 08/risp.json --sim_time 128 --threads 13 --epochs 10 --extra_eons_params {\"starting_edges\":128} --extra_app_params {\"output_dimensions\":2} --extra_proc_params {\"discrete\":true,\"leak_mode\":\"none\",\"max_delay\":8,\"max_threshold\":2,\"max_weight\":8,\"min_potential\":-1,\"min_weight\":-1} --encoder \"rate\" --decoder \"ttls\"",
      "fitness": 0.0296108,
      "network": "/lustre/isaac24/scratch/jhanna8/repos/2026_dr_tests/bayes/dimensionality_reduction/08/networks/dimensionality_reduction_risp_17"
    },
    {
      "cmd": "bin/dimensionality_reduction_risp -a train --app_params 08/dimensionality_reduction.json --eons_params 08/eons.json --proc_params 08/risp.json --sim_time 128 --threads 13 --epochs 10 --extra_eons_params {\"starting_edges\":96} --extra_app_params {\"output_dimensions\":16} --extra_proc_params {\"discrete\":true,\"leak_mode\":\"all\",\"max_delay\":8,\"max_threshold\":4,\"max_weight\":1,\"min_potential\":-4,\"min_weight\":-1} --encoder \"temporal\" --decoder \"rate\"",
      "fitness": 0.0243826,
      "network": "/lustre/isaac24/scratch/jhanna8/repos/2026_dr_tests/bayes/dimensionality_reduction/08/networks/dimensionality_reduction_risp_19"
    },
    {
      "cmd": "bin/dimensionality_reduction_risp -a train --app_params 08/dimensionality_reduction.json --eons_params 08/eons.json --proc_params 08/risp.json --sim_time 128 --threads 13 --epochs 10 --extra_eons_params {\"starting_edges\":96} --extra_app_params {\"output_dimensions\":16} --extra_proc_params {\"discrete\":true,\"leak_mode\":\"none\",\"max_delay\":16,\"max_threshold\":8,\"max_weight\":2,\"min_potential\":-4,\"min_weight\":-4} --encoder \"temporal\" --decoder \"ttls\"",
      "fitness": 0.0224722,
      "network": "/lustre/isaac24/scratch/jhanna8/repos/2026_dr_tests/bayes/dimensionality_reduction/08/networks/dimensionality_reduction_risp_8"
    },
    {
      "cmd": "bin/dimensionality_reduction_risp -a train --app_params 08/dimensionality_reduction.json --eons_params 08/eons.json --proc_params 08/risp.json --sim_time 128 --threads 13 --epochs 10 --extra_eons_params {\"starting_edges\":64} --extra_app_params {\"output_dimensions\":2} --extra_proc_params {\"discrete\":false,\"leak_mode\":\"all\",\"max_delay\":8,\"max_threshold\":8,\"max_weight\":2,\"min_potential\":-2,\"min_weight\":-4} --encoder \"spikes\" --decoder \"rate\"",
      "fitness": -0.0192272,
      "network": "/lustre/isaac24/scratch/jhanna8/repos/2026_dr_tests/bayes/dimensionality_reduction/08/networks/dimensionality_reduction_risp_5"
    },
    {
      "cmd": "bin/dimensionality_reduction_risp -a train --app_params 08/dimensionality_reduction.json --eons_params 08/eons.json --proc_params 08/risp.json --sim_time 128 --threads 13 --epochs 10 --extra_eons_params {\"starting_edges\":64} --extra_app_params {\"output_dimensions\":4} --extra_proc_params {\"discrete\":true,\"leak_mode\":\"all\",\"max_delay\":4,\"max_threshold\":4,\"max_weight\":2,\"min_potential\":-4,\"min_weight\":-1} --encoder \"temporal\" --decoder \"ttls\"",
      "fitness": -0.0231733,
      "network": "/lustre/isaac24/scratch/jhanna8/repos/2026_dr_tests/bayes/dimensionality_reduction/08/networks/dimensionality_reduction_risp_12"
    },
    {
      "cmd": "bin/dimensionality_reduction_risp -a train --app_params 08/dimensionality_reduction.json --eons_params 08/eons.json --proc_params 08/risp.json --sim_time 128 --threads 13 --epochs 10 --extra_eons_params {\"starting_edges\":96} --extra_app_params {\"output_dimensions\":2} --extra_proc_params {\"discrete\":true,\"leak_mode\":\"all\",\"max_delay\":2,\"max_threshold\":4,\"max_weight\":1,\"min_potential\":-2,\"min_weight\":-1} --encoder \"spikes\" --decoder \"ttls\"",
      "fitness": -0.0250106,
      "network": "/lustre/isaac24/scratch/jhanna8/repos/2026_dr_tests/bayes/dimensionality_reduction/08/networks/dimensionality_reduction_risp_20"
    },
    {
      "cmd": "bin/dimensionality_reduction_risp -a train --app_params 08/dimensionality_reduction.json --eons_params 08/eons.json --proc_params 08/risp.json --sim_time 128 --threads 13 --epochs 10 --extra_eons_params {\"starting_edges\":96} --extra_app_params {\"output_dimensions\":2} --extra_proc_params {\"discrete\":true,\"leak_mode\":\"none\",\"max_delay\":1,\"max_threshold\":16,\"max_weight\":2,\"min_potential\":-1,\"min_weight\":-2} --encoder \"rate\" --decoder \"ttls\"",
      "fitness": -0.0374622,
      "network": "/lustre/isaac24/scratch/jhanna8/repos/2026_dr_tests/bayes/dimensionality_reduction/08/networks/dimensionality_reduction_risp_1"
    },
    {
      "cmd": "bin/dimensionality_reduction_risp -a train --app_params 08/dimensionality_reduction.json --eons_params 08/eons.json --proc_params 08/risp.json --sim_time 128 --threads 13 --epochs 10 --extra_eons_params {\"starting_edges\":96} --extra_app_params {\"output_dimensions\":2} --extra_proc_params {\"discrete\":false,\"leak_mode\":\"all\",\"max_delay\":4,\"max_threshold\":2,\"max_weight\":1,\"min_potential\":-4,\"min_weight\":-2} --encoder \"val\" --decoder \"ttls\"",
      "fitness": -0.227178,
      "network": "/lustre/isaac24/scratch/jhanna8/repos/2026_dr_tests/bayes/dimensionality_reduction/08/networks/dimensionality_reduction_risp_9"
    }
  ],
  "command": "bin/dimensionality_reduction_risp -a train --app_params 08/dimensionality_reduction.json --eons_params 08/eons.json --proc_params 08/risp.json --sim_time 128 --threads 13 --epochs 10",
  "command_params": {},
  "data_points": [
    {
      "best": -0.0192272,
      "cmd": "bin/dimensionality_reduction_risp -a train --app_params 08/dimensionality_reduction.json --eons_params 08/eons.json --proc_params 08/risp.json --sim_time 128 --threads 13 --epochs 10 --extra_eons_params {\"starting_edges\":64} --extra_app_params {\"output_dimensions\":2} --extra_proc_params {\"discrete\":false,\"leak_mode\":\"all\",\"max_delay\":8,\"max_threshold\":8,\"max_weight\":2,\"min_potential\":-2,\"min_weight\":-4} --encoder \"spikes\" --decoder \"rate\"",
      "fitness": [
        -0.0192272,
        -0.0355639,
        -0.0248573
      ],
      "hyperparam": "0.000000000-0.000000000-1.000000000-0.000000000-3.000000000-3.000000000-1.000000000-2.000000000-0.000000000-3.000000000-1.000000000",
      "mean": -0.02654946666666667,
      "median": -0.0248573,
      "network": "/lustre/isaac24/scratch/jhanna8/repos/2026_dr_tests/bayes/dimensionality_reduction/08/networks/dimensionality_reduction_risp_5"
    },
    {
      "best": -0.0231733,
      "cmd": "bin/dimensionality_reduction_risp -a train --app_params 08/dimensionality_reduction.json --eons_params 08/eons.json --proc_params 08/risp.json --sim_time 128 --threads 13 --epochs 10 --extra_eons_params {\"starting_edges\":64} --extra_app_params {\"output_dimensions\":4} --extra_proc_params {\"discrete\":true,\"leak_mode\":\"all\",\"max_delay\":4,\"max_threshold\":4,\"max_weight\":2,\"min_potential\":-4,\"min_weight\":-1} --encoder \"temporal\" --decoder \"ttls\"",
      "fitness": [
        -0.0271763,
        -0.0231733,
        -0.0235502
      ],
      "hyperparam": "0.000000000-1.000000000-0.000000000-0.000000000-2.000000000-2.000000000-1.000000000-1.000000000-2.000000000-4.000000000-0.000000000",
      "mean": -0.024633266666666667,
      "median": -0.0235502,
      "network": "/lustre/isaac24/scratch/jhanna8/repos/2026_dr_tests/bayes/dimensionality_reduction/08/networks/dimensionality_reduction_risp_12"
    },
    {
      "best": 0.142719,
      "cmd": "bin/dimensionality_reduction_risp -a train --app_params 08/dimensionality_reduction.json --eons_params 08/eons.json --proc_params 08/risp.json --sim_time 128 --threads 13 --epochs 10 --extra_eons_params {\"starting_edges\":64} --extra_app_params {\"output_dimensions\":8} --extra_proc_params {\"discrete\":false,\"leak_mode\":\"none\",\"max_delay\":8,\"max_threshold\":4,\"max_weight\":8,\"min_potential\":-8,\"min_weight\":-4} --encoder \"rate\" --decoder \"rate\"",
      "fitness": [
        0.0958159,
        0.142719,
        0.0968218
      ],
      "hyperparam": "0.000000000-2.000000000-1.000000000-1.000000000-3.000000000-2.000000000-3.000000000-0.000000000-0.000000000-2.000000000-1.000000000",
      "mean": 0.11178556666666667,
      "median": 0.0968218,
      "network": "/lustre/isaac24/scratch/jhanna8/repos/2026_dr_tests/bayes/dimensionality_reduction/08/networks/dimensionality_reduction_risp_10"
    },
    {
      "best": 0.123665,
      "cmd": "bin/dimensionality_reduction_risp -a train --app_params 08/dimensionality_reduction.json --eons_params 08/eons.json --proc_params 08/risp.json --sim_time 128 --threads 13 --epochs 10 --extra_eons_params {\"starting_edges\":64} --extra_app_params {\"output_dimensions\":8} --extra_proc_params {\"discrete\":false,\"leak_mode\":\"none\",\"max_delay\":8,\"max_threshold\":16,\"max_weight\":4,\"min_potential\":-2,\"min_weight\":-2} --encoder \"rate\" --decoder \"rate\"",
      "fitness": [
        0.104032,
        0.123665,
        0.120626
      ],
      "hyperparam": "0.000000000-2.000000000-1.000000000-1.000000000-3.000000000-4.000000000-2.000000000-2.000000000-1.000000000-2.000000000-1.000000000",
      "mean": 0.11610766666666666,
      "median": 0.120626,
      "network": "/lustre/isaac24/scratch/jhanna8/repos/2026_dr_tests/bayes/dimensionality_reduction/08/networks/dimensionality_reduction_risp_15"
    },
    {
      "best": -0.0250106,
      "cmd": "bin/dimensionality_reduction_risp -a train --app_params 08/dimensionality_reduction.json --eons_params 08/eons.json --proc_params 08/risp.json --sim_time 128 --threads 13 --epochs 10 --extra_eons_params {\"starting_edges\":96} --extra_app_params {\"output_dimensions\":2} --extra_proc_params {\"discrete\":true,\"leak_mode\":\"all\",\"max_delay\":2,\"max_threshold\":4,\"max_weight\":1,\"min_potential\":-2,\"min_weight\":-1} --encoder \"spikes\" --decoder \"ttls\"",
      "fitness": [
        -0.0250106,
        -0.0528413,
        -0.0455925
      ],
      "hyperparam": "1.000000000-0.000000000-0.000000000-0.000000000-1.000000000-2.000000000-0.000000000-2.000000000-2.000000000-3.000000000-0.000000000",
      "mean": -0.04114813333333334,
      "median": -0.0455925,
      "network": "/lustre/isaac24/scratch/jhanna8/repos/2026_dr_tests/bayes/dimensionality_reduction/08/networks/dimensionality_reduction_risp_20"
    },
    {
      "best": -0.0374622,
      "cmd": "bin/dimensionality_reduction_risp -a train --app_params 08/dimensionality_reduction.json --eons_params 08/eons.json --proc_params 08/risp.json --sim_time 128 --threads 13 --epochs 10 --extra_eons_params {\"starting_edges\":96} --extra_app_params {\"output_dimensions\":2} --extra_proc_params {\"discrete\":true,\"leak_mode\":\"none\",\"max_delay\":1,\"max_threshold\":16,\"max_weight\":2,\"min_potential\":-1,\"min_weight\":-2} --encoder \"rate\" --decoder \"ttls\"",
      "fitness": [
        -0.0614455,
        -0.0374622,
        -0.0434983
      ],
      "hyperparam": "1.000000000-0.000000000-0.000000000-1.000000000-0.000000000-4.000000000-1.000000000-3.000000000-1.000000000-2.000000000-0.000000000",
      "mean": -0.047468666666666666,
      "median": -0.0434983,
      "network": "/lustre/isaac24/scratch/jhanna8/repos/2026_dr_tests/bayes/dimensionality_reduction/08/networks/dimensionality_reduction_risp_1"
    },
    {
      "best": 0.102388,
      "cmd": "bin/dimensionality_reduction_risp -a train --app_params 08/dimensionality_reduction.json --eons_params 08/eons.json --proc_params 08/risp.json --sim_time 128 --threads 13 --epochs 10 --extra_eons_params {\"starting_edges\":96} --extra_app_params {\"output_dimensions\":2} --extra_proc_params {\"discrete\":true,\"leak_mode\":\"none\",\"max_delay\":8,\"max_threshold\":1,\"max_weight\":4,\"min_potential\":-8,\"min_weight\":-2} --encoder \"val\" --decoder \"rate\"",
      "fitness": [
        0.0899083,
        0.0953576,
        0.102388
      ],
      "hyperparam": "1.000000000-0.000000000-0.000000000-1.000000000-3.000000000-0.000000000-2.000000000-0.000000000-1.000000000-0.000000000-1.000000000",
      "mean": 0.09588463333333334,
      "median": 0.0953576,
      "network": "/lustre/isaac24/scratch/jhanna8/repos/2026_dr_tests/bayes/dimensionality_reduction/08/networks/dimensionality_reduction_risp_13"
    },
    {
      "best": -0.227178,
      "cmd": "bin/dimensionality_reduction_risp -a train --app_params 08/dimensionality_reduction.json --eons_params 08/eons.json --proc_params 08/risp.json --sim_time 128 --threads 13 --epochs 10 --extra_eons_params {\"starting_edges\":96} --extra_app_params {\"output_dimensions\":2} --extra_proc_params {\"discrete\":false,\"leak_mode\":\"all\",\"max_delay\":4,\"max_threshold\":2,\"max_weight\":1,\"min_potential\":-4,\"min_weight\":-2} --encoder \"val\" --decoder \"ttls\"",
      "fitness": [
        -0.99655,
        -0.227178,
        -0.530318
      ],
      "hyperparam": "1.000000000-0.000000000-1.000000000-0.000000000-2.000000000-1.000000000-0.000000000-1.000000000-1.000000000-0.000000000-0.000000000",
      "mean": -0.5846819999999999,
      "median": -0.530318,
      "network": "/lustre/isaac24/scratch/jhanna8/repos/2026_dr_tests/bayes/dimensionality_reduction/08/networks/dimensionality_reduction_risp_9"
    },
    {
      "best": 0.0601445,
      "cmd": "bin/dimensionality_reduction_risp -a train --app_params 08/dimensionality_reduction.json --eons_params 08/eons.json --proc_params 08/risp.json --sim_time 128 --threads 13 --epochs 10 --extra_eons_params {\"starting_edges\":96} --extra_app_params {\"output_dimensions\":4} --extra_proc_params {\"discrete\":false,\"leak_mode\":\"none\",\"max_delay\":4,\"max_threshold\":2,\"max_weight\":16,\"min_potential\":-8,\"min_weight\":-2} --encoder \"spikes\" --decoder \"rate\"",
      "fitness": [
        0.0601445,
        0.0481853,
        0.0516307
      ],
      "hyperparam": "1.000000000-1.000000000-1.000000000-1.000000000-2.000000000-1.000000000-4.000000000-0.000000000-1.000000000-3.000000000-1.000000000",
      "mean": 0.05332016666666667,
      "median": 0.0516307,
      "network": "/lustre/isaac24/scratch/jhanna8/repos/2026_dr_tests/bayes/dimensionality_reduction/08/networks/dimensionality_reduction_risp_4"
    },
    {
      "best": 0.0996531,
      "cmd": "bin/dimensionality_reduction_risp -a train --app_params 08/dimensionality_reduction.json --eons_params 08/eons.json --proc_params 08/risp.json --sim_time 128 --threads 13 --epochs 10 --extra_eons_params {\"starting_edges\":96} --extra_app_params {\"output_dimensions\":4} --extra_proc_params {\"discrete\":false,\"leak_mode\":\"none\",\"max_delay\":4,\"max_threshold\":8,\"max_weight\":4,\"min_potential\":-2,\"min_weight\":-4} --encoder \"spikes\" --decoder \"rate\"",
      "fitness": [
        0.0732783,
        0.0996531,
        0.0778043
      ],
      "hyperparam": "1.000000000-1.000000000-1.000000000-1.000000000-2.000000000-3.000000000-2.000000000-2.000000000-0.000000000-3.000000000-1.000000000",
      "mean": 0.08357856666666667,
      "median": 0.0778043,
      "network": "/lustre/isaac24/scratch/jhanna8/repos/2026_dr_tests/bayes/dimensionality_reduction/08/networks/dimensionality_reduction_risp_14"
    },
    {
      "best": 0.140656,
      "cmd": "bin/dimensionality_reduction_risp -a train --app_params 08/dimensionality_reduction.json --eons_params 08/eons.json --proc_params 08/risp.json --sim_time 128 --threads 13 --epochs 10 --extra_eons_params {\"starting_edges\":96} --extra_app_params {\"output_dimensions\":8} --extra_proc_params {\"discrete\":true,\"leak_mode\":\"all\",\"max_delay\":1,\"max_threshold\":1,\"max_weight\":4,\"min_potential\":-2,\"min_weight\":-2} --encoder \"spike\" --decoder \"rate\"",
      "fitness": [
        0.136056,
        0.0957939,
        0.140656
      ],
      "hyperparam": "1.000000000-2.000000000-0.000000000-0.000000000-0.000000000-0.000000000-2.000000000-2.000000000-1.000000000-1.000000000-1.000000000",
      "mean": 0.12416863333333333,
      "median": 0.136056,
      "network": "/lustre/isaac24/scratch/jhanna8/repos/2026_dr_tests/bayes/dimensionality_reduction/08/networks/dimensionality_reduction_risp_7"
    },
    {
      "best": 0.111174,
      "cmd": "bin/dimensionality_reduction_risp -a train --app_params 08/dimensionality_reduction.json --eons_params 08/eons.json --proc_params 08/risp.json --sim_time 128 --threads 13 --epochs 10 --extra_eons_params {\"starting_edges\":96} --extra_app_params {\"output_dimensions\":8} --extra_proc_params {\"discrete\":true,\"leak_mode\":\"all\",\"max_delay\":1,\"max_threshold\":8,\"max_weight\":2,\"min_potential\":-2,\"min_weight\":-2} --encoder \"spikes\" --decoder \"rate\"",
      "fitness": [
        0.111174,
        0.0809212,
        0.105721
      ],
      "hyperparam": "1.000000000-2.000000000-0.000000000-0.000000000-0.000000000-3.000000000-1.000000000-2.000000000-1.000000000-3.000000000-1.000000000",
      "mean": 0.09927206666666666,
      "median": 0.105721,
      "network": "/lustre/isaac24/scratch/jhanna8/repos/2026_dr_tests/bayes/dimensionality_reduction/08/networks/dimensionality_reduction_risp_3"
    },
    {
      "best": 0.105824,
      "cmd": "bin/dimensionality_reduction_risp -a train --app_params 08/dimensionality_reduction.json --eons_params 08/eons.json --proc_params 08/risp.json --sim_time 128 --threads 13 --epochs 10 --extra_eons_params {\"starting_edges\":96} --extra_app_params {\"output_dimensions\":8} --extra_proc_params {\"discrete\":true,\"leak_mode\":\"none\",\"max_delay\":16,\"max_threshold\":1,\"max_weight\":4,\"min_potential\":-2,\"min_weight\":-2} --encoder \"rate\" --decoder \"ttls\"",
      "fitness": [
        0.0797507,
        0.105824,
        0.093402
      ],
      "hyperparam": "1.000000000-2.000000000-0.000000000-1.000000000-4.000000000-0.000000000-2.000000000-2.000000000-1.000000000-2.000000000-0.000000000",
      "mean": 0.09299223333333333,
      "median": 0.093402,
      "network": "/lustre/isaac24/scratch/jhanna8/repos/2026_dr_tests/bayes/dimensionality_reduction/08/networks/dimensionality_reduction_risp_11"
    },
    {
      "best": 0.0669887,
      "cmd": "bin/dimensionality_reduction_risp -a train --app_params 08/dimensionality_reduction.json --eons_params 08/eons.json --proc_params 08/risp.json --sim_time 128 --threads 13 --epochs 10 --extra_eons_params {\"starting_edges\":96} --extra_app_params {\"output_dimensions\":8} --extra_proc_params {\"discrete\":false,\"leak_mode\":\"all\",\"max_delay\":8,\"max_threshold\":2,\"max_weight\":1,\"min_potential\":-1,\"min_weight\":-2} --encoder \"spikes\" --decoder \"ttls\"",
      "fitness": [
        0.0669887,
        0.00300036,
        -0.0790323
      ],
      "hyperparam": "1.000000000-2.000000000-1.000000000-0.000000000-3.000000000-1.000000000-0.000000000-3.000000000-1.000000000-3.000000000-0.000000000",
      "mean": -0.003014413333333336,
      "median": 0.00300036,
      "network": "/lustre/isaac24/scratch/jhanna8/repos/2026_dr_tests/bayes/dimensionality_reduction/08/networks/dimensionality_reduction_risp_6"
    },
    {
      "best": 0.0243826,
      "cmd": "bin/dimensionality_reduction_risp -a train --app_params 08/dimensionality_reduction.json --eons_params 08/eons.json --proc_params 08/risp.json --sim_time 128 --threads 13 --epochs 10 --extra_eons_params {\"starting_edges\":96} --extra_app_params {\"output_dimensions\":16} --extra_proc_params {\"discrete\":true,\"leak_mode\":\"all\",\"max_delay\":8,\"max_threshold\":4,\"max_weight\":1,\"min_potential\":-4,\"min_weight\":-1} --encoder \"temporal\" --decoder \"rate\"",
      "fitness": [
        0.0243826,
        0.0187963,
        0.0155937
      ],
      "hyperparam": "1.000000000-3.000000000-0.000000000-0.000000000-3.000000000-2.000000000-0.000000000-1.000000000-2.000000000-4.000000000-1.000000000",
      "mean": 0.019590866666666668,
      "median": 0.0187963,
      "network": "/lustre/isaac24/scratch/jhanna8/repos/2026_dr_tests/bayes/dimensionality_reduction/08/networks/dimensionality_reduction_risp_19"
    },
    {
      "best": 0.0224722,
      "cmd": "bin/dimensionality_reduction_risp -a train --app_params 08/dimensionality_reduction.json --eons_params 08/eons.json --proc_params 08/risp.json --sim_time 128 --threads 13 --epochs 10 --extra_eons_params {\"starting_edges\":96} --extra_app_params {\"output_dimensions\":16} --extra_proc_params {\"discrete\":true,\"leak_mode\":\"none\",\"max_delay\":16,\"max_threshold\":8,\"max_weight\":2,\"min_potential\":-4,\"min_weight\":-4} --encoder \"temporal\" --decoder \"ttls\"",
      "fitness": [
        0.0224722,
        0.00508023,
        0.00377863
      ],
      "hyperparam": "1.000000000-3.000000000-0.000000000-1.000000000-4.000000000-3.000000000-1.000000000-1.000000000-0.000000000-4.000000000-0.000000000",
      "mean": 0.010443686666666667,
      "median": 0.00508023,
      "network": "/lustre/isaac24/scratch/jhanna8/repos/2026_dr_tests/bayes/dimensionality_reduction/08/networks/dimensionality_reduction_risp_8"
    },
    {
      "best": 0.146115,
      "cmd": "bin/dimensionality_reduction_risp -a train --app_params 08/dimensionality_reduction.json --eons_params 08/eons.json --proc_params 08/risp.json --sim_time 128 --threads 13 --epochs 10 --extra_eons_params {\"starting_edges\":96} --extra_app_params {\"output_dimensions\":16} --extra_proc_params {\"discrete\":false,\"leak_mode\":\"all\",\"max_delay\":16,\"max_threshold\":4,\"max_weight\":4,\"min_potential\":-8,\"min_weight\":-2} --encoder \"spike\" --decoder \"rate\"",
      "fitness": [
        0.130553,
        0.146115,
        0.133213
      ],
      "hyperparam": "1.000000000-3.000000000-1.000000000-0.000000000-4.000000000-2.000000000-2.000000000-0.000000000-1.000000000-1.000000000-1.000000000",
      "mean": 0.13662700000000003,
      "median": 0.133213,
      "network": "/lustre/isaac24/scratch/jhanna8/repos/2026_dr_tests/bayes/dimensionality_reduction/08/networks/dimensionality_reduction_risp_16"
    },
    {
      "best": 0.167172,
      "cmd": "bin/dimensionality_reduction_risp -a train --app_params 08/dimensionality_reduction.json --eons_params 08/eons.json --proc_params 08/risp.json --sim_time 128 --threads 13 --epochs 10 --extra_eons_params {\"starting_edges\":96} --extra_app_params {\"output_dimensions\":32} --extra_proc_params {\"discrete\":true,\"leak_mode\":\"none\",\"max_delay\":8,\"max_threshold\":8,\"max_weight\":2,\"min_potential\":-2,\"min_weight\":-2} --encoder \"spike\" --decoder \"rate\"",
      "fitness": [
        0.136295,
        0.1441,
        0.167172
      ],
      "hyperparam": "1.000000000-4.000000000-0.000000000-1.000000000-3.000000000-3.000000000-1.000000000-2.000000000-1.000000000-1.000000000-1.000000000",
      "mean": 0.149189,
      "median": 0.1441,
      "network": "/lustre/isaac24/scratch/jhanna8/repos/2026_dr_tests/bayes/dimensionality_reduction/08/networks/dimensionality_reduction_risp_18"
    },
    {
      "best": 0.0296108,
      "cmd": "bin/dimensionality_reduction_risp -a train --app_params 08/dimensionality_reduction.json --eons_params 08/eons.json --proc_params 08/risp.json --sim_time 128 --threads 13 --epochs 10 --extra_eons_params {\"starting_edges\":128} --extra_app_params {\"output_dimensions\":2} --extra_proc_params {\"discrete\":true,\"leak_mode\":\"none\",\"max_delay\":8,\"max_threshold\":2,\"max_weight\":8,\"min_potential\":-1,\"min_weight\":-1} --encoder \"rate\" --decoder \"ttls\"",
      "fitness": [
        -0.000702903,
        0.00336886,
        0.0296108
      ],
      "hyperparam": "2.000000000-0.000000000-0.000000000-1.000000000-3.000000000-1.000000000-3.000000000-3.000000000-2.000000000-2.000000000-0.000000000",
      "mean": 0.010758919,
      "median": 0.00336886,
      "network": "/lustre/isaac24/scratch/jhanna8/repos/2026_dr_tests/bayes/dimensionality_reduction/08/networks/dimensionality_reduction_risp_17"
    },
    {
      "best": 0.156515,
      "cmd": "bin/dimensionality_reduction_risp -a train --app_params 08/dimensionality_reduction.json --eons_params 08/eons.json --proc_params 08/risp.json --sim_time 128 --threads 13 --epochs 10 --extra_eons_params {\"starting_edges\":128} --extra_app_params {\"output_dimensions\":4} --extra_proc_params {\"discrete\":false,\"leak_mode\":\"none\",\"max_delay\":8,\"max_threshold\":4,\"max_weight\":16,\"min_potential\":-1,\"min_weight\":-4} --encoder \"spike\" --decoder \"rate\"",
      "fitness": [
        0.156515,
        0.131183,
        0.146399
      ],
      "hyperparam": "2.000000000-1.000000000-1.000000000-1.000000000-3.000000000-2.000000000-4.000000000-3.000000000-0.000000000-1.000000000-1.000000000",
      "mean": 0.144699,
      "median": 0.146399,
      "network": "/lustre/isaac24/scratch/jhanna8/repos/2026_dr_tests/bayes/dimensionality_reduction/08/networks/dimensionality_reduction_risp_2"
    }
  ],
  "decoder": {
    "base": [
      "ttls",
      "rate"
    ]
  },
  "encoder": {
    "base": [
      "val",
      "spike",
      "rate",
      "spikes",
      "temporal"
    ]
  },
  "eons_params": {
    "starting_edges": [
      64,
      96,
      128
    ]
  },
  "fitness_metric": "fitness",
  "iterations_per_test": 3,
  "num_best_networks": 0,
  "opt_params": {
    "n_random_starts": 20,
    "random_state": 19573
  },
  "optimizer": "python ../utils/scikit_opt.py",
  "proc_params": {
    "discrete": [
      true,
      false
    ],
    "leak_mode": [
      "all",
      "none"
    ],
    "max_delay": [
      1,
      2,
      4,
      8,
      16
    ],
    "max_threshold": [
      1,
      2,
      4,
      8,
      16
    ],
    "max_weight": [
      1,
      2,
      4,
      8,
      16
    ],
    "min_potential": [
      -8,
      -4,
      -2,
      -1
    ],
    "min_weight": [
      -4,
      -2,
      -1
    ]
  },
  "python_app": false,
  "test_episodes": 0,
  "test_iteration_type": "none"
}
