{
  "app_params": {
    "output_dimensions": [
      2,
      4,
      8,
      16,
      32
    ]
  },
  "app_proc": "dimensionality_reduction_risp",
  "argv": "../bin/bayes --input_file /lustre/isaac24/scratch/jhanna8/repos/2026_dr_tests/bayes/dimensionality_reduction/30/b30.in --output_file /lustre/isaac24/scratch/jhanna8/repos/2026_dr_tests/bayes/dimensionality_reduction/30/b30.out --n_calls 5 -d /lustre/isaac24/scratch/jhanna8/repos/2026_dr_tests/bayes/dimensionality_reduction/30/networks ",
  "bayes_iteration": 5,
  "bayes_iteration_type": "median",
  "best_fitness": [
    {
      "cmd": "bin/dimensionality_reduction_risp -a train --app_params 30/dimensionality_reduction.json --eons_params 30/eons.json --proc_params 30/risp.json --sim_time 64 --threads 13 --epochs 10 --extra_eons_params {\"starting_edges\":96} --extra_app_params {\"output_dimensions\":16} --extra_proc_params {\"discrete\":false,\"leak_mode\":\"all\",\"max_delay\":2,\"max_threshold\":2,\"max_weight\":2,\"min_potential\":-2,\"min_weight\":-2} --encoder \"spikes\" --decoder \"rate\"",
      "fitness": 0.181338,
      "network": "/lustre/isaac24/scratch/jhanna8/repos/2026_dr_tests/bayes/dimensionality_reduction/30/networks/dimensionality_reduction_risp_1"
    },
    {
      "cmd": "bin/dimensionality_reduction_risp -a train --app_params 30/dimensionality_reduction.json --eons_params 30/eons.json --proc_params 30/risp.json --sim_time 64 --threads 13 --epochs 10 --extra_eons_params {\"starting_edges\":96} --extra_app_params {\"output_dimensions\":4} --extra_proc_params {\"discrete\":true,\"leak_mode\":\"none\",\"max_delay\":8,\"max_threshold\":8,\"max_weight\":2,\"min_potential\":-4,\"min_weight\":-1} --encoder \"spikes\" --decoder \"rate\"",
      "fitness": 0.180785,
      "network": "/lustre/isaac24/scratch/jhanna8/repos/2026_dr_tests/bayes/dimensionality_reduction/30/networks/dimensionality_reduction_risp_2"
    },
    {
      "cmd": "bin/dimensionality_reduction_risp -a train --app_params 30/dimensionality_reduction.json --eons_params 30/eons.json --proc_params 30/risp.json --sim_time 64 --threads 13 --epochs 10 --extra_eons_params {\"starting_edges\":96} --extra_app_params {\"output_dimensions\":16} --extra_proc_params {\"discrete\":false,\"leak_mode\":\"all\",\"max_delay\":4,\"max_threshold\":4,\"max_weight\":16,\"min_potential\":-1,\"min_weight\":-4} --encoder \"rate\" --decoder \"ttls\"",
      "fitness": 0.179799,
      "network": "/lustre/isaac24/scratch/jhanna8/repos/2026_dr_tests/bayes/dimensionality_reduction/30/networks/dimensionality_reduction_risp_4"
    },
    {
      "cmd": "bin/dimensionality_reduction_risp -a train --app_params 30/dimensionality_reduction.json --eons_params 30/eons.json --proc_params 30/risp.json --sim_time 64 --threads 13 --epochs 10 --extra_eons_params {\"starting_edges\":128} --extra_app_params {\"output_dimensions\":2} --extra_proc_params {\"discrete\":false,\"leak_mode\":\"none\",\"max_delay\":16,\"max_threshold\":16,\"max_weight\":8,\"min_potential\":-2,\"min_weight\":-2} --encoder \"spikes\" --decoder \"ttls\"",
      "fitness": 0.179178,
      "network": "/lustre/isaac24/scratch/jhanna8/repos/2026_dr_tests/bayes/dimensionality_reduction/30/networks/dimensionality_reduction_risp_5"
    },
    {
      "cmd": "bin/dimensionality_reduction_risp -a train --app_params 30/dimensionality_reduction.json --eons_params 30/eons.json --proc_params 30/risp.json --sim_time 64 --threads 13 --epochs 10 --extra_eons_params {\"starting_edges\":96} --extra_app_params {\"output_dimensions\":4} --extra_proc_params {\"discrete\":false,\"leak_mode\":\"all\",\"max_delay\":8,\"max_threshold\":4,\"max_weight\":8,\"min_potential\":-4,\"min_weight\":-2} --encoder \"spike\" --decoder \"rate\"",
      "fitness": 0.174226,
      "network": "/lustre/isaac24/scratch/jhanna8/repos/2026_dr_tests/bayes/dimensionality_reduction/30/networks/dimensionality_reduction_risp_3"
    }
  ],
  "command": "bin/dimensionality_reduction_risp -a train --app_params 30/dimensionality_reduction.json --eons_params 30/eons.json --proc_params 30/risp.json --sim_time 64 --threads 13 --epochs 10",
  "command_params": {},
  "data_points": [
    {
      "best": 0.180785,
      "cmd": "bin/dimensionality_reduction_risp -a train --app_params 30/dimensionality_reduction.json --eons_params 30/eons.json --proc_params 30/risp.json --sim_time 64 --threads 13 --epochs 10 --extra_eons_params {\"starting_edges\":96} --extra_app_params {\"output_dimensions\":4} --extra_proc_params {\"discrete\":true,\"leak_mode\":\"none\",\"max_delay\":8,\"max_threshold\":8,\"max_weight\":2,\"min_potential\":-4,\"min_weight\":-1} --encoder \"spikes\" --decoder \"rate\"",
      "fitness": [
        0.174497,
        0.180785,
        0.1767
      ],
      "hyperparam": "1.000000000-1.000000000-0.000000000-1.000000000-3.000000000-3.000000000-1.000000000-1.000000000-2.000000000-3.000000000-1.000000000",
      "mean": 0.1773273333333333,
      "median": 0.1767,
      "network": "/lustre/isaac24/scratch/jhanna8/repos/2026_dr_tests/bayes/dimensionality_reduction/30/networks/dimensionality_reduction_risp_2"
    },
    {
      "best": 0.174226,
      "cmd": "bin/dimensionality_reduction_risp -a train --app_params 30/dimensionality_reduction.json --eons_params 30/eons.json --proc_params 30/risp.json --sim_time 64 --threads 13 --epochs 10 --extra_eons_params {\"starting_edges\":96} --extra_app_params {\"output_dimensions\":4} --extra_proc_params {\"discrete\":false,\"leak_mode\":\"all\",\"max_delay\":8,\"max_threshold\":4,\"max_weight\":8,\"min_potential\":-4,\"min_weight\":-2} --encoder \"spike\" --decoder \"rate\"",
      "fitness": [
        0.173967,
        0.174226,
        0.17075
      ],
      "hyperparam": "1.000000000-1.000000000-1.000000000-0.000000000-3.000000000-2.000000000-3.000000000-1.000000000-1.000000000-1.000000000-1.000000000",
      "mean": 0.17298099999999997,
      "median": 0.173967,
      "network": "/lustre/isaac24/scratch/jhanna8/repos/2026_dr_tests/bayes/dimensionality_reduction/30/networks/dimensionality_reduction_risp_3"
    },
    {
      "best": 0.181338,
      "cmd": "bin/dimensionality_reduction_risp -a train --app_params 30/dimensionality_reduction.json --eons_params 30/eons.json --proc_params 30/risp.json --sim_time 64 --threads 13 --epochs 10 --extra_eons_params {\"starting_edges\":96} --extra_app_params {\"output_dimensions\":16} --extra_proc_params {\"discrete\":false,\"leak_mode\":\"all\",\"max_delay\":2,\"max_threshold\":2,\"max_weight\":2,\"min_potential\":-2,\"min_weight\":-2} --encoder \"spikes\" --decoder \"rate\"",
      "fitness": [
        0.17932,
        0.176055,
        0.181338
      ],
      "hyperparam": "1.000000000-3.000000000-1.000000000-0.000000000-1.000000000-1.000000000-1.000000000-2.000000000-1.000000000-3.000000000-1.000000000",
      "mean": 0.17890433333333333,
      "median": 0.17932,
      "network": "/lustre/isaac24/scratch/jhanna8/repos/2026_dr_tests/bayes/dimensionality_reduction/30/networks/dimensionality_reduction_risp_1"
    },
    {
      "best": 0.179799,
      "cmd": "bin/dimensionality_reduction_risp -a train --app_params 30/dimensionality_reduction.json --eons_params 30/eons.json --proc_params 30/risp.json --sim_time 64 --threads 13 --epochs 10 --extra_eons_params {\"starting_edges\":96} --extra_app_params {\"output_dimensions\":16} --extra_proc_params {\"discrete\":false,\"leak_mode\":\"all\",\"max_delay\":4,\"max_threshold\":4,\"max_weight\":16,\"min_potential\":-1,\"min_weight\":-4} --encoder \"rate\" --decoder \"ttls\"",
      "fitness": [
        0.175872,
        0.177509,
        0.179799
      ],
      "hyperparam": "1.000000000-3.000000000-1.000000000-0.000000000-2.000000000-2.000000000-4.000000000-3.000000000-0.000000000-2.000000000-0.000000000",
      "mean": 0.17772666666666667,
      "median": 0.177509,
      "network": "/lustre/isaac24/scratch/jhanna8/repos/2026_dr_tests/bayes/dimensionality_reduction/30/networks/dimensionality_reduction_risp_4"
    },
    {
      "best": 0.179178,
      "cmd": "bin/dimensionality_reduction_risp -a train --app_params 30/dimensionality_reduction.json --eons_params 30/eons.json --proc_params 30/risp.json --sim_time 64 --threads 13 --epochs 10 --extra_eons_params {\"starting_edges\":128} --extra_app_params {\"output_dimensions\":2} --extra_proc_params {\"discrete\":false,\"leak_mode\":\"none\",\"max_delay\":16,\"max_threshold\":16,\"max_weight\":8,\"min_potential\":-2,\"min_weight\":-2} --encoder \"spikes\" --decoder \"ttls\"",
      "fitness": [
        0.175543,
        0.17288,
        0.179178
      ],
      "hyperparam": "2.000000000-0.000000000-1.000000000-1.000000000-4.000000000-4.000000000-3.000000000-2.000000000-1.000000000-3.000000000-0.000000000",
      "mean": 0.175867,
      "median": 0.175543,
      "network": "/lustre/isaac24/scratch/jhanna8/repos/2026_dr_tests/bayes/dimensionality_reduction/30/networks/dimensionality_reduction_risp_5"
    }
  ],
  "decoder": {
    "base": [
      "ttls",
      "rate"
    ]
  },
  "encoder": {
    "base": [
      "val",
      "spike",
      "rate",
      "spikes",
      "temporal"
    ]
  },
  "eons_params": {
    "starting_edges": [
      64,
      96,
      128
    ]
  },
  "fitness_metric": "fitness",
  "iterations_per_test": 3,
  "num_best_networks": 0,
  "opt_params": {
    "n_random_starts": 5,
    "random_state": 3506
  },
  "optimizer": "python ../utils/scikit_opt.py",
  "proc_params": {
    "discrete": [
      true,
      false
    ],
    "leak_mode": [
      "all",
      "none"
    ],
    "max_delay": [
      1,
      2,
      4,
      8,
      16
    ],
    "max_threshold": [
      1,
      2,
      4,
      8,
      16
    ],
    "max_weight": [
      1,
      2,
      4,
      8,
      16
    ],
    "min_potential": [
      -8,
      -4,
      -2,
      -1
    ],
    "min_weight": [
      -4,
      -2,
      -1
    ]
  },
  "python_app": false,
  "test_episodes": 0,
  "test_iteration_type": "none"
}
