{
  "app_params": {
    "output_dimensions": [
      2,
      4,
      8,
      16,
      32
    ]
  },
  "app_proc": "dimensionality_reduction_risp",
  "argv": "../bin/bayes --input_file /lustre/isaac24/scratch/jhanna8/repos/2026_dr_tests/bayes/dimensionality_reduction/04/b04.in --output_file /lustre/isaac24/scratch/jhanna8/repos/2026_dr_tests/bayes/dimensionality_reduction/04/b04.out --n_calls 20 -d /lustre/isaac24/scratch/jhanna8/repos/2026_dr_tests/bayes/dimensionality_reduction/04/networks ",
  "bayes_iteration": 20,
  "bayes_iteration_type": "median",
  "best_fitness": [
    {
      "cmd": "bin/dimensionality_reduction_risp -a train --app_params 04/dimensionality_reduction.json --eons_params 04/eons.json --proc_params 04/risp.json --sim_time 8 --threads 13 --epochs 10 --extra_eons_params {\"starting_edges\":96} --extra_app_params {\"output_dimensions\":16} --extra_proc_params {\"discrete\":true,\"leak_mode\":\"all\",\"max_delay\":16,\"max_threshold\":4,\"max_weight\":4,\"min_potential\":-2,\"min_weight\":-4} --encoder \"spikes\" --decoder \"rate\"",
      "fitness": 0.181401,
      "network": "/lustre/isaac24/scratch/jhanna8/repos/2026_dr_tests/bayes/dimensionality_reduction/04/networks/dimensionality_reduction_risp_9"
    },
    {
      "cmd": "bin/dimensionality_reduction_risp -a train --app_params 04/dimensionality_reduction.json --eons_params 04/eons.json --proc_params 04/risp.json --sim_time 8 --threads 13 --epochs 10 --extra_eons_params {\"starting_edges\":96} --extra_app_params {\"output_dimensions\":8} --extra_proc_params {\"discrete\":true,\"leak_mode\":\"none\",\"max_delay\":4,\"max_threshold\":8,\"max_weight\":16,\"min_potential\":-4,\"min_weight\":-2} --encoder \"spike\" --decoder \"rate\"",
      "fitness": 0.165368,
      "network": "/lustre/isaac24/scratch/jhanna8/repos/2026_dr_tests/bayes/dimensionality_reduction/04/networks/dimensionality_reduction_risp_16"
    },
    {
      "cmd": "bin/dimensionality_reduction_risp -a train --app_params 04/dimensionality_reduction.json --eons_params 04/eons.json --proc_params 04/risp.json --sim_time 8 --threads 13 --epochs 10 --extra_eons_params {\"starting_edges\":128} --extra_app_params {\"output_dimensions\":8} --extra_proc_params {\"discrete\":false,\"leak_mode\":\"none\",\"max_delay\":16,\"max_threshold\":4,\"max_weight\":8,\"min_potential\":-4,\"min_weight\":-2} --encoder \"spikes\" --decoder \"ttls\"",
      "fitness": 0.159724,
      "network": "/lustre/isaac24/scratch/jhanna8/repos/2026_dr_tests/bayes/dimensionality_reduction/04/networks/dimensionality_reduction_risp_11"
    },
    {
      "cmd": "bin/dimensionality_reduction_risp -a train --app_params 04/dimensionality_reduction.json --eons_params 04/eons.json --proc_params 04/risp.json --sim_time 8 --threads 13 --epochs 10 --extra_eons_params {\"starting_edges\":96} --extra_app_params {\"output_dimensions\":8} --extra_proc_params {\"discrete\":true,\"leak_mode\":\"none\",\"max_delay\":2,\"max_threshold\":8,\"max_weight\":16,\"min_potential\":-4,\"min_weight\":-4} --encoder \"spike\" --decoder \"rate\"",
      "fitness": 0.159176,
      "network": "/lustre/isaac24/scratch/jhanna8/repos/2026_dr_tests/bayes/dimensionality_reduction/04/networks/dimensionality_reduction_risp_5"
    },
    {
      "cmd": "bin/dimensionality_reduction_risp -a train --app_params 04/dimensionality_reduction.json --eons_params 04/eons.json --proc_params 04/risp.json --sim_time 8 --threads 13 --epochs 10 --extra_eons_params {\"starting_edges\":64} --extra_app_params {\"output_dimensions\":16} --extra_proc_params {\"discrete\":true,\"leak_mode\":\"all\",\"max_delay\":2,\"max_threshold\":4,\"max_weight\":1,\"min_potential\":-2,\"min_weight\":-4} --encoder \"spike\" --decoder \"ttls\"",
      "fitness": 0.145761,
      "network": "/lustre/isaac24/scratch/jhanna8/repos/2026_dr_tests/bayes/dimensionality_reduction/04/networks/dimensionality_reduction_risp_2"
    },
    {
      "cmd": "bin/dimensionality_reduction_risp -a train --app_params 04/dimensionality_reduction.json --eons_params 04/eons.json --proc_params 04/risp.json --sim_time 8 --threads 13 --epochs 10 --extra_eons_params {\"starting_edges\":96} --extra_app_params {\"output_dimensions\":8} --extra_proc_params {\"discrete\":true,\"leak_mode\":\"none\",\"max_delay\":1,\"max_threshold\":4,\"max_weight\":4,\"min_potential\":-2,\"min_weight\":-1} --encoder \"spikes\" --decoder \"rate\"",
      "fitness": 0.141769,
      "network": "/lustre/isaac24/scratch/jhanna8/repos/2026_dr_tests/bayes/dimensionality_reduction/04/networks/dimensionality_reduction_risp_14"
    },
    {
      "cmd": "bin/dimensionality_reduction_risp -a train --app_params 04/dimensionality_reduction.json --eons_params 04/eons.json --proc_params 04/risp.json --sim_time 8 --threads 13 --epochs 10 --extra_eons_params {\"starting_edges\":96} --extra_app_params {\"output_dimensions\":8} --extra_proc_params {\"discrete\":true,\"leak_mode\":\"none\",\"max_delay\":2,\"max_threshold\":1,\"max_weight\":2,\"min_potential\":-8,\"min_weight\":-4} --encoder \"val\" --decoder \"rate\"",
      "fitness": 0.140513,
      "network": "/lustre/isaac24/scratch/jhanna8/repos/2026_dr_tests/bayes/dimensionality_reduction/04/networks/dimensionality_reduction_risp_17"
    },
    {
      "cmd": "bin/dimensionality_reduction_risp -a train --app_params 04/dimensionality_reduction.json --eons_params 04/eons.json --proc_params 04/risp.json --sim_time 8 --threads 13 --epochs 10 --extra_eons_params {\"starting_edges\":128} --extra_app_params {\"output_dimensions\":8} --extra_proc_params {\"discrete\":true,\"leak_mode\":\"all\",\"max_delay\":2,\"max_threshold\":4,\"max_weight\":2,\"min_potential\":-1,\"min_weight\":-2} --encoder \"rate\" --decoder \"ttls\"",
      "fitness": 0.132552,
      "network": "/lustre/isaac24/scratch/jhanna8/repos/2026_dr_tests/bayes/dimensionality_reduction/04/networks/dimensionality_reduction_risp_6"
    },
    {
      "cmd": "bin/dimensionality_reduction_risp -a train --app_params 04/dimensionality_reduction.json --eons_params 04/eons.json --proc_params 04/risp.json --sim_time 8 --threads 13 --epochs 10 --extra_eons_params {\"starting_edges\":96} --extra_app_params {\"output_dimensions\":8} --extra_proc_params {\"discrete\":false,\"leak_mode\":\"all\",\"max_delay\":2,\"max_threshold\":1,\"max_weight\":2,\"min_potential\":-2,\"min_weight\":-2} --encoder \"rate\" --decoder \"rate\"",
      "fitness": 0.125285,
      "network": "/lustre/isaac24/scratch/jhanna8/repos/2026_dr_tests/bayes/dimensionality_reduction/04/networks/dimensionality_reduction_risp_7"
    },
    {
      "cmd": "bin/dimensionality_reduction_risp -a train --app_params 04/dimensionality_reduction.json --eons_params 04/eons.json --proc_params 04/risp.json --sim_time 8 --threads 13 --epochs 10 --extra_eons_params {\"starting_edges\":96} --extra_app_params {\"output_dimensions\":4} --extra_proc_params {\"discrete\":true,\"leak_mode\":\"all\",\"max_delay\":2,\"max_threshold\":4,\"max_weight\":4,\"min_potential\":-2,\"min_weight\":-4} --encoder \"val\" --decoder \"ttls\"",
      "fitness": 0.11416,
      "network": "/lustre/isaac24/scratch/jhanna8/repos/2026_dr_tests/bayes/dimensionality_reduction/04/networks/dimensionality_reduction_risp_19"
    },
    {
      "cmd": "bin/dimensionality_reduction_risp -a train --app_params 04/dimensionality_reduction.json --eons_params 04/eons.json --proc_params 04/risp.json --sim_time 8 --threads 13 --epochs 10 --extra_eons_params {\"starting_edges\":96} --extra_app_params {\"output_dimensions\":4} --extra_proc_params {\"discrete\":true,\"leak_mode\":\"all\",\"max_delay\":2,\"max_threshold\":8,\"max_weight\":1,\"min_potential\":-2,\"min_weight\":-4} --encoder \"val\" --decoder \"ttls\"",
      "fitness": 0.102694,
      "network": "/lustre/isaac24/scratch/jhanna8/repos/2026_dr_tests/bayes/dimensionality_reduction/04/networks/dimensionality_reduction_risp_12"
    },
    {
      "cmd": "bin/dimensionality_reduction_risp -a train --app_params 04/dimensionality_reduction.json --eons_params 04/eons.json --proc_params 04/risp.json --sim_time 8 --threads 13 --epochs 10 --extra_eons_params {\"starting_edges\":96} --extra_app_params {\"output_dimensions\":4} --extra_proc_params {\"discrete\":false,\"leak_mode\":\"all\",\"max_delay\":4,\"max_threshold\":16,\"max_weight\":2,\"min_potential\":-4,\"min_weight\":-4} --encoder \"spikes\" --decoder \"rate\"",
      "fitness": 0.082828,
      "network": "/lustre/isaac24/scratch/jhanna8/repos/2026_dr_tests/bayes/dimensionality_reduction/04/networks/dimensionality_reduction_risp_8"
    },
    {
      "cmd": "bin/dimensionality_reduction_risp -a train --app_params 04/dimensionality_reduction.json --eons_params 04/eons.json --proc_params 04/risp.json --sim_time 8 --threads 13 --epochs 10 --extra_eons_params {\"starting_edges\":96} --extra_app_params {\"output_dimensions\":32} --extra_proc_params {\"discrete\":true,\"leak_mode\":\"none\",\"max_delay\":4,\"max_threshold\":4,\"max_weight\":16,\"min_potential\":-4,\"min_weight\":-2} --encoder \"temporal\" --decoder \"ttls\"",
      "fitness": 0.0308099,
      "network": "/lustre/isaac24/scratch/jhanna8/repos/2026_dr_tests/bayes/dimensionality_reduction/04/networks/dimensionality_reduction_risp_1"
    },
    {
      "cmd": "bin/dimensionality_reduction_risp -a train --app_params 04/dimensionality_reduction.json --eons_params 04/eons.json --proc_params 04/risp.json --sim_time 8 --threads 13 --epochs 10 --extra_eons_params {\"starting_edges\":96} --extra_app_params {\"output_dimensions\":2} --extra_proc_params {\"discrete\":true,\"leak_mode\":\"all\",\"max_delay\":8,\"max_threshold\":8,\"max_weight\":4,\"min_potential\":-4,\"min_weight\":-4} --encoder \"spikes\" --decoder \"ttls\"",
      "fitness": 0.00876624,
      "network": "/lustre/isaac24/scratch/jhanna8/repos/2026_dr_tests/bayes/dimensionality_reduction/04/networks/dimensionality_reduction_risp_15"
    },
    {
      "cmd": "bin/dimensionality_reduction_risp -a train --app_params 04/dimensionality_reduction.json --eons_params 04/eons.json --proc_params 04/risp.json --sim_time 8 --threads 13 --epochs 10 --extra_eons_params {\"starting_edges\":128} --extra_app_params {\"output_dimensions\":16} --extra_proc_params {\"discrete\":false,\"leak_mode\":\"all\",\"max_delay\":4,\"max_threshold\":2,\"max_weight\":1,\"min_potential\":-4,\"min_weight\":-4} --encoder \"rate\" --decoder \"rate\"",
      "fitness": -0.0180663,
      "network": "/lustre/isaac24/scratch/jhanna8/repos/2026_dr_tests/bayes/dimensionality_reduction/04/networks/dimensionality_reduction_risp_10"
    },
    {
      "cmd": "bin/dimensionality_reduction_risp -a train --app_params 04/dimensionality_reduction.json --eons_params 04/eons.json --proc_params 04/risp.json --sim_time 8 --threads 13 --epochs 10 --extra_eons_params {\"starting_edges\":96} --extra_app_params {\"output_dimensions\":2} --extra_proc_params {\"discrete\":false,\"leak_mode\":\"all\",\"max_delay\":8,\"max_threshold\":4,\"max_weight\":2,\"min_potential\":-4,\"min_weight\":-4} --encoder \"spikes\" --decoder \"ttls\"",
      "fitness": -0.0187934,
      "network": "/lustre/isaac24/scratch/jhanna8/repos/2026_dr_tests/bayes/dimensionality_reduction/04/networks/dimensionality_reduction_risp_13"
    },
    {
      "cmd": "bin/dimensionality_reduction_risp -a train --app_params 04/dimensionality_reduction.json --eons_params 04/eons.json --proc_params 04/risp.json --sim_time 8 --threads 13 --epochs 10 --extra_eons_params {\"starting_edges\":64} --extra_app_params {\"output_dimensions\":4} --extra_proc_params {\"discrete\":true,\"leak_mode\":\"all\",\"max_delay\":1,\"max_threshold\":2,\"max_weight\":16,\"min_potential\":-1,\"min_weight\":-4} --encoder \"temporal\" --decoder \"rate\"",
      "fitness": -0.0282085,
      "network": "/lustre/isaac24/scratch/jhanna8/repos/2026_dr_tests/bayes/dimensionality_reduction/04/networks/dimensionality_reduction_risp_4"
    },
    {
      "cmd": "bin/dimensionality_reduction_risp -a train --app_params 04/dimensionality_reduction.json --eons_params 04/eons.json --proc_params 04/risp.json --sim_time 8 --threads 13 --epochs 10 --extra_eons_params {\"starting_edges\":96} --extra_app_params {\"output_dimensions\":4} --extra_proc_params {\"discrete\":false,\"leak_mode\":\"all\",\"max_delay\":2,\"max_threshold\":16,\"max_weight\":2,\"min_potential\":-1,\"min_weight\":-2} --encoder \"temporal\" --decoder \"rate\"",
      "fitness": -0.042214,
      "network": "/lustre/isaac24/scratch/jhanna8/repos/2026_dr_tests/bayes/dimensionality_reduction/04/networks/dimensionality_reduction_risp_3"
    },
    {
      "cmd": "bin/dimensionality_reduction_risp -a train --app_params 04/dimensionality_reduction.json --eons_params 04/eons.json --proc_params 04/risp.json --sim_time 8 --threads 13 --epochs 10 --extra_eons_params {\"starting_edges\":96} --extra_app_params {\"output_dimensions\":2} --extra_proc_params {\"discrete\":false,\"leak_mode\":\"none\",\"max_delay\":1,\"max_threshold\":4,\"max_weight\":8,\"min_potential\":-2,\"min_weight\":-1} --encoder \"temporal\" --decoder \"rate\"",
      "fitness": -0.0451533,
      "network": "/lustre/isaac24/scratch/jhanna8/repos/2026_dr_tests/bayes/dimensionality_reduction/04/networks/dimensionality_reduction_risp_18"
    },
    {
      "cmd": "bin/dimensionality_reduction_risp -a train --app_params 04/dimensionality_reduction.json --eons_params 04/eons.json --proc_params 04/risp.json --sim_time 8 --threads 13 --epochs 10 --extra_eons_params {\"starting_edges\":96} --extra_app_params {\"output_dimensions\":2} --extra_proc_params {\"discrete\":false,\"leak_mode\":\"none\",\"max_delay\":4,\"max_threshold\":1,\"max_weight\":2,\"min_potential\":-8,\"min_weight\":-2} --encoder \"temporal\" --decoder \"ttls\"",
      "fitness": -0.0643403,
      "network": "/lustre/isaac24/scratch/jhanna8/repos/2026_dr_tests/bayes/dimensionality_reduction/04/networks/dimensionality_reduction_risp_20"
    }
  ],
  "command": "bin/dimensionality_reduction_risp -a train --app_params 04/dimensionality_reduction.json --eons_params 04/eons.json --proc_params 04/risp.json --sim_time 8 --threads 13 --epochs 10",
  "command_params": {},
  "data_points": [
    {
      "best": -0.0282085,
      "cmd": "bin/dimensionality_reduction_risp -a train --app_params 04/dimensionality_reduction.json --eons_params 04/eons.json --proc_params 04/risp.json --sim_time 8 --threads 13 --epochs 10 --extra_eons_params {\"starting_edges\":64} --extra_app_params {\"output_dimensions\":4} --extra_proc_params {\"discrete\":true,\"leak_mode\":\"all\",\"max_delay\":1,\"max_threshold\":2,\"max_weight\":16,\"min_potential\":-1,\"min_weight\":-4} --encoder \"temporal\" --decoder \"rate\"",
      "fitness": [
        -0.0305611,
        -0.0308025,
        -0.0282085
      ],
      "hyperparam": "0.000000000-1.000000000-0.000000000-0.000000000-0.000000000-1.000000000-4.000000000-3.000000000-0.000000000-4.000000000-1.000000000",
      "mean": -0.029857366666666666,
      "median": -0.0305611,
      "network": "/lustre/isaac24/scratch/jhanna8/repos/2026_dr_tests/bayes/dimensionality_reduction/04/networks/dimensionality_reduction_risp_4"
    },
    {
      "best": 0.145761,
      "cmd": "bin/dimensionality_reduction_risp -a train --app_params 04/dimensionality_reduction.json --eons_params 04/eons.json --proc_params 04/risp.json --sim_time 8 --threads 13 --epochs 10 --extra_eons_params {\"starting_edges\":64} --extra_app_params {\"output_dimensions\":16} --extra_proc_params {\"discrete\":true,\"leak_mode\":\"all\",\"max_delay\":2,\"max_threshold\":4,\"max_weight\":1,\"min_potential\":-2,\"min_weight\":-4} --encoder \"spike\" --decoder \"ttls\"",
      "fitness": [
        0.145761,
        0.121873,
        0.10001
      ],
      "hyperparam": "0.000000000-3.000000000-0.000000000-0.000000000-1.000000000-2.000000000-0.000000000-2.000000000-0.000000000-1.000000000-0.000000000",
      "mean": 0.12254799999999999,
      "median": 0.121873,
      "network": "/lustre/isaac24/scratch/jhanna8/repos/2026_dr_tests/bayes/dimensionality_reduction/04/networks/dimensionality_reduction_risp_2"
    },
    {
      "best": 0.00876624,
      "cmd": "bin/dimensionality_reduction_risp -a train --app_params 04/dimensionality_reduction.json --eons_params 04/eons.json --proc_params 04/risp.json --sim_time 8 --threads 13 --epochs 10 --extra_eons_params {\"starting_edges\":96} --extra_app_params {\"output_dimensions\":2} --extra_proc_params {\"discrete\":true,\"leak_mode\":\"all\",\"max_delay\":8,\"max_threshold\":8,\"max_weight\":4,\"min_potential\":-4,\"min_weight\":-4} --encoder \"spikes\" --decoder \"ttls\"",
      "fitness": [
        -0.0137796,
        -0.0488566,
        0.00876624
      ],
      "hyperparam": "1.000000000-0.000000000-0.000000000-0.000000000-3.000000000-3.000000000-2.000000000-1.000000000-0.000000000-3.000000000-0.000000000",
      "mean": -0.017956653333333333,
      "median": -0.0137796,
      "network": "/lustre/isaac24/scratch/jhanna8/repos/2026_dr_tests/bayes/dimensionality_reduction/04/networks/dimensionality_reduction_risp_15"
    },
    {
      "best": -0.0187934,
      "cmd": "bin/dimensionality_reduction_risp -a train --app_params 04/dimensionality_reduction.json --eons_params 04/eons.json --proc_params 04/risp.json --sim_time 8 --threads 13 --epochs 10 --extra_eons_params {\"starting_edges\":96} --extra_app_params {\"output_dimensions\":2} --extra_proc_params {\"discrete\":false,\"leak_mode\":\"all\",\"max_delay\":8,\"max_threshold\":4,\"max_weight\":2,\"min_potential\":-4,\"min_weight\":-4} --encoder \"spikes\" --decoder \"ttls\"",
      "fitness": [
        -0.0187934,
        -0.0809111,
        -0.0642394
      ],
      "hyperparam": "1.000000000-0.000000000-1.000000000-0.000000000-3.000000000-2.000000000-1.000000000-1.000000000-0.000000000-3.000000000-0.000000000",
      "mean": -0.054647966666666666,
      "median": -0.0642394,
      "network": "/lustre/isaac24/scratch/jhanna8/repos/2026_dr_tests/bayes/dimensionality_reduction/04/networks/dimensionality_reduction_risp_13"
    },
    {
      "best": -0.0451533,
      "cmd": "bin/dimensionality_reduction_risp -a train --app_params 04/dimensionality_reduction.json --eons_params 04/eons.json --proc_params 04/risp.json --sim_time 8 --threads 13 --epochs 10 --extra_eons_params {\"starting_edges\":96} --extra_app_params {\"output_dimensions\":2} --extra_proc_params {\"discrete\":false,\"leak_mode\":\"none\",\"max_delay\":1,\"max_threshold\":4,\"max_weight\":8,\"min_potential\":-2,\"min_weight\":-1} --encoder \"temporal\" --decoder \"rate\"",
      "fitness": [
        -0.0451533,
        -0.0469483,
        -0.0466933
      ],
      "hyperparam": "1.000000000-0.000000000-1.000000000-1.000000000-0.000000000-2.000000000-3.000000000-2.000000000-2.000000000-4.000000000-1.000000000",
      "mean": -0.046264966666666664,
      "median": -0.0466933,
      "network": "/lustre/isaac24/scratch/jhanna8/repos/2026_dr_tests/bayes/dimensionality_reduction/04/networks/dimensionality_reduction_risp_18"
    },
    {
      "best": -0.0643403,
      "cmd": "bin/dimensionality_reduction_risp -a train --app_params 04/dimensionality_reduction.json --eons_params 04/eons.json --proc_params 04/risp.json --sim_time 8 --threads 13 --epochs 10 --extra_eons_params {\"starting_edges\":96} --extra_app_params {\"output_dimensions\":2} --extra_proc_params {\"discrete\":false,\"leak_mode\":\"none\",\"max_delay\":4,\"max_threshold\":1,\"max_weight\":2,\"min_potential\":-8,\"min_weight\":-2} --encoder \"temporal\" --decoder \"ttls\"",
      "fitness": [
        -0.0756649,
        -0.0643403,
        -0.0733569
      ],
      "hyperparam": "1.000000000-0.000000000-1.000000000-1.000000000-2.000000000-0.000000000-1.000000000-0.000000000-1.000000000-4.000000000-0.000000000",
      "mean": -0.0711207,
      "median": -0.0733569,
      "network": "/lustre/isaac24/scratch/jhanna8/repos/2026_dr_tests/bayes/dimensionality_reduction/04/networks/dimensionality_reduction_risp_20"
    },
    {
      "best": 0.11416,
      "cmd": "bin/dimensionality_reduction_risp -a train --app_params 04/dimensionality_reduction.json --eons_params 04/eons.json --proc_params 04/risp.json --sim_time 8 --threads 13 --epochs 10 --extra_eons_params {\"starting_edges\":96} --extra_app_params {\"output_dimensions\":4} --extra_proc_params {\"discrete\":true,\"leak_mode\":\"all\",\"max_delay\":2,\"max_threshold\":4,\"max_weight\":4,\"min_potential\":-2,\"min_weight\":-4} --encoder \"val\" --decoder \"ttls\"",
      "fitness": [
        0.11416,
        0.0965892,
        0.096445
      ],
      "hyperparam": "1.000000000-1.000000000-0.000000000-0.000000000-1.000000000-2.000000000-2.000000000-2.000000000-0.000000000-0.000000000-0.000000000",
      "mean": 0.10239806666666666,
      "median": 0.0965892,
      "network": "/lustre/isaac24/scratch/jhanna8/repos/2026_dr_tests/bayes/dimensionality_reduction/04/networks/dimensionality_reduction_risp_19"
    },
    {
      "best": 0.102694,
      "cmd": "bin/dimensionality_reduction_risp -a train --app_params 04/dimensionality_reduction.json --eons_params 04/eons.json --proc_params 04/risp.json --sim_time 8 --threads 13 --epochs 10 --extra_eons_params {\"starting_edges\":96} --extra_app_params {\"output_dimensions\":4} --extra_proc_params {\"discrete\":true,\"leak_mode\":\"all\",\"max_delay\":2,\"max_threshold\":8,\"max_weight\":1,\"min_potential\":-2,\"min_weight\":-4} --encoder \"val\" --decoder \"ttls\"",
      "fitness": [
        0.0850433,
        0.102694,
        0.0290482
      ],
      "hyperparam": "1.000000000-1.000000000-0.000000000-0.000000000-1.000000000-3.000000000-0.000000000-2.000000000-0.000000000-0.000000000-0.000000000",
      "mean": 0.07226183333333333,
      "median": 0.0850433,
      "network": "/lustre/isaac24/scratch/jhanna8/repos/2026_dr_tests/bayes/dimensionality_reduction/04/networks/dimensionality_reduction_risp_12"
    },
    {
      "best": -0.042214,
      "cmd": "bin/dimensionality_reduction_risp -a train --app_params 04/dimensionality_reduction.json --eons_params 04/eons.json --proc_params 04/risp.json --sim_time 8 --threads 13 --epochs 10 --extra_eons_params {\"starting_edges\":96} --extra_app_params {\"output_dimensions\":4} --extra_proc_params {\"discrete\":false,\"leak_mode\":\"all\",\"max_delay\":2,\"max_threshold\":16,\"max_weight\":2,\"min_potential\":-1,\"min_weight\":-2} --encoder \"temporal\" --decoder \"rate\"",
      "fitness": [
        -0.042214,
        -0.0447045,
        -0.04359
      ],
      "hyperparam": "1.000000000-1.000000000-1.000000000-0.000000000-1.000000000-4.000000000-1.000000000-3.000000000-1.000000000-4.000000000-1.000000000",
      "mean": -0.04350283333333333,
      "median": -0.04359,
      "network": "/lustre/isaac24/scratch/jhanna8/repos/2026_dr_tests/bayes/dimensionality_reduction/04/networks/dimensionality_reduction_risp_3"
    },
    {
      "best": 0.082828,
      "cmd": "bin/dimensionality_reduction_risp -a train --app_params 04/dimensionality_reduction.json --eons_params 04/eons.json --proc_params 04/risp.json --sim_time 8 --threads 13 --epochs 10 --extra_eons_params {\"starting_edges\":96} --extra_app_params {\"output_dimensions\":4} --extra_proc_params {\"discrete\":false,\"leak_mode\":\"all\",\"max_delay\":4,\"max_threshold\":16,\"max_weight\":2,\"min_potential\":-4,\"min_weight\":-4} --encoder \"spikes\" --decoder \"rate\"",
      "fitness": [
        0.082828,
        0.0273582,
        0.0227863
      ],
      "hyperparam": "1.000000000-1.000000000-1.000000000-0.000000000-2.000000000-4.000000000-1.000000000-1.000000000-0.000000000-3.000000000-1.000000000",
      "mean": 0.044324166666666664,
      "median": 0.0273582,
      "network": "/lustre/isaac24/scratch/jhanna8/repos/2026_dr_tests/bayes/dimensionality_reduction/04/networks/dimensionality_reduction_risp_8"
    },
    {
      "best": 0.141769,
      "cmd": "bin/dimensionality_reduction_risp -a train --app_params 04/dimensionality_reduction.json --eons_params 04/eons.json --proc_params 04/risp.json --sim_time 8 --threads 13 --epochs 10 --extra_eons_params {\"starting_edges\":96} --extra_app_params {\"output_dimensions\":8} --extra_proc_params {\"discrete\":true,\"leak_mode\":\"none\",\"max_delay\":1,\"max_threshold\":4,\"max_weight\":4,\"min_potential\":-2,\"min_weight\":-1} --encoder \"spikes\" --decoder \"rate\"",
      "fitness": [
        0.141769,
        0.125626,
        0.139121
      ],
      "hyperparam": "1.000000000-2.000000000-0.000000000-1.000000000-0.000000000-2.000000000-2.000000000-2.000000000-2.000000000-3.000000000-1.000000000",
      "mean": 0.13550533333333334,
      "median": 0.139121,
      "network": "/lustre/isaac24/scratch/jhanna8/repos/2026_dr_tests/bayes/dimensionality_reduction/04/networks/dimensionality_reduction_risp_14"
    },
    {
      "best": 0.140513,
      "cmd": "bin/dimensionality_reduction_risp -a train --app_params 04/dimensionality_reduction.json --eons_params 04/eons.json --proc_params 04/risp.json --sim_time 8 --threads 13 --epochs 10 --extra_eons_params {\"starting_edges\":96} --extra_app_params {\"output_dimensions\":8} --extra_proc_params {\"discrete\":true,\"leak_mode\":\"none\",\"max_delay\":2,\"max_threshold\":1,\"max_weight\":2,\"min_potential\":-8,\"min_weight\":-4} --encoder \"val\" --decoder \"rate\"",
      "fitness": [
        0.125535,
        0.140513,
        0.127859
      ],
      "hyperparam": "1.000000000-2.000000000-0.000000000-1.000000000-1.000000000-0.000000000-1.000000000-0.000000000-0.000000000-0.000000000-1.000000000",
      "mean": 0.13130233333333333,
      "median": 0.127859,
      "network": "/lustre/isaac24/scratch/jhanna8/repos/2026_dr_tests/bayes/dimensionality_reduction/04/networks/dimensionality_reduction_risp_17"
    },
    {
      "best": 0.159176,
      "cmd": "bin/dimensionality_reduction_risp -a train --app_params 04/dimensionality_reduction.json --eons_params 04/eons.json --proc_params 04/risp.json --sim_time 8 --threads 13 --epochs 10 --extra_eons_params {\"starting_edges\":96} --extra_app_params {\"output_dimensions\":8} --extra_proc_params {\"discrete\":true,\"leak_mode\":\"none\",\"max_delay\":2,\"max_threshold\":8,\"max_weight\":16,\"min_potential\":-4,\"min_weight\":-4} --encoder \"spike\" --decoder \"rate\"",
      "fitness": [
        0.15798,
        0.159176,
        0.150768
      ],
      "hyperparam": "1.000000000-2.000000000-0.000000000-1.000000000-1.000000000-3.000000000-4.000000000-1.000000000-0.000000000-1.000000000-1.000000000",
      "mean": 0.15597466666666668,
      "median": 0.15798,
      "network": "/lustre/isaac24/scratch/jhanna8/repos/2026_dr_tests/bayes/dimensionality_reduction/04/networks/dimensionality_reduction_risp_5"
    },
    {
      "best": 0.165368,
      "cmd": "bin/dimensionality_reduction_risp -a train --app_params 04/dimensionality_reduction.json --eons_params 04/eons.json --proc_params 04/risp.json --sim_time 8 --threads 13 --epochs 10 --extra_eons_params {\"starting_edges\":96} --extra_app_params {\"output_dimensions\":8} --extra_proc_params {\"discrete\":true,\"leak_mode\":\"none\",\"max_delay\":4,\"max_threshold\":8,\"max_weight\":16,\"min_potential\":-4,\"min_weight\":-2} --encoder \"spike\" --decoder \"rate\"",
      "fitness": [
        0.130559,
        0.164098,
        0.165368
      ],
      "hyperparam": "1.000000000-2.000000000-0.000000000-1.000000000-2.000000000-3.000000000-4.000000000-1.000000000-1.000000000-1.000000000-1.000000000",
      "mean": 0.15334166666666668,
      "median": 0.164098,
      "network": "/lustre/isaac24/scratch/jhanna8/repos/2026_dr_tests/bayes/dimensionality_reduction/04/networks/dimensionality_reduction_risp_16"
    },
    {
      "best": 0.125285,
      "cmd": "bin/dimensionality_reduction_risp -a train --app_params 04/dimensionality_reduction.json --eons_params 04/eons.json --proc_params 04/risp.json --sim_time 8 --threads 13 --epochs 10 --extra_eons_params {\"starting_edges\":96} --extra_app_params {\"output_dimensions\":8} --extra_proc_params {\"discrete\":false,\"leak_mode\":\"all\",\"max_delay\":2,\"max_threshold\":1,\"max_weight\":2,\"min_potential\":-2,\"min_weight\":-2} --encoder \"rate\" --decoder \"rate\"",
      "fitness": [
        0.116255,
        0.125285,
        0.103649
      ],
      "hyperparam": "1.000000000-2.000000000-1.000000000-0.000000000-1.000000000-0.000000000-1.000000000-2.000000000-1.000000000-2.000000000-1.000000000",
      "mean": 0.11506300000000001,
      "median": 0.116255,
      "network": "/lustre/isaac24/scratch/jhanna8/repos/2026_dr_tests/bayes/dimensionality_reduction/04/networks/dimensionality_reduction_risp_7"
    },
    {
      "best": 0.181401,
      "cmd": "bin/dimensionality_reduction_risp -a train --app_params 04/dimensionality_reduction.json --eons_params 04/eons.json --proc_params 04/risp.json --sim_time 8 --threads 13 --epochs 10 --extra_eons_params {\"starting_edges\":96} --extra_app_params {\"output_dimensions\":16} --extra_proc_params {\"discrete\":true,\"leak_mode\":\"all\",\"max_delay\":16,\"max_threshold\":4,\"max_weight\":4,\"min_potential\":-2,\"min_weight\":-4} --encoder \"spikes\" --decoder \"rate\"",
      "fitness": [
        0.181401,
        0.17418,
        0.14245
      ],
      "hyperparam": "1.000000000-3.000000000-0.000000000-0.000000000-4.000000000-2.000000000-2.000000000-2.000000000-0.000000000-3.000000000-1.000000000",
      "mean": 0.16601033333333334,
      "median": 0.17418,
      "network": "/lustre/isaac24/scratch/jhanna8/repos/2026_dr_tests/bayes/dimensionality_reduction/04/networks/dimensionality_reduction_risp_9"
    },
    {
      "best": 0.0308099,
      "cmd": "bin/dimensionality_reduction_risp -a train --app_params 04/dimensionality_reduction.json --eons_params 04/eons.json --proc_params 04/risp.json --sim_time 8 --threads 13 --epochs 10 --extra_eons_params {\"starting_edges\":96} --extra_app_params {\"output_dimensions\":32} --extra_proc_params {\"discrete\":true,\"leak_mode\":\"none\",\"max_delay\":4,\"max_threshold\":4,\"max_weight\":16,\"min_potential\":-4,\"min_weight\":-2} --encoder \"temporal\" --decoder \"ttls\"",
      "fitness": [
        0.0252459,
        0.0308099,
        0.0284845
      ],
      "hyperparam": "1.000000000-4.000000000-0.000000000-1.000000000-2.000000000-2.000000000-4.000000000-1.000000000-1.000000000-4.000000000-0.000000000",
      "mean": 0.0281801,
      "median": 0.0284845,
      "network": "/lustre/isaac24/scratch/jhanna8/repos/2026_dr_tests/bayes/dimensionality_reduction/04/networks/dimensionality_reduction_risp_1"
    },
    {
      "best": 0.132552,
      "cmd": "bin/dimensionality_reduction_risp -a train --app_params 04/dimensionality_reduction.json --eons_params 04/eons.json --proc_params 04/risp.json --sim_time 8 --threads 13 --epochs 10 --extra_eons_params {\"starting_edges\":128} --extra_app_params {\"output_dimensions\":8} --extra_proc_params {\"discrete\":true,\"leak_mode\":\"all\",\"max_delay\":2,\"max_threshold\":4,\"max_weight\":2,\"min_potential\":-1,\"min_weight\":-2} --encoder \"rate\" --decoder \"ttls\"",
      "fitness": [
        0.116176,
        0.132552,
        0.110479
      ],
      "hyperparam": "2.000000000-2.000000000-0.000000000-0.000000000-1.000000000-2.000000000-1.000000000-3.000000000-1.000000000-2.000000000-0.000000000",
      "mean": 0.11973566666666667,
      "median": 0.116176,
      "network": "/lustre/isaac24/scratch/jhanna8/repos/2026_dr_tests/bayes/dimensionality_reduction/04/networks/dimensionality_reduction_risp_6"
    },
    {
      "best": 0.159724,
      "cmd": "bin/dimensionality_reduction_risp -a train --app_params 04/dimensionality_reduction.json --eons_params 04/eons.json --proc_params 04/risp.json --sim_time 8 --threads 13 --epochs 10 --extra_eons_params {\"starting_edges\":128} --extra_app_params {\"output_dimensions\":8} --extra_proc_params {\"discrete\":false,\"leak_mode\":\"none\",\"max_delay\":16,\"max_threshold\":4,\"max_weight\":8,\"min_potential\":-4,\"min_weight\":-2} --encoder \"spikes\" --decoder \"ttls\"",
      "fitness": [
        0.134805,
        0.159724,
        0.124673
      ],
      "hyperparam": "2.000000000-2.000000000-1.000000000-1.000000000-4.000000000-2.000000000-3.000000000-1.000000000-1.000000000-3.000000000-0.000000000",
      "mean": 0.13973400000000002,
      "median": 0.134805,
      "network": "/lustre/isaac24/scratch/jhanna8/repos/2026_dr_tests/bayes/dimensionality_reduction/04/networks/dimensionality_reduction_risp_11"
    },
    {
      "best": -0.0180663,
      "cmd": "bin/dimensionality_reduction_risp -a train --app_params 04/dimensionality_reduction.json --eons_params 04/eons.json --proc_params 04/risp.json --sim_time 8 --threads 13 --epochs 10 --extra_eons_params {\"starting_edges\":128} --extra_app_params {\"output_dimensions\":16} --extra_proc_params {\"discrete\":false,\"leak_mode\":\"all\",\"max_delay\":4,\"max_threshold\":2,\"max_weight\":1,\"min_potential\":-4,\"min_weight\":-4} --encoder \"rate\" --decoder \"rate\"",
      "fitness": [
        -0.0180663,
        -0.0939488,
        -0.0301112
      ],
      "hyperparam": "2.000000000-3.000000000-1.000000000-0.000000000-2.000000000-1.000000000-0.000000000-1.000000000-0.000000000-2.000000000-1.000000000",
      "mean": -0.047375433333333335,
      "median": -0.0301112,
      "network": "/lustre/isaac24/scratch/jhanna8/repos/2026_dr_tests/bayes/dimensionality_reduction/04/networks/dimensionality_reduction_risp_10"
    }
  ],
  "decoder": {
    "base": [
      "ttls",
      "rate"
    ]
  },
  "encoder": {
    "base": [
      "val",
      "spike",
      "rate",
      "spikes",
      "temporal"
    ]
  },
  "eons_params": {
    "starting_edges": [
      64,
      96,
      128
    ]
  },
  "fitness_metric": "fitness",
  "iterations_per_test": 3,
  "num_best_networks": 0,
  "opt_params": {
    "n_random_starts": 20,
    "random_state": 11332
  },
  "optimizer": "python ../utils/scikit_opt.py",
  "proc_params": {
    "discrete": [
      true,
      false
    ],
    "leak_mode": [
      "all",
      "none"
    ],
    "max_delay": [
      1,
      2,
      4,
      8,
      16
    ],
    "max_threshold": [
      1,
      2,
      4,
      8,
      16
    ],
    "max_weight": [
      1,
      2,
      4,
      8,
      16
    ],
    "min_potential": [
      -8,
      -4,
      -2,
      -1
    ],
    "min_weight": [
      -4,
      -2,
      -1
    ]
  },
  "python_app": false,
  "test_episodes": 0,
  "test_iteration_type": "none"
}
