Fitness metric fitness
Executing python ../utils/scikit_opt.py --n_calls 20 --n_random_starts 20 --random_state 11332

Writing the following to python: [{"categories":[0,1,2],"name":"starting_edges","type":"C"},{"categories":[0,1,2,3,4],"name":"output_dimensions","type":"C"},{"categories":[0,1],"name":"discrete","type":"C"},{"categories":[0,1],"name":"leak_mode","type":"C"},{"categories":[0,1,2,3,4],"name":"max_delay","type":"C"},{"categories":[0,1,2,3,4],"name":"max_threshold","type":"C"},{"categories":[0,1,2,3,4],"name":"max_weight","type":"C"},{"categories":[0,1,2,3],"name":"min_potential","type":"C"},{"categories":[0,1,2],"name":"min_weight","type":"C"},{"categories":[0,1,2,3,4],"name":"base","type":"C"},{"categories":[0,1],"name":"base","type":"C"}]
-
Bayes Iteration :   0
  Cmd: bin/dimensionality_reduction_risp -a train --app_params 04/dimensionality_reduction.json --eons_params 04/eons.json --proc_params 04/risp.json --sim_time 8 --threads 13 --epochs 10 --extra_eons_params '{"starting_edges":96}' --extra_app_params '{"output_dimensions":32}' --extra_proc_params '{"discrete":true,"leak_mode":"none","max_delay":4,"max_threshold":4,"max_weight":16,"min_potential":-4,"min_weight":-2}' --encoder "temporal" --decoder "ttls"
  Selected Fitness: 0.0284845

Best Fitness = 0.030810

Bayes Iteration :   1
  Cmd: bin/dimensionality_reduction_risp -a train --app_params 04/dimensionality_reduction.json --eons_params 04/eons.json --proc_params 04/risp.json --sim_time 8 --threads 13 --epochs 10 --extra_eons_params '{"starting_edges":64}' --extra_app_params '{"output_dimensions":16}' --extra_proc_params '{"discrete":true,"leak_mode":"all","max_delay":2,"max_threshold":4,"max_weight":1,"min_potential":-2,"min_weight":-4}' --encoder "spike" --decoder "ttls"
  Selected Fitness: 0.121873

Best Fitness = 0.145761

Bayes Iteration :   2
  Cmd: bin/dimensionality_reduction_risp -a train --app_params 04/dimensionality_reduction.json --eons_params 04/eons.json --proc_params 04/risp.json --sim_time 8 --threads 13 --epochs 10 --extra_eons_params '{"starting_edges":96}' --extra_app_params '{"output_dimensions":4}' --extra_proc_params '{"discrete":false,"leak_mode":"all","max_delay":2,"max_threshold":16,"max_weight":2,"min_potential":-1,"min_weight":-2}' --encoder "temporal" --decoder "rate"
  Selected Fitness: -0.04359

Best Fitness = 0.145761

Bayes Iteration :   3
  Cmd: bin/dimensionality_reduction_risp -a train --app_params 04/dimensionality_reduction.json --eons_params 04/eons.json --proc_params 04/risp.json --sim_time 8 --threads 13 --epochs 10 --extra_eons_params '{"starting_edges":64}' --extra_app_params '{"output_dimensions":4}' --extra_proc_params '{"discrete":true,"leak_mode":"all","max_delay":1,"max_threshold":2,"max_weight":16,"min_potential":-1,"min_weight":-4}' --encoder "temporal" --decoder "rate"
  Selected Fitness: -0.0305611

Best Fitness = 0.145761

Bayes Iteration :   4
  Cmd: bin/dimensionality_reduction_risp -a train --app_params 04/dimensionality_reduction.json --eons_params 04/eons.json --proc_params 04/risp.json --sim_time 8 --threads 13 --epochs 10 --extra_eons_params '{"starting_edges":96}' --extra_app_params '{"output_dimensions":8}' --extra_proc_params '{"discrete":true,"leak_mode":"none","max_delay":2,"max_threshold":8,"max_weight":16,"min_potential":-4,"min_weight":-4}' --encoder "spike" --decoder "rate"
  Selected Fitness: 0.15798

Best Fitness = 0.159176

Bayes Iteration :   5
  Cmd: bin/dimensionality_reduction_risp -a train --app_params 04/dimensionality_reduction.json --eons_params 04/eons.json --proc_params 04/risp.json --sim_time 8 --threads 13 --epochs 10 --extra_eons_params '{"starting_edges":128}' --extra_app_params '{"output_dimensions":8}' --extra_proc_params '{"discrete":true,"leak_mode":"all","max_delay":2,"max_threshold":4,"max_weight":2,"min_potential":-1,"min_weight":-2}' --encoder "rate" --decoder "ttls"
  Selected Fitness: 0.116176

Best Fitness = 0.159176

Bayes Iteration :   6
  Cmd: bin/dimensionality_reduction_risp -a train --app_params 04/dimensionality_reduction.json --eons_params 04/eons.json --proc_params 04/risp.json --sim_time 8 --threads 13 --epochs 10 --extra_eons_params '{"starting_edges":96}' --extra_app_params '{"output_dimensions":8}' --extra_proc_params '{"discrete":false,"leak_mode":"all","max_delay":2,"max_threshold":1,"max_weight":2,"min_potential":-2,"min_weight":-2}' --encoder "rate" --decoder "rate"
  Selected Fitness: 0.116255

Best Fitness = 0.159176

Bayes Iteration :   7
  Cmd: bin/dimensionality_reduction_risp -a train --app_params 04/dimensionality_reduction.json --eons_params 04/eons.json --proc_params 04/risp.json --sim_time 8 --threads 13 --epochs 10 --extra_eons_params '{"starting_edges":96}' --extra_app_params '{"output_dimensions":4}' --extra_proc_params '{"discrete":false,"leak_mode":"all","max_delay":4,"max_threshold":16,"max_weight":2,"min_potential":-4,"min_weight":-4}' --encoder "spikes" --decoder "rate"
  Selected Fitness: 0.0273582

Best Fitness = 0.159176

Bayes Iteration :   8
  Cmd: bin/dimensionality_reduction_risp -a train --app_params 04/dimensionality_reduction.json --eons_params 04/eons.json --proc_params 04/risp.json --sim_time 8 --threads 13 --epochs 10 --extra_eons_params '{"starting_edges":96}' --extra_app_params '{"output_dimensions":16}' --extra_proc_params '{"discrete":true,"leak_mode":"all","max_delay":16,"max_threshold":4,"max_weight":4,"min_potential":-2,"min_weight":-4}' --encoder "spikes" --decoder "rate"
  Selected Fitness: 0.17418

Best Fitness = 0.181401

Bayes Iteration :   9
  Cmd: bin/dimensionality_reduction_risp -a train --app_params 04/dimensionality_reduction.json --eons_params 04/eons.json --proc_params 04/risp.json --sim_time 8 --threads 13 --epochs 10 --extra_eons_params '{"starting_edges":128}' --extra_app_params '{"output_dimensions":16}' --extra_proc_params '{"discrete":false,"leak_mode":"all","max_delay":4,"max_threshold":2,"max_weight":1,"min_potential":-4,"min_weight":-4}' --encoder "rate" --decoder "rate"
  Selected Fitness: -0.0301112

Best Fitness = 0.181401

Bayes Iteration :  10
  Cmd: bin/dimensionality_reduction_risp -a train --app_params 04/dimensionality_reduction.json --eons_params 04/eons.json --proc_params 04/risp.json --sim_time 8 --threads 13 --epochs 10 --extra_eons_params '{"starting_edges":128}' --extra_app_params '{"output_dimensions":8}' --extra_proc_params '{"discrete":false,"leak_mode":"none","max_delay":16,"max_threshold":4,"max_weight":8,"min_potential":-4,"min_weight":-2}' --encoder "spikes" --decoder "ttls"
  Selected Fitness: 0.134805

Best Fitness = 0.181401

Bayes Iteration :  11
  Cmd: bin/dimensionality_reduction_risp -a train --app_params 04/dimensionality_reduction.json --eons_params 04/eons.json --proc_params 04/risp.json --sim_time 8 --threads 13 --epochs 10 --extra_eons_params '{"starting_edges":96}' --extra_app_params '{"output_dimensions":4}' --extra_proc_params '{"discrete":true,"leak_mode":"all","max_delay":2,"max_threshold":8,"max_weight":1,"min_potential":-2,"min_weight":-4}' --encoder "val" --decoder "ttls"
  Selected Fitness: 0.0850433

Best Fitness = 0.181401

Bayes Iteration :  12
  Cmd: bin/dimensionality_reduction_risp -a train --app_params 04/dimensionality_reduction.json --eons_params 04/eons.json --proc_params 04/risp.json --sim_time 8 --threads 13 --epochs 10 --extra_eons_params '{"starting_edges":96}' --extra_app_params '{"output_dimensions":2}' --extra_proc_params '{"discrete":false,"leak_mode":"all","max_delay":8,"max_threshold":4,"max_weight":2,"min_potential":-4,"min_weight":-4}' --encoder "spikes" --decoder "ttls"
  Selected Fitness: -0.0642394

Best Fitness = 0.181401

Bayes Iteration :  13
  Cmd: bin/dimensionality_reduction_risp -a train --app_params 04/dimensionality_reduction.json --eons_params 04/eons.json --proc_params 04/risp.json --sim_time 8 --threads 13 --epochs 10 --extra_eons_params '{"starting_edges":96}' --extra_app_params '{"output_dimensions":8}' --extra_proc_params '{"discrete":true,"leak_mode":"none","max_delay":1,"max_threshold":4,"max_weight":4,"min_potential":-2,"min_weight":-1}' --encoder "spikes" --decoder "rate"
  Selected Fitness: 0.139121

Best Fitness = 0.181401

Bayes Iteration :  14
  Cmd: bin/dimensionality_reduction_risp -a train --app_params 04/dimensionality_reduction.json --eons_params 04/eons.json --proc_params 04/risp.json --sim_time 8 --threads 13 --epochs 10 --extra_eons_params '{"starting_edges":96}' --extra_app_params '{"output_dimensions":2}' --extra_proc_params '{"discrete":true,"leak_mode":"all","max_delay":8,"max_threshold":8,"max_weight":4,"min_potential":-4,"min_weight":-4}' --encoder "spikes" --decoder "ttls"
  Selected Fitness: -0.0137796

Best Fitness = 0.181401

Bayes Iteration :  15
  Cmd: bin/dimensionality_reduction_risp -a train --app_params 04/dimensionality_reduction.json --eons_params 04/eons.json --proc_params 04/risp.json --sim_time 8 --threads 13 --epochs 10 --extra_eons_params '{"starting_edges":96}' --extra_app_params '{"output_dimensions":8}' --extra_proc_params '{"discrete":true,"leak_mode":"none","max_delay":4,"max_threshold":8,"max_weight":16,"min_potential":-4,"min_weight":-2}' --encoder "spike" --decoder "rate"
  Selected Fitness: 0.164098

Best Fitness = 0.181401

Bayes Iteration :  16
  Cmd: bin/dimensionality_reduction_risp -a train --app_params 04/dimensionality_reduction.json --eons_params 04/eons.json --proc_params 04/risp.json --sim_time 8 --threads 13 --epochs 10 --extra_eons_params '{"starting_edges":96}' --extra_app_params '{"output_dimensions":8}' --extra_proc_params '{"discrete":true,"leak_mode":"none","max_delay":2,"max_threshold":1,"max_weight":2,"min_potential":-8,"min_weight":-4}' --encoder "val" --decoder "rate"
  Selected Fitness: 0.127859

Best Fitness = 0.181401

Bayes Iteration :  17
  Cmd: bin/dimensionality_reduction_risp -a train --app_params 04/dimensionality_reduction.json --eons_params 04/eons.json --proc_params 04/risp.json --sim_time 8 --threads 13 --epochs 10 --extra_eons_params '{"starting_edges":96}' --extra_app_params '{"output_dimensions":2}' --extra_proc_params '{"discrete":false,"leak_mode":"none","max_delay":1,"max_threshold":4,"max_weight":8,"min_potential":-2,"min_weight":-1}' --encoder "temporal" --decoder "rate"
  Selected Fitness: -0.0466933

Best Fitness = 0.181401

Bayes Iteration :  18
  Cmd: bin/dimensionality_reduction_risp -a train --app_params 04/dimensionality_reduction.json --eons_params 04/eons.json --proc_params 04/risp.json --sim_time 8 --threads 13 --epochs 10 --extra_eons_params '{"starting_edges":96}' --extra_app_params '{"output_dimensions":4}' --extra_proc_params '{"discrete":true,"leak_mode":"all","max_delay":2,"max_threshold":4,"max_weight":4,"min_potential":-2,"min_weight":-4}' --encoder "val" --decoder "ttls"
  Selected Fitness: 0.0965892

Best Fitness = 0.181401

Bayes Iteration :  19
  Cmd: bin/dimensionality_reduction_risp -a train --app_params 04/dimensionality_reduction.json --eons_params 04/eons.json --proc_params 04/risp.json --sim_time 8 --threads 13 --epochs 10 --extra_eons_params '{"starting_edges":96}' --extra_app_params '{"output_dimensions":2}' --extra_proc_params '{"discrete":false,"leak_mode":"none","max_delay":4,"max_threshold":1,"max_weight":2,"min_potential":-8,"min_weight":-2}' --encoder "temporal" --decoder "ttls"
  Selected Fitness: -0.0733569

Best Fitness = 0.181401

