{
  "app_params": {
    "output_dimensions": [
      2,
      4,
      8,
      16,
      32
    ]
  },
  "app_proc": "dimensionality_reduction_risp",
  "argv": "../bin/bayes --input_file /lustre/isaac24/scratch/jhanna8/repos/2026_dr_tests/bayes/dimensionality_reduction/06/b06.in --output_file /lustre/isaac24/scratch/jhanna8/repos/2026_dr_tests/bayes/dimensionality_reduction/06/b06.out --n_calls 20 -d /lustre/isaac24/scratch/jhanna8/repos/2026_dr_tests/bayes/dimensionality_reduction/06/networks ",
  "bayes_iteration": 20,
  "bayes_iteration_type": "median",
  "best_fitness": [
    {
      "cmd": "bin/dimensionality_reduction_risp -a train --app_params 06/dimensionality_reduction.json --eons_params 06/eons.json --proc_params 06/risp.json --sim_time 32 --threads 13 --epochs 10 --extra_eons_params {\"starting_edges\":96} --extra_app_params {\"output_dimensions\":16} --extra_proc_params {\"discrete\":true,\"leak_mode\":\"none\",\"max_delay\":8,\"max_threshold\":2,\"max_weight\":2,\"min_potential\":-8,\"min_weight\":-2} --encoder \"spike\" --decoder \"rate\"",
      "fitness": 0.186952,
      "network": "/lustre/isaac24/scratch/jhanna8/repos/2026_dr_tests/bayes/dimensionality_reduction/06/networks/dimensionality_reduction_risp_2"
    },
    {
      "cmd": "bin/dimensionality_reduction_risp -a train --app_params 06/dimensionality_reduction.json --eons_params 06/eons.json --proc_params 06/risp.json --sim_time 32 --threads 13 --epochs 10 --extra_eons_params {\"starting_edges\":96} --extra_app_params {\"output_dimensions\":32} --extra_proc_params {\"discrete\":true,\"leak_mode\":\"all\",\"max_delay\":4,\"max_threshold\":1,\"max_weight\":16,\"min_potential\":-1,\"min_weight\":-1} --encoder \"spike\" --decoder \"ttls\"",
      "fitness": 0.17943,
      "network": "/lustre/isaac24/scratch/jhanna8/repos/2026_dr_tests/bayes/dimensionality_reduction/06/networks/dimensionality_reduction_risp_7"
    },
    {
      "cmd": "bin/dimensionality_reduction_risp -a train --app_params 06/dimensionality_reduction.json --eons_params 06/eons.json --proc_params 06/risp.json --sim_time 32 --threads 13 --epochs 10 --extra_eons_params {\"starting_edges\":96} --extra_app_params {\"output_dimensions\":32} --extra_proc_params {\"discrete\":true,\"leak_mode\":\"none\",\"max_delay\":8,\"max_threshold\":1,\"max_weight\":2,\"min_potential\":-4,\"min_weight\":-2} --encoder \"val\" --decoder \"rate\"",
      "fitness": 0.177396,
      "network": "/lustre/isaac24/scratch/jhanna8/repos/2026_dr_tests/bayes/dimensionality_reduction/06/networks/dimensionality_reduction_risp_6"
    },
    {
      "cmd": "bin/dimensionality_reduction_risp -a train --app_params 06/dimensionality_reduction.json --eons_params 06/eons.json --proc_params 06/risp.json --sim_time 32 --threads 13 --epochs 10 --extra_eons_params {\"starting_edges\":96} --extra_app_params {\"output_dimensions\":16} --extra_proc_params {\"discrete\":true,\"leak_mode\":\"none\",\"max_delay\":8,\"max_threshold\":4,\"max_weight\":2,\"min_potential\":-2,\"min_weight\":-1} --encoder \"spike\" --decoder \"ttls\"",
      "fitness": 0.175773,
      "network": "/lustre/isaac24/scratch/jhanna8/repos/2026_dr_tests/bayes/dimensionality_reduction/06/networks/dimensionality_reduction_risp_9"
    },
    {
      "cmd": "bin/dimensionality_reduction_risp -a train --app_params 06/dimensionality_reduction.json --eons_params 06/eons.json --proc_params 06/risp.json --sim_time 32 --threads 13 --epochs 10 --extra_eons_params {\"starting_edges\":96} --extra_app_params {\"output_dimensions\":32} --extra_proc_params {\"discrete\":true,\"leak_mode\":\"none\",\"max_delay\":8,\"max_threshold\":2,\"max_weight\":8,\"min_potential\":-4,\"min_weight\":-2} --encoder \"rate\" --decoder \"ttls\"",
      "fitness": 0.168649,
      "network": "/lustre/isaac24/scratch/jhanna8/repos/2026_dr_tests/bayes/dimensionality_reduction/06/networks/dimensionality_reduction_risp_3"
    },
    {
      "cmd": "bin/dimensionality_reduction_risp -a train --app_params 06/dimensionality_reduction.json --eons_params 06/eons.json --proc_params 06/risp.json --sim_time 32 --threads 13 --epochs 10 --extra_eons_params {\"starting_edges\":96} --extra_app_params {\"output_dimensions\":8} --extra_proc_params {\"discrete\":true,\"leak_mode\":\"all\",\"max_delay\":8,\"max_threshold\":8,\"max_weight\":4,\"min_potential\":-4,\"min_weight\":-2} --encoder \"spikes\" --decoder \"rate\"",
      "fitness": 0.159888,
      "network": "/lustre/isaac24/scratch/jhanna8/repos/2026_dr_tests/bayes/dimensionality_reduction/06/networks/dimensionality_reduction_risp_5"
    },
    {
      "cmd": "bin/dimensionality_reduction_risp -a train --app_params 06/dimensionality_reduction.json --eons_params 06/eons.json --proc_params 06/risp.json --sim_time 32 --threads 13 --epochs 10 --extra_eons_params {\"starting_edges\":64} --extra_app_params {\"output_dimensions\":8} --extra_proc_params {\"discrete\":true,\"leak_mode\":\"all\",\"max_delay\":2,\"max_threshold\":2,\"max_weight\":4,\"min_potential\":-8,\"min_weight\":-2} --encoder \"spikes\" --decoder \"ttls\"",
      "fitness": 0.158723,
      "network": "/lustre/isaac24/scratch/jhanna8/repos/2026_dr_tests/bayes/dimensionality_reduction/06/networks/dimensionality_reduction_risp_18"
    },
    {
      "cmd": "bin/dimensionality_reduction_risp -a train --app_params 06/dimensionality_reduction.json --eons_params 06/eons.json --proc_params 06/risp.json --sim_time 32 --threads 13 --epochs 10 --extra_eons_params {\"starting_edges\":96} --extra_app_params {\"output_dimensions\":16} --extra_proc_params {\"discrete\":true,\"leak_mode\":\"all\",\"max_delay\":16,\"max_threshold\":4,\"max_weight\":8,\"min_potential\":-4,\"min_weight\":-1} --encoder \"rate\" --decoder \"ttls\"",
      "fitness": 0.157721,
      "network": "/lustre/isaac24/scratch/jhanna8/repos/2026_dr_tests/bayes/dimensionality_reduction/06/networks/dimensionality_reduction_risp_4"
    },
    {
      "cmd": "bin/dimensionality_reduction_risp -a train --app_params 06/dimensionality_reduction.json --eons_params 06/eons.json --proc_params 06/risp.json --sim_time 32 --threads 13 --epochs 10 --extra_eons_params {\"starting_edges\":64} --extra_app_params {\"output_dimensions\":16} --extra_proc_params {\"discrete\":false,\"leak_mode\":\"all\",\"max_delay\":2,\"max_threshold\":16,\"max_weight\":2,\"min_potential\":-1,\"min_weight\":-1} --encoder \"rate\" --decoder \"rate\"",
      "fitness": 0.143518,
      "network": "/lustre/isaac24/scratch/jhanna8/repos/2026_dr_tests/bayes/dimensionality_reduction/06/networks/dimensionality_reduction_risp_11"
    },
    {
      "cmd": "bin/dimensionality_reduction_risp -a train --app_params 06/dimensionality_reduction.json --eons_params 06/eons.json --proc_params 06/risp.json --sim_time 32 --threads 13 --epochs 10 --extra_eons_params {\"starting_edges\":96} --extra_app_params {\"output_dimensions\":2} --extra_proc_params {\"discrete\":false,\"leak_mode\":\"none\",\"max_delay\":8,\"max_threshold\":2,\"max_weight\":8,\"min_potential\":-4,\"min_weight\":-2} --encoder \"spike\" --decoder \"rate\"",
      "fitness": 0.138709,
      "network": "/lustre/isaac24/scratch/jhanna8/repos/2026_dr_tests/bayes/dimensionality_reduction/06/networks/dimensionality_reduction_risp_15"
    },
    {
      "cmd": "bin/dimensionality_reduction_risp -a train --app_params 06/dimensionality_reduction.json --eons_params 06/eons.json --proc_params 06/risp.json --sim_time 32 --threads 13 --epochs 10 --extra_eons_params {\"starting_edges\":96} --extra_app_params {\"output_dimensions\":4} --extra_proc_params {\"discrete\":true,\"leak_mode\":\"all\",\"max_delay\":2,\"max_threshold\":4,\"max_weight\":16,\"min_potential\":-4,\"min_weight\":-2} --encoder \"spike\" --decoder \"rate\"",
      "fitness": 0.137857,
      "network": "/lustre/isaac24/scratch/jhanna8/repos/2026_dr_tests/bayes/dimensionality_reduction/06/networks/dimensionality_reduction_risp_12"
    },
    {
      "cmd": "bin/dimensionality_reduction_risp -a train --app_params 06/dimensionality_reduction.json --eons_params 06/eons.json --proc_params 06/risp.json --sim_time 32 --threads 13 --epochs 10 --extra_eons_params {\"starting_edges\":96} --extra_app_params {\"output_dimensions\":16} --extra_proc_params {\"discrete\":true,\"leak_mode\":\"none\",\"max_delay\":4,\"max_threshold\":1,\"max_weight\":16,\"min_potential\":-8,\"min_weight\":-1} --encoder \"rate\" --decoder \"rate\"",
      "fitness": 0.136738,
      "network": "/lustre/isaac24/scratch/jhanna8/repos/2026_dr_tests/bayes/dimensionality_reduction/06/networks/dimensionality_reduction_risp_20"
    },
    {
      "cmd": "bin/dimensionality_reduction_risp -a train --app_params 06/dimensionality_reduction.json --eons_params 06/eons.json --proc_params 06/risp.json --sim_time 32 --threads 13 --epochs 10 --extra_eons_params {\"starting_edges\":96} --extra_app_params {\"output_dimensions\":16} --extra_proc_params {\"discrete\":false,\"leak_mode\":\"none\",\"max_delay\":2,\"max_threshold\":4,\"max_weight\":8,\"min_potential\":-8,\"min_weight\":-2} --encoder \"rate\" --decoder \"rate\"",
      "fitness": 0.134897,
      "network": "/lustre/isaac24/scratch/jhanna8/repos/2026_dr_tests/bayes/dimensionality_reduction/06/networks/dimensionality_reduction_risp_1"
    },
    {
      "cmd": "bin/dimensionality_reduction_risp -a train --app_params 06/dimensionality_reduction.json --eons_params 06/eons.json --proc_params 06/risp.json --sim_time 32 --threads 13 --epochs 10 --extra_eons_params {\"starting_edges\":96} --extra_app_params {\"output_dimensions\":8} --extra_proc_params {\"discrete\":true,\"leak_mode\":\"none\",\"max_delay\":2,\"max_threshold\":2,\"max_weight\":8,\"min_potential\":-4,\"min_weight\":-1} --encoder \"spikes\" --decoder \"rate\"",
      "fitness": 0.129969,
      "network": "/lustre/isaac24/scratch/jhanna8/repos/2026_dr_tests/bayes/dimensionality_reduction/06/networks/dimensionality_reduction_risp_13"
    },
    {
      "cmd": "bin/dimensionality_reduction_risp -a train --app_params 06/dimensionality_reduction.json --eons_params 06/eons.json --proc_params 06/risp.json --sim_time 32 --threads 13 --epochs 10 --extra_eons_params {\"starting_edges\":128} --extra_app_params {\"output_dimensions\":8} --extra_proc_params {\"discrete\":true,\"leak_mode\":\"all\",\"max_delay\":2,\"max_threshold\":16,\"max_weight\":16,\"min_potential\":-8,\"min_weight\":-4} --encoder \"rate\" --decoder \"ttls\"",
      "fitness": 0.123932,
      "network": "/lustre/isaac24/scratch/jhanna8/repos/2026_dr_tests/bayes/dimensionality_reduction/06/networks/dimensionality_reduction_risp_19"
    },
    {
      "cmd": "bin/dimensionality_reduction_risp -a train --app_params 06/dimensionality_reduction.json --eons_params 06/eons.json --proc_params 06/risp.json --sim_time 32 --threads 13 --epochs 10 --extra_eons_params {\"starting_edges\":64} --extra_app_params {\"output_dimensions\":4} --extra_proc_params {\"discrete\":false,\"leak_mode\":\"all\",\"max_delay\":8,\"max_threshold\":4,\"max_weight\":4,\"min_potential\":-4,\"min_weight\":-2} --encoder \"spikes\" --decoder \"ttls\"",
      "fitness": 0.0839404,
      "network": "/lustre/isaac24/scratch/jhanna8/repos/2026_dr_tests/bayes/dimensionality_reduction/06/networks/dimensionality_reduction_risp_14"
    },
    {
      "cmd": "bin/dimensionality_reduction_risp -a train --app_params 06/dimensionality_reduction.json --eons_params 06/eons.json --proc_params 06/risp.json --sim_time 32 --threads 13 --epochs 10 --extra_eons_params {\"starting_edges\":64} --extra_app_params {\"output_dimensions\":4} --extra_proc_params {\"discrete\":true,\"leak_mode\":\"all\",\"max_delay\":1,\"max_threshold\":1,\"max_weight\":4,\"min_potential\":-4,\"min_weight\":-1} --encoder \"rate\" --decoder \"rate\"",
      "fitness": 0.0573393,
      "network": "/lustre/isaac24/scratch/jhanna8/repos/2026_dr_tests/bayes/dimensionality_reduction/06/networks/dimensionality_reduction_risp_16"
    },
    {
      "cmd": "bin/dimensionality_reduction_risp -a train --app_params 06/dimensionality_reduction.json --eons_params 06/eons.json --proc_params 06/risp.json --sim_time 32 --threads 13 --epochs 10 --extra_eons_params {\"starting_edges\":96} --extra_app_params {\"output_dimensions\":8} --extra_proc_params {\"discrete\":false,\"leak_mode\":\"all\",\"max_delay\":8,\"max_threshold\":4,\"max_weight\":2,\"min_potential\":-2,\"min_weight\":-4} --encoder \"temporal\" --decoder \"rate\"",
      "fitness": -0.00670196,
      "network": "/lustre/isaac24/scratch/jhanna8/repos/2026_dr_tests/bayes/dimensionality_reduction/06/networks/dimensionality_reduction_risp_8"
    },
    {
      "cmd": "bin/dimensionality_reduction_risp -a train --app_params 06/dimensionality_reduction.json --eons_params 06/eons.json --proc_params 06/risp.json --sim_time 32 --threads 13 --epochs 10 --extra_eons_params {\"starting_edges\":96} --extra_app_params {\"output_dimensions\":4} --extra_proc_params {\"discrete\":false,\"leak_mode\":\"none\",\"max_delay\":2,\"max_threshold\":16,\"max_weight\":4,\"min_potential\":-4,\"min_weight\":-2} --encoder \"temporal\" --decoder \"rate\"",
      "fitness": -0.0166734,
      "network": "/lustre/isaac24/scratch/jhanna8/repos/2026_dr_tests/bayes/dimensionality_reduction/06/networks/dimensionality_reduction_risp_10"
    },
    {
      "cmd": "bin/dimensionality_reduction_risp -a train --app_params 06/dimensionality_reduction.json --eons_params 06/eons.json --proc_params 06/risp.json --sim_time 32 --threads 13 --epochs 10 --extra_eons_params {\"starting_edges\":96} --extra_app_params {\"output_dimensions\":32} --extra_proc_params {\"discrete\":false,\"leak_mode\":\"none\",\"max_delay\":4,\"max_threshold\":8,\"max_weight\":1,\"min_potential\":-8,\"min_weight\":-4} --encoder \"spike\" --decoder \"ttls\"",
      "fitness": -0.0225017,
      "network": "/lustre/isaac24/scratch/jhanna8/repos/2026_dr_tests/bayes/dimensionality_reduction/06/networks/dimensionality_reduction_risp_17"
    }
  ],
  "command": "bin/dimensionality_reduction_risp -a train --app_params 06/dimensionality_reduction.json --eons_params 06/eons.json --proc_params 06/risp.json --sim_time 32 --threads 13 --epochs 10",
  "command_params": {},
  "data_points": [
    {
      "best": 0.0573393,
      "cmd": "bin/dimensionality_reduction_risp -a train --app_params 06/dimensionality_reduction.json --eons_params 06/eons.json --proc_params 06/risp.json --sim_time 32 --threads 13 --epochs 10 --extra_eons_params {\"starting_edges\":64} --extra_app_params {\"output_dimensions\":4} --extra_proc_params {\"discrete\":true,\"leak_mode\":\"all\",\"max_delay\":1,\"max_threshold\":1,\"max_weight\":4,\"min_potential\":-4,\"min_weight\":-1} --encoder \"rate\" --decoder \"rate\"",
      "fitness": [
        0.0389835,
        0.0331825,
        0.0573393
      ],
      "hyperparam": "0.000000000-1.000000000-0.000000000-0.000000000-0.000000000-0.000000000-2.000000000-1.000000000-2.000000000-2.000000000-1.000000000",
      "mean": 0.04316843333333333,
      "median": 0.0389835,
      "network": "/lustre/isaac24/scratch/jhanna8/repos/2026_dr_tests/bayes/dimensionality_reduction/06/networks/dimensionality_reduction_risp_16"
    },
    {
      "best": 0.0839404,
      "cmd": "bin/dimensionality_reduction_risp -a train --app_params 06/dimensionality_reduction.json --eons_params 06/eons.json --proc_params 06/risp.json --sim_time 32 --threads 13 --epochs 10 --extra_eons_params {\"starting_edges\":64} --extra_app_params {\"output_dimensions\":4} --extra_proc_params {\"discrete\":false,\"leak_mode\":\"all\",\"max_delay\":8,\"max_threshold\":4,\"max_weight\":4,\"min_potential\":-4,\"min_weight\":-2} --encoder \"spikes\" --decoder \"ttls\"",
      "fitness": [
        0.0817516,
        0.0630877,
        0.0839404
      ],
      "hyperparam": "0.000000000-1.000000000-1.000000000-0.000000000-3.000000000-2.000000000-2.000000000-1.000000000-1.000000000-3.000000000-0.000000000",
      "mean": 0.0762599,
      "median": 0.0817516,
      "network": "/lustre/isaac24/scratch/jhanna8/repos/2026_dr_tests/bayes/dimensionality_reduction/06/networks/dimensionality_reduction_risp_14"
    },
    {
      "best": 0.158723,
      "cmd": "bin/dimensionality_reduction_risp -a train --app_params 06/dimensionality_reduction.json --eons_params 06/eons.json --proc_params 06/risp.json --sim_time 32 --threads 13 --epochs 10 --extra_eons_params {\"starting_edges\":64} --extra_app_params {\"output_dimensions\":8} --extra_proc_params {\"discrete\":true,\"leak_mode\":\"all\",\"max_delay\":2,\"max_threshold\":2,\"max_weight\":4,\"min_potential\":-8,\"min_weight\":-2} --encoder \"spikes\" --decoder \"ttls\"",
      "fitness": [
        0.100544,
        0.158723,
        0.142523
      ],
      "hyperparam": "0.000000000-2.000000000-0.000000000-0.000000000-1.000000000-1.000000000-2.000000000-0.000000000-1.000000000-3.000000000-0.000000000",
      "mean": 0.13393000000000002,
      "median": 0.142523,
      "network": "/lustre/isaac24/scratch/jhanna8/repos/2026_dr_tests/bayes/dimensionality_reduction/06/networks/dimensionality_reduction_risp_18"
    },
    {
      "best": 0.143518,
      "cmd": "bin/dimensionality_reduction_risp -a train --app_params 06/dimensionality_reduction.json --eons_params 06/eons.json --proc_params 06/risp.json --sim_time 32 --threads 13 --epochs 10 --extra_eons_params {\"starting_edges\":64} --extra_app_params {\"output_dimensions\":16} --extra_proc_params {\"discrete\":false,\"leak_mode\":\"all\",\"max_delay\":2,\"max_threshold\":16,\"max_weight\":2,\"min_potential\":-1,\"min_weight\":-1} --encoder \"rate\" --decoder \"rate\"",
      "fitness": [
        0.130994,
        0.132947,
        0.143518
      ],
      "hyperparam": "0.000000000-3.000000000-1.000000000-0.000000000-1.000000000-4.000000000-1.000000000-3.000000000-2.000000000-2.000000000-1.000000000",
      "mean": 0.13581966666666667,
      "median": 0.132947,
      "network": "/lustre/isaac24/scratch/jhanna8/repos/2026_dr_tests/bayes/dimensionality_reduction/06/networks/dimensionality_reduction_risp_11"
    },
    {
      "best": 0.138709,
      "cmd": "bin/dimensionality_reduction_risp -a train --app_params 06/dimensionality_reduction.json --eons_params 06/eons.json --proc_params 06/risp.json --sim_time 32 --threads 13 --epochs 10 --extra_eons_params {\"starting_edges\":96} --extra_app_params {\"output_dimensions\":2} --extra_proc_params {\"discrete\":false,\"leak_mode\":\"none\",\"max_delay\":8,\"max_threshold\":2,\"max_weight\":8,\"min_potential\":-4,\"min_weight\":-2} --encoder \"spike\" --decoder \"rate\"",
      "fitness": [
        0.138709,
        0.136037,
        0.130223
      ],
      "hyperparam": "1.000000000-0.000000000-1.000000000-1.000000000-3.000000000-1.000000000-3.000000000-1.000000000-1.000000000-1.000000000-1.000000000",
      "mean": 0.13498966666666667,
      "median": 0.136037,
      "network": "/lustre/isaac24/scratch/jhanna8/repos/2026_dr_tests/bayes/dimensionality_reduction/06/networks/dimensionality_reduction_risp_15"
    },
    {
      "best": 0.137857,
      "cmd": "bin/dimensionality_reduction_risp -a train --app_params 06/dimensionality_reduction.json --eons_params 06/eons.json --proc_params 06/risp.json --sim_time 32 --threads 13 --epochs 10 --extra_eons_params {\"starting_edges\":96} --extra_app_params {\"output_dimensions\":4} --extra_proc_params {\"discrete\":true,\"leak_mode\":\"all\",\"max_delay\":2,\"max_threshold\":4,\"max_weight\":16,\"min_potential\":-4,\"min_weight\":-2} --encoder \"spike\" --decoder \"rate\"",
      "fitness": [
        0.121285,
        0.10085,
        0.137857
      ],
      "hyperparam": "1.000000000-1.000000000-0.000000000-0.000000000-1.000000000-2.000000000-4.000000000-1.000000000-1.000000000-1.000000000-1.000000000",
      "mean": 0.11999733333333333,
      "median": 0.121285,
      "network": "/lustre/isaac24/scratch/jhanna8/repos/2026_dr_tests/bayes/dimensionality_reduction/06/networks/dimensionality_reduction_risp_12"
    },
    {
      "best": -0.0166734,
      "cmd": "bin/dimensionality_reduction_risp -a train --app_params 06/dimensionality_reduction.json --eons_params 06/eons.json --proc_params 06/risp.json --sim_time 32 --threads 13 --epochs 10 --extra_eons_params {\"starting_edges\":96} --extra_app_params {\"output_dimensions\":4} --extra_proc_params {\"discrete\":false,\"leak_mode\":\"none\",\"max_delay\":2,\"max_threshold\":16,\"max_weight\":4,\"min_potential\":-4,\"min_weight\":-2} --encoder \"temporal\" --decoder \"rate\"",
      "fitness": [
        -0.0281057,
        -0.0166734,
        -0.0234023
      ],
      "hyperparam": "1.000000000-1.000000000-1.000000000-1.000000000-1.000000000-4.000000000-2.000000000-1.000000000-1.000000000-4.000000000-1.000000000",
      "mean": -0.022727133333333333,
      "median": -0.0234023,
      "network": "/lustre/isaac24/scratch/jhanna8/repos/2026_dr_tests/bayes/dimensionality_reduction/06/networks/dimensionality_reduction_risp_10"
    },
    {
      "best": 0.159888,
      "cmd": "bin/dimensionality_reduction_risp -a train --app_params 06/dimensionality_reduction.json --eons_params 06/eons.json --proc_params 06/risp.json --sim_time 32 --threads 13 --epochs 10 --extra_eons_params {\"starting_edges\":96} --extra_app_params {\"output_dimensions\":8} --extra_proc_params {\"discrete\":true,\"leak_mode\":\"all\",\"max_delay\":8,\"max_threshold\":8,\"max_weight\":4,\"min_potential\":-4,\"min_weight\":-2} --encoder \"spikes\" --decoder \"rate\"",
      "fitness": [
        0.155886,
        0.159888,
        0.148784
      ],
      "hyperparam": "1.000000000-2.000000000-0.000000000-0.000000000-3.000000000-3.000000000-2.000000000-1.000000000-1.000000000-3.000000000-1.000000000",
      "mean": 0.15485266666666667,
      "median": 0.155886,
      "network": "/lustre/isaac24/scratch/jhanna8/repos/2026_dr_tests/bayes/dimensionality_reduction/06/networks/dimensionality_reduction_risp_5"
    },
    {
      "best": 0.129969,
      "cmd": "bin/dimensionality_reduction_risp -a train --app_params 06/dimensionality_reduction.json --eons_params 06/eons.json --proc_params 06/risp.json --sim_time 32 --threads 13 --epochs 10 --extra_eons_params {\"starting_edges\":96} --extra_app_params {\"output_dimensions\":8} --extra_proc_params {\"discrete\":true,\"leak_mode\":\"none\",\"max_delay\":2,\"max_threshold\":2,\"max_weight\":8,\"min_potential\":-4,\"min_weight\":-1} --encoder \"spikes\" --decoder \"rate\"",
      "fitness": [
        0.129969,
        0.127689,
        0.128987
      ],
      "hyperparam": "1.000000000-2.000000000-0.000000000-1.000000000-1.000000000-1.000000000-3.000000000-1.000000000-2.000000000-3.000000000-1.000000000",
      "mean": 0.12888166666666667,
      "median": 0.128987,
      "network": "/lustre/isaac24/scratch/jhanna8/repos/2026_dr_tests/bayes/dimensionality_reduction/06/networks/dimensionality_reduction_risp_13"
    },
    {
      "best": -0.00670196,
      "cmd": "bin/dimensionality_reduction_risp -a train --app_params 06/dimensionality_reduction.json --eons_params 06/eons.json --proc_params 06/risp.json --sim_time 32 --threads 13 --epochs 10 --extra_eons_params {\"starting_edges\":96} --extra_app_params {\"output_dimensions\":8} --extra_proc_params {\"discrete\":false,\"leak_mode\":\"all\",\"max_delay\":8,\"max_threshold\":4,\"max_weight\":2,\"min_potential\":-2,\"min_weight\":-4} --encoder \"temporal\" --decoder \"rate\"",
      "fitness": [
        -0.02761,
        -0.00670196,
        -0.0341318
      ],
      "hyperparam": "1.000000000-2.000000000-1.000000000-0.000000000-3.000000000-2.000000000-1.000000000-2.000000000-0.000000000-4.000000000-1.000000000",
      "mean": -0.022814586666666664,
      "median": -0.02761,
      "network": "/lustre/isaac24/scratch/jhanna8/repos/2026_dr_tests/bayes/dimensionality_reduction/06/networks/dimensionality_reduction_risp_8"
    },
    {
      "best": 0.157721,
      "cmd": "bin/dimensionality_reduction_risp -a train --app_params 06/dimensionality_reduction.json --eons_params 06/eons.json --proc_params 06/risp.json --sim_time 32 --threads 13 --epochs 10 --extra_eons_params {\"starting_edges\":96} --extra_app_params {\"output_dimensions\":16} --extra_proc_params {\"discrete\":true,\"leak_mode\":\"all\",\"max_delay\":16,\"max_threshold\":4,\"max_weight\":8,\"min_potential\":-4,\"min_weight\":-1} --encoder \"rate\" --decoder \"ttls\"",
      "fitness": [
        0.152286,
        0.157721,
        0.149185
      ],
      "hyperparam": "1.000000000-3.000000000-0.000000000-0.000000000-4.000000000-2.000000000-3.000000000-1.000000000-2.000000000-2.000000000-0.000000000",
      "mean": 0.153064,
      "median": 0.152286,
      "network": "/lustre/isaac24/scratch/jhanna8/repos/2026_dr_tests/bayes/dimensionality_reduction/06/networks/dimensionality_reduction_risp_4"
    },
    {
      "best": 0.136738,
      "cmd": "bin/dimensionality_reduction_risp -a train --app_params 06/dimensionality_reduction.json --eons_params 06/eons.json --proc_params 06/risp.json --sim_time 32 --threads 13 --epochs 10 --extra_eons_params {\"starting_edges\":96} --extra_app_params {\"output_dimensions\":16} --extra_proc_params {\"discrete\":true,\"leak_mode\":\"none\",\"max_delay\":4,\"max_threshold\":1,\"max_weight\":16,\"min_potential\":-8,\"min_weight\":-1} --encoder \"rate\" --decoder \"rate\"",
      "fitness": [
        0.136738,
        0.129069,
        0.122185
      ],
      "hyperparam": "1.000000000-3.000000000-0.000000000-1.000000000-2.000000000-0.000000000-4.000000000-0.000000000-2.000000000-2.000000000-1.000000000",
      "mean": 0.12933066666666668,
      "median": 0.129069,
      "network": "/lustre/isaac24/scratch/jhanna8/repos/2026_dr_tests/bayes/dimensionality_reduction/06/networks/dimensionality_reduction_risp_20"
    },
    {
      "best": 0.186952,
      "cmd": "bin/dimensionality_reduction_risp -a train --app_params 06/dimensionality_reduction.json --eons_params 06/eons.json --proc_params 06/risp.json --sim_time 32 --threads 13 --epochs 10 --extra_eons_params {\"starting_edges\":96} --extra_app_params {\"output_dimensions\":16} --extra_proc_params {\"discrete\":true,\"leak_mode\":\"none\",\"max_delay\":8,\"max_threshold\":2,\"max_weight\":2,\"min_potential\":-8,\"min_weight\":-2} --encoder \"spike\" --decoder \"rate\"",
      "fitness": [
        0.16114,
        0.132367,
        0.186952
      ],
      "hyperparam": "1.000000000-3.000000000-0.000000000-1.000000000-3.000000000-1.000000000-1.000000000-0.000000000-1.000000000-1.000000000-1.000000000",
      "mean": 0.16015300000000002,
      "median": 0.16114,
      "network": "/lustre/isaac24/scratch/jhanna8/repos/2026_dr_tests/bayes/dimensionality_reduction/06/networks/dimensionality_reduction_risp_2"
    },
    {
      "best": 0.175773,
      "cmd": "bin/dimensionality_reduction_risp -a train --app_params 06/dimensionality_reduction.json --eons_params 06/eons.json --proc_params 06/risp.json --sim_time 32 --threads 13 --epochs 10 --extra_eons_params {\"starting_edges\":96} --extra_app_params {\"output_dimensions\":16} --extra_proc_params {\"discrete\":true,\"leak_mode\":\"none\",\"max_delay\":8,\"max_threshold\":4,\"max_weight\":2,\"min_potential\":-2,\"min_weight\":-1} --encoder \"spike\" --decoder \"ttls\"",
      "fitness": [
        0.156183,
        0.163395,
        0.175773
      ],
      "hyperparam": "1.000000000-3.000000000-0.000000000-1.000000000-3.000000000-2.000000000-1.000000000-2.000000000-2.000000000-1.000000000-0.000000000",
      "mean": 0.165117,
      "median": 0.163395,
      "network": "/lustre/isaac24/scratch/jhanna8/repos/2026_dr_tests/bayes/dimensionality_reduction/06/networks/dimensionality_reduction_risp_9"
    },
    {
      "best": 0.134897,
      "cmd": "bin/dimensionality_reduction_risp -a train --app_params 06/dimensionality_reduction.json --eons_params 06/eons.json --proc_params 06/risp.json --sim_time 32 --threads 13 --epochs 10 --extra_eons_params {\"starting_edges\":96} --extra_app_params {\"output_dimensions\":16} --extra_proc_params {\"discrete\":false,\"leak_mode\":\"none\",\"max_delay\":2,\"max_threshold\":4,\"max_weight\":8,\"min_potential\":-8,\"min_weight\":-2} --encoder \"rate\" --decoder \"rate\"",
      "fitness": [
        0.131655,
        0.128225,
        0.134897
      ],
      "hyperparam": "1.000000000-3.000000000-1.000000000-1.000000000-1.000000000-2.000000000-3.000000000-0.000000000-1.000000000-2.000000000-1.000000000",
      "mean": 0.13159233333333334,
      "median": 0.131655,
      "network": "/lustre/isaac24/scratch/jhanna8/repos/2026_dr_tests/bayes/dimensionality_reduction/06/networks/dimensionality_reduction_risp_1"
    },
    {
      "best": 0.17943,
      "cmd": "bin/dimensionality_reduction_risp -a train --app_params 06/dimensionality_reduction.json --eons_params 06/eons.json --proc_params 06/risp.json --sim_time 32 --threads 13 --epochs 10 --extra_eons_params {\"starting_edges\":96} --extra_app_params {\"output_dimensions\":32} --extra_proc_params {\"discrete\":true,\"leak_mode\":\"all\",\"max_delay\":4,\"max_threshold\":1,\"max_weight\":16,\"min_potential\":-1,\"min_weight\":-1} --encoder \"spike\" --decoder \"ttls\"",
      "fitness": [
        0.157607,
        0.17943,
        0.176779
      ],
      "hyperparam": "1.000000000-4.000000000-0.000000000-0.000000000-2.000000000-0.000000000-4.000000000-3.000000000-2.000000000-1.000000000-0.000000000",
      "mean": 0.171272,
      "median": 0.176779,
      "network": "/lustre/isaac24/scratch/jhanna8/repos/2026_dr_tests/bayes/dimensionality_reduction/06/networks/dimensionality_reduction_risp_7"
    },
    {
      "best": 0.177396,
      "cmd": "bin/dimensionality_reduction_risp -a train --app_params 06/dimensionality_reduction.json --eons_params 06/eons.json --proc_params 06/risp.json --sim_time 32 --threads 13 --epochs 10 --extra_eons_params {\"starting_edges\":96} --extra_app_params {\"output_dimensions\":32} --extra_proc_params {\"discrete\":true,\"leak_mode\":\"none\",\"max_delay\":8,\"max_threshold\":1,\"max_weight\":2,\"min_potential\":-4,\"min_weight\":-2} --encoder \"val\" --decoder \"rate\"",
      "fitness": [
        0.162487,
        0.177396,
        0.163496
      ],
      "hyperparam": "1.000000000-4.000000000-0.000000000-1.000000000-3.000000000-0.000000000-1.000000000-1.000000000-1.000000000-0.000000000-1.000000000",
      "mean": 0.167793,
      "median": 0.163496,
      "network": "/lustre/isaac24/scratch/jhanna8/repos/2026_dr_tests/bayes/dimensionality_reduction/06/networks/dimensionality_reduction_risp_6"
    },
    {
      "best": 0.168649,
      "cmd": "bin/dimensionality_reduction_risp -a train --app_params 06/dimensionality_reduction.json --eons_params 06/eons.json --proc_params 06/risp.json --sim_time 32 --threads 13 --epochs 10 --extra_eons_params {\"starting_edges\":96} --extra_app_params {\"output_dimensions\":32} --extra_proc_params {\"discrete\":true,\"leak_mode\":\"none\",\"max_delay\":8,\"max_threshold\":2,\"max_weight\":8,\"min_potential\":-4,\"min_weight\":-2} --encoder \"rate\" --decoder \"ttls\"",
      "fitness": [
        0.153609,
        0.158922,
        0.168649
      ],
      "hyperparam": "1.000000000-4.000000000-0.000000000-1.000000000-3.000000000-1.000000000-3.000000000-1.000000000-1.000000000-2.000000000-0.000000000",
      "mean": 0.16039333333333333,
      "median": 0.158922,
      "network": "/lustre/isaac24/scratch/jhanna8/repos/2026_dr_tests/bayes/dimensionality_reduction/06/networks/dimensionality_reduction_risp_3"
    },
    {
      "best": -0.0225017,
      "cmd": "bin/dimensionality_reduction_risp -a train --app_params 06/dimensionality_reduction.json --eons_params 06/eons.json --proc_params 06/risp.json --sim_time 32 --threads 13 --epochs 10 --extra_eons_params {\"starting_edges\":96} --extra_app_params {\"output_dimensions\":32} --extra_proc_params {\"discrete\":false,\"leak_mode\":\"none\",\"max_delay\":4,\"max_threshold\":8,\"max_weight\":1,\"min_potential\":-8,\"min_weight\":-4} --encoder \"spike\" --decoder \"ttls\"",
      "fitness": [
        -0.0776191,
        -0.125161,
        -0.0225017
      ],
      "hyperparam": "1.000000000-4.000000000-1.000000000-1.000000000-2.000000000-3.000000000-0.000000000-0.000000000-0.000000000-1.000000000-0.000000000",
      "mean": -0.07509393333333332,
      "median": -0.0776191,
      "network": "/lustre/isaac24/scratch/jhanna8/repos/2026_dr_tests/bayes/dimensionality_reduction/06/networks/dimensionality_reduction_risp_17"
    },
    {
      "best": 0.123932,
      "cmd": "bin/dimensionality_reduction_risp -a train --app_params 06/dimensionality_reduction.json --eons_params 06/eons.json --proc_params 06/risp.json --sim_time 32 --threads 13 --epochs 10 --extra_eons_params {\"starting_edges\":128} --extra_app_params {\"output_dimensions\":8} --extra_proc_params {\"discrete\":true,\"leak_mode\":\"all\",\"max_delay\":2,\"max_threshold\":16,\"max_weight\":16,\"min_potential\":-8,\"min_weight\":-4} --encoder \"rate\" --decoder \"ttls\"",
      "fitness": [
        0.072561,
        0.123932,
        0.0805103
      ],
      "hyperparam": "2.000000000-2.000000000-0.000000000-0.000000000-1.000000000-4.000000000-4.000000000-0.000000000-0.000000000-2.000000000-0.000000000",
      "mean": 0.09233443333333334,
      "median": 0.0805103,
      "network": "/lustre/isaac24/scratch/jhanna8/repos/2026_dr_tests/bayes/dimensionality_reduction/06/networks/dimensionality_reduction_risp_19"
    }
  ],
  "decoder": {
    "base": [
      "ttls",
      "rate"
    ]
  },
  "encoder": {
    "base": [
      "val",
      "spike",
      "rate",
      "spikes",
      "temporal"
    ]
  },
  "eons_params": {
    "starting_edges": [
      64,
      96,
      128
    ]
  },
  "fitness_metric": "fitness",
  "iterations_per_test": 3,
  "num_best_networks": 0,
  "opt_params": {
    "n_random_starts": 20,
    "random_state": 27173
  },
  "optimizer": "python ../utils/scikit_opt.py",
  "proc_params": {
    "discrete": [
      true,
      false
    ],
    "leak_mode": [
      "all",
      "none"
    ],
    "max_delay": [
      1,
      2,
      4,
      8,
      16
    ],
    "max_threshold": [
      1,
      2,
      4,
      8,
      16
    ],
    "max_weight": [
      1,
      2,
      4,
      8,
      16
    ],
    "min_potential": [
      -8,
      -4,
      -2,
      -1
    ],
    "min_weight": [
      -4,
      -2,
      -1
    ]
  },
  "python_app": false,
  "test_episodes": 0,
  "test_iteration_type": "none"
}
