Fitness metric fitness
Executing python ../utils/scikit_opt.py --n_calls 20 --n_random_starts 20 --random_state 18265

Writing the following to python: [{"categories":[0,1,2],"name":"starting_edges","type":"C"},{"categories":[0,1,2,3,4],"name":"output_dimensions","type":"C"},{"categories":[0,1],"name":"discrete","type":"C"},{"categories":[0,1],"name":"leak_mode","type":"C"},{"categories":[0,1,2,3,4],"name":"max_delay","type":"C"},{"categories":[0,1,2,3,4],"name":"max_threshold","type":"C"},{"categories":[0,1,2,3,4],"name":"max_weight","type":"C"},{"categories":[0,1,2,3],"name":"min_potential","type":"C"},{"categories":[0,1,2],"name":"min_weight","type":"C"},{"categories":[0,1,2,3,4],"name":"base","type":"C"},{"categories":[0,1],"name":"base","type":"C"}]
-
Bayes Iteration :   0
  Cmd: bin/dimensionality_reduction_risp -a train --app_params 07/dimensionality_reduction.json --eons_params 07/eons.json --proc_params 07/risp.json --sim_time 64 --threads 13 --epochs 10 --extra_eons_params '{"starting_edges":128}' --extra_app_params '{"output_dimensions":8}' --extra_proc_params '{"discrete":true,"leak_mode":"all","max_delay":16,"max_threshold":4,"max_weight":2,"min_potential":-8,"min_weight":-2}' --encoder "spikes" --decoder "ttls"
  Selected Fitness: 0.124347

Best Fitness = 0.131245

Bayes Iteration :   1
  Cmd: bin/dimensionality_reduction_risp -a train --app_params 07/dimensionality_reduction.json --eons_params 07/eons.json --proc_params 07/risp.json --sim_time 64 --threads 13 --epochs 10 --extra_eons_params '{"starting_edges":128}' --extra_app_params '{"output_dimensions":16}' --extra_proc_params '{"discrete":true,"leak_mode":"all","max_delay":8,"max_threshold":1,"max_weight":4,"min_potential":-4,"min_weight":-2}' --encoder "spikes" --decoder "ttls"
  Selected Fitness: 0.165783

Best Fitness = 0.167139

Bayes Iteration :   2
  Cmd: bin/dimensionality_reduction_risp -a train --app_params 07/dimensionality_reduction.json --eons_params 07/eons.json --proc_params 07/risp.json --sim_time 64 --threads 13 --epochs 10 --extra_eons_params '{"starting_edges":64}' --extra_app_params '{"output_dimensions":4}' --extra_proc_params '{"discrete":false,"leak_mode":"all","max_delay":4,"max_threshold":1,"max_weight":2,"min_potential":-2,"min_weight":-2}' --encoder "spikes" --decoder "rate"
  Selected Fitness: 0.0444024

Best Fitness = 0.167139

Bayes Iteration :   3
  Cmd: bin/dimensionality_reduction_risp -a train --app_params 07/dimensionality_reduction.json --eons_params 07/eons.json --proc_params 07/risp.json --sim_time 64 --threads 13 --epochs 10 --extra_eons_params '{"starting_edges":64}' --extra_app_params '{"output_dimensions":32}' --extra_proc_params '{"discrete":false,"leak_mode":"none","max_delay":2,"max_threshold":2,"max_weight":16,"min_potential":-4,"min_weight":-4}' --encoder "temporal" --decoder "ttls"
  Selected Fitness: 0.0356198

Best Fitness = 0.167139

Bayes Iteration :   4
  Cmd: bin/dimensionality_reduction_risp -a train --app_params 07/dimensionality_reduction.json --eons_params 07/eons.json --proc_params 07/risp.json --sim_time 64 --threads 13 --epochs 10 --extra_eons_params '{"starting_edges":96}' --extra_app_params '{"output_dimensions":16}' --extra_proc_params '{"discrete":false,"leak_mode":"all","max_delay":4,"max_threshold":4,"max_weight":4,"min_potential":-4,"min_weight":-4}' --encoder "spikes" --decoder "ttls"
  Selected Fitness: 0.15618

Best Fitness = 0.167139

Bayes Iteration :   5
  Cmd: bin/dimensionality_reduction_risp -a train --app_params 07/dimensionality_reduction.json --eons_params 07/eons.json --proc_params 07/risp.json --sim_time 64 --threads 13 --epochs 10 --extra_eons_params '{"starting_edges":128}' --extra_app_params '{"output_dimensions":2}' --extra_proc_params '{"discrete":false,"leak_mode":"all","max_delay":8,"max_threshold":8,"max_weight":4,"min_potential":-4,"min_weight":-1}' --encoder "spike" --decoder "ttls"
  Selected Fitness: 0.126419

Best Fitness = 0.167139

Bayes Iteration :   6
  Cmd: bin/dimensionality_reduction_risp -a train --app_params 07/dimensionality_reduction.json --eons_params 07/eons.json --proc_params 07/risp.json --sim_time 64 --threads 13 --epochs 10 --extra_eons_params '{"starting_edges":128}' --extra_app_params '{"output_dimensions":8}' --extra_proc_params '{"discrete":true,"leak_mode":"none","max_delay":8,"max_threshold":2,"max_weight":1,"min_potential":-4,"min_weight":-2}' --encoder "temporal" --decoder "ttls"
  Selected Fitness: 0.00260365

Best Fitness = 0.167139

Bayes Iteration :   7
  Cmd: bin/dimensionality_reduction_risp -a train --app_params 07/dimensionality_reduction.json --eons_params 07/eons.json --proc_params 07/risp.json --sim_time 64 --threads 13 --epochs 10 --extra_eons_params '{"starting_edges":96}' --extra_app_params '{"output_dimensions":8}' --extra_proc_params '{"discrete":false,"leak_mode":"none","max_delay":4,"max_threshold":16,"max_weight":1,"min_potential":-1,"min_weight":-2}' --encoder "spike" --decoder "ttls"
  Selected Fitness: -0.0708633

Best Fitness = 0.167139

Bayes Iteration :   8
  Cmd: bin/dimensionality_reduction_risp -a train --app_params 07/dimensionality_reduction.json --eons_params 07/eons.json --proc_params 07/risp.json --sim_time 64 --threads 13 --epochs 10 --extra_eons_params '{"starting_edges":128}' --extra_app_params '{"output_dimensions":2}' --extra_proc_params '{"discrete":false,"leak_mode":"none","max_delay":16,"max_threshold":8,"max_weight":8,"min_potential":-1,"min_weight":-4}' --encoder "rate" --decoder "ttls"
  Selected Fitness: 0.0455633

Best Fitness = 0.167139

Bayes Iteration :   9
  Cmd: bin/dimensionality_reduction_risp -a train --app_params 07/dimensionality_reduction.json --eons_params 07/eons.json --proc_params 07/risp.json --sim_time 64 --threads 13 --epochs 10 --extra_eons_params '{"starting_edges":96}' --extra_app_params '{"output_dimensions":8}' --extra_proc_params '{"discrete":false,"leak_mode":"all","max_delay":8,"max_threshold":4,"max_weight":1,"min_potential":-4,"min_weight":-2}' --encoder "spike" --decoder "rate"
  Selected Fitness: -0.312843

Best Fitness = 0.167139

Bayes Iteration :  10
  Cmd: bin/dimensionality_reduction_risp -a train --app_params 07/dimensionality_reduction.json --eons_params 07/eons.json --proc_params 07/risp.json --sim_time 64 --threads 13 --epochs 10 --extra_eons_params '{"starting_edges":128}' --extra_app_params '{"output_dimensions":16}' --extra_proc_params '{"discrete":false,"leak_mode":"all","max_delay":4,"max_threshold":16,"max_weight":16,"min_potential":-8,"min_weight":-2}' --encoder "spikes" --decoder "ttls"
  Selected Fitness: 0.159117

Best Fitness = 0.167139

Bayes Iteration :  11
  Cmd: bin/dimensionality_reduction_risp -a train --app_params 07/dimensionality_reduction.json --eons_params 07/eons.json --proc_params 07/risp.json --sim_time 64 --threads 13 --epochs 10 --extra_eons_params '{"starting_edges":64}' --extra_app_params '{"output_dimensions":2}' --extra_proc_params '{"discrete":false,"leak_mode":"none","max_delay":16,"max_threshold":1,"max_weight":2,"min_potential":-4,"min_weight":-2}' --encoder "rate" --decoder "rate"
  Selected Fitness: 0.00731489

Best Fitness = 0.167139

Bayes Iteration :  12
  Cmd: bin/dimensionality_reduction_risp -a train --app_params 07/dimensionality_reduction.json --eons_params 07/eons.json --proc_params 07/risp.json --sim_time 64 --threads 13 --epochs 10 --extra_eons_params '{"starting_edges":64}' --extra_app_params '{"output_dimensions":8}' --extra_proc_params '{"discrete":false,"leak_mode":"all","max_delay":2,"max_threshold":1,"max_weight":8,"min_potential":-2,"min_weight":-4}' --encoder "spikes" --decoder "ttls"
  Selected Fitness: 0.124944

Best Fitness = 0.167139

Bayes Iteration :  13
  Cmd: bin/dimensionality_reduction_risp -a train --app_params 07/dimensionality_reduction.json --eons_params 07/eons.json --proc_params 07/risp.json --sim_time 64 --threads 13 --epochs 10 --extra_eons_params '{"starting_edges":128}' --extra_app_params '{"output_dimensions":8}' --extra_proc_params '{"discrete":false,"leak_mode":"all","max_delay":2,"max_threshold":2,"max_weight":2,"min_potential":-8,"min_weight":-2}' --encoder "spikes" --decoder "ttls"
  Selected Fitness: 0.107696

Best Fitness = 0.167139

Bayes Iteration :  14
  Cmd: bin/dimensionality_reduction_risp -a train --app_params 07/dimensionality_reduction.json --eons_params 07/eons.json --proc_params 07/risp.json --sim_time 64 --threads 13 --epochs 10 --extra_eons_params '{"starting_edges":64}' --extra_app_params '{"output_dimensions":8}' --extra_proc_params '{"discrete":true,"leak_mode":"none","max_delay":4,"max_threshold":4,"max_weight":2,"min_potential":-2,"min_weight":-1}' --encoder "rate" --decoder "rate"
  Selected Fitness: 0.100736

Best Fitness = 0.167139

Bayes Iteration :  15
  Cmd: bin/dimensionality_reduction_risp -a train --app_params 07/dimensionality_reduction.json --eons_params 07/eons.json --proc_params 07/risp.json --sim_time 64 --threads 13 --epochs 10 --extra_eons_params '{"starting_edges":96}' --extra_app_params '{"output_dimensions":4}' --extra_proc_params '{"discrete":true,"leak_mode":"none","max_delay":4,"max_threshold":1,"max_weight":8,"min_potential":-1,"min_weight":-1}' --encoder "temporal" --decoder "rate"
  Selected Fitness: -0.0116948

Best Fitness = 0.167139

Bayes Iteration :  16
  Cmd: bin/dimensionality_reduction_risp -a train --app_params 07/dimensionality_reduction.json --eons_params 07/eons.json --proc_params 07/risp.json --sim_time 64 --threads 13 --epochs 10 --extra_eons_params '{"starting_edges":96}' --extra_app_params '{"output_dimensions":16}' --extra_proc_params '{"discrete":true,"leak_mode":"all","max_delay":16,"max_threshold":2,"max_weight":2,"min_potential":-8,"min_weight":-2}' --encoder "spike" --decoder "rate"
  Selected Fitness: 0.161217

Best Fitness = 0.193978

Bayes Iteration :  17
  Cmd: bin/dimensionality_reduction_risp -a train --app_params 07/dimensionality_reduction.json --eons_params 07/eons.json --proc_params 07/risp.json --sim_time 64 --threads 13 --epochs 10 --extra_eons_params '{"starting_edges":96}' --extra_app_params '{"output_dimensions":4}' --extra_proc_params '{"discrete":true,"leak_mode":"all","max_delay":1,"max_threshold":2,"max_weight":1,"min_potential":-2,"min_weight":-4}' --encoder "spikes" --decoder "ttls"
  Selected Fitness: 0.0445086

Best Fitness = 0.193978

Bayes Iteration :  18
  Cmd: bin/dimensionality_reduction_risp -a train --app_params 07/dimensionality_reduction.json --eons_params 07/eons.json --proc_params 07/risp.json --sim_time 64 --threads 13 --epochs 10 --extra_eons_params '{"starting_edges":128}' --extra_app_params '{"output_dimensions":16}' --extra_proc_params '{"discrete":true,"leak_mode":"none","max_delay":8,"max_threshold":1,"max_weight":4,"min_potential":-4,"min_weight":-4}' --encoder "val" --decoder "ttls"
  Selected Fitness: 0.154077

Best Fitness = 0.193978

Bayes Iteration :  19
  Cmd: bin/dimensionality_reduction_risp -a train --app_params 07/dimensionality_reduction.json --eons_params 07/eons.json --proc_params 07/risp.json --sim_time 64 --threads 13 --epochs 10 --extra_eons_params '{"starting_edges":64}' --extra_app_params '{"output_dimensions":4}' --extra_proc_params '{"discrete":false,"leak_mode":"all","max_delay":2,"max_threshold":2,"max_weight":2,"min_potential":-8,"min_weight":-4}' --encoder "spike" --decoder "rate"
  Selected Fitness: 0.0107473

Best Fitness = 0.193978

