{
  "app_params": {
    "output_dimensions": [
      2,
      4,
      8,
      16,
      32
    ]
  },
  "app_proc": "dimensionality_reduction_risp",
  "argv": "../bin/bayes --input_file /lustre/isaac24/scratch/jhanna8/repos/2026_dr_tests/bayes/dimensionality_reduction/28/b28.in --output_file /lustre/isaac24/scratch/jhanna8/repos/2026_dr_tests/bayes/dimensionality_reduction/28/b28.out --n_calls 5 -d /lustre/isaac24/scratch/jhanna8/repos/2026_dr_tests/bayes/dimensionality_reduction/28/networks ",
  "bayes_iteration": 5,
  "bayes_iteration_type": "median",
  "best_fitness": [
    {
      "cmd": "bin/dimensionality_reduction_risp -a train --app_params 28/dimensionality_reduction.json --eons_params 28/eons.json --proc_params 28/risp.json --sim_time 64 --threads 13 --epochs 10 --extra_eons_params {\"starting_edges\":64} --extra_app_params {\"output_dimensions\":8} --extra_proc_params {\"discrete\":false,\"leak_mode\":\"none\",\"max_delay\":2,\"max_threshold\":8,\"max_weight\":4,\"min_potential\":-8,\"min_weight\":-2} --encoder \"val\" --decoder \"rate\"",
      "fitness": 0.185448,
      "network": "/lustre/isaac24/scratch/jhanna8/repos/2026_dr_tests/bayes/dimensionality_reduction/28/networks/dimensionality_reduction_risp_3"
    },
    {
      "cmd": "bin/dimensionality_reduction_risp -a train --app_params 28/dimensionality_reduction.json --eons_params 28/eons.json --proc_params 28/risp.json --sim_time 64 --threads 13 --epochs 10 --extra_eons_params {\"starting_edges\":96} --extra_app_params {\"output_dimensions\":2} --extra_proc_params {\"discrete\":true,\"leak_mode\":\"none\",\"max_delay\":4,\"max_threshold\":2,\"max_weight\":4,\"min_potential\":-1,\"min_weight\":-2} --encoder \"val\" --decoder \"rate\"",
      "fitness": 0.185415,
      "network": "/lustre/isaac24/scratch/jhanna8/repos/2026_dr_tests/bayes/dimensionality_reduction/28/networks/dimensionality_reduction_risp_2"
    },
    {
      "cmd": "bin/dimensionality_reduction_risp -a train --app_params 28/dimensionality_reduction.json --eons_params 28/eons.json --proc_params 28/risp.json --sim_time 64 --threads 13 --epochs 10 --extra_eons_params {\"starting_edges\":64} --extra_app_params {\"output_dimensions\":8} --extra_proc_params {\"discrete\":true,\"leak_mode\":\"all\",\"max_delay\":8,\"max_threshold\":4,\"max_weight\":4,\"min_potential\":-2,\"min_weight\":-4} --encoder \"spikes\" --decoder \"ttls\"",
      "fitness": 0.177889,
      "network": "/lustre/isaac24/scratch/jhanna8/repos/2026_dr_tests/bayes/dimensionality_reduction/28/networks/dimensionality_reduction_risp_1"
    },
    {
      "cmd": "bin/dimensionality_reduction_risp -a train --app_params 28/dimensionality_reduction.json --eons_params 28/eons.json --proc_params 28/risp.json --sim_time 64 --threads 13 --epochs 10 --extra_eons_params {\"starting_edges\":96} --extra_app_params {\"output_dimensions\":8} --extra_proc_params {\"discrete\":false,\"leak_mode\":\"all\",\"max_delay\":4,\"max_threshold\":4,\"max_weight\":1,\"min_potential\":-2,\"min_weight\":-4} --encoder \"spike\" --decoder \"ttls\"",
      "fitness": 0.167308,
      "network": "/lustre/isaac24/scratch/jhanna8/repos/2026_dr_tests/bayes/dimensionality_reduction/28/networks/dimensionality_reduction_risp_5"
    },
    {
      "cmd": "bin/dimensionality_reduction_risp -a train --app_params 28/dimensionality_reduction.json --eons_params 28/eons.json --proc_params 28/risp.json --sim_time 64 --threads 13 --epochs 10 --extra_eons_params {\"starting_edges\":128} --extra_app_params {\"output_dimensions\":32} --extra_proc_params {\"discrete\":false,\"leak_mode\":\"none\",\"max_delay\":2,\"max_threshold\":1,\"max_weight\":8,\"min_potential\":-2,\"min_weight\":-2} --encoder \"temporal\" --decoder \"ttls\"",
      "fitness": 0.135175,
      "network": "/lustre/isaac24/scratch/jhanna8/repos/2026_dr_tests/bayes/dimensionality_reduction/28/networks/dimensionality_reduction_risp_4"
    }
  ],
  "command": "bin/dimensionality_reduction_risp -a train --app_params 28/dimensionality_reduction.json --eons_params 28/eons.json --proc_params 28/risp.json --sim_time 64 --threads 13 --epochs 10",
  "command_params": {},
  "data_points": [
    {
      "best": 0.177889,
      "cmd": "bin/dimensionality_reduction_risp -a train --app_params 28/dimensionality_reduction.json --eons_params 28/eons.json --proc_params 28/risp.json --sim_time 64 --threads 13 --epochs 10 --extra_eons_params {\"starting_edges\":64} --extra_app_params {\"output_dimensions\":8} --extra_proc_params {\"discrete\":true,\"leak_mode\":\"all\",\"max_delay\":8,\"max_threshold\":4,\"max_weight\":4,\"min_potential\":-2,\"min_weight\":-4} --encoder \"spikes\" --decoder \"ttls\"",
      "fitness": [
        0.177889,
        0.171092,
        0.172793
      ],
      "hyperparam": "0.000000000-2.000000000-0.000000000-0.000000000-3.000000000-2.000000000-2.000000000-2.000000000-0.000000000-3.000000000-0.000000000",
      "mean": 0.17392466666666664,
      "median": 0.172793,
      "network": "/lustre/isaac24/scratch/jhanna8/repos/2026_dr_tests/bayes/dimensionality_reduction/28/networks/dimensionality_reduction_risp_1"
    },
    {
      "best": 0.185448,
      "cmd": "bin/dimensionality_reduction_risp -a train --app_params 28/dimensionality_reduction.json --eons_params 28/eons.json --proc_params 28/risp.json --sim_time 64 --threads 13 --epochs 10 --extra_eons_params {\"starting_edges\":64} --extra_app_params {\"output_dimensions\":8} --extra_proc_params {\"discrete\":false,\"leak_mode\":\"none\",\"max_delay\":2,\"max_threshold\":8,\"max_weight\":4,\"min_potential\":-8,\"min_weight\":-2} --encoder \"val\" --decoder \"rate\"",
      "fitness": [
        0.178796,
        0.185448,
        0.183833
      ],
      "hyperparam": "0.000000000-2.000000000-1.000000000-1.000000000-1.000000000-3.000000000-2.000000000-0.000000000-1.000000000-0.000000000-1.000000000",
      "mean": 0.18269233333333335,
      "median": 0.183833,
      "network": "/lustre/isaac24/scratch/jhanna8/repos/2026_dr_tests/bayes/dimensionality_reduction/28/networks/dimensionality_reduction_risp_3"
    },
    {
      "best": 0.185415,
      "cmd": "bin/dimensionality_reduction_risp -a train --app_params 28/dimensionality_reduction.json --eons_params 28/eons.json --proc_params 28/risp.json --sim_time 64 --threads 13 --epochs 10 --extra_eons_params {\"starting_edges\":96} --extra_app_params {\"output_dimensions\":2} --extra_proc_params {\"discrete\":true,\"leak_mode\":\"none\",\"max_delay\":4,\"max_threshold\":2,\"max_weight\":4,\"min_potential\":-1,\"min_weight\":-2} --encoder \"val\" --decoder \"rate\"",
      "fitness": [
        0.178941,
        0.179522,
        0.185415
      ],
      "hyperparam": "1.000000000-0.000000000-0.000000000-1.000000000-2.000000000-1.000000000-2.000000000-3.000000000-1.000000000-0.000000000-1.000000000",
      "mean": 0.18129266666666666,
      "median": 0.179522,
      "network": "/lustre/isaac24/scratch/jhanna8/repos/2026_dr_tests/bayes/dimensionality_reduction/28/networks/dimensionality_reduction_risp_2"
    },
    {
      "best": 0.167308,
      "cmd": "bin/dimensionality_reduction_risp -a train --app_params 28/dimensionality_reduction.json --eons_params 28/eons.json --proc_params 28/risp.json --sim_time 64 --threads 13 --epochs 10 --extra_eons_params {\"starting_edges\":96} --extra_app_params {\"output_dimensions\":8} --extra_proc_params {\"discrete\":false,\"leak_mode\":\"all\",\"max_delay\":4,\"max_threshold\":4,\"max_weight\":1,\"min_potential\":-2,\"min_weight\":-4} --encoder \"spike\" --decoder \"ttls\"",
      "fitness": [
        0.166923,
        0.158733,
        0.167308
      ],
      "hyperparam": "1.000000000-2.000000000-1.000000000-0.000000000-2.000000000-2.000000000-0.000000000-2.000000000-0.000000000-1.000000000-0.000000000",
      "mean": 0.16432133333333335,
      "median": 0.166923,
      "network": "/lustre/isaac24/scratch/jhanna8/repos/2026_dr_tests/bayes/dimensionality_reduction/28/networks/dimensionality_reduction_risp_5"
    },
    {
      "best": 0.135175,
      "cmd": "bin/dimensionality_reduction_risp -a train --app_params 28/dimensionality_reduction.json --eons_params 28/eons.json --proc_params 28/risp.json --sim_time 64 --threads 13 --epochs 10 --extra_eons_params {\"starting_edges\":128} --extra_app_params {\"output_dimensions\":32} --extra_proc_params {\"discrete\":false,\"leak_mode\":\"none\",\"max_delay\":2,\"max_threshold\":1,\"max_weight\":8,\"min_potential\":-2,\"min_weight\":-2} --encoder \"temporal\" --decoder \"ttls\"",
      "fitness": [
        0.135175,
        0.12829,
        0.12414
      ],
      "hyperparam": "2.000000000-4.000000000-1.000000000-1.000000000-1.000000000-0.000000000-3.000000000-2.000000000-1.000000000-4.000000000-0.000000000",
      "mean": 0.12920166666666666,
      "median": 0.12829,
      "network": "/lustre/isaac24/scratch/jhanna8/repos/2026_dr_tests/bayes/dimensionality_reduction/28/networks/dimensionality_reduction_risp_4"
    }
  ],
  "decoder": {
    "base": [
      "ttls",
      "rate"
    ]
  },
  "encoder": {
    "base": [
      "val",
      "spike",
      "rate",
      "spikes",
      "temporal"
    ]
  },
  "eons_params": {
    "starting_edges": [
      64,
      96,
      128
    ]
  },
  "fitness_metric": "fitness",
  "iterations_per_test": 3,
  "num_best_networks": 0,
  "opt_params": {
    "n_random_starts": 5,
    "random_state": 20965
  },
  "optimizer": "python ../utils/scikit_opt.py",
  "proc_params": {
    "discrete": [
      true,
      false
    ],
    "leak_mode": [
      "all",
      "none"
    ],
    "max_delay": [
      1,
      2,
      4,
      8,
      16
    ],
    "max_threshold": [
      1,
      2,
      4,
      8,
      16
    ],
    "max_weight": [
      1,
      2,
      4,
      8,
      16
    ],
    "min_potential": [
      -8,
      -4,
      -2,
      -1
    ],
    "min_weight": [
      -4,
      -2,
      -1
    ]
  },
  "python_app": false,
  "test_episodes": 0,
  "test_iteration_type": "none"
}
