Fitness metric fitness
Executing python ../utils/scikit_opt.py --n_calls 25 --n_random_starts 25 --random_state 22370

Writing the following to python: [{"categories":[0,1,2],"name":"starting_edges","type":"C"},{"categories":[0,1,2,3,4],"name":"output_dimensions","type":"C"},{"categories":[0,1],"name":"discrete","type":"C"},{"categories":[0,1],"name":"leak_mode","type":"C"},{"categories":[0,1,2,3,4],"name":"max_delay","type":"C"},{"categories":[0,1,2,3,4],"name":"max_threshold","type":"C"},{"categories":[0,1,2,3,4],"name":"max_weight","type":"C"},{"categories":[0,1,2,3],"name":"min_potential","type":"C"},{"categories":[0,1,2],"name":"min_weight","type":"C"},{"categories":[0,1,2,3,4],"name":"sim_time","type":"C"},{"categories":[0,1,2,3,4],"name":"base","type":"C"},{"categories":[0,1],"name":"base","type":"C"}]
-
Bayes Iteration :   0
  Cmd: bin/dimensionality_reduction_risp -a train --app_params 13/dimensionality_reduction.json --eons_params 13/eons.json --proc_params 13/risp.json --threads 13 --epochs 10 --sim_time 16 --extra_eons_params '{"starting_edges":96}' --extra_app_params '{"output_dimensions":2}' --extra_proc_params '{"discrete":false,"leak_mode":"none","max_delay":16,"max_threshold":16,"max_weight":8,"min_potential":-4,"min_weight":-4}' --encoder "rate" --decoder "rate"
  Selected Fitness: 0.124844

Best Fitness = 0.131655

Bayes Iteration :   1
  Cmd: bin/dimensionality_reduction_risp -a train --app_params 13/dimensionality_reduction.json --eons_params 13/eons.json --proc_params 13/risp.json --threads 13 --epochs 10 --sim_time 64 --extra_eons_params '{"starting_edges":96}' --extra_app_params '{"output_dimensions":32}' --extra_proc_params '{"discrete":false,"leak_mode":"all","max_delay":16,"max_threshold":4,"max_weight":4,"min_potential":-1,"min_weight":-2}' --encoder "val" --decoder "rate"
  Selected Fitness: 0.0816423

Best Fitness = 0.131655

Bayes Iteration :   2
  Cmd: bin/dimensionality_reduction_risp -a train --app_params 13/dimensionality_reduction.json --eons_params 13/eons.json --proc_params 13/risp.json --threads 13 --epochs 10 --sim_time 16 --extra_eons_params '{"starting_edges":64}' --extra_app_params '{"output_dimensions":8}' --extra_proc_params '{"discrete":true,"leak_mode":"all","max_delay":2,"max_threshold":2,"max_weight":8,"min_potential":-8,"min_weight":-4}' --encoder "spikes" --decoder "rate"
  Selected Fitness: 0.157704

Best Fitness = 0.167240

Bayes Iteration :   3
  Cmd: bin/dimensionality_reduction_risp -a train --app_params 13/dimensionality_reduction.json --eons_params 13/eons.json --proc_params 13/risp.json --threads 13 --epochs 10 --sim_time 64 --extra_eons_params '{"starting_edges":96}' --extra_app_params '{"output_dimensions":8}' --extra_proc_params '{"discrete":true,"leak_mode":"all","max_delay":2,"max_threshold":1,"max_weight":4,"min_potential":-4,"min_weight":-1}' --encoder "spikes" --decoder "rate"
  Selected Fitness: 0.175567

Best Fitness = 0.178951

Bayes Iteration :   4
  Cmd: bin/dimensionality_reduction_risp -a train --app_params 13/dimensionality_reduction.json --eons_params 13/eons.json --proc_params 13/risp.json --threads 13 --epochs 10 --sim_time 16 --extra_eons_params '{"starting_edges":96}' --extra_app_params '{"output_dimensions":16}' --extra_proc_params '{"discrete":true,"leak_mode":"all","max_delay":4,"max_threshold":8,"max_weight":16,"min_potential":-4,"min_weight":-2}' --encoder "spikes" --decoder "rate"
  Selected Fitness: 0.153395

Best Fitness = 0.178951

Bayes Iteration :   5
  Cmd: bin/dimensionality_reduction_risp -a train --app_params 13/dimensionality_reduction.json --eons_params 13/eons.json --proc_params 13/risp.json --threads 13 --epochs 10 --sim_time 16 --extra_eons_params '{"starting_edges":96}' --extra_app_params '{"output_dimensions":16}' --extra_proc_params '{"discrete":true,"leak_mode":"all","max_delay":1,"max_threshold":2,"max_weight":1,"min_potential":-2,"min_weight":-2}' --encoder "temporal" --decoder "rate"
  Selected Fitness: 0.0587276

Best Fitness = 0.178951

Bayes Iteration :   6
  Cmd: bin/dimensionality_reduction_risp -a train --app_params 13/dimensionality_reduction.json --eons_params 13/eons.json --proc_params 13/risp.json --threads 13 --epochs 10 --sim_time 64 --extra_eons_params '{"starting_edges":96}' --extra_app_params '{"output_dimensions":4}' --extra_proc_params '{"discrete":true,"leak_mode":"all","max_delay":1,"max_threshold":1,"max_weight":8,"min_potential":-2,"min_weight":-1}' --encoder "spike" --decoder "rate"
  Selected Fitness: 0.153869

Best Fitness = 0.178951

Bayes Iteration :   7
  Cmd: bin/dimensionality_reduction_risp -a train --app_params 13/dimensionality_reduction.json --eons_params 13/eons.json --proc_params 13/risp.json --threads 13 --epochs 10 --sim_time 32 --extra_eons_params '{"starting_edges":96}' --extra_app_params '{"output_dimensions":8}' --extra_proc_params '{"discrete":false,"leak_mode":"none","max_delay":8,"max_threshold":4,"max_weight":4,"min_potential":-2,"min_weight":-2}' --encoder "spikes" --decoder "rate"
  Selected Fitness: 0.164344

Best Fitness = 0.178951

Bayes Iteration :   8
  Cmd: bin/dimensionality_reduction_risp -a train --app_params 13/dimensionality_reduction.json --eons_params 13/eons.json --proc_params 13/risp.json --threads 13 --epochs 10 --sim_time 32 --extra_eons_params '{"starting_edges":64}' --extra_app_params '{"output_dimensions":4}' --extra_proc_params '{"discrete":true,"leak_mode":"all","max_delay":2,"max_threshold":4,"max_weight":4,"min_potential":-1,"min_weight":-2}' --encoder "spikes" --decoder "rate"
  Selected Fitness: 0.17384

Best Fitness = 0.178951

Bayes Iteration :   9
  Cmd: bin/dimensionality_reduction_risp -a train --app_params 13/dimensionality_reduction.json --eons_params 13/eons.json --proc_params 13/risp.json --threads 13 --epochs 10 --sim_time 64 --extra_eons_params '{"starting_edges":96}' --extra_app_params '{"output_dimensions":32}' --extra_proc_params '{"discrete":false,"leak_mode":"none","max_delay":2,"max_threshold":4,"max_weight":16,"min_potential":-4,"min_weight":-2}' --encoder "rate" --decoder "rate"
  Selected Fitness: 0.125004

Best Fitness = 0.178951

Bayes Iteration :  10
  Cmd: bin/dimensionality_reduction_risp -a train --app_params 13/dimensionality_reduction.json --eons_params 13/eons.json --proc_params 13/risp.json --threads 13 --epochs 10 --sim_time 8 --extra_eons_params '{"starting_edges":96}' --extra_app_params '{"output_dimensions":16}' --extra_proc_params '{"discrete":false,"leak_mode":"all","max_delay":8,"max_threshold":8,"max_weight":16,"min_potential":-8,"min_weight":-2}' --encoder "temporal" --decoder "ttls"
  Selected Fitness: 0.0996899

Best Fitness = 0.178951

Bayes Iteration :  11
  Cmd: bin/dimensionality_reduction_risp -a train --app_params 13/dimensionality_reduction.json --eons_params 13/eons.json --proc_params 13/risp.json --threads 13 --epochs 10 --sim_time 64 --extra_eons_params '{"starting_edges":96}' --extra_app_params '{"output_dimensions":4}' --extra_proc_params '{"discrete":false,"leak_mode":"none","max_delay":4,"max_threshold":4,"max_weight":16,"min_potential":-4,"min_weight":-2}' --encoder "val" --decoder "ttls"
  Selected Fitness: 0.169219

Best Fitness = 0.178951

Bayes Iteration :  12
  Cmd: bin/dimensionality_reduction_risp -a train --app_params 13/dimensionality_reduction.json --eons_params 13/eons.json --proc_params 13/risp.json --threads 13 --epochs 10 --sim_time 128 --extra_eons_params '{"starting_edges":96}' --extra_app_params '{"output_dimensions":8}' --extra_proc_params '{"discrete":true,"leak_mode":"none","max_delay":4,"max_threshold":2,"max_weight":8,"min_potential":-2,"min_weight":-4}' --encoder "val" --decoder "rate"
  Selected Fitness: 0.193369

Best Fitness = 0.211804

Bayes Iteration :  13
  Cmd: bin/dimensionality_reduction_risp -a train --app_params 13/dimensionality_reduction.json --eons_params 13/eons.json --proc_params 13/risp.json --threads 13 --epochs 10 --sim_time 32 --extra_eons_params '{"starting_edges":64}' --extra_app_params '{"output_dimensions":8}' --extra_proc_params '{"discrete":false,"leak_mode":"all","max_delay":1,"max_threshold":2,"max_weight":4,"min_potential":-2,"min_weight":-2}' --encoder "val" --decoder "rate"
  Selected Fitness: 0.179054

Best Fitness = 0.211804

Bayes Iteration :  14
  Cmd: bin/dimensionality_reduction_risp -a train --app_params 13/dimensionality_reduction.json --eons_params 13/eons.json --proc_params 13/risp.json --threads 13 --epochs 10 --sim_time 16 --extra_eons_params '{"starting_edges":64}' --extra_app_params '{"output_dimensions":8}' --extra_proc_params '{"discrete":true,"leak_mode":"all","max_delay":4,"max_threshold":8,"max_weight":8,"min_potential":-2,"min_weight":-2}' --encoder "temporal" --decoder "ttls"
  Selected Fitness: 0.0902173

Best Fitness = 0.211804

Bayes Iteration :  15
  Cmd: bin/dimensionality_reduction_risp -a train --app_params 13/dimensionality_reduction.json --eons_params 13/eons.json --proc_params 13/risp.json --threads 13 --epochs 10 --sim_time 16 --extra_eons_params '{"starting_edges":96}' --extra_app_params '{"output_dimensions":8}' --extra_proc_params '{"discrete":false,"leak_mode":"all","max_delay":1,"max_threshold":2,"max_weight":8,"min_potential":-4,"min_weight":-1}' --encoder "temporal" --decoder "ttls"
  Selected Fitness: 0.0868344

Best Fitness = 0.211804

Bayes Iteration :  16
  Cmd: bin/dimensionality_reduction_risp -a train --app_params 13/dimensionality_reduction.json --eons_params 13/eons.json --proc_params 13/risp.json --threads 13 --epochs 10 --sim_time 64 --extra_eons_params '{"starting_edges":128}' --extra_app_params '{"output_dimensions":8}' --extra_proc_params '{"discrete":true,"leak_mode":"none","max_delay":16,"max_threshold":8,"max_weight":4,"min_potential":-8,"min_weight":-4}' --encoder "val" --decoder "rate"
  Selected Fitness: 0.157372

Best Fitness = 0.211804

Bayes Iteration :  17
  Cmd: bin/dimensionality_reduction_risp -a train --app_params 13/dimensionality_reduction.json --eons_params 13/eons.json --proc_params 13/risp.json --threads 13 --epochs 10 --sim_time 64 --extra_eons_params '{"starting_edges":96}' --extra_app_params '{"output_dimensions":8}' --extra_proc_params '{"discrete":false,"leak_mode":"none","max_delay":8,"max_threshold":2,"max_weight":16,"min_potential":-2,"min_weight":-4}' --encoder "val" --decoder "ttls"
  Selected Fitness: 0.184213

Best Fitness = 0.211804

Bayes Iteration :  18
  Cmd: bin/dimensionality_reduction_risp -a train --app_params 13/dimensionality_reduction.json --eons_params 13/eons.json --proc_params 13/risp.json --threads 13 --epochs 10 --sim_time 16 --extra_eons_params '{"starting_edges":96}' --extra_app_params '{"output_dimensions":8}' --extra_proc_params '{"discrete":true,"leak_mode":"all","max_delay":4,"max_threshold":16,"max_weight":16,"min_potential":-2,"min_weight":-1}' --encoder "rate" --decoder "rate"
  Selected Fitness: 0.154974

Best Fitness = 0.211804

Bayes Iteration :  19
  Cmd: bin/dimensionality_reduction_risp -a train --app_params 13/dimensionality_reduction.json --eons_params 13/eons.json --proc_params 13/risp.json --threads 13 --epochs 10 --sim_time 16 --extra_eons_params '{"starting_edges":64}' --extra_app_params '{"output_dimensions":8}' --extra_proc_params '{"discrete":false,"leak_mode":"none","max_delay":2,"max_threshold":16,"max_weight":8,"min_potential":-8,"min_weight":-2}' --encoder "rate" --decoder "rate"
  Selected Fitness: 0.149918

Best Fitness = 0.211804

Bayes Iteration :  20
  Cmd: bin/dimensionality_reduction_risp -a train --app_params 13/dimensionality_reduction.json --eons_params 13/eons.json --proc_params 13/risp.json --threads 13 --epochs 10 --sim_time 16 --extra_eons_params '{"starting_edges":96}' --extra_app_params '{"output_dimensions":16}' --extra_proc_params '{"discrete":false,"leak_mode":"all","max_delay":4,"max_threshold":8,"max_weight":4,"min_potential":-2,"min_weight":-1}' --encoder "spikes" --decoder "rate"
  Selected Fitness: 0.148449

Best Fitness = 0.211804

Bayes Iteration :  21
  Cmd: bin/dimensionality_reduction_risp -a train --app_params 13/dimensionality_reduction.json --eons_params 13/eons.json --proc_params 13/risp.json --threads 13 --epochs 10 --sim_time 32 --extra_eons_params '{"starting_edges":96}' --extra_app_params '{"output_dimensions":4}' --extra_proc_params '{"discrete":true,"leak_mode":"none","max_delay":2,"max_threshold":2,"max_weight":4,"min_potential":-1,"min_weight":-2}' --encoder "spikes" --decoder "ttls"
  Selected Fitness: 0.18012

Best Fitness = 0.211804

Bayes Iteration :  22
  Cmd: bin/dimensionality_reduction_risp -a train --app_params 13/dimensionality_reduction.json --eons_params 13/eons.json --proc_params 13/risp.json --threads 13 --epochs 10 --sim_time 32 --extra_eons_params '{"starting_edges":96}' --extra_app_params '{"output_dimensions":32}' --extra_proc_params '{"discrete":true,"leak_mode":"none","max_delay":8,"max_threshold":1,"max_weight":1,"min_potential":-8,"min_weight":-4}' --encoder "rate" --decoder "rate"
  Selected Fitness: 0.025668

Best Fitness = 0.211804

Bayes Iteration :  23
  Cmd: bin/dimensionality_reduction_risp -a train --app_params 13/dimensionality_reduction.json --eons_params 13/eons.json --proc_params 13/risp.json --threads 13 --epochs 10 --sim_time 16 --extra_eons_params '{"starting_edges":96}' --extra_app_params '{"output_dimensions":4}' --extra_proc_params '{"discrete":false,"leak_mode":"none","max_delay":16,"max_threshold":4,"max_weight":1,"min_potential":-4,"min_weight":-2}' --encoder "temporal" --decoder "ttls"
  Selected Fitness: 0.00109739

Best Fitness = 0.211804

Bayes Iteration :  24
  Cmd: bin/dimensionality_reduction_risp -a train --app_params 13/dimensionality_reduction.json --eons_params 13/eons.json --proc_params 13/risp.json --threads 13 --epochs 10 --sim_time 64 --extra_eons_params '{"starting_edges":128}' --extra_app_params '{"output_dimensions":8}' --extra_proc_params '{"discrete":false,"leak_mode":"none","max_delay":2,"max_threshold":4,"max_weight":2,"min_potential":-4,"min_weight":-1}' --encoder "spikes" --decoder "ttls"
  Selected Fitness: 0.158465

Best Fitness = 0.211804

