{
  "app_params": {
    "output_dimensions": [
      2,
      4,
      8,
      16,
      32
    ]
  },
  "app_proc": "dimensionality_reduction_risp",
  "argv": "../bin/bayes --input_file /lustre/isaac24/scratch/jhanna8/repos/2026_dr_tests/bayes/dimensionality_reduction/19/b19.in --output_file /lustre/isaac24/scratch/jhanna8/repos/2026_dr_tests/bayes/dimensionality_reduction/19/b19.out --n_calls 5 -d /lustre/isaac24/scratch/jhanna8/repos/2026_dr_tests/bayes/dimensionality_reduction/19/networks ",
  "bayes_iteration": 5,
  "bayes_iteration_type": "median",
  "best_fitness": [
    {
      "cmd": "bin/dimensionality_reduction_risp -a train --app_params 19/dimensionality_reduction.json --eons_params 19/eons.json --proc_params 19/risp.json --sim_time 16 --threads 13 --epochs 10 --extra_eons_params {\"starting_edges\":128} --extra_app_params {\"output_dimensions\":8} --extra_proc_params {\"discrete\":true,\"leak_mode\":\"none\",\"max_delay\":4,\"max_threshold\":1,\"max_weight\":1,\"min_potential\":-1,\"min_weight\":-2} --encoder \"val\" --decoder \"rate\"",
      "fitness": 0.171011,
      "network": "/lustre/isaac24/scratch/jhanna8/repos/2026_dr_tests/bayes/dimensionality_reduction/19/networks/dimensionality_reduction_risp_5"
    },
    {
      "cmd": "bin/dimensionality_reduction_risp -a train --app_params 19/dimensionality_reduction.json --eons_params 19/eons.json --proc_params 19/risp.json --sim_time 16 --threads 13 --epochs 10 --extra_eons_params {\"starting_edges\":128} --extra_app_params {\"output_dimensions\":16} --extra_proc_params {\"discrete\":true,\"leak_mode\":\"none\",\"max_delay\":16,\"max_threshold\":16,\"max_weight\":2,\"min_potential\":-4,\"min_weight\":-2} --encoder \"val\" --decoder \"ttls\"",
      "fitness": 0.166774,
      "network": "/lustre/isaac24/scratch/jhanna8/repos/2026_dr_tests/bayes/dimensionality_reduction/19/networks/dimensionality_reduction_risp_3"
    },
    {
      "cmd": "bin/dimensionality_reduction_risp -a train --app_params 19/dimensionality_reduction.json --eons_params 19/eons.json --proc_params 19/risp.json --sim_time 16 --threads 13 --epochs 10 --extra_eons_params {\"starting_edges\":128} --extra_app_params {\"output_dimensions\":16} --extra_proc_params {\"discrete\":false,\"leak_mode\":\"all\",\"max_delay\":4,\"max_threshold\":2,\"max_weight\":4,\"min_potential\":-2,\"min_weight\":-2} --encoder \"val\" --decoder \"rate\"",
      "fitness": 0.162125,
      "network": "/lustre/isaac24/scratch/jhanna8/repos/2026_dr_tests/bayes/dimensionality_reduction/19/networks/dimensionality_reduction_risp_1"
    },
    {
      "cmd": "bin/dimensionality_reduction_risp -a train --app_params 19/dimensionality_reduction.json --eons_params 19/eons.json --proc_params 19/risp.json --sim_time 16 --threads 13 --epochs 10 --extra_eons_params {\"starting_edges\":128} --extra_app_params {\"output_dimensions\":4} --extra_proc_params {\"discrete\":false,\"leak_mode\":\"none\",\"max_delay\":1,\"max_threshold\":2,\"max_weight\":2,\"min_potential\":-4,\"min_weight\":-2} --encoder \"rate\" --decoder \"ttls\"",
      "fitness": 0.13441,
      "network": "/lustre/isaac24/scratch/jhanna8/repos/2026_dr_tests/bayes/dimensionality_reduction/19/networks/dimensionality_reduction_risp_2"
    },
    {
      "cmd": "bin/dimensionality_reduction_risp -a train --app_params 19/dimensionality_reduction.json --eons_params 19/eons.json --proc_params 19/risp.json --sim_time 16 --threads 13 --epochs 10 --extra_eons_params {\"starting_edges\":128} --extra_app_params {\"output_dimensions\":16} --extra_proc_params {\"discrete\":false,\"leak_mode\":\"all\",\"max_delay\":2,\"max_threshold\":4,\"max_weight\":16,\"min_potential\":-1,\"min_weight\":-2} --encoder \"spikes\" --decoder \"rate\"",
      "fitness": 0.129198,
      "network": "/lustre/isaac24/scratch/jhanna8/repos/2026_dr_tests/bayes/dimensionality_reduction/19/networks/dimensionality_reduction_risp_4"
    }
  ],
  "command": "bin/dimensionality_reduction_risp -a train --app_params 19/dimensionality_reduction.json --eons_params 19/eons.json --proc_params 19/risp.json --sim_time 16 --threads 13 --epochs 10",
  "command_params": {},
  "data_points": [
    {
      "best": 0.13441,
      "cmd": "bin/dimensionality_reduction_risp -a train --app_params 19/dimensionality_reduction.json --eons_params 19/eons.json --proc_params 19/risp.json --sim_time 16 --threads 13 --epochs 10 --extra_eons_params {\"starting_edges\":128} --extra_app_params {\"output_dimensions\":4} --extra_proc_params {\"discrete\":false,\"leak_mode\":\"none\",\"max_delay\":1,\"max_threshold\":2,\"max_weight\":2,\"min_potential\":-4,\"min_weight\":-2} --encoder \"rate\" --decoder \"ttls\"",
      "fitness": [
        0.13441,
        0.102916,
        0.123239
      ],
      "hyperparam": "2.000000000-1.000000000-1.000000000-1.000000000-0.000000000-1.000000000-1.000000000-1.000000000-1.000000000-2.000000000-0.000000000",
      "mean": 0.12018833333333333,
      "median": 0.123239,
      "network": "/lustre/isaac24/scratch/jhanna8/repos/2026_dr_tests/bayes/dimensionality_reduction/19/networks/dimensionality_reduction_risp_2"
    },
    {
      "best": 0.171011,
      "cmd": "bin/dimensionality_reduction_risp -a train --app_params 19/dimensionality_reduction.json --eons_params 19/eons.json --proc_params 19/risp.json --sim_time 16 --threads 13 --epochs 10 --extra_eons_params {\"starting_edges\":128} --extra_app_params {\"output_dimensions\":8} --extra_proc_params {\"discrete\":true,\"leak_mode\":\"none\",\"max_delay\":4,\"max_threshold\":1,\"max_weight\":1,\"min_potential\":-1,\"min_weight\":-2} --encoder \"val\" --decoder \"rate\"",
      "fitness": [
        0.150727,
        0.171011,
        0.144897
      ],
      "hyperparam": "2.000000000-2.000000000-0.000000000-1.000000000-2.000000000-0.000000000-0.000000000-3.000000000-1.000000000-0.000000000-1.000000000",
      "mean": 0.155545,
      "median": 0.150727,
      "network": "/lustre/isaac24/scratch/jhanna8/repos/2026_dr_tests/bayes/dimensionality_reduction/19/networks/dimensionality_reduction_risp_5"
    },
    {
      "best": 0.166774,
      "cmd": "bin/dimensionality_reduction_risp -a train --app_params 19/dimensionality_reduction.json --eons_params 19/eons.json --proc_params 19/risp.json --sim_time 16 --threads 13 --epochs 10 --extra_eons_params {\"starting_edges\":128} --extra_app_params {\"output_dimensions\":16} --extra_proc_params {\"discrete\":true,\"leak_mode\":\"none\",\"max_delay\":16,\"max_threshold\":16,\"max_weight\":2,\"min_potential\":-4,\"min_weight\":-2} --encoder \"val\" --decoder \"ttls\"",
      "fitness": [
        0.163208,
        0.164035,
        0.166774
      ],
      "hyperparam": "2.000000000-3.000000000-0.000000000-1.000000000-4.000000000-4.000000000-1.000000000-1.000000000-1.000000000-0.000000000-0.000000000",
      "mean": 0.1646723333333333,
      "median": 0.164035,
      "network": "/lustre/isaac24/scratch/jhanna8/repos/2026_dr_tests/bayes/dimensionality_reduction/19/networks/dimensionality_reduction_risp_3"
    },
    {
      "best": 0.129198,
      "cmd": "bin/dimensionality_reduction_risp -a train --app_params 19/dimensionality_reduction.json --eons_params 19/eons.json --proc_params 19/risp.json --sim_time 16 --threads 13 --epochs 10 --extra_eons_params {\"starting_edges\":128} --extra_app_params {\"output_dimensions\":16} --extra_proc_params {\"discrete\":false,\"leak_mode\":\"all\",\"max_delay\":2,\"max_threshold\":4,\"max_weight\":16,\"min_potential\":-1,\"min_weight\":-2} --encoder \"spikes\" --decoder \"rate\"",
      "fitness": [
        0.129198,
        0.0865132,
        0.0885772
      ],
      "hyperparam": "2.000000000-3.000000000-1.000000000-0.000000000-1.000000000-2.000000000-4.000000000-3.000000000-1.000000000-3.000000000-1.000000000",
      "mean": 0.10142946666666668,
      "median": 0.0885772,
      "network": "/lustre/isaac24/scratch/jhanna8/repos/2026_dr_tests/bayes/dimensionality_reduction/19/networks/dimensionality_reduction_risp_4"
    },
    {
      "best": 0.162125,
      "cmd": "bin/dimensionality_reduction_risp -a train --app_params 19/dimensionality_reduction.json --eons_params 19/eons.json --proc_params 19/risp.json --sim_time 16 --threads 13 --epochs 10 --extra_eons_params {\"starting_edges\":128} --extra_app_params {\"output_dimensions\":16} --extra_proc_params {\"discrete\":false,\"leak_mode\":\"all\",\"max_delay\":4,\"max_threshold\":2,\"max_weight\":4,\"min_potential\":-2,\"min_weight\":-2} --encoder \"val\" --decoder \"rate\"",
      "fitness": [
        0.158305,
        0.162125,
        0.136966
      ],
      "hyperparam": "2.000000000-3.000000000-1.000000000-0.000000000-2.000000000-1.000000000-2.000000000-2.000000000-1.000000000-0.000000000-1.000000000",
      "mean": 0.15246533333333334,
      "median": 0.158305,
      "network": "/lustre/isaac24/scratch/jhanna8/repos/2026_dr_tests/bayes/dimensionality_reduction/19/networks/dimensionality_reduction_risp_1"
    }
  ],
  "decoder": {
    "base": [
      "ttls",
      "rate"
    ]
  },
  "encoder": {
    "base": [
      "val",
      "spike",
      "rate",
      "spikes",
      "temporal"
    ]
  },
  "eons_params": {
    "starting_edges": [
      64,
      96,
      128
    ]
  },
  "fitness_metric": "fitness",
  "iterations_per_test": 3,
  "num_best_networks": 0,
  "opt_params": {
    "n_random_starts": 5,
    "random_state": 29736
  },
  "optimizer": "python ../utils/scikit_opt.py",
  "proc_params": {
    "discrete": [
      true,
      false
    ],
    "leak_mode": [
      "all",
      "none"
    ],
    "max_delay": [
      1,
      2,
      4,
      8,
      16
    ],
    "max_threshold": [
      1,
      2,
      4,
      8,
      16
    ],
    "max_weight": [
      1,
      2,
      4,
      8,
      16
    ],
    "min_potential": [
      -8,
      -4,
      -2,
      -1
    ],
    "min_weight": [
      -4,
      -2,
      -1
    ]
  },
  "python_app": false,
  "test_episodes": 0,
  "test_iteration_type": "none"
}
