{
  "app_params": {
    "output_dimensions": [
      2,
      4,
      8,
      16,
      32
    ]
  },
  "app_proc": "dimensionality_reduction_risp",
  "argv": "../bin/bayes --input_file /lustre/isaac24/scratch/jhanna8/repos/2026_dr_tests/bayes/dimensionality_reduction/05/b05.in --output_file /lustre/isaac24/scratch/jhanna8/repos/2026_dr_tests/bayes/dimensionality_reduction/05/b05.out --n_calls 20 -d /lustre/isaac24/scratch/jhanna8/repos/2026_dr_tests/bayes/dimensionality_reduction/05/networks ",
  "bayes_iteration": 20,
  "bayes_iteration_type": "median",
  "best_fitness": [
    {
      "cmd": "bin/dimensionality_reduction_risp -a train --app_params 05/dimensionality_reduction.json --eons_params 05/eons.json --proc_params 05/risp.json --sim_time 16 --threads 13 --epochs 10 --extra_eons_params {\"starting_edges\":96} --extra_app_params {\"output_dimensions\":8} --extra_proc_params {\"discrete\":true,\"leak_mode\":\"none\",\"max_delay\":16,\"max_threshold\":8,\"max_weight\":4,\"min_potential\":-2,\"min_weight\":-2} --encoder \"spikes\" --decoder \"ttls\"",
      "fitness": 0.178728,
      "network": "/lustre/isaac24/scratch/jhanna8/repos/2026_dr_tests/bayes/dimensionality_reduction/05/networks/dimensionality_reduction_risp_14"
    },
    {
      "cmd": "bin/dimensionality_reduction_risp -a train --app_params 05/dimensionality_reduction.json --eons_params 05/eons.json --proc_params 05/risp.json --sim_time 16 --threads 13 --epochs 10 --extra_eons_params {\"starting_edges\":64} --extra_app_params {\"output_dimensions\":32} --extra_proc_params {\"discrete\":false,\"leak_mode\":\"none\",\"max_delay\":2,\"max_threshold\":16,\"max_weight\":4,\"min_potential\":-8,\"min_weight\":-2} --encoder \"spike\" --decoder \"rate\"",
      "fitness": 0.167735,
      "network": "/lustre/isaac24/scratch/jhanna8/repos/2026_dr_tests/bayes/dimensionality_reduction/05/networks/dimensionality_reduction_risp_12"
    },
    {
      "cmd": "bin/dimensionality_reduction_risp -a train --app_params 05/dimensionality_reduction.json --eons_params 05/eons.json --proc_params 05/risp.json --sim_time 16 --threads 13 --epochs 10 --extra_eons_params {\"starting_edges\":128} --extra_app_params {\"output_dimensions\":8} --extra_proc_params {\"discrete\":true,\"leak_mode\":\"none\",\"max_delay\":2,\"max_threshold\":2,\"max_weight\":2,\"min_potential\":-1,\"min_weight\":-1} --encoder \"spikes\" --decoder \"ttls\"",
      "fitness": 0.138041,
      "network": "/lustre/isaac24/scratch/jhanna8/repos/2026_dr_tests/bayes/dimensionality_reduction/05/networks/dimensionality_reduction_risp_2"
    },
    {
      "cmd": "bin/dimensionality_reduction_risp -a train --app_params 05/dimensionality_reduction.json --eons_params 05/eons.json --proc_params 05/risp.json --sim_time 16 --threads 13 --epochs 10 --extra_eons_params {\"starting_edges\":96} --extra_app_params {\"output_dimensions\":8} --extra_proc_params {\"discrete\":true,\"leak_mode\":\"all\",\"max_delay\":8,\"max_threshold\":1,\"max_weight\":1,\"min_potential\":-1,\"min_weight\":-1} --encoder \"spikes\" --decoder \"ttls\"",
      "fitness": 0.135335,
      "network": "/lustre/isaac24/scratch/jhanna8/repos/2026_dr_tests/bayes/dimensionality_reduction/05/networks/dimensionality_reduction_risp_18"
    },
    {
      "cmd": "bin/dimensionality_reduction_risp -a train --app_params 05/dimensionality_reduction.json --eons_params 05/eons.json --proc_params 05/risp.json --sim_time 16 --threads 13 --epochs 10 --extra_eons_params {\"starting_edges\":128} --extra_app_params {\"output_dimensions\":4} --extra_proc_params {\"discrete\":false,\"leak_mode\":\"all\",\"max_delay\":8,\"max_threshold\":16,\"max_weight\":2,\"min_potential\":-2,\"min_weight\":-1} --encoder \"val\" --decoder \"ttls\"",
      "fitness": 0.129672,
      "network": "/lustre/isaac24/scratch/jhanna8/repos/2026_dr_tests/bayes/dimensionality_reduction/05/networks/dimensionality_reduction_risp_7"
    },
    {
      "cmd": "bin/dimensionality_reduction_risp -a train --app_params 05/dimensionality_reduction.json --eons_params 05/eons.json --proc_params 05/risp.json --sim_time 16 --threads 13 --epochs 10 --extra_eons_params {\"starting_edges\":96} --extra_app_params {\"output_dimensions\":4} --extra_proc_params {\"discrete\":true,\"leak_mode\":\"none\",\"max_delay\":4,\"max_threshold\":8,\"max_weight\":4,\"min_potential\":-2,\"min_weight\":-4} --encoder \"val\" --decoder \"rate\"",
      "fitness": 0.125237,
      "network": "/lustre/isaac24/scratch/jhanna8/repos/2026_dr_tests/bayes/dimensionality_reduction/05/networks/dimensionality_reduction_risp_10"
    },
    {
      "cmd": "bin/dimensionality_reduction_risp -a train --app_params 05/dimensionality_reduction.json --eons_params 05/eons.json --proc_params 05/risp.json --sim_time 16 --threads 13 --epochs 10 --extra_eons_params {\"starting_edges\":96} --extra_app_params {\"output_dimensions\":8} --extra_proc_params {\"discrete\":false,\"leak_mode\":\"all\",\"max_delay\":8,\"max_threshold\":8,\"max_weight\":2,\"min_potential\":-4,\"min_weight\":-1} --encoder \"rate\" --decoder \"ttls\"",
      "fitness": 0.111857,
      "network": "/lustre/isaac24/scratch/jhanna8/repos/2026_dr_tests/bayes/dimensionality_reduction/05/networks/dimensionality_reduction_risp_16"
    },
    {
      "cmd": "bin/dimensionality_reduction_risp -a train --app_params 05/dimensionality_reduction.json --eons_params 05/eons.json --proc_params 05/risp.json --sim_time 16 --threads 13 --epochs 10 --extra_eons_params {\"starting_edges\":64} --extra_app_params {\"output_dimensions\":4} --extra_proc_params {\"discrete\":true,\"leak_mode\":\"none\",\"max_delay\":8,\"max_threshold\":8,\"max_weight\":4,\"min_potential\":-8,\"min_weight\":-4} --encoder \"val\" --decoder \"rate\"",
      "fitness": 0.107619,
      "network": "/lustre/isaac24/scratch/jhanna8/repos/2026_dr_tests/bayes/dimensionality_reduction/05/networks/dimensionality_reduction_risp_1"
    },
    {
      "cmd": "bin/dimensionality_reduction_risp -a train --app_params 05/dimensionality_reduction.json --eons_params 05/eons.json --proc_params 05/risp.json --sim_time 16 --threads 13 --epochs 10 --extra_eons_params {\"starting_edges\":128} --extra_app_params {\"output_dimensions\":4} --extra_proc_params {\"discrete\":false,\"leak_mode\":\"all\",\"max_delay\":2,\"max_threshold\":8,\"max_weight\":2,\"min_potential\":-2,\"min_weight\":-1} --encoder \"spike\" --decoder \"ttls\"",
      "fitness": 0.102611,
      "network": "/lustre/isaac24/scratch/jhanna8/repos/2026_dr_tests/bayes/dimensionality_reduction/05/networks/dimensionality_reduction_risp_11"
    },
    {
      "cmd": "bin/dimensionality_reduction_risp -a train --app_params 05/dimensionality_reduction.json --eons_params 05/eons.json --proc_params 05/risp.json --sim_time 16 --threads 13 --epochs 10 --extra_eons_params {\"starting_edges\":96} --extra_app_params {\"output_dimensions\":8} --extra_proc_params {\"discrete\":true,\"leak_mode\":\"all\",\"max_delay\":1,\"max_threshold\":2,\"max_weight\":16,\"min_potential\":-4,\"min_weight\":-1} --encoder \"rate\" --decoder \"rate\"",
      "fitness": 0.102041,
      "network": "/lustre/isaac24/scratch/jhanna8/repos/2026_dr_tests/bayes/dimensionality_reduction/05/networks/dimensionality_reduction_risp_4"
    },
    {
      "cmd": "bin/dimensionality_reduction_risp -a train --app_params 05/dimensionality_reduction.json --eons_params 05/eons.json --proc_params 05/risp.json --sim_time 16 --threads 13 --epochs 10 --extra_eons_params {\"starting_edges\":128} --extra_app_params {\"output_dimensions\":4} --extra_proc_params {\"discrete\":true,\"leak_mode\":\"none\",\"max_delay\":4,\"max_threshold\":16,\"max_weight\":8,\"min_potential\":-2,\"min_weight\":-2} --encoder \"spikes\" --decoder \"rate\"",
      "fitness": 0.0928492,
      "network": "/lustre/isaac24/scratch/jhanna8/repos/2026_dr_tests/bayes/dimensionality_reduction/05/networks/dimensionality_reduction_risp_19"
    },
    {
      "cmd": "bin/dimensionality_reduction_risp -a train --app_params 05/dimensionality_reduction.json --eons_params 05/eons.json --proc_params 05/risp.json --sim_time 16 --threads 13 --epochs 10 --extra_eons_params {\"starting_edges\":96} --extra_app_params {\"output_dimensions\":4} --extra_proc_params {\"discrete\":false,\"leak_mode\":\"all\",\"max_delay\":2,\"max_threshold\":4,\"max_weight\":4,\"min_potential\":-4,\"min_weight\":-2} --encoder \"rate\" --decoder \"ttls\"",
      "fitness": 0.0724071,
      "network": "/lustre/isaac24/scratch/jhanna8/repos/2026_dr_tests/bayes/dimensionality_reduction/05/networks/dimensionality_reduction_risp_3"
    },
    {
      "cmd": "bin/dimensionality_reduction_risp -a train --app_params 05/dimensionality_reduction.json --eons_params 05/eons.json --proc_params 05/risp.json --sim_time 16 --threads 13 --epochs 10 --extra_eons_params {\"starting_edges\":96} --extra_app_params {\"output_dimensions\":4} --extra_proc_params {\"discrete\":true,\"leak_mode\":\"none\",\"max_delay\":1,\"max_threshold\":2,\"max_weight\":8,\"min_potential\":-8,\"min_weight\":-2} --encoder \"rate\" --decoder \"rate\"",
      "fitness": 0.056408,
      "network": "/lustre/isaac24/scratch/jhanna8/repos/2026_dr_tests/bayes/dimensionality_reduction/05/networks/dimensionality_reduction_risp_13"
    },
    {
      "cmd": "bin/dimensionality_reduction_risp -a train --app_params 05/dimensionality_reduction.json --eons_params 05/eons.json --proc_params 05/risp.json --sim_time 16 --threads 13 --epochs 10 --extra_eons_params {\"starting_edges\":64} --extra_app_params {\"output_dimensions\":4} --extra_proc_params {\"discrete\":true,\"leak_mode\":\"all\",\"max_delay\":16,\"max_threshold\":2,\"max_weight\":4,\"min_potential\":-2,\"min_weight\":-2} --encoder \"rate\" --decoder \"ttls\"",
      "fitness": 0.0554231,
      "network": "/lustre/isaac24/scratch/jhanna8/repos/2026_dr_tests/bayes/dimensionality_reduction/05/networks/dimensionality_reduction_risp_5"
    },
    {
      "cmd": "bin/dimensionality_reduction_risp -a train --app_params 05/dimensionality_reduction.json --eons_params 05/eons.json --proc_params 05/risp.json --sim_time 16 --threads 13 --epochs 10 --extra_eons_params {\"starting_edges\":96} --extra_app_params {\"output_dimensions\":2} --extra_proc_params {\"discrete\":false,\"leak_mode\":\"all\",\"max_delay\":4,\"max_threshold\":8,\"max_weight\":2,\"min_potential\":-4,\"min_weight\":-2} --encoder \"val\" --decoder \"ttls\"",
      "fitness": 0.0484762,
      "network": "/lustre/isaac24/scratch/jhanna8/repos/2026_dr_tests/bayes/dimensionality_reduction/05/networks/dimensionality_reduction_risp_8"
    },
    {
      "cmd": "bin/dimensionality_reduction_risp -a train --app_params 05/dimensionality_reduction.json --eons_params 05/eons.json --proc_params 05/risp.json --sim_time 16 --threads 13 --epochs 10 --extra_eons_params {\"starting_edges\":128} --extra_app_params {\"output_dimensions\":4} --extra_proc_params {\"discrete\":true,\"leak_mode\":\"all\",\"max_delay\":4,\"max_threshold\":2,\"max_weight\":1,\"min_potential\":-1,\"min_weight\":-2} --encoder \"spikes\" --decoder \"ttls\"",
      "fitness": 0.0442517,
      "network": "/lustre/isaac24/scratch/jhanna8/repos/2026_dr_tests/bayes/dimensionality_reduction/05/networks/dimensionality_reduction_risp_15"
    },
    {
      "cmd": "bin/dimensionality_reduction_risp -a train --app_params 05/dimensionality_reduction.json --eons_params 05/eons.json --proc_params 05/risp.json --sim_time 16 --threads 13 --epochs 10 --extra_eons_params {\"starting_edges\":96} --extra_app_params {\"output_dimensions\":8} --extra_proc_params {\"discrete\":false,\"leak_mode\":\"none\",\"max_delay\":2,\"max_threshold\":16,\"max_weight\":4,\"min_potential\":-2,\"min_weight\":-2} --encoder \"temporal\" --decoder \"ttls\"",
      "fitness": 0.00638578,
      "network": "/lustre/isaac24/scratch/jhanna8/repos/2026_dr_tests/bayes/dimensionality_reduction/05/networks/dimensionality_reduction_risp_20"
    },
    {
      "cmd": "bin/dimensionality_reduction_risp -a train --app_params 05/dimensionality_reduction.json --eons_params 05/eons.json --proc_params 05/risp.json --sim_time 16 --threads 13 --epochs 10 --extra_eons_params {\"starting_edges\":64} --extra_app_params {\"output_dimensions\":4} --extra_proc_params {\"discrete\":true,\"leak_mode\":\"none\",\"max_delay\":1,\"max_threshold\":1,\"max_weight\":16,\"min_potential\":-2,\"min_weight\":-2} --encoder \"temporal\" --decoder \"rate\"",
      "fitness": -0.00646254,
      "network": "/lustre/isaac24/scratch/jhanna8/repos/2026_dr_tests/bayes/dimensionality_reduction/05/networks/dimensionality_reduction_risp_17"
    },
    {
      "cmd": "bin/dimensionality_reduction_risp -a train --app_params 05/dimensionality_reduction.json --eons_params 05/eons.json --proc_params 05/risp.json --sim_time 16 --threads 13 --epochs 10 --extra_eons_params {\"starting_edges\":64} --extra_app_params {\"output_dimensions\":2} --extra_proc_params {\"discrete\":false,\"leak_mode\":\"all\",\"max_delay\":2,\"max_threshold\":16,\"max_weight\":4,\"min_potential\":-4,\"min_weight\":-4} --encoder \"rate\" --decoder \"rate\"",
      "fitness": -0.0309165,
      "network": "/lustre/isaac24/scratch/jhanna8/repos/2026_dr_tests/bayes/dimensionality_reduction/05/networks/dimensionality_reduction_risp_6"
    },
    {
      "cmd": "bin/dimensionality_reduction_risp -a train --app_params 05/dimensionality_reduction.json --eons_params 05/eons.json --proc_params 05/risp.json --sim_time 16 --threads 13 --epochs 10 --extra_eons_params {\"starting_edges\":96} --extra_app_params {\"output_dimensions\":4} --extra_proc_params {\"discrete\":false,\"leak_mode\":\"none\",\"max_delay\":8,\"max_threshold\":2,\"max_weight\":8,\"min_potential\":-8,\"min_weight\":-2} --encoder \"temporal\" --decoder \"ttls\"",
      "fitness": -0.0309177,
      "network": "/lustre/isaac24/scratch/jhanna8/repos/2026_dr_tests/bayes/dimensionality_reduction/05/networks/dimensionality_reduction_risp_9"
    }
  ],
  "command": "bin/dimensionality_reduction_risp -a train --app_params 05/dimensionality_reduction.json --eons_params 05/eons.json --proc_params 05/risp.json --sim_time 16 --threads 13 --epochs 10",
  "command_params": {},
  "data_points": [
    {
      "best": -0.0309165,
      "cmd": "bin/dimensionality_reduction_risp -a train --app_params 05/dimensionality_reduction.json --eons_params 05/eons.json --proc_params 05/risp.json --sim_time 16 --threads 13 --epochs 10 --extra_eons_params {\"starting_edges\":64} --extra_app_params {\"output_dimensions\":2} --extra_proc_params {\"discrete\":false,\"leak_mode\":\"all\",\"max_delay\":2,\"max_threshold\":16,\"max_weight\":4,\"min_potential\":-4,\"min_weight\":-4} --encoder \"rate\" --decoder \"rate\"",
      "fitness": [
        -0.0357835,
        -0.0309165,
        -0.0319477
      ],
      "hyperparam": "0.000000000-0.000000000-1.000000000-0.000000000-1.000000000-4.000000000-2.000000000-1.000000000-0.000000000-2.000000000-1.000000000",
      "mean": -0.03288256666666667,
      "median": -0.0319477,
      "network": "/lustre/isaac24/scratch/jhanna8/repos/2026_dr_tests/bayes/dimensionality_reduction/05/networks/dimensionality_reduction_risp_6"
    },
    {
      "best": 0.0554231,
      "cmd": "bin/dimensionality_reduction_risp -a train --app_params 05/dimensionality_reduction.json --eons_params 05/eons.json --proc_params 05/risp.json --sim_time 16 --threads 13 --epochs 10 --extra_eons_params {\"starting_edges\":64} --extra_app_params {\"output_dimensions\":4} --extra_proc_params {\"discrete\":true,\"leak_mode\":\"all\",\"max_delay\":16,\"max_threshold\":2,\"max_weight\":4,\"min_potential\":-2,\"min_weight\":-2} --encoder \"rate\" --decoder \"ttls\"",
      "fitness": [
        0.051331,
        0.0554231,
        0.0485821
      ],
      "hyperparam": "0.000000000-1.000000000-0.000000000-0.000000000-4.000000000-1.000000000-2.000000000-2.000000000-1.000000000-2.000000000-0.000000000",
      "mean": 0.051778733333333334,
      "median": 0.051331,
      "network": "/lustre/isaac24/scratch/jhanna8/repos/2026_dr_tests/bayes/dimensionality_reduction/05/networks/dimensionality_reduction_risp_5"
    },
    {
      "best": -0.00646254,
      "cmd": "bin/dimensionality_reduction_risp -a train --app_params 05/dimensionality_reduction.json --eons_params 05/eons.json --proc_params 05/risp.json --sim_time 16 --threads 13 --epochs 10 --extra_eons_params {\"starting_edges\":64} --extra_app_params {\"output_dimensions\":4} --extra_proc_params {\"discrete\":true,\"leak_mode\":\"none\",\"max_delay\":1,\"max_threshold\":1,\"max_weight\":16,\"min_potential\":-2,\"min_weight\":-2} --encoder \"temporal\" --decoder \"rate\"",
      "fitness": [
        -0.0155751,
        -0.0207454,
        -0.00646254
      ],
      "hyperparam": "0.000000000-1.000000000-0.000000000-1.000000000-0.000000000-0.000000000-4.000000000-2.000000000-1.000000000-4.000000000-1.000000000",
      "mean": -0.014261013333333334,
      "median": -0.0155751,
      "network": "/lustre/isaac24/scratch/jhanna8/repos/2026_dr_tests/bayes/dimensionality_reduction/05/networks/dimensionality_reduction_risp_17"
    },
    {
      "best": 0.107619,
      "cmd": "bin/dimensionality_reduction_risp -a train --app_params 05/dimensionality_reduction.json --eons_params 05/eons.json --proc_params 05/risp.json --sim_time 16 --threads 13 --epochs 10 --extra_eons_params {\"starting_edges\":64} --extra_app_params {\"output_dimensions\":4} --extra_proc_params {\"discrete\":true,\"leak_mode\":\"none\",\"max_delay\":8,\"max_threshold\":8,\"max_weight\":4,\"min_potential\":-8,\"min_weight\":-4} --encoder \"val\" --decoder \"rate\"",
      "fitness": [
        0.107619,
        0.066487,
        0.0712602
      ],
      "hyperparam": "0.000000000-1.000000000-0.000000000-1.000000000-3.000000000-3.000000000-2.000000000-0.000000000-0.000000000-0.000000000-1.000000000",
      "mean": 0.08178873333333334,
      "median": 0.0712602,
      "network": "/lustre/isaac24/scratch/jhanna8/repos/2026_dr_tests/bayes/dimensionality_reduction/05/networks/dimensionality_reduction_risp_1"
    },
    {
      "best": 0.167735,
      "cmd": "bin/dimensionality_reduction_risp -a train --app_params 05/dimensionality_reduction.json --eons_params 05/eons.json --proc_params 05/risp.json --sim_time 16 --threads 13 --epochs 10 --extra_eons_params {\"starting_edges\":64} --extra_app_params {\"output_dimensions\":32} --extra_proc_params {\"discrete\":false,\"leak_mode\":\"none\",\"max_delay\":2,\"max_threshold\":16,\"max_weight\":4,\"min_potential\":-8,\"min_weight\":-2} --encoder \"spike\" --decoder \"rate\"",
      "fitness": [
        0.146927,
        0.153769,
        0.167735
      ],
      "hyperparam": "0.000000000-4.000000000-1.000000000-1.000000000-1.000000000-4.000000000-2.000000000-0.000000000-1.000000000-1.000000000-1.000000000",
      "mean": 0.15614366666666665,
      "median": 0.153769,
      "network": "/lustre/isaac24/scratch/jhanna8/repos/2026_dr_tests/bayes/dimensionality_reduction/05/networks/dimensionality_reduction_risp_12"
    },
    {
      "best": 0.0484762,
      "cmd": "bin/dimensionality_reduction_risp -a train --app_params 05/dimensionality_reduction.json --eons_params 05/eons.json --proc_params 05/risp.json --sim_time 16 --threads 13 --epochs 10 --extra_eons_params {\"starting_edges\":96} --extra_app_params {\"output_dimensions\":2} --extra_proc_params {\"discrete\":false,\"leak_mode\":\"all\",\"max_delay\":4,\"max_threshold\":8,\"max_weight\":2,\"min_potential\":-4,\"min_weight\":-2} --encoder \"val\" --decoder \"ttls\"",
      "fitness": [
        -0.0219932,
        0.0176487,
        0.0484762
      ],
      "hyperparam": "1.000000000-0.000000000-1.000000000-0.000000000-2.000000000-3.000000000-1.000000000-1.000000000-1.000000000-0.000000000-0.000000000",
      "mean": 0.014710566666666666,
      "median": 0.0176487,
      "network": "/lustre/isaac24/scratch/jhanna8/repos/2026_dr_tests/bayes/dimensionality_reduction/05/networks/dimensionality_reduction_risp_8"
    },
    {
      "best": 0.056408,
      "cmd": "bin/dimensionality_reduction_risp -a train --app_params 05/dimensionality_reduction.json --eons_params 05/eons.json --proc_params 05/risp.json --sim_time 16 --threads 13 --epochs 10 --extra_eons_params {\"starting_edges\":96} --extra_app_params {\"output_dimensions\":4} --extra_proc_params {\"discrete\":true,\"leak_mode\":\"none\",\"max_delay\":1,\"max_threshold\":2,\"max_weight\":8,\"min_potential\":-8,\"min_weight\":-2} --encoder \"rate\" --decoder \"rate\"",
      "fitness": [
        0.0381405,
        0.0556412,
        0.056408
      ],
      "hyperparam": "1.000000000-1.000000000-0.000000000-1.000000000-0.000000000-1.000000000-3.000000000-0.000000000-1.000000000-2.000000000-1.000000000",
      "mean": 0.050063233333333325,
      "median": 0.0556412,
      "network": "/lustre/isaac24/scratch/jhanna8/repos/2026_dr_tests/bayes/dimensionality_reduction/05/networks/dimensionality_reduction_risp_13"
    },
    {
      "best": 0.125237,
      "cmd": "bin/dimensionality_reduction_risp -a train --app_params 05/dimensionality_reduction.json --eons_params 05/eons.json --proc_params 05/risp.json --sim_time 16 --threads 13 --epochs 10 --extra_eons_params {\"starting_edges\":96} --extra_app_params {\"output_dimensions\":4} --extra_proc_params {\"discrete\":true,\"leak_mode\":\"none\",\"max_delay\":4,\"max_threshold\":8,\"max_weight\":4,\"min_potential\":-2,\"min_weight\":-4} --encoder \"val\" --decoder \"rate\"",
      "fitness": [
        0.0682207,
        0.125237,
        0.120814
      ],
      "hyperparam": "1.000000000-1.000000000-0.000000000-1.000000000-2.000000000-3.000000000-2.000000000-2.000000000-0.000000000-0.000000000-1.000000000",
      "mean": 0.10475723333333332,
      "median": 0.120814,
      "network": "/lustre/isaac24/scratch/jhanna8/repos/2026_dr_tests/bayes/dimensionality_reduction/05/networks/dimensionality_reduction_risp_10"
    },
    {
      "best": 0.0724071,
      "cmd": "bin/dimensionality_reduction_risp -a train --app_params 05/dimensionality_reduction.json --eons_params 05/eons.json --proc_params 05/risp.json --sim_time 16 --threads 13 --epochs 10 --extra_eons_params {\"starting_edges\":96} --extra_app_params {\"output_dimensions\":4} --extra_proc_params {\"discrete\":false,\"leak_mode\":\"all\",\"max_delay\":2,\"max_threshold\":4,\"max_weight\":4,\"min_potential\":-4,\"min_weight\":-2} --encoder \"rate\" --decoder \"ttls\"",
      "fitness": [
        0.0724071,
        0.0312089,
        0.05007
      ],
      "hyperparam": "1.000000000-1.000000000-1.000000000-0.000000000-1.000000000-2.000000000-2.000000000-1.000000000-1.000000000-2.000000000-0.000000000",
      "mean": 0.051228666666666665,
      "median": 0.05007,
      "network": "/lustre/isaac24/scratch/jhanna8/repos/2026_dr_tests/bayes/dimensionality_reduction/05/networks/dimensionality_reduction_risp_3"
    },
    {
      "best": -0.0309177,
      "cmd": "bin/dimensionality_reduction_risp -a train --app_params 05/dimensionality_reduction.json --eons_params 05/eons.json --proc_params 05/risp.json --sim_time 16 --threads 13 --epochs 10 --extra_eons_params {\"starting_edges\":96} --extra_app_params {\"output_dimensions\":4} --extra_proc_params {\"discrete\":false,\"leak_mode\":\"none\",\"max_delay\":8,\"max_threshold\":2,\"max_weight\":8,\"min_potential\":-8,\"min_weight\":-2} --encoder \"temporal\" --decoder \"ttls\"",
      "fitness": [
        -0.0353914,
        -0.0309177,
        -0.0334228
      ],
      "hyperparam": "1.000000000-1.000000000-1.000000000-1.000000000-3.000000000-1.000000000-3.000000000-0.000000000-1.000000000-4.000000000-0.000000000",
      "mean": -0.03324396666666667,
      "median": -0.0334228,
      "network": "/lustre/isaac24/scratch/jhanna8/repos/2026_dr_tests/bayes/dimensionality_reduction/05/networks/dimensionality_reduction_risp_9"
    },
    {
      "best": 0.102041,
      "cmd": "bin/dimensionality_reduction_risp -a train --app_params 05/dimensionality_reduction.json --eons_params 05/eons.json --proc_params 05/risp.json --sim_time 16 --threads 13 --epochs 10 --extra_eons_params {\"starting_edges\":96} --extra_app_params {\"output_dimensions\":8} --extra_proc_params {\"discrete\":true,\"leak_mode\":\"all\",\"max_delay\":1,\"max_threshold\":2,\"max_weight\":16,\"min_potential\":-4,\"min_weight\":-1} --encoder \"rate\" --decoder \"rate\"",
      "fitness": [
        0.0884138,
        0.102041,
        0.0876648
      ],
      "hyperparam": "1.000000000-2.000000000-0.000000000-0.000000000-0.000000000-1.000000000-4.000000000-1.000000000-2.000000000-2.000000000-1.000000000",
      "mean": 0.09270653333333334,
      "median": 0.0884138,
      "network": "/lustre/isaac24/scratch/jhanna8/repos/2026_dr_tests/bayes/dimensionality_reduction/05/networks/dimensionality_reduction_risp_4"
    },
    {
      "best": 0.135335,
      "cmd": "bin/dimensionality_reduction_risp -a train --app_params 05/dimensionality_reduction.json --eons_params 05/eons.json --proc_params 05/risp.json --sim_time 16 --threads 13 --epochs 10 --extra_eons_params {\"starting_edges\":96} --extra_app_params {\"output_dimensions\":8} --extra_proc_params {\"discrete\":true,\"leak_mode\":\"all\",\"max_delay\":8,\"max_threshold\":1,\"max_weight\":1,\"min_potential\":-1,\"min_weight\":-1} --encoder \"spikes\" --decoder \"ttls\"",
      "fitness": [
        0.135335,
        0.12544,
        0.115222
      ],
      "hyperparam": "1.000000000-2.000000000-0.000000000-0.000000000-3.000000000-0.000000000-0.000000000-3.000000000-2.000000000-3.000000000-0.000000000",
      "mean": 0.12533233333333332,
      "median": 0.12544,
      "network": "/lustre/isaac24/scratch/jhanna8/repos/2026_dr_tests/bayes/dimensionality_reduction/05/networks/dimensionality_reduction_risp_18"
    },
    {
      "best": 0.178728,
      "cmd": "bin/dimensionality_reduction_risp -a train --app_params 05/dimensionality_reduction.json --eons_params 05/eons.json --proc_params 05/risp.json --sim_time 16 --threads 13 --epochs 10 --extra_eons_params {\"starting_edges\":96} --extra_app_params {\"output_dimensions\":8} --extra_proc_params {\"discrete\":true,\"leak_mode\":\"none\",\"max_delay\":16,\"max_threshold\":8,\"max_weight\":4,\"min_potential\":-2,\"min_weight\":-2} --encoder \"spikes\" --decoder \"ttls\"",
      "fitness": [
        0.1749,
        0.177576,
        0.178728
      ],
      "hyperparam": "1.000000000-2.000000000-0.000000000-1.000000000-4.000000000-3.000000000-2.000000000-2.000000000-1.000000000-3.000000000-0.000000000",
      "mean": 0.177068,
      "median": 0.177576,
      "network": "/lustre/isaac24/scratch/jhanna8/repos/2026_dr_tests/bayes/dimensionality_reduction/05/networks/dimensionality_reduction_risp_14"
    },
    {
      "best": 0.111857,
      "cmd": "bin/dimensionality_reduction_risp -a train --app_params 05/dimensionality_reduction.json --eons_params 05/eons.json --proc_params 05/risp.json --sim_time 16 --threads 13 --epochs 10 --extra_eons_params {\"starting_edges\":96} --extra_app_params {\"output_dimensions\":8} --extra_proc_params {\"discrete\":false,\"leak_mode\":\"all\",\"max_delay\":8,\"max_threshold\":8,\"max_weight\":2,\"min_potential\":-4,\"min_weight\":-1} --encoder \"rate\" --decoder \"ttls\"",
      "fitness": [
        0.111857,
        0.0997909,
        0.0850538
      ],
      "hyperparam": "1.000000000-2.000000000-1.000000000-0.000000000-3.000000000-3.000000000-1.000000000-1.000000000-2.000000000-2.000000000-0.000000000",
      "mean": 0.09890056666666668,
      "median": 0.0997909,
      "network": "/lustre/isaac24/scratch/jhanna8/repos/2026_dr_tests/bayes/dimensionality_reduction/05/networks/dimensionality_reduction_risp_16"
    },
    {
      "best": 0.00638578,
      "cmd": "bin/dimensionality_reduction_risp -a train --app_params 05/dimensionality_reduction.json --eons_params 05/eons.json --proc_params 05/risp.json --sim_time 16 --threads 13 --epochs 10 --extra_eons_params {\"starting_edges\":96} --extra_app_params {\"output_dimensions\":8} --extra_proc_params {\"discrete\":false,\"leak_mode\":\"none\",\"max_delay\":2,\"max_threshold\":16,\"max_weight\":4,\"min_potential\":-2,\"min_weight\":-2} --encoder \"temporal\" --decoder \"ttls\"",
      "fitness": [
        0.00638578,
        0.00624405,
        0.00468579
      ],
      "hyperparam": "1.000000000-2.000000000-1.000000000-1.000000000-1.000000000-4.000000000-2.000000000-2.000000000-1.000000000-4.000000000-0.000000000",
      "mean": 0.0057718733333333334,
      "median": 0.00624405,
      "network": "/lustre/isaac24/scratch/jhanna8/repos/2026_dr_tests/bayes/dimensionality_reduction/05/networks/dimensionality_reduction_risp_20"
    },
    {
      "best": 0.0442517,
      "cmd": "bin/dimensionality_reduction_risp -a train --app_params 05/dimensionality_reduction.json --eons_params 05/eons.json --proc_params 05/risp.json --sim_time 16 --threads 13 --epochs 10 --extra_eons_params {\"starting_edges\":128} --extra_app_params {\"output_dimensions\":4} --extra_proc_params {\"discrete\":true,\"leak_mode\":\"all\",\"max_delay\":4,\"max_threshold\":2,\"max_weight\":1,\"min_potential\":-1,\"min_weight\":-2} --encoder \"spikes\" --decoder \"ttls\"",
      "fitness": [
        0.0277878,
        0.0431359,
        0.0442517
      ],
      "hyperparam": "2.000000000-1.000000000-0.000000000-0.000000000-2.000000000-1.000000000-0.000000000-3.000000000-1.000000000-3.000000000-0.000000000",
      "mean": 0.038391800000000004,
      "median": 0.0431359,
      "network": "/lustre/isaac24/scratch/jhanna8/repos/2026_dr_tests/bayes/dimensionality_reduction/05/networks/dimensionality_reduction_risp_15"
    },
    {
      "best": 0.0928492,
      "cmd": "bin/dimensionality_reduction_risp -a train --app_params 05/dimensionality_reduction.json --eons_params 05/eons.json --proc_params 05/risp.json --sim_time 16 --threads 13 --epochs 10 --extra_eons_params {\"starting_edges\":128} --extra_app_params {\"output_dimensions\":4} --extra_proc_params {\"discrete\":true,\"leak_mode\":\"none\",\"max_delay\":4,\"max_threshold\":16,\"max_weight\":8,\"min_potential\":-2,\"min_weight\":-2} --encoder \"spikes\" --decoder \"rate\"",
      "fitness": [
        0.0928492,
        0.0789051,
        0.0861831
      ],
      "hyperparam": "2.000000000-1.000000000-0.000000000-1.000000000-2.000000000-4.000000000-3.000000000-2.000000000-1.000000000-3.000000000-1.000000000",
      "mean": 0.08597913333333335,
      "median": 0.0861831,
      "network": "/lustre/isaac24/scratch/jhanna8/repos/2026_dr_tests/bayes/dimensionality_reduction/05/networks/dimensionality_reduction_risp_19"
    },
    {
      "best": 0.102611,
      "cmd": "bin/dimensionality_reduction_risp -a train --app_params 05/dimensionality_reduction.json --eons_params 05/eons.json --proc_params 05/risp.json --sim_time 16 --threads 13 --epochs 10 --extra_eons_params {\"starting_edges\":128} --extra_app_params {\"output_dimensions\":4} --extra_proc_params {\"discrete\":false,\"leak_mode\":\"all\",\"max_delay\":2,\"max_threshold\":8,\"max_weight\":2,\"min_potential\":-2,\"min_weight\":-1} --encoder \"spike\" --decoder \"ttls\"",
      "fitness": [
        0.100299,
        0.0797534,
        0.102611
      ],
      "hyperparam": "2.000000000-1.000000000-1.000000000-0.000000000-1.000000000-3.000000000-1.000000000-2.000000000-2.000000000-1.000000000-0.000000000",
      "mean": 0.09422113333333333,
      "median": 0.100299,
      "network": "/lustre/isaac24/scratch/jhanna8/repos/2026_dr_tests/bayes/dimensionality_reduction/05/networks/dimensionality_reduction_risp_11"
    },
    {
      "best": 0.129672,
      "cmd": "bin/dimensionality_reduction_risp -a train --app_params 05/dimensionality_reduction.json --eons_params 05/eons.json --proc_params 05/risp.json --sim_time 16 --threads 13 --epochs 10 --extra_eons_params {\"starting_edges\":128} --extra_app_params {\"output_dimensions\":4} --extra_proc_params {\"discrete\":false,\"leak_mode\":\"all\",\"max_delay\":8,\"max_threshold\":16,\"max_weight\":2,\"min_potential\":-2,\"min_weight\":-1} --encoder \"val\" --decoder \"ttls\"",
      "fitness": [
        0.123505,
        0.118821,
        0.129672
      ],
      "hyperparam": "2.000000000-1.000000000-1.000000000-0.000000000-3.000000000-4.000000000-1.000000000-2.000000000-2.000000000-0.000000000-0.000000000",
      "mean": 0.12399933333333334,
      "median": 0.123505,
      "network": "/lustre/isaac24/scratch/jhanna8/repos/2026_dr_tests/bayes/dimensionality_reduction/05/networks/dimensionality_reduction_risp_7"
    },
    {
      "best": 0.138041,
      "cmd": "bin/dimensionality_reduction_risp -a train --app_params 05/dimensionality_reduction.json --eons_params 05/eons.json --proc_params 05/risp.json --sim_time 16 --threads 13 --epochs 10 --extra_eons_params {\"starting_edges\":128} --extra_app_params {\"output_dimensions\":8} --extra_proc_params {\"discrete\":true,\"leak_mode\":\"none\",\"max_delay\":2,\"max_threshold\":2,\"max_weight\":2,\"min_potential\":-1,\"min_weight\":-1} --encoder \"spikes\" --decoder \"ttls\"",
      "fitness": [
        0.138041,
        0.127926,
        0.12352
      ],
      "hyperparam": "2.000000000-2.000000000-0.000000000-1.000000000-1.000000000-1.000000000-1.000000000-3.000000000-2.000000000-3.000000000-0.000000000",
      "mean": 0.129829,
      "median": 0.127926,
      "network": "/lustre/isaac24/scratch/jhanna8/repos/2026_dr_tests/bayes/dimensionality_reduction/05/networks/dimensionality_reduction_risp_2"
    }
  ],
  "decoder": {
    "base": [
      "ttls",
      "rate"
    ]
  },
  "encoder": {
    "base": [
      "val",
      "spike",
      "rate",
      "spikes",
      "temporal"
    ]
  },
  "eons_params": {
    "starting_edges": [
      64,
      96,
      128
    ]
  },
  "fitness_metric": "fitness",
  "iterations_per_test": 3,
  "num_best_networks": 0,
  "opt_params": {
    "n_random_starts": 20,
    "random_state": 26230
  },
  "optimizer": "python ../utils/scikit_opt.py",
  "proc_params": {
    "discrete": [
      true,
      false
    ],
    "leak_mode": [
      "all",
      "none"
    ],
    "max_delay": [
      1,
      2,
      4,
      8,
      16
    ],
    "max_threshold": [
      1,
      2,
      4,
      8,
      16
    ],
    "max_weight": [
      1,
      2,
      4,
      8,
      16
    ],
    "min_potential": [
      -8,
      -4,
      -2,
      -1
    ],
    "min_weight": [
      -4,
      -2,
      -1
    ]
  },
  "python_app": false,
  "test_episodes": 0,
  "test_iteration_type": "none"
}
