Fitness metric fitness
Executing python ../utils/scikit_opt.py --n_calls 100 --n_random_starts 100 --random_state 9021

Writing the following to python: [{"categories":[0,1,2],"name":"starting_edges","type":"C"},{"categories":[0,1,2,3,4],"name":"output_dimensions","type":"C"},{"categories":[0,1],"name":"discrete","type":"C"},{"categories":[0,1],"name":"leak_mode","type":"C"},{"categories":[0,1,2,3,4],"name":"max_delay","type":"C"},{"categories":[0,1,2,3,4],"name":"max_threshold","type":"C"},{"categories":[0,1,2,3,4],"name":"max_weight","type":"C"},{"categories":[0,1,2,3],"name":"min_potential","type":"C"},{"categories":[0,1,2],"name":"min_weight","type":"C"},{"categories":[0,1,2,3,4],"name":"sim_time","type":"C"},{"categories":[0,1,2,3,4],"name":"base","type":"C"},{"categories":[0,1],"name":"base","type":"C"}]
-
Bayes Iteration :   0
  Cmd: bin/dimensionality_reduction_risp -a train --app_params 10/dimensionality_reduction.json --eons_params 10/eons.json --proc_params 10/risp.json --threads 13 --epochs 10 --sim_time 32 --extra_eons_params '{"starting_edges":96}' --extra_app_params '{"output_dimensions":32}' --extra_proc_params '{"discrete":true,"leak_mode":"all","max_delay":8,"max_threshold":8,"max_weight":16,"min_potential":-4,"min_weight":-2}' --encoder "spike" --decoder "ttls"
  Selected Fitness: 6.34279e-06

Best Fitness = 0.000006

Bayes Iteration :   1
  Cmd: bin/dimensionality_reduction_risp -a train --app_params 10/dimensionality_reduction.json --eons_params 10/eons.json --proc_params 10/risp.json --threads 13 --epochs 10 --sim_time 128 --extra_eons_params '{"starting_edges":96}' --extra_app_params '{"output_dimensions":2}' --extra_proc_params '{"discrete":true,"leak_mode":"all","max_delay":2,"max_threshold":4,"max_weight":4,"min_potential":-8,"min_weight":-2}' --encoder "rate" --decoder "ttls"
  Selected Fitness: 8.02175e-05

Best Fitness = 0.000161

Bayes Iteration :   2
  Cmd: bin/dimensionality_reduction_risp -a train --app_params 10/dimensionality_reduction.json --eons_params 10/eons.json --proc_params 10/risp.json --threads 13 --epochs 10 --sim_time 64 --extra_eons_params '{"starting_edges":64}' --extra_app_params '{"output_dimensions":2}' --extra_proc_params '{"discrete":true,"leak_mode":"all","max_delay":4,"max_threshold":2,"max_weight":1,"min_potential":-4,"min_weight":-4}' --encoder "spike" --decoder "rate"
  Selected Fitness: 0

Best Fitness = 0.000348

Bayes Iteration :   3
  Cmd: bin/dimensionality_reduction_risp -a train --app_params 10/dimensionality_reduction.json --eons_params 10/eons.json --proc_params 10/risp.json --threads 13 --epochs 10 --sim_time 32 --extra_eons_params '{"starting_edges":96}' --extra_app_params '{"output_dimensions":8}' --extra_proc_params '{"discrete":true,"leak_mode":"none","max_delay":1,"max_threshold":8,"max_weight":8,"min_potential":-8,"min_weight":-2}' --encoder "spikes" --decoder "rate"
  Selected Fitness: 0

Best Fitness = 0.000348

Bayes Iteration :   4
  Cmd: bin/dimensionality_reduction_risp -a train --app_params 10/dimensionality_reduction.json --eons_params 10/eons.json --proc_params 10/risp.json --threads 13 --epochs 10 --sim_time 32 --extra_eons_params '{"starting_edges":64}' --extra_app_params '{"output_dimensions":4}' --extra_proc_params '{"discrete":true,"leak_mode":"none","max_delay":2,"max_threshold":2,"max_weight":1,"min_potential":-4,"min_weight":-1}' --encoder "spikes" --decoder "ttls"
  Selected Fitness: 4.05737e-05

Best Fitness = 0.000348

Bayes Iteration :   5
  Cmd: bin/dimensionality_reduction_risp -a train --app_params 10/dimensionality_reduction.json --eons_params 10/eons.json --proc_params 10/risp.json --threads 13 --epochs 10 --sim_time 32 --extra_eons_params '{"starting_edges":96}' --extra_app_params '{"output_dimensions":4}' --extra_proc_params '{"discrete":false,"leak_mode":"all","max_delay":1,"max_threshold":8,"max_weight":4,"min_potential":-4,"min_weight":-2}' --encoder "rate" --decoder "ttls"
  Selected Fitness: 7.2489e-06

Best Fitness = 0.000348

Bayes Iteration :   6
  Cmd: bin/dimensionality_reduction_risp -a train --app_params 10/dimensionality_reduction.json --eons_params 10/eons.json --proc_params 10/risp.json --threads 13 --epochs 10 --sim_time 64 --extra_eons_params '{"starting_edges":96}' --extra_app_params '{"output_dimensions":4}' --extra_proc_params '{"discrete":false,"leak_mode":"none","max_delay":8,"max_threshold":2,"max_weight":2,"min_potential":-4,"min_weight":-2}' --encoder "rate" --decoder "ttls"
  Selected Fitness: 1.54888e-05

Best Fitness = 0.000348

Bayes Iteration :   7
  Cmd: bin/dimensionality_reduction_risp -a train --app_params 10/dimensionality_reduction.json --eons_params 10/eons.json --proc_params 10/risp.json --threads 13 --epochs 10 --sim_time 32 --extra_eons_params '{"starting_edges":64}' --extra_app_params '{"output_dimensions":16}' --extra_proc_params '{"discrete":true,"leak_mode":"none","max_delay":16,"max_threshold":4,"max_weight":8,"min_potential":-1,"min_weight":-2}' --encoder "spike" --decoder "ttls"
  Selected Fitness: 1.26856e-05

Best Fitness = 0.000348

Bayes Iteration :   8
  Cmd: bin/dimensionality_reduction_risp -a train --app_params 10/dimensionality_reduction.json --eons_params 10/eons.json --proc_params 10/risp.json --threads 13 --epochs 10 --sim_time 128 --extra_eons_params '{"starting_edges":64}' --extra_app_params '{"output_dimensions":4}' --extra_proc_params '{"discrete":false,"leak_mode":"none","max_delay":4,"max_threshold":8,"max_weight":4,"min_potential":-4,"min_weight":-4}' --encoder "spike" --decoder "ttls"
  Selected Fitness: 5.07423e-05

Best Fitness = 0.000348

Bayes Iteration :   9
  Cmd: bin/dimensionality_reduction_risp -a train --app_params 10/dimensionality_reduction.json --eons_params 10/eons.json --proc_params 10/risp.json --threads 13 --epochs 10 --sim_time 8 --extra_eons_params '{"starting_edges":96}' --extra_app_params '{"output_dimensions":32}' --extra_proc_params '{"discrete":false,"leak_mode":"none","max_delay":4,"max_threshold":1,"max_weight":2,"min_potential":-4,"min_weight":-1}' --encoder "spike" --decoder "ttls"
  Selected Fitness: 9.06112e-06

Best Fitness = 0.000348

Bayes Iteration :  10
  Cmd: bin/dimensionality_reduction_risp -a train --app_params 10/dimensionality_reduction.json --eons_params 10/eons.json --proc_params 10/risp.json --threads 13 --epochs 10 --sim_time 64 --extra_eons_params '{"starting_edges":96}' --extra_app_params '{"output_dimensions":16}' --extra_proc_params '{"discrete":false,"leak_mode":"none","max_delay":8,"max_threshold":2,"max_weight":8,"min_potential":-4,"min_weight":-2}' --encoder "rate" --decoder "rate"
  Selected Fitness: 0

Best Fitness = 0.000348

Bayes Iteration :  11
  Cmd: bin/dimensionality_reduction_risp -a train --app_params 10/dimensionality_reduction.json --eons_params 10/eons.json --proc_params 10/risp.json --threads 13 --epochs 10 --sim_time 32 --extra_eons_params '{"starting_edges":96}' --extra_app_params '{"output_dimensions":2}' --extra_proc_params '{"discrete":true,"leak_mode":"none","max_delay":1,"max_threshold":16,"max_weight":8,"min_potential":-2,"min_weight":-2}' --encoder "val" --decoder "rate"
  Selected Fitness: 0.000104659

Best Fitness = 0.000348

Bayes Iteration :  12
  Cmd: bin/dimensionality_reduction_risp -a train --app_params 10/dimensionality_reduction.json --eons_params 10/eons.json --proc_params 10/risp.json --threads 13 --epochs 10 --sim_time 16 --extra_eons_params '{"starting_edges":64}' --extra_app_params '{"output_dimensions":16}' --extra_proc_params '{"discrete":false,"leak_mode":"none","max_delay":4,"max_threshold":2,"max_weight":16,"min_potential":-8,"min_weight":-2}' --encoder "spike" --decoder "rate"
  Selected Fitness: 1.26856e-05

Best Fitness = 0.000348

Bayes Iteration :  13
  Cmd: bin/dimensionality_reduction_risp -a train --app_params 10/dimensionality_reduction.json --eons_params 10/eons.json --proc_params 10/risp.json --threads 13 --epochs 10 --sim_time 16 --extra_eons_params '{"starting_edges":96}' --extra_app_params '{"output_dimensions":4}' --extra_proc_params '{"discrete":false,"leak_mode":"all","max_delay":8,"max_threshold":16,"max_weight":16,"min_potential":-2,"min_weight":-2}' --encoder "spike" --decoder "rate"
  Selected Fitness: 7.2489e-06

Best Fitness = 0.000348

Bayes Iteration :  14
  Cmd: bin/dimensionality_reduction_risp -a train --app_params 10/dimensionality_reduction.json --eons_params 10/eons.json --proc_params 10/risp.json --threads 13 --epochs 10 --sim_time 16 --extra_eons_params '{"starting_edges":96}' --extra_app_params '{"output_dimensions":4}' --extra_proc_params '{"discrete":false,"leak_mode":"all","max_delay":8,"max_threshold":4,"max_weight":16,"min_potential":-8,"min_weight":-2}' --encoder "temporal" --decoder "rate"
  Selected Fitness: 1.69141e-05

Best Fitness = 0.000348

Bayes Iteration :  15
  Cmd: bin/dimensionality_reduction_risp -a train --app_params 10/dimensionality_reduction.json --eons_params 10/eons.json --proc_params 10/risp.json --threads 13 --epochs 10 --sim_time 8 --extra_eons_params '{"starting_edges":96}' --extra_app_params '{"output_dimensions":32}' --extra_proc_params '{"discrete":true,"leak_mode":"none","max_delay":8,"max_threshold":8,"max_weight":8,"min_potential":-2,"min_weight":-2}' --encoder "val" --decoder "rate"
  Selected Fitness: 1.26856e-05

Best Fitness = 0.000348

Bayes Iteration :  16
  Cmd: bin/dimensionality_reduction_risp -a train --app_params 10/dimensionality_reduction.json --eons_params 10/eons.json --proc_params 10/risp.json --threads 13 --epochs 10 --sim_time 8 --extra_eons_params '{"starting_edges":128}' --extra_app_params '{"output_dimensions":32}' --extra_proc_params '{"discrete":false,"leak_mode":"none","max_delay":8,"max_threshold":2,"max_weight":2,"min_potential":-2,"min_weight":-1}' --encoder "rate" --decoder "rate"
  Selected Fitness: 1.81222e-06

Best Fitness = 0.000348

Bayes Iteration :  17
  Cmd: bin/dimensionality_reduction_risp -a train --app_params 10/dimensionality_reduction.json --eons_params 10/eons.json --proc_params 10/risp.json --threads 13 --epochs 10 --sim_time 64 --extra_eons_params '{"starting_edges":128}' --extra_app_params '{"output_dimensions":4}' --extra_proc_params '{"discrete":true,"leak_mode":"none","max_delay":8,"max_threshold":4,"max_weight":8,"min_potential":-1,"min_weight":-4}' --encoder "rate" --decoder "ttls"
  Selected Fitness: 0

Best Fitness = 0.000348

Bayes Iteration :  18
  Cmd: bin/dimensionality_reduction_risp -a train --app_params 10/dimensionality_reduction.json --eons_params 10/eons.json --proc_params 10/risp.json --threads 13 --epochs 10 --sim_time 64 --extra_eons_params '{"starting_edges":64}' --extra_app_params '{"output_dimensions":4}' --extra_proc_params '{"discrete":false,"leak_mode":"all","max_delay":8,"max_threshold":8,"max_weight":16,"min_potential":-4,"min_weight":-1}' --encoder "spikes" --decoder "rate"
  Selected Fitness: 4.10334e-05

Best Fitness = 0.000348

Bayes Iteration :  19
  Cmd: bin/dimensionality_reduction_risp -a train --app_params 10/dimensionality_reduction.json --eons_params 10/eons.json --proc_params 10/risp.json --threads 13 --epochs 10 --sim_time 16 --extra_eons_params '{"starting_edges":128}' --extra_app_params '{"output_dimensions":8}' --extra_proc_params '{"discrete":false,"leak_mode":"all","max_delay":2,"max_threshold":4,"max_weight":1,"min_potential":-2,"min_weight":-4}' --encoder "spikes" --decoder "ttls"
  Selected Fitness: 6.20999e-05

Best Fitness = 0.000348

Bayes Iteration :  20
  Cmd: bin/dimensionality_reduction_risp -a train --app_params 10/dimensionality_reduction.json --eons_params 10/eons.json --proc_params 10/risp.json --threads 13 --epochs 10 --sim_time 16 --extra_eons_params '{"starting_edges":128}' --extra_app_params '{"output_dimensions":2}' --extra_proc_params '{"discrete":true,"leak_mode":"none","max_delay":2,"max_threshold":4,"max_weight":16,"min_potential":-2,"min_weight":-1}' --encoder "spike" --decoder "ttls"
  Selected Fitness: 0

Best Fitness = 0.000348

Bayes Iteration :  21
  Cmd: bin/dimensionality_reduction_risp -a train --app_params 10/dimensionality_reduction.json --eons_params 10/eons.json --proc_params 10/risp.json --threads 13 --epochs 10 --sim_time 64 --extra_eons_params '{"starting_edges":96}' --extra_app_params '{"output_dimensions":4}' --extra_proc_params '{"discrete":true,"leak_mode":"none","max_delay":1,"max_threshold":4,"max_weight":8,"min_potential":-2,"min_weight":-4}' --encoder "spikes" --decoder "rate"
  Selected Fitness: 4.06393e-05

Best Fitness = 0.000348

Bayes Iteration :  22
  Cmd: bin/dimensionality_reduction_risp -a train --app_params 10/dimensionality_reduction.json --eons_params 10/eons.json --proc_params 10/risp.json --threads 13 --epochs 10 --sim_time 128 --extra_eons_params '{"starting_edges":96}' --extra_app_params '{"output_dimensions":8}' --extra_proc_params '{"discrete":false,"leak_mode":"none","max_delay":4,"max_threshold":8,"max_weight":8,"min_potential":-1,"min_weight":-2}' --encoder "rate" --decoder "ttls"
  Selected Fitness: 0

Best Fitness = 0.000348

Bayes Iteration :  23
  Cmd: bin/dimensionality_reduction_risp -a train --app_params 10/dimensionality_reduction.json --eons_params 10/eons.json --proc_params 10/risp.json --threads 13 --epochs 10 --sim_time 128 --extra_eons_params '{"starting_edges":96}' --extra_app_params '{"output_dimensions":32}' --extra_proc_params '{"discrete":false,"leak_mode":"none","max_delay":4,"max_threshold":2,"max_weight":4,"min_potential":-2,"min_weight":-2}' --encoder "rate" --decoder "ttls"
  Selected Fitness: 5.03006e-06

Best Fitness = 0.000348

Bayes Iteration :  24
  Cmd: bin/dimensionality_reduction_risp -a train --app_params 10/dimensionality_reduction.json --eons_params 10/eons.json --proc_params 10/risp.json --threads 13 --epochs 10 --sim_time 64 --extra_eons_params '{"starting_edges":96}' --extra_app_params '{"output_dimensions":4}' --extra_proc_params '{"discrete":true,"leak_mode":"none","max_delay":1,"max_threshold":2,"max_weight":8,"min_potential":-4,"min_weight":-4}' --encoder "rate" --decoder "rate"
  Selected Fitness: 4.01088e-05

Best Fitness = 0.000348

Bayes Iteration :  25
  Cmd: bin/dimensionality_reduction_risp -a train --app_params 10/dimensionality_reduction.json --eons_params 10/eons.json --proc_params 10/risp.json --threads 13 --epochs 10 --sim_time 64 --extra_eons_params '{"starting_edges":96}' --extra_app_params '{"output_dimensions":8}' --extra_proc_params '{"discrete":true,"leak_mode":"none","max_delay":8,"max_threshold":8,"max_weight":1,"min_potential":-4,"min_weight":-2}' --encoder "val" --decoder "rate"
  Selected Fitness: 2.53711e-05

Best Fitness = 0.000348

Bayes Iteration :  26
  Cmd: bin/dimensionality_reduction_risp -a train --app_params 10/dimensionality_reduction.json --eons_params 10/eons.json --proc_params 10/risp.json --threads 13 --epochs 10 --sim_time 16 --extra_eons_params '{"starting_edges":64}' --extra_app_params '{"output_dimensions":4}' --extra_proc_params '{"discrete":false,"leak_mode":"all","max_delay":4,"max_threshold":4,"max_weight":4,"min_potential":-2,"min_weight":-2}' --encoder "temporal" --decoder "ttls"
  Selected Fitness: 1.69141e-05

Best Fitness = 0.000348

Bayes Iteration :  27
  Cmd: bin/dimensionality_reduction_risp -a train --app_params 10/dimensionality_reduction.json --eons_params 10/eons.json --proc_params 10/risp.json --threads 13 --epochs 10 --sim_time 32 --extra_eons_params '{"starting_edges":128}' --extra_app_params '{"output_dimensions":4}' --extra_proc_params '{"discrete":false,"leak_mode":"none","max_delay":4,"max_threshold":4,"max_weight":2,"min_potential":-8,"min_weight":-2}' --encoder "spike" --decoder "rate"
  Selected Fitness: 0.000224562

Best Fitness = 0.000440

Bayes Iteration :  28
  Cmd: bin/dimensionality_reduction_risp -a train --app_params 10/dimensionality_reduction.json --eons_params 10/eons.json --proc_params 10/risp.json --threads 13 --epochs 10 --sim_time 64 --extra_eons_params '{"starting_edges":96}' --extra_app_params '{"output_dimensions":4}' --extra_proc_params '{"discrete":false,"leak_mode":"none","max_delay":4,"max_threshold":4,"max_weight":1,"min_potential":-2,"min_weight":-1}' --encoder "spike" --decoder "ttls"
  Selected Fitness: 5.31586e-05

Best Fitness = 0.000440

Bayes Iteration :  29
  Cmd: bin/dimensionality_reduction_risp -a train --app_params 10/dimensionality_reduction.json --eons_params 10/eons.json --proc_params 10/risp.json --threads 13 --epochs 10 --sim_time 32 --extra_eons_params '{"starting_edges":128}' --extra_app_params '{"output_dimensions":8}' --extra_proc_params '{"discrete":false,"leak_mode":"none","max_delay":4,"max_threshold":8,"max_weight":16,"min_potential":-2,"min_weight":-2}' --encoder "rate" --decoder "rate"
  Selected Fitness: -6.03441e-05

Best Fitness = 0.000440

Bayes Iteration :  30
  Cmd: bin/dimensionality_reduction_risp -a train --app_params 10/dimensionality_reduction.json --eons_params 10/eons.json --proc_params 10/risp.json --threads 13 --epochs 10 --sim_time 128 --extra_eons_params '{"starting_edges":64}' --extra_app_params '{"output_dimensions":32}' --extra_proc_params '{"discrete":true,"leak_mode":"all","max_delay":8,"max_threshold":1,"max_weight":2,"min_potential":-1,"min_weight":-2}' --encoder "val" --decoder "ttls"
  Selected Fitness: 2.71834e-06

Best Fitness = 0.000440

Bayes Iteration :  31
  Cmd: bin/dimensionality_reduction_risp -a train --app_params 10/dimensionality_reduction.json --eons_params 10/eons.json --proc_params 10/risp.json --threads 13 --epochs 10 --sim_time 128 --extra_eons_params '{"starting_edges":96}' --extra_app_params '{"output_dimensions":8}' --extra_proc_params '{"discrete":false,"leak_mode":"none","max_delay":2,"max_threshold":1,"max_weight":4,"min_potential":-1,"min_weight":-1}' --encoder "rate" --decoder "ttls"
  Selected Fitness: 3.62445e-06

Best Fitness = 0.000440

Bayes Iteration :  32
  Cmd: bin/dimensionality_reduction_risp -a train --app_params 10/dimensionality_reduction.json --eons_params 10/eons.json --proc_params 10/risp.json --threads 13 --epochs 10 --sim_time 32 --extra_eons_params '{"starting_edges":128}' --extra_app_params '{"output_dimensions":8}' --extra_proc_params '{"discrete":true,"leak_mode":"all","max_delay":2,"max_threshold":2,"max_weight":2,"min_potential":-8,"min_weight":-1}' --encoder "spike" --decoder "rate"
  Selected Fitness: 5.07423e-05

Best Fitness = 0.000440

Bayes Iteration :  33
  Cmd: bin/dimensionality_reduction_risp -a train --app_params 10/dimensionality_reduction.json --eons_params 10/eons.json --proc_params 10/risp.json --threads 13 --epochs 10 --sim_time 64 --extra_eons_params '{"starting_edges":96}' --extra_app_params '{"output_dimensions":16}' --extra_proc_params '{"discrete":true,"leak_mode":"none","max_delay":8,"max_threshold":4,"max_weight":4,"min_potential":-8,"min_weight":-2}' --encoder "spikes" --decoder "ttls"
  Selected Fitness: 3.37291e-05

Best Fitness = 0.000440

Bayes Iteration :  34
  Cmd: bin/dimensionality_reduction_risp -a train --app_params 10/dimensionality_reduction.json --eons_params 10/eons.json --proc_params 10/risp.json --threads 13 --epochs 10 --sim_time 16 --extra_eons_params '{"starting_edges":96}' --extra_app_params '{"output_dimensions":2}' --extra_proc_params '{"discrete":true,"leak_mode":"none","max_delay":16,"max_threshold":4,"max_weight":4,"min_potential":-1,"min_weight":-1}' --encoder "val" --decoder "rate"
  Selected Fitness: 0

Best Fitness = 0.000440

Bayes Iteration :  35
  Cmd: bin/dimensionality_reduction_risp -a train --app_params 10/dimensionality_reduction.json --eons_params 10/eons.json --proc_params 10/risp.json --threads 13 --epochs 10 --sim_time 32 --extra_eons_params '{"starting_edges":96}' --extra_app_params '{"output_dimensions":4}' --extra_proc_params '{"discrete":false,"leak_mode":"none","max_delay":4,"max_threshold":8,"max_weight":16,"min_potential":-8,"min_weight":-1}' --encoder "val" --decoder "rate"
  Selected Fitness: 5.07423e-05

Best Fitness = 0.000440

Bayes Iteration :  36
  Cmd: bin/dimensionality_reduction_risp -a train --app_params 10/dimensionality_reduction.json --eons_params 10/eons.json --proc_params 10/risp.json --threads 13 --epochs 10 --sim_time 16 --extra_eons_params '{"starting_edges":128}' --extra_app_params '{"output_dimensions":16}' --extra_proc_params '{"discrete":false,"leak_mode":"none","max_delay":2,"max_threshold":8,"max_weight":8,"min_potential":-2,"min_weight":-2}' --encoder "spike" --decoder "rate"
  Selected Fitness: 0

Best Fitness = 0.000440

Bayes Iteration :  37
  Cmd: bin/dimensionality_reduction_risp -a train --app_params 10/dimensionality_reduction.json --eons_params 10/eons.json --proc_params 10/risp.json --threads 13 --epochs 10 --sim_time 64 --extra_eons_params '{"starting_edges":128}' --extra_app_params '{"output_dimensions":4}' --extra_proc_params '{"discrete":true,"leak_mode":"none","max_delay":4,"max_threshold":2,"max_weight":8,"min_potential":-8,"min_weight":-1}' --encoder "spike" --decoder "rate"
  Selected Fitness: 0

Best Fitness = 0.000440

Bayes Iteration :  38
  Cmd: bin/dimensionality_reduction_risp -a train --app_params 10/dimensionality_reduction.json --eons_params 10/eons.json --proc_params 10/risp.json --threads 13 --epochs 10 --sim_time 128 --extra_eons_params '{"starting_edges":128}' --extra_app_params '{"output_dimensions":8}' --extra_proc_params '{"discrete":true,"leak_mode":"none","max_delay":8,"max_threshold":8,"max_weight":4,"min_potential":-4,"min_weight":-1}' --encoder "spike" --decoder "rate"
  Selected Fitness: 4.8326e-06

Best Fitness = 0.001092

Bayes Iteration :  39
  Cmd: bin/dimensionality_reduction_risp -a train --app_params 10/dimensionality_reduction.json --eons_params 10/eons.json --proc_params 10/risp.json --threads 13 --epochs 10 --sim_time 16 --extra_eons_params '{"starting_edges":96}' --extra_app_params '{"output_dimensions":16}' --extra_proc_params '{"discrete":false,"leak_mode":"none","max_delay":2,"max_threshold":1,"max_weight":4,"min_potential":-4,"min_weight":-4}' --encoder "spikes" --decoder "ttls"
  Selected Fitness: 2.32603e-05

Best Fitness = 0.001092

Bayes Iteration :  40
  Cmd: bin/dimensionality_reduction_risp -a train --app_params 10/dimensionality_reduction.json --eons_params 10/eons.json --proc_params 10/risp.json --threads 13 --epochs 10 --sim_time 16 --extra_eons_params '{"starting_edges":96}' --extra_app_params '{"output_dimensions":32}' --extra_proc_params '{"discrete":false,"leak_mode":"all","max_delay":4,"max_threshold":4,"max_weight":2,"min_potential":-1,"min_weight":-1}' --encoder "rate" --decoder "ttls"
  Selected Fitness: 6.07326e-06

Best Fitness = 0.001092

Bayes Iteration :  41
  Cmd: bin/dimensionality_reduction_risp -a train --app_params 10/dimensionality_reduction.json --eons_params 10/eons.json --proc_params 10/risp.json --threads 13 --epochs 10 --sim_time 64 --extra_eons_params '{"starting_edges":64}' --extra_app_params '{"output_dimensions":32}' --extra_proc_params '{"discrete":false,"leak_mode":"none","max_delay":16,"max_threshold":16,"max_weight":16,"min_potential":-2,"min_weight":-2}' --encoder "spike" --decoder "rate"
  Selected Fitness: 7.2489e-06

Best Fitness = 0.001092

Bayes Iteration :  42
  Cmd: bin/dimensionality_reduction_risp -a train --app_params 10/dimensionality_reduction.json --eons_params 10/eons.json --proc_params 10/risp.json --threads 13 --epochs 10 --sim_time 16 --extra_eons_params '{"starting_edges":96}' --extra_app_params '{"output_dimensions":4}' --extra_proc_params '{"discrete":true,"leak_mode":"all","max_delay":2,"max_threshold":8,"max_weight":4,"min_potential":-2,"min_weight":-2}' --encoder "spikes" --decoder "ttls"
  Selected Fitness: 1.85228e-06

Best Fitness = 0.001092

Bayes Iteration :  43
  Cmd: bin/dimensionality_reduction_risp -a train --app_params 10/dimensionality_reduction.json --eons_params 10/eons.json --proc_params 10/risp.json --threads 13 --epochs 10 --sim_time 8 --extra_eons_params '{"starting_edges":64}' --extra_app_params '{"output_dimensions":2}' --extra_proc_params '{"discrete":true,"leak_mode":"none","max_delay":2,"max_threshold":4,"max_weight":8,"min_potential":-2,"min_weight":-1}' --encoder "spike" --decoder "rate"
  Selected Fitness: 0.000101485

Best Fitness = 0.001092

Bayes Iteration :  44
  Cmd: bin/dimensionality_reduction_risp -a train --app_params 10/dimensionality_reduction.json --eons_params 10/eons.json --proc_params 10/risp.json --threads 13 --epochs 10 --sim_time 64 --extra_eons_params '{"starting_edges":64}' --extra_app_params '{"output_dimensions":16}' --extra_proc_params '{"discrete":true,"leak_mode":"all","max_delay":2,"max_threshold":4,"max_weight":2,"min_potential":-2,"min_weight":-4}' --encoder "spike" --decoder "rate"
  Selected Fitness: 1.44978e-05

Best Fitness = 0.001092

Bayes Iteration :  45
  Cmd: bin/dimensionality_reduction_risp -a train --app_params 10/dimensionality_reduction.json --eons_params 10/eons.json --proc_params 10/risp.json --threads 13 --epochs 10 --sim_time 64 --extra_eons_params '{"starting_edges":96}' --extra_app_params '{"output_dimensions":16}' --extra_proc_params '{"discrete":false,"leak_mode":"all","max_delay":8,"max_threshold":8,"max_weight":4,"min_potential":-4,"min_weight":-2}' --encoder "temporal" --decoder "rate"
  Selected Fitness: 8.45705e-06

Best Fitness = 0.001092

Bayes Iteration :  46
  Cmd: bin/dimensionality_reduction_risp -a train --app_params 10/dimensionality_reduction.json --eons_params 10/eons.json --proc_params 10/risp.json --threads 13 --epochs 10 --sim_time 32 --extra_eons_params '{"starting_edges":64}' --extra_app_params '{"output_dimensions":8}' --extra_proc_params '{"discrete":false,"leak_mode":"all","max_delay":4,"max_threshold":4,"max_weight":2,"min_potential":-2,"min_weight":-2}' --encoder "val" --decoder "ttls"
  Selected Fitness: 3.62445e-06

Best Fitness = 0.001092

Bayes Iteration :  47
  Cmd: bin/dimensionality_reduction_risp -a train --app_params 10/dimensionality_reduction.json --eons_params 10/eons.json --proc_params 10/risp.json --threads 13 --epochs 10 --sim_time 128 --extra_eons_params '{"starting_edges":96}' --extra_app_params '{"output_dimensions":16}' --extra_proc_params '{"discrete":false,"leak_mode":"all","max_delay":1,"max_threshold":8,"max_weight":2,"min_potential":-2,"min_weight":-1}' --encoder "rate" --decoder "ttls"
  Selected Fitness: 3.01474e-05

Best Fitness = 0.001092

Bayes Iteration :  48
  Cmd: bin/dimensionality_reduction_risp -a train --app_params 10/dimensionality_reduction.json --eons_params 10/eons.json --proc_params 10/risp.json --threads 13 --epochs 10 --sim_time 64 --extra_eons_params '{"starting_edges":96}' --extra_app_params '{"output_dimensions":4}' --extra_proc_params '{"discrete":false,"leak_mode":"all","max_delay":2,"max_threshold":1,"max_weight":1,"min_potential":-1,"min_weight":-1}' --encoder "spike" --decoder "ttls"
  Selected Fitness: 2.4163e-05

Best Fitness = 0.001092

Bayes Iteration :  49
  Cmd: bin/dimensionality_reduction_risp -a train --app_params 10/dimensionality_reduction.json --eons_params 10/eons.json --proc_params 10/risp.json --threads 13 --epochs 10 --sim_time 32 --extra_eons_params '{"starting_edges":128}' --extra_app_params '{"output_dimensions":16}' --extra_proc_params '{"discrete":true,"leak_mode":"all","max_delay":1,"max_threshold":8,"max_weight":8,"min_potential":-4,"min_weight":-1}' --encoder "rate" --decoder "ttls"
  Selected Fitness: -1.84601e-05

Best Fitness = 0.001092

Bayes Iteration :  50
  Cmd: bin/dimensionality_reduction_risp -a train --app_params 10/dimensionality_reduction.json --eons_params 10/eons.json --proc_params 10/risp.json --threads 13 --epochs 10 --sim_time 64 --extra_eons_params '{"starting_edges":96}' --extra_app_params '{"output_dimensions":4}' --extra_proc_params '{"discrete":true,"leak_mode":"none","max_delay":4,"max_threshold":8,"max_weight":8,"min_potential":-8,"min_weight":-2}' --encoder "spikes" --decoder "ttls"
  Selected Fitness: 4.80491e-05

Best Fitness = 0.001092

Bayes Iteration :  51
  Cmd: bin/dimensionality_reduction_risp -a train --app_params 10/dimensionality_reduction.json --eons_params 10/eons.json --proc_params 10/risp.json --threads 13 --epochs 10 --sim_time 8 --extra_eons_params '{"starting_edges":96}' --extra_app_params '{"output_dimensions":8}' --extra_proc_params '{"discrete":true,"leak_mode":"all","max_delay":1,"max_threshold":1,"max_weight":8,"min_potential":-4,"min_weight":-1}' --encoder "val" --decoder "rate"
  Selected Fitness: 0

Best Fitness = 0.001092

Bayes Iteration :  52
  Cmd: bin/dimensionality_reduction_risp -a train --app_params 10/dimensionality_reduction.json --eons_params 10/eons.json --proc_params 10/risp.json --threads 13 --epochs 10 --sim_time 16 --extra_eons_params '{"starting_edges":96}' --extra_app_params '{"output_dimensions":2}' --extra_proc_params '{"discrete":false,"leak_mode":"none","max_delay":16,"max_threshold":4,"max_weight":4,"min_potential":-1,"min_weight":-4}' --encoder "spike" --decoder "ttls"
  Selected Fitness: 0.000153666

Best Fitness = 0.001092

Bayes Iteration :  53
  Cmd: bin/dimensionality_reduction_risp -a train --app_params 10/dimensionality_reduction.json --eons_params 10/eons.json --proc_params 10/risp.json --threads 13 --epochs 10 --sim_time 8 --extra_eons_params '{"starting_edges":96}' --extra_app_params '{"output_dimensions":16}' --extra_proc_params '{"discrete":true,"leak_mode":"none","max_delay":16,"max_threshold":16,"max_weight":8,"min_potential":-8,"min_weight":-4}' --encoder "rate" --decoder "rate"
  Selected Fitness: 1.26856e-05

Best Fitness = 0.001092

Bayes Iteration :  54
  Cmd: bin/dimensionality_reduction_risp -a train --app_params 10/dimensionality_reduction.json --eons_params 10/eons.json --proc_params 10/risp.json --threads 13 --epochs 10 --sim_time 128 --extra_eons_params '{"starting_edges":96}' --extra_app_params '{"output_dimensions":4}' --extra_proc_params '{"discrete":true,"leak_mode":"none","max_delay":16,"max_threshold":1,"max_weight":2,"min_potential":-1,"min_weight":-4}' --encoder "val" --decoder "rate"
  Selected Fitness: 0.000101485

Best Fitness = 0.001092

Bayes Iteration :  55
  Cmd: bin/dimensionality_reduction_risp -a train --app_params 10/dimensionality_reduction.json --eons_params 10/eons.json --proc_params 10/risp.json --threads 13 --epochs 10 --sim_time 64 --extra_eons_params '{"starting_edges":64}' --extra_app_params '{"output_dimensions":32}' --extra_proc_params '{"discrete":false,"leak_mode":"none","max_delay":4,"max_threshold":1,"max_weight":4,"min_potential":-4,"min_weight":-2}' --encoder "spike" --decoder "rate"
  Selected Fitness: 7.2489e-06

Best Fitness = 0.001092

Bayes Iteration :  56
  Cmd: bin/dimensionality_reduction_risp -a train --app_params 10/dimensionality_reduction.json --eons_params 10/eons.json --proc_params 10/risp.json --threads 13 --epochs 10 --sim_time 16 --extra_eons_params '{"starting_edges":96}' --extra_app_params '{"output_dimensions":4}' --extra_proc_params '{"discrete":true,"leak_mode":"none","max_delay":4,"max_threshold":4,"max_weight":2,"min_potential":-8,"min_weight":-4}' --encoder "temporal" --decoder "rate"
  Selected Fitness: 2.59074e-05

Best Fitness = 0.001092

Bayes Iteration :  57
  Cmd: bin/dimensionality_reduction_risp -a train --app_params 10/dimensionality_reduction.json --eons_params 10/eons.json --proc_params 10/risp.json --threads 13 --epochs 10 --sim_time 64 --extra_eons_params '{"starting_edges":96}' --extra_app_params '{"output_dimensions":8}' --extra_proc_params '{"discrete":true,"leak_mode":"none","max_delay":4,"max_threshold":2,"max_weight":2,"min_potential":-2,"min_weight":-2}' --encoder "val" --decoder "rate"
  Selected Fitness: 0

Best Fitness = 0.001092

Bayes Iteration :  58
  Cmd: bin/dimensionality_reduction_risp -a train --app_params 10/dimensionality_reduction.json --eons_params 10/eons.json --proc_params 10/risp.json --threads 13 --epochs 10 --sim_time 16 --extra_eons_params '{"starting_edges":96}' --extra_app_params '{"output_dimensions":2}' --extra_proc_params '{"discrete":true,"leak_mode":"none","max_delay":8,"max_threshold":4,"max_weight":4,"min_potential":-2,"min_weight":-1}' --encoder "spike" --decoder "ttls"
  Selected Fitness: 0

Best Fitness = 0.001092

Bayes Iteration :  59
  Cmd: bin/dimensionality_reduction_risp -a train --app_params 10/dimensionality_reduction.json --eons_params 10/eons.json --proc_params 10/risp.json --threads 13 --epochs 10 --sim_time 64 --extra_eons_params '{"starting_edges":96}' --extra_app_params '{"output_dimensions":2}' --extra_proc_params '{"discrete":false,"leak_mode":"all","max_delay":16,"max_threshold":2,"max_weight":16,"min_potential":-1,"min_weight":-2}' --encoder "spikes" --decoder "rate"
  Selected Fitness: 0

Best Fitness = 0.001092

Bayes Iteration :  60
  Cmd: bin/dimensionality_reduction_risp -a train --app_params 10/dimensionality_reduction.json --eons_params 10/eons.json --proc_params 10/risp.json --threads 13 --epochs 10 --sim_time 32 --extra_eons_params '{"starting_edges":64}' --extra_app_params '{"output_dimensions":8}' --extra_proc_params '{"discrete":false,"leak_mode":"none","max_delay":1,"max_threshold":8,"max_weight":4,"min_potential":-4,"min_weight":-1}' --encoder "spikes" --decoder "rate"
  Selected Fitness: 4.41169e-05

Best Fitness = 0.001092

Bayes Iteration :  61
  Cmd: bin/dimensionality_reduction_risp -a train --app_params 10/dimensionality_reduction.json --eons_params 10/eons.json --proc_params 10/risp.json --threads 13 --epochs 10 --sim_time 16 --extra_eons_params '{"starting_edges":64}' --extra_app_params '{"output_dimensions":16}' --extra_proc_params '{"discrete":true,"leak_mode":"all","max_delay":8,"max_threshold":16,"max_weight":8,"min_potential":-2,"min_weight":-4}' --encoder "spikes" --decoder "rate"
  Selected Fitness: 1.07903e-05

Best Fitness = 0.001092

Bayes Iteration :  62
  Cmd: bin/dimensionality_reduction_risp -a train --app_params 10/dimensionality_reduction.json --eons_params 10/eons.json --proc_params 10/risp.json --threads 13 --epochs 10 --sim_time 16 --extra_eons_params '{"starting_edges":128}' --extra_app_params '{"output_dimensions":8}' --extra_proc_params '{"discrete":false,"leak_mode":"all","max_delay":2,"max_threshold":2,"max_weight":8,"min_potential":-4,"min_weight":-2}' --encoder "rate" --decoder "ttls"
  Selected Fitness: 0

Best Fitness = 0.001092

Bayes Iteration :  63
  Cmd: bin/dimensionality_reduction_risp -a train --app_params 10/dimensionality_reduction.json --eons_params 10/eons.json --proc_params 10/risp.json --threads 13 --epochs 10 --sim_time 32 --extra_eons_params '{"starting_edges":128}' --extra_app_params '{"output_dimensions":16}' --extra_proc_params '{"discrete":false,"leak_mode":"all","max_delay":4,"max_threshold":4,"max_weight":2,"min_potential":-2,"min_weight":-2}' --encoder "rate" --decoder "ttls"
  Selected Fitness: 1.81222e-06

Best Fitness = 0.001092

Bayes Iteration :  64
  Cmd: bin/dimensionality_reduction_risp -a train --app_params 10/dimensionality_reduction.json --eons_params 10/eons.json --proc_params 10/risp.json --threads 13 --epochs 10 --sim_time 64 --extra_eons_params '{"starting_edges":128}' --extra_app_params '{"output_dimensions":8}' --extra_proc_params '{"discrete":true,"leak_mode":"none","max_delay":2,"max_threshold":8,"max_weight":4,"min_potential":-4,"min_weight":-4}' --encoder "spike" --decoder "ttls"
  Selected Fitness: 3.74783e-05

Best Fitness = 0.001092

Bayes Iteration :  65
  Cmd: bin/dimensionality_reduction_risp -a train --app_params 10/dimensionality_reduction.json --eons_params 10/eons.json --proc_params 10/risp.json --threads 13 --epochs 10 --sim_time 64 --extra_eons_params '{"starting_edges":96}' --extra_app_params '{"output_dimensions":16}' --extra_proc_params '{"discrete":false,"leak_mode":"none","max_delay":1,"max_threshold":2,"max_weight":1,"min_potential":-4,"min_weight":-2}' --encoder "spikes" --decoder "rate"
  Selected Fitness: 2.0218e-05

Best Fitness = 0.001092

Bayes Iteration :  66
  Cmd: bin/dimensionality_reduction_risp -a train --app_params 10/dimensionality_reduction.json --eons_params 10/eons.json --proc_params 10/risp.json --threads 13 --epochs 10 --sim_time 64 --extra_eons_params '{"starting_edges":96}' --extra_app_params '{"output_dimensions":8}' --extra_proc_params '{"discrete":false,"leak_mode":"none","max_delay":8,"max_threshold":4,"max_weight":8,"min_potential":-2,"min_weight":-4}' --encoder "rate" --decoder "ttls"
  Selected Fitness: 6.49524e-05

Best Fitness = 0.001092

Bayes Iteration :  67
  Cmd: bin/dimensionality_reduction_risp -a train --app_params 10/dimensionality_reduction.json --eons_params 10/eons.json --proc_params 10/risp.json --threads 13 --epochs 10 --sim_time 16 --extra_eons_params '{"starting_edges":128}' --extra_app_params '{"output_dimensions":8}' --extra_proc_params '{"discrete":true,"leak_mode":"none","max_delay":4,"max_threshold":4,"max_weight":16,"min_potential":-2,"min_weight":-2}' --encoder "spikes" --decoder "rate"
  Selected Fitness: 0

Best Fitness = 0.001092

Bayes Iteration :  68
  Cmd: bin/dimensionality_reduction_risp -a train --app_params 10/dimensionality_reduction.json --eons_params 10/eons.json --proc_params 10/risp.json --threads 13 --epochs 10 --sim_time 16 --extra_eons_params '{"starting_edges":96}' --extra_app_params '{"output_dimensions":8}' --extra_proc_params '{"discrete":false,"leak_mode":"all","max_delay":1,"max_threshold":8,"max_weight":4,"min_potential":-4,"min_weight":-1}' --encoder "spike" --decoder "rate"
  Selected Fitness: 3.62445e-06

Best Fitness = 0.001092

Bayes Iteration :  69
  Cmd: bin/dimensionality_reduction_risp -a train --app_params 10/dimensionality_reduction.json --eons_params 10/eons.json --proc_params 10/risp.json --threads 13 --epochs 10 --sim_time 32 --extra_eons_params '{"starting_edges":96}' --extra_app_params '{"output_dimensions":8}' --extra_proc_params '{"discrete":false,"leak_mode":"all","max_delay":8,"max_threshold":1,"max_weight":8,"min_potential":-4,"min_weight":-1}' --encoder "spikes" --decoder "ttls"
  Selected Fitness: 3.62445e-06

Best Fitness = 0.001092

Bayes Iteration :  70
  Cmd: bin/dimensionality_reduction_risp -a train --app_params 10/dimensionality_reduction.json --eons_params 10/eons.json --proc_params 10/risp.json --threads 13 --epochs 10 --sim_time 32 --extra_eons_params '{"starting_edges":96}' --extra_app_params '{"output_dimensions":8}' --extra_proc_params '{"discrete":true,"leak_mode":"none","max_delay":4,"max_threshold":4,"max_weight":4,"min_potential":-1,"min_weight":-1}' --encoder "val" --decoder "ttls"
  Selected Fitness: 0

Best Fitness = 0.001092

Bayes Iteration :  71
  Cmd: bin/dimensionality_reduction_risp -a train --app_params 10/dimensionality_reduction.json --eons_params 10/eons.json --proc_params 10/risp.json --threads 13 --epochs 10 --sim_time 16 --extra_eons_params '{"starting_edges":64}' --extra_app_params '{"output_dimensions":4}' --extra_proc_params '{"discrete":false,"leak_mode":"none","max_delay":8,"max_threshold":2,"max_weight":2,"min_potential":-4,"min_weight":-1}' --encoder "val" --decoder "ttls"
  Selected Fitness: 0.000111908

Best Fitness = 0.001092

Bayes Iteration :  72
  Cmd: bin/dimensionality_reduction_risp -a train --app_params 10/dimensionality_reduction.json --eons_params 10/eons.json --proc_params 10/risp.json --threads 13 --epochs 10 --sim_time 32 --extra_eons_params '{"starting_edges":128}' --extra_app_params '{"output_dimensions":8}' --extra_proc_params '{"discrete":false,"leak_mode":"none","max_delay":1,"max_threshold":8,"max_weight":16,"min_potential":-1,"min_weight":-1}' --encoder "spikes" --decoder "rate"
  Selected Fitness: 0

Best Fitness = 0.001092

Bayes Iteration :  73
  Cmd: bin/dimensionality_reduction_risp -a train --app_params 10/dimensionality_reduction.json --eons_params 10/eons.json --proc_params 10/risp.json --threads 13 --epochs 10 --sim_time 32 --extra_eons_params '{"starting_edges":64}' --extra_app_params '{"output_dimensions":2}' --extra_proc_params '{"discrete":true,"leak_mode":"all","max_delay":2,"max_threshold":16,"max_weight":8,"min_potential":-2,"min_weight":-4}' --encoder "spikes" --decoder "rate"
  Selected Fitness: 0.000101485

Best Fitness = 0.001092

Bayes Iteration :  74
  Cmd: bin/dimensionality_reduction_risp -a train --app_params 10/dimensionality_reduction.json --eons_params 10/eons.json --proc_params 10/risp.json --threads 13 --epochs 10 --sim_time 32 --extra_eons_params '{"starting_edges":96}' --extra_app_params '{"output_dimensions":8}' --extra_proc_params '{"discrete":false,"leak_mode":"none","max_delay":8,"max_threshold":2,"max_weight":4,"min_potential":-4,"min_weight":-2}' --encoder "spike" --decoder "rate"
  Selected Fitness: 1.20815e-05

Best Fitness = 0.001092

Bayes Iteration :  75
  Cmd: bin/dimensionality_reduction_risp -a train --app_params 10/dimensionality_reduction.json --eons_params 10/eons.json --proc_params 10/risp.json --threads 13 --epochs 10 --sim_time 64 --extra_eons_params '{"starting_edges":64}' --extra_app_params '{"output_dimensions":16}' --extra_proc_params '{"discrete":true,"leak_mode":"none","max_delay":4,"max_threshold":2,"max_weight":4,"min_potential":-2,"min_weight":-1}' --encoder "temporal" --decoder "rate"
  Selected Fitness: 0

Best Fitness = 0.001092

Bayes Iteration :  76
  Cmd: bin/dimensionality_reduction_risp -a train --app_params 10/dimensionality_reduction.json --eons_params 10/eons.json --proc_params 10/risp.json --threads 13 --epochs 10 --sim_time 32 --extra_eons_params '{"starting_edges":64}' --extra_app_params '{"output_dimensions":16}' --extra_proc_params '{"discrete":true,"leak_mode":"all","max_delay":4,"max_threshold":8,"max_weight":8,"min_potential":-1,"min_weight":-4}' --encoder "spike" --decoder "ttls"
  Selected Fitness: 2.53711e-05

Best Fitness = 0.001092

Bayes Iteration :  77
  Cmd: bin/dimensionality_reduction_risp -a train --app_params 10/dimensionality_reduction.json --eons_params 10/eons.json --proc_params 10/risp.json --threads 13 --epochs 10 --sim_time 64 --extra_eons_params '{"starting_edges":64}' --extra_app_params '{"output_dimensions":16}' --extra_proc_params '{"discrete":false,"leak_mode":"none","max_delay":16,"max_threshold":8,"max_weight":2,"min_potential":-4,"min_weight":-2}' --encoder "spike" --decoder "rate"
  Selected Fitness: 2.53711e-05

Best Fitness = 0.001092

Bayes Iteration :  78
  Cmd: bin/dimensionality_reduction_risp -a train --app_params 10/dimensionality_reduction.json --eons_params 10/eons.json --proc_params 10/risp.json --threads 13 --epochs 10 --sim_time 32 --extra_eons_params '{"starting_edges":64}' --extra_app_params '{"output_dimensions":32}' --extra_proc_params '{"discrete":false,"leak_mode":"all","max_delay":4,"max_threshold":2,"max_weight":8,"min_potential":-1,"min_weight":-1}' --encoder "temporal" --decoder "rate"
  Selected Fitness: 0

Best Fitness = 0.001092

Bayes Iteration :  79
  Cmd: bin/dimensionality_reduction_risp -a train --app_params 10/dimensionality_reduction.json --eons_params 10/eons.json --proc_params 10/risp.json --threads 13 --epochs 10 --sim_time 128 --extra_eons_params '{"starting_edges":96}' --extra_app_params '{"output_dimensions":4}' --extra_proc_params '{"discrete":false,"leak_mode":"all","max_delay":4,"max_threshold":2,"max_weight":2,"min_potential":-4,"min_weight":-2}' --encoder "spike" --decoder "ttls"
  Selected Fitness: 5.07423e-05

Best Fitness = 0.001092

Bayes Iteration :  80
  Cmd: bin/dimensionality_reduction_risp -a train --app_params 10/dimensionality_reduction.json --eons_params 10/eons.json --proc_params 10/risp.json --threads 13 --epochs 10 --sim_time 16 --extra_eons_params '{"starting_edges":128}' --extra_app_params '{"output_dimensions":8}' --extra_proc_params '{"discrete":true,"leak_mode":"none","max_delay":16,"max_threshold":2,"max_weight":2,"min_potential":-1,"min_weight":-4}' --encoder "val" --decoder "rate"
  Selected Fitness: 2.89956e-05

Best Fitness = 0.001092

Bayes Iteration :  81
  Cmd: bin/dimensionality_reduction_risp -a train --app_params 10/dimensionality_reduction.json --eons_params 10/eons.json --proc_params 10/risp.json --threads 13 --epochs 10 --sim_time 32 --extra_eons_params '{"starting_edges":96}' --extra_app_params '{"output_dimensions":8}' --extra_proc_params '{"discrete":false,"leak_mode":"all","max_delay":1,"max_threshold":8,"max_weight":2,"min_potential":-4,"min_weight":-2}' --encoder "temporal" --decoder "rate"
  Selected Fitness: 8.45705e-06

Best Fitness = 0.001092

Bayes Iteration :  82
  Cmd: bin/dimensionality_reduction_risp -a train --app_params 10/dimensionality_reduction.json --eons_params 10/eons.json --proc_params 10/risp.json --threads 13 --epochs 10 --sim_time 64 --extra_eons_params '{"starting_edges":96}' --extra_app_params '{"output_dimensions":2}' --extra_proc_params '{"discrete":false,"leak_mode":"all","max_delay":1,"max_threshold":1,"max_weight":8,"min_potential":-4,"min_weight":-4}' --encoder "spikes" --decoder "rate"
  Selected Fitness: 9.53874e-05

Best Fitness = 0.001092

Bayes Iteration :  83
  Cmd: bin/dimensionality_reduction_risp -a train --app_params 10/dimensionality_reduction.json --eons_params 10/eons.json --proc_params 10/risp.json --threads 13 --epochs 10 --sim_time 128 --extra_eons_params '{"starting_edges":128}' --extra_app_params '{"output_dimensions":32}' --extra_proc_params '{"discrete":false,"leak_mode":"all","max_delay":4,"max_threshold":2,"max_weight":8,"min_potential":-4,"min_weight":-2}' --encoder "val" --decoder "rate"
  Selected Fitness: -0.000116888

Best Fitness = 0.001092

Bayes Iteration :  84
  Cmd: bin/dimensionality_reduction_risp -a train --app_params 10/dimensionality_reduction.json --eons_params 10/eons.json --proc_params 10/risp.json --threads 13 --epochs 10 --sim_time 64 --extra_eons_params '{"starting_edges":96}' --extra_app_params '{"output_dimensions":32}' --extra_proc_params '{"discrete":true,"leak_mode":"none","max_delay":8,"max_threshold":2,"max_weight":8,"min_potential":-1,"min_weight":-2}' --encoder "spike" --decoder "rate"
  Selected Fitness: 6.34279e-06

Best Fitness = 0.001092

Bayes Iteration :  85
  Cmd: bin/dimensionality_reduction_risp -a train --app_params 10/dimensionality_reduction.json --eons_params 10/eons.json --proc_params 10/risp.json --threads 13 --epochs 10 --sim_time 128 --extra_eons_params '{"starting_edges":96}' --extra_app_params '{"output_dimensions":2}' --extra_proc_params '{"discrete":false,"leak_mode":"all","max_delay":8,"max_threshold":2,"max_weight":8,"min_potential":-4,"min_weight":-2}' --encoder "spike" --decoder "rate"
  Selected Fitness: 1.44978e-05

Best Fitness = 0.001092

Bayes Iteration :  86
  Cmd: bin/dimensionality_reduction_risp -a train --app_params 10/dimensionality_reduction.json --eons_params 10/eons.json --proc_params 10/risp.json --threads 13 --epochs 10 --sim_time 32 --extra_eons_params '{"starting_edges":96}' --extra_app_params '{"output_dimensions":16}' --extra_proc_params '{"discrete":true,"leak_mode":"all","max_delay":8,"max_threshold":2,"max_weight":4,"min_potential":-2,"min_weight":-2}' --encoder "val" --decoder "ttls"
  Selected Fitness: 1.631e-05

Best Fitness = 0.001092

Bayes Iteration :  87
  Cmd: bin/dimensionality_reduction_risp -a train --app_params 10/dimensionality_reduction.json --eons_params 10/eons.json --proc_params 10/risp.json --threads 13 --epochs 10 --sim_time 32 --extra_eons_params '{"starting_edges":96}' --extra_app_params '{"output_dimensions":32}' --extra_proc_params '{"discrete":true,"leak_mode":"all","max_delay":16,"max_threshold":4,"max_weight":1,"min_potential":-2,"min_weight":-2}' --encoder "temporal" --decoder "rate"
  Selected Fitness: 6.04075e-06

Best Fitness = 0.001092

Bayes Iteration :  88
  Cmd: bin/dimensionality_reduction_risp -a train --app_params 10/dimensionality_reduction.json --eons_params 10/eons.json --proc_params 10/risp.json --threads 13 --epochs 10 --sim_time 64 --extra_eons_params '{"starting_edges":128}' --extra_app_params '{"output_dimensions":8}' --extra_proc_params '{"discrete":true,"leak_mode":"none","max_delay":8,"max_threshold":2,"max_weight":16,"min_potential":-8,"min_weight":-1}' --encoder "rate" --decoder "rate"
  Selected Fitness: 0

Best Fitness = 0.001092

Bayes Iteration :  89
  Cmd: bin/dimensionality_reduction_risp -a train --app_params 10/dimensionality_reduction.json --eons_params 10/eons.json --proc_params 10/risp.json --threads 13 --epochs 10 --sim_time 8 --extra_eons_params '{"starting_edges":96}' --extra_app_params '{"output_dimensions":16}' --extra_proc_params '{"discrete":false,"leak_mode":"none","max_delay":8,"max_threshold":4,"max_weight":16,"min_potential":-2,"min_weight":-2}' --encoder "temporal" --decoder "ttls"
  Selected Fitness: 0

Best Fitness = 0.001092

Bayes Iteration :  90
  Cmd: bin/dimensionality_reduction_risp -a train --app_params 10/dimensionality_reduction.json --eons_params 10/eons.json --proc_params 10/risp.json --threads 13 --epochs 10 --sim_time 32 --extra_eons_params '{"starting_edges":64}' --extra_app_params '{"output_dimensions":8}' --extra_proc_params '{"discrete":true,"leak_mode":"none","max_delay":4,"max_threshold":8,"max_weight":2,"min_potential":-4,"min_weight":-4}' --encoder "rate" --decoder "rate"
  Selected Fitness: 2.00544e-05

Best Fitness = 0.001092

Bayes Iteration :  91
  Cmd: bin/dimensionality_reduction_risp -a train --app_params 10/dimensionality_reduction.json --eons_params 10/eons.json --proc_params 10/risp.json --threads 13 --epochs 10 --sim_time 32 --extra_eons_params '{"starting_edges":128}' --extra_app_params '{"output_dimensions":4}' --extra_proc_params '{"discrete":true,"leak_mode":"all","max_delay":1,"max_threshold":2,"max_weight":8,"min_potential":-2,"min_weight":-2}' --encoder "rate" --decoder "rate"
  Selected Fitness: 0

Best Fitness = 0.001092

Bayes Iteration :  92
  Cmd: bin/dimensionality_reduction_risp -a train --app_params 10/dimensionality_reduction.json --eons_params 10/eons.json --proc_params 10/risp.json --threads 13 --epochs 10 --sim_time 32 --extra_eons_params '{"starting_edges":96}' --extra_app_params '{"output_dimensions":2}' --extra_proc_params '{"discrete":true,"leak_mode":"all","max_delay":4,"max_threshold":16,"max_weight":2,"min_potential":-4,"min_weight":-2}' --encoder "spike" --decoder "rate"
  Selected Fitness: 0

Best Fitness = 0.001092

Bayes Iteration :  93
  Cmd: bin/dimensionality_reduction_risp -a train --app_params 10/dimensionality_reduction.json --eons_params 10/eons.json --proc_params 10/risp.json --threads 13 --epochs 10 --sim_time 32 --extra_eons_params '{"starting_edges":96}' --extra_app_params '{"output_dimensions":4}' --extra_proc_params '{"discrete":false,"leak_mode":"all","max_delay":2,"max_threshold":16,"max_weight":2,"min_potential":-1,"min_weight":-2}' --encoder "spikes" --decoder "rate"
  Selected Fitness: 1.44978e-05

Best Fitness = 0.001092

Bayes Iteration :  94
  Cmd: bin/dimensionality_reduction_risp -a train --app_params 10/dimensionality_reduction.json --eons_params 10/eons.json --proc_params 10/risp.json --threads 13 --epochs 10 --sim_time 64 --extra_eons_params '{"starting_edges":64}' --extra_app_params '{"output_dimensions":16}' --extra_proc_params '{"discrete":false,"leak_mode":"all","max_delay":8,"max_threshold":8,"max_weight":8,"min_potential":-1,"min_weight":-2}' --encoder "spikes" --decoder "rate"
  Selected Fitness: 4.1203e-05

Best Fitness = 0.001092

Bayes Iteration :  95
  Cmd: bin/dimensionality_reduction_risp -a train --app_params 10/dimensionality_reduction.json --eons_params 10/eons.json --proc_params 10/risp.json --threads 13 --epochs 10 --sim_time 32 --extra_eons_params '{"starting_edges":128}' --extra_app_params '{"output_dimensions":4}' --extra_proc_params '{"discrete":false,"leak_mode":"all","max_delay":16,"max_threshold":2,"max_weight":4,"min_potential":-4,"min_weight":-1}' --encoder "rate" --decoder "ttls"
  Selected Fitness: 4.11162e-05

Best Fitness = 0.001092

Bayes Iteration :  96
  Cmd: bin/dimensionality_reduction_risp -a train --app_params 10/dimensionality_reduction.json --eons_params 10/eons.json --proc_params 10/risp.json --threads 13 --epochs 10 --sim_time 32 --extra_eons_params '{"starting_edges":96}' --extra_app_params '{"output_dimensions":4}' --extra_proc_params '{"discrete":true,"leak_mode":"all","max_delay":8,"max_threshold":4,"max_weight":8,"min_potential":-4,"min_weight":-1}' --encoder "spike" --decoder "ttls"
  Selected Fitness: 5.07423e-05

Best Fitness = 0.001092

Bayes Iteration :  97
  Cmd: bin/dimensionality_reduction_risp -a train --app_params 10/dimensionality_reduction.json --eons_params 10/eons.json --proc_params 10/risp.json --threads 13 --epochs 10 --sim_time 64 --extra_eons_params '{"starting_edges":128}' --extra_app_params '{"output_dimensions":8}' --extra_proc_params '{"discrete":true,"leak_mode":"none","max_delay":16,"max_threshold":2,"max_weight":4,"min_potential":-4,"min_weight":-1}' --encoder "rate" --decoder "ttls"
  Selected Fitness: 3.62445e-06

Best Fitness = 0.001092

Bayes Iteration :  98
  Cmd: bin/dimensionality_reduction_risp -a train --app_params 10/dimensionality_reduction.json --eons_params 10/eons.json --proc_params 10/risp.json --threads 13 --epochs 10 --sim_time 16 --extra_eons_params '{"starting_edges":64}' --extra_app_params '{"output_dimensions":8}' --extra_proc_params '{"discrete":true,"leak_mode":"none","max_delay":4,"max_threshold":4,"max_weight":2,"min_potential":-8,"min_weight":-4}' --encoder "spikes" --decoder "ttls"
  Selected Fitness: 4.65206e-05

Best Fitness = 0.001092

Bayes Iteration :  99
  Cmd: bin/dimensionality_reduction_risp -a train --app_params 10/dimensionality_reduction.json --eons_params 10/eons.json --proc_params 10/risp.json --threads 13 --epochs 10 --sim_time 64 --extra_eons_params '{"starting_edges":96}' --extra_app_params '{"output_dimensions":2}' --extra_proc_params '{"discrete":true,"leak_mode":"none","max_delay":1,"max_threshold":8,"max_weight":8,"min_potential":-4,"min_weight":-4}' --encoder "spike" --decoder "ttls"
  Selected Fitness: 1.44978e-05

Best Fitness = 0.001092

