{
  "app_params": {
    "output_dimensions": [
      2,
      4,
      8,
      16,
      32
    ]
  },
  "app_proc": "dimensionality_reduction_risp",
  "argv": "../bin/bayes --input_file /lustre/isaac24/scratch/jhanna8/repos/2026_dr_tests/bayes/dimensionality_reduction/23/b23.in --output_file /lustre/isaac24/scratch/jhanna8/repos/2026_dr_tests/bayes/dimensionality_reduction/23/b23.out --n_calls 5 -d /lustre/isaac24/scratch/jhanna8/repos/2026_dr_tests/bayes/dimensionality_reduction/23/networks ",
  "bayes_iteration": 5,
  "bayes_iteration_type": "median",
  "best_fitness": [
    {
      "cmd": "bin/dimensionality_reduction_risp -a train --app_params 23/dimensionality_reduction.json --eons_params 23/eons.json --proc_params 23/risp.json --sim_time 32 --threads 13 --epochs 10 --extra_eons_params {\"starting_edges\":96} --extra_app_params {\"output_dimensions\":8} --extra_proc_params {\"discrete\":false,\"leak_mode\":\"all\",\"max_delay\":1,\"max_threshold\":8,\"max_weight\":4,\"min_potential\":-4,\"min_weight\":-4} --encoder \"rate\" --decoder \"ttls\"",
      "fitness": 0.175578,
      "network": "/lustre/isaac24/scratch/jhanna8/repos/2026_dr_tests/bayes/dimensionality_reduction/23/networks/dimensionality_reduction_risp_4"
    },
    {
      "cmd": "bin/dimensionality_reduction_risp -a train --app_params 23/dimensionality_reduction.json --eons_params 23/eons.json --proc_params 23/risp.json --sim_time 32 --threads 13 --epochs 10 --extra_eons_params {\"starting_edges\":96} --extra_app_params {\"output_dimensions\":4} --extra_proc_params {\"discrete\":false,\"leak_mode\":\"all\",\"max_delay\":2,\"max_threshold\":4,\"max_weight\":2,\"min_potential\":-1,\"min_weight\":-2} --encoder \"rate\" --decoder \"rate\"",
      "fitness": 0.170786,
      "network": "/lustre/isaac24/scratch/jhanna8/repos/2026_dr_tests/bayes/dimensionality_reduction/23/networks/dimensionality_reduction_risp_5"
    },
    {
      "cmd": "bin/dimensionality_reduction_risp -a train --app_params 23/dimensionality_reduction.json --eons_params 23/eons.json --proc_params 23/risp.json --sim_time 32 --threads 13 --epochs 10 --extra_eons_params {\"starting_edges\":96} --extra_app_params {\"output_dimensions\":8} --extra_proc_params {\"discrete\":true,\"leak_mode\":\"none\",\"max_delay\":4,\"max_threshold\":2,\"max_weight\":4,\"min_potential\":-2,\"min_weight\":-2} --encoder \"spike\" --decoder \"rate\"",
      "fitness": 0.165347,
      "network": "/lustre/isaac24/scratch/jhanna8/repos/2026_dr_tests/bayes/dimensionality_reduction/23/networks/dimensionality_reduction_risp_2"
    },
    {
      "cmd": "bin/dimensionality_reduction_risp -a train --app_params 23/dimensionality_reduction.json --eons_params 23/eons.json --proc_params 23/risp.json --sim_time 32 --threads 13 --epochs 10 --extra_eons_params {\"starting_edges\":128} --extra_app_params {\"output_dimensions\":16} --extra_proc_params {\"discrete\":true,\"leak_mode\":\"none\",\"max_delay\":2,\"max_threshold\":2,\"max_weight\":4,\"min_potential\":-1,\"min_weight\":-2} --encoder \"spike\" --decoder \"ttls\"",
      "fitness": 0.164508,
      "network": "/lustre/isaac24/scratch/jhanna8/repos/2026_dr_tests/bayes/dimensionality_reduction/23/networks/dimensionality_reduction_risp_3"
    },
    {
      "cmd": "bin/dimensionality_reduction_risp -a train --app_params 23/dimensionality_reduction.json --eons_params 23/eons.json --proc_params 23/risp.json --sim_time 32 --threads 13 --epochs 10 --extra_eons_params {\"starting_edges\":96} --extra_app_params {\"output_dimensions\":4} --extra_proc_params {\"discrete\":false,\"leak_mode\":\"all\",\"max_delay\":16,\"max_threshold\":8,\"max_weight\":4,\"min_potential\":-4,\"min_weight\":-2} --encoder \"temporal\" --decoder \"rate\"",
      "fitness": 0.128862,
      "network": "/lustre/isaac24/scratch/jhanna8/repos/2026_dr_tests/bayes/dimensionality_reduction/23/networks/dimensionality_reduction_risp_1"
    }
  ],
  "command": "bin/dimensionality_reduction_risp -a train --app_params 23/dimensionality_reduction.json --eons_params 23/eons.json --proc_params 23/risp.json --sim_time 32 --threads 13 --epochs 10",
  "command_params": {},
  "data_points": [
    {
      "best": 0.170786,
      "cmd": "bin/dimensionality_reduction_risp -a train --app_params 23/dimensionality_reduction.json --eons_params 23/eons.json --proc_params 23/risp.json --sim_time 32 --threads 13 --epochs 10 --extra_eons_params {\"starting_edges\":96} --extra_app_params {\"output_dimensions\":4} --extra_proc_params {\"discrete\":false,\"leak_mode\":\"all\",\"max_delay\":2,\"max_threshold\":4,\"max_weight\":2,\"min_potential\":-1,\"min_weight\":-2} --encoder \"rate\" --decoder \"rate\"",
      "fitness": [
        0.165112,
        0.168465,
        0.170786
      ],
      "hyperparam": "1.000000000-1.000000000-1.000000000-0.000000000-1.000000000-2.000000000-1.000000000-3.000000000-1.000000000-2.000000000-1.000000000",
      "mean": 0.168121,
      "median": 0.168465,
      "network": "/lustre/isaac24/scratch/jhanna8/repos/2026_dr_tests/bayes/dimensionality_reduction/23/networks/dimensionality_reduction_risp_5"
    },
    {
      "best": 0.128862,
      "cmd": "bin/dimensionality_reduction_risp -a train --app_params 23/dimensionality_reduction.json --eons_params 23/eons.json --proc_params 23/risp.json --sim_time 32 --threads 13 --epochs 10 --extra_eons_params {\"starting_edges\":96} --extra_app_params {\"output_dimensions\":4} --extra_proc_params {\"discrete\":false,\"leak_mode\":\"all\",\"max_delay\":16,\"max_threshold\":8,\"max_weight\":4,\"min_potential\":-4,\"min_weight\":-2} --encoder \"temporal\" --decoder \"rate\"",
      "fitness": [
        0.126434,
        0.120483,
        0.128862
      ],
      "hyperparam": "1.000000000-1.000000000-1.000000000-0.000000000-4.000000000-3.000000000-2.000000000-1.000000000-1.000000000-4.000000000-1.000000000",
      "mean": 0.12525966666666666,
      "median": 0.126434,
      "network": "/lustre/isaac24/scratch/jhanna8/repos/2026_dr_tests/bayes/dimensionality_reduction/23/networks/dimensionality_reduction_risp_1"
    },
    {
      "best": 0.165347,
      "cmd": "bin/dimensionality_reduction_risp -a train --app_params 23/dimensionality_reduction.json --eons_params 23/eons.json --proc_params 23/risp.json --sim_time 32 --threads 13 --epochs 10 --extra_eons_params {\"starting_edges\":96} --extra_app_params {\"output_dimensions\":8} --extra_proc_params {\"discrete\":true,\"leak_mode\":\"none\",\"max_delay\":4,\"max_threshold\":2,\"max_weight\":4,\"min_potential\":-2,\"min_weight\":-2} --encoder \"spike\" --decoder \"rate\"",
      "fitness": [
        0.159351,
        0.153083,
        0.165347
      ],
      "hyperparam": "1.000000000-2.000000000-0.000000000-1.000000000-2.000000000-1.000000000-2.000000000-2.000000000-1.000000000-1.000000000-1.000000000",
      "mean": 0.15926033333333334,
      "median": 0.159351,
      "network": "/lustre/isaac24/scratch/jhanna8/repos/2026_dr_tests/bayes/dimensionality_reduction/23/networks/dimensionality_reduction_risp_2"
    },
    {
      "best": 0.175578,
      "cmd": "bin/dimensionality_reduction_risp -a train --app_params 23/dimensionality_reduction.json --eons_params 23/eons.json --proc_params 23/risp.json --sim_time 32 --threads 13 --epochs 10 --extra_eons_params {\"starting_edges\":96} --extra_app_params {\"output_dimensions\":8} --extra_proc_params {\"discrete\":false,\"leak_mode\":\"all\",\"max_delay\":1,\"max_threshold\":8,\"max_weight\":4,\"min_potential\":-4,\"min_weight\":-4} --encoder \"rate\" --decoder \"ttls\"",
      "fitness": [
        0.164885,
        0.166597,
        0.175578
      ],
      "hyperparam": "1.000000000-2.000000000-1.000000000-0.000000000-0.000000000-3.000000000-2.000000000-1.000000000-0.000000000-2.000000000-0.000000000",
      "mean": 0.16902000000000003,
      "median": 0.166597,
      "network": "/lustre/isaac24/scratch/jhanna8/repos/2026_dr_tests/bayes/dimensionality_reduction/23/networks/dimensionality_reduction_risp_4"
    },
    {
      "best": 0.164508,
      "cmd": "bin/dimensionality_reduction_risp -a train --app_params 23/dimensionality_reduction.json --eons_params 23/eons.json --proc_params 23/risp.json --sim_time 32 --threads 13 --epochs 10 --extra_eons_params {\"starting_edges\":128} --extra_app_params {\"output_dimensions\":16} --extra_proc_params {\"discrete\":true,\"leak_mode\":\"none\",\"max_delay\":2,\"max_threshold\":2,\"max_weight\":4,\"min_potential\":-1,\"min_weight\":-2} --encoder \"spike\" --decoder \"ttls\"",
      "fitness": [
        0.157466,
        0.164508,
        0.157708
      ],
      "hyperparam": "2.000000000-3.000000000-0.000000000-1.000000000-1.000000000-1.000000000-2.000000000-3.000000000-1.000000000-1.000000000-0.000000000",
      "mean": 0.15989399999999998,
      "median": 0.157708,
      "network": "/lustre/isaac24/scratch/jhanna8/repos/2026_dr_tests/bayes/dimensionality_reduction/23/networks/dimensionality_reduction_risp_3"
    }
  ],
  "decoder": {
    "base": [
      "ttls",
      "rate"
    ]
  },
  "encoder": {
    "base": [
      "val",
      "spike",
      "rate",
      "spikes",
      "temporal"
    ]
  },
  "eons_params": {
    "starting_edges": [
      64,
      96,
      128
    ]
  },
  "fitness_metric": "fitness",
  "iterations_per_test": 3,
  "num_best_networks": 0,
  "opt_params": {
    "n_random_starts": 5,
    "random_state": 30155
  },
  "optimizer": "python ../utils/scikit_opt.py",
  "proc_params": {
    "discrete": [
      true,
      false
    ],
    "leak_mode": [
      "all",
      "none"
    ],
    "max_delay": [
      1,
      2,
      4,
      8,
      16
    ],
    "max_threshold": [
      1,
      2,
      4,
      8,
      16
    ],
    "max_weight": [
      1,
      2,
      4,
      8,
      16
    ],
    "min_potential": [
      -8,
      -4,
      -2,
      -1
    ],
    "min_weight": [
      -4,
      -2,
      -1
    ]
  },
  "python_app": false,
  "test_episodes": 0,
  "test_iteration_type": "none"
}
