{
  "app_params": {
    "output_dimensions": [
      2,
      4,
      8,
      16,
      32
    ]
  },
  "app_proc": "dimensionality_reduction_risp",
  "argv": "../bin/bayes --input_file /lustre/isaac24/scratch/jhanna8/repos/2026_dr_tests/bayes/dimensionality_reduction/42/b42.in --output_file /lustre/isaac24/scratch/jhanna8/repos/2026_dr_tests/bayes/dimensionality_reduction/42/b42.out --n_calls 25 -d /lustre/isaac24/scratch/jhanna8/repos/2026_dr_tests/bayes/dimensionality_reduction/42/networks ",
  "bayes_iteration": 25,
  "bayes_iteration_type": "median",
  "best_fitness": [
    {
      "cmd": "bin/dimensionality_reduction_risp -a train --app_params 42/dimensionality_reduction.json --eons_params 42/eons.json --proc_params 42/risp.json --threads 13 --epochs 10 --sim_time 32 --extra_eons_params {\"starting_edges\":128} --extra_app_params {\"output_dimensions\":4} --extra_proc_params {\"discrete\":false,\"leak_mode\":\"none\",\"max_delay\":2,\"max_threshold\":2,\"max_weight\":8,\"min_potential\":-8,\"min_weight\":-4} --encoder \"rate\" --decoder \"ttls\"",
      "fitness": 0.000101677,
      "network": "/lustre/isaac24/scratch/jhanna8/repos/2026_dr_tests/bayes/dimensionality_reduction/42/networks/dimensionality_reduction_risp_7"
    },
    {
      "cmd": "bin/dimensionality_reduction_risp -a train --app_params 42/dimensionality_reduction.json --eons_params 42/eons.json --proc_params 42/risp.json --threads 13 --epochs 10 --sim_time 32 --extra_eons_params {\"starting_edges\":96} --extra_app_params {\"output_dimensions\":4} --extra_proc_params {\"discrete\":false,\"leak_mode\":\"none\",\"max_delay\":8,\"max_threshold\":4,\"max_weight\":2,\"min_potential\":-8,\"min_weight\":-2} --encoder \"spike\" --decoder \"rate\"",
      "fitness": 3.6755e-05,
      "network": "/lustre/isaac24/scratch/jhanna8/repos/2026_dr_tests/bayes/dimensionality_reduction/42/networks/dimensionality_reduction_risp_11"
    },
    {
      "cmd": "bin/dimensionality_reduction_risp -a train --app_params 42/dimensionality_reduction.json --eons_params 42/eons.json --proc_params 42/risp.json --threads 13 --epochs 10 --sim_time 64 --extra_eons_params {\"starting_edges\":96} --extra_app_params {\"output_dimensions\":4} --extra_proc_params {\"discrete\":false,\"leak_mode\":\"none\",\"max_delay\":8,\"max_threshold\":4,\"max_weight\":2,\"min_potential\":-2,\"min_weight\":-1} --encoder \"spikes\" --decoder \"rate\"",
      "fitness": 2.64127e-05,
      "network": "/lustre/isaac24/scratch/jhanna8/repos/2026_dr_tests/bayes/dimensionality_reduction/42/networks/dimensionality_reduction_risp_15"
    },
    {
      "cmd": "bin/dimensionality_reduction_risp -a train --app_params 42/dimensionality_reduction.json --eons_params 42/eons.json --proc_params 42/risp.json --threads 13 --epochs 10 --sim_time 32 --extra_eons_params {\"starting_edges\":96} --extra_app_params {\"output_dimensions\":8} --extra_proc_params {\"discrete\":true,\"leak_mode\":\"none\",\"max_delay\":16,\"max_threshold\":8,\"max_weight\":2,\"min_potential\":-4,\"min_weight\":-4} --encoder \"spikes\" --decoder \"rate\"",
      "fitness": 1.83775e-05,
      "network": "/lustre/isaac24/scratch/jhanna8/repos/2026_dr_tests/bayes/dimensionality_reduction/42/networks/dimensionality_reduction_risp_18"
    },
    {
      "cmd": "bin/dimensionality_reduction_risp -a train --app_params 42/dimensionality_reduction.json --eons_params 42/eons.json --proc_params 42/risp.json --threads 13 --epochs 10 --sim_time 8 --extra_eons_params {\"starting_edges\":64} --extra_app_params {\"output_dimensions\":8} --extra_proc_params {\"discrete\":true,\"leak_mode\":\"all\",\"max_delay\":1,\"max_threshold\":8,\"max_weight\":1,\"min_potential\":-2,\"min_weight\":-2} --encoder \"val\" --decoder \"rate\"",
      "fitness": 1.15982e-05,
      "network": "/lustre/isaac24/scratch/jhanna8/repos/2026_dr_tests/bayes/dimensionality_reduction/42/networks/dimensionality_reduction_risp_10"
    },
    {
      "cmd": "bin/dimensionality_reduction_risp -a train --app_params 42/dimensionality_reduction.json --eons_params 42/eons.json --proc_params 42/risp.json --threads 13 --epochs 10 --sim_time 8 --extra_eons_params {\"starting_edges\":128} --extra_app_params {\"output_dimensions\":32} --extra_proc_params {\"discrete\":false,\"leak_mode\":\"all\",\"max_delay\":2,\"max_threshold\":16,\"max_weight\":4,\"min_potential\":-1,\"min_weight\":-2} --encoder \"rate\" --decoder \"ttls\"",
      "fitness": 0.0,
      "network": "/lustre/isaac24/scratch/jhanna8/repos/2026_dr_tests/bayes/dimensionality_reduction/42/networks/dimensionality_reduction_risp_1"
    },
    {
      "cmd": "bin/dimensionality_reduction_risp -a train --app_params 42/dimensionality_reduction.json --eons_params 42/eons.json --proc_params 42/risp.json --threads 13 --epochs 10 --sim_time 16 --extra_eons_params {\"starting_edges\":128} --extra_app_params {\"output_dimensions\":16} --extra_proc_params {\"discrete\":false,\"leak_mode\":\"none\",\"max_delay\":2,\"max_threshold\":8,\"max_weight\":4,\"min_potential\":-2,\"min_weight\":-2} --encoder \"spike\" --decoder \"ttls\"",
      "fitness": -1.9984e-14,
      "network": "/lustre/isaac24/scratch/jhanna8/repos/2026_dr_tests/bayes/dimensionality_reduction/42/networks/dimensionality_reduction_risp_9"
    },
    {
      "cmd": "bin/dimensionality_reduction_risp -a train --app_params 42/dimensionality_reduction.json --eons_params 42/eons.json --proc_params 42/risp.json --threads 13 --epochs 10 --sim_time 128 --extra_eons_params {\"starting_edges\":96} --extra_app_params {\"output_dimensions\":8} --extra_proc_params {\"discrete\":false,\"leak_mode\":\"none\",\"max_delay\":8,\"max_threshold\":1,\"max_weight\":8,\"min_potential\":-4,\"min_weight\":-4} --encoder \"spike\" --decoder \"rate\"",
      "fitness": -0.000109501,
      "network": "/lustre/isaac24/scratch/jhanna8/repos/2026_dr_tests/bayes/dimensionality_reduction/42/networks/dimensionality_reduction_risp_14"
    },
    {
      "cmd": "bin/dimensionality_reduction_risp -a train --app_params 42/dimensionality_reduction.json --eons_params 42/eons.json --proc_params 42/risp.json --threads 13 --epochs 10 --sim_time 64 --extra_eons_params {\"starting_edges\":128} --extra_app_params {\"output_dimensions\":16} --extra_proc_params {\"discrete\":true,\"leak_mode\":\"all\",\"max_delay\":2,\"max_threshold\":2,\"max_weight\":8,\"min_potential\":-8,\"min_weight\":-2} --encoder \"spike\" --decoder \"ttls\"",
      "fitness": -0.000125739,
      "network": "/lustre/isaac24/scratch/jhanna8/repos/2026_dr_tests/bayes/dimensionality_reduction/42/networks/dimensionality_reduction_risp_21"
    },
    {
      "cmd": "bin/dimensionality_reduction_risp -a train --app_params 42/dimensionality_reduction.json --eons_params 42/eons.json --proc_params 42/risp.json --threads 13 --epochs 10 --sim_time 128 --extra_eons_params {\"starting_edges\":96} --extra_app_params {\"output_dimensions\":32} --extra_proc_params {\"discrete\":false,\"leak_mode\":\"none\",\"max_delay\":1,\"max_threshold\":8,\"max_weight\":16,\"min_potential\":-8,\"min_weight\":-2} --encoder \"spike\" --decoder \"ttls\"",
      "fitness": -0.000151539,
      "network": "/lustre/isaac24/scratch/jhanna8/repos/2026_dr_tests/bayes/dimensionality_reduction/42/networks/dimensionality_reduction_risp_8"
    }
  ],
  "command": "bin/dimensionality_reduction_risp -a train --app_params 42/dimensionality_reduction.json --eons_params 42/eons.json --proc_params 42/risp.json --threads 13 --epochs 10",
  "command_params": {
    "sim_time": [
      8,
      16,
      32,
      64,
      128
    ]
  },
  "data_points": [
    {
      "best": 0.0,
      "cmd": "bin/dimensionality_reduction_risp -a train --app_params 42/dimensionality_reduction.json --eons_params 42/eons.json --proc_params 42/risp.json --threads 13 --epochs 10 --sim_time 128 --extra_eons_params {\"starting_edges\":64} --extra_app_params {\"output_dimensions\":2} --extra_proc_params {\"discrete\":true,\"leak_mode\":\"none\",\"max_delay\":8,\"max_threshold\":16,\"max_weight\":16,\"min_potential\":-8,\"min_weight\":-2} --encoder \"spike\" --decoder \"ttls\"",
      "fitness": [
        0.0,
        0.0,
        0.0
      ],
      "hyperparam": "0.000000000-0.000000000-0.000000000-1.000000000-3.000000000-4.000000000-4.000000000-0.000000000-1.000000000-4.000000000-1.000000000-0.000000000",
      "mean": 0.0,
      "median": 0.0,
      "network": "/lustre/isaac24/scratch/jhanna8/repos/2026_dr_tests/bayes/dimensionality_reduction/42/networks/dimensionality_reduction_risp_17"
    },
    {
      "best": 0.0,
      "cmd": "bin/dimensionality_reduction_risp -a train --app_params 42/dimensionality_reduction.json --eons_params 42/eons.json --proc_params 42/risp.json --threads 13 --epochs 10 --sim_time 16 --extra_eons_params {\"starting_edges\":64} --extra_app_params {\"output_dimensions\":4} --extra_proc_params {\"discrete\":true,\"leak_mode\":\"none\",\"max_delay\":4,\"max_threshold\":4,\"max_weight\":2,\"min_potential\":-2,\"min_weight\":-1} --encoder \"spikes\" --decoder \"rate\"",
      "fitness": [
        0.0,
        0.0,
        0.0
      ],
      "hyperparam": "0.000000000-1.000000000-0.000000000-1.000000000-2.000000000-2.000000000-1.000000000-2.000000000-2.000000000-1.000000000-3.000000000-1.000000000",
      "mean": 0.0,
      "median": 0.0,
      "network": "/lustre/isaac24/scratch/jhanna8/repos/2026_dr_tests/bayes/dimensionality_reduction/42/networks/dimensionality_reduction_risp_22"
    },
    {
      "best": 0.0,
      "cmd": "bin/dimensionality_reduction_risp -a train --app_params 42/dimensionality_reduction.json --eons_params 42/eons.json --proc_params 42/risp.json --threads 13 --epochs 10 --sim_time 64 --extra_eons_params {\"starting_edges\":64} --extra_app_params {\"output_dimensions\":4} --extra_proc_params {\"discrete\":false,\"leak_mode\":\"all\",\"max_delay\":16,\"max_threshold\":8,\"max_weight\":16,\"min_potential\":-4,\"min_weight\":-1} --encoder \"spikes\" --decoder \"rate\"",
      "fitness": [
        0.0,
        0.0,
        0.0
      ],
      "hyperparam": "0.000000000-1.000000000-1.000000000-0.000000000-4.000000000-3.000000000-4.000000000-1.000000000-2.000000000-3.000000000-3.000000000-1.000000000",
      "mean": 0.0,
      "median": 0.0,
      "network": "/lustre/isaac24/scratch/jhanna8/repos/2026_dr_tests/bayes/dimensionality_reduction/42/networks/dimensionality_reduction_risp_3"
    },
    {
      "best": 1.15982e-05,
      "cmd": "bin/dimensionality_reduction_risp -a train --app_params 42/dimensionality_reduction.json --eons_params 42/eons.json --proc_params 42/risp.json --threads 13 --epochs 10 --sim_time 8 --extra_eons_params {\"starting_edges\":64} --extra_app_params {\"output_dimensions\":8} --extra_proc_params {\"discrete\":true,\"leak_mode\":\"all\",\"max_delay\":1,\"max_threshold\":8,\"max_weight\":1,\"min_potential\":-2,\"min_weight\":-2} --encoder \"val\" --decoder \"rate\"",
      "fitness": [
        1.15982e-05,
        0.0,
        4.8326e-06
      ],
      "hyperparam": "0.000000000-2.000000000-0.000000000-0.000000000-0.000000000-3.000000000-0.000000000-2.000000000-1.000000000-0.000000000-0.000000000-1.000000000",
      "mean": 5.476933333333333e-06,
      "median": 4.8326e-06,
      "network": "/lustre/isaac24/scratch/jhanna8/repos/2026_dr_tests/bayes/dimensionality_reduction/42/networks/dimensionality_reduction_risp_10"
    },
    {
      "best": 0.0,
      "cmd": "bin/dimensionality_reduction_risp -a train --app_params 42/dimensionality_reduction.json --eons_params 42/eons.json --proc_params 42/risp.json --threads 13 --epochs 10 --sim_time 16 --extra_eons_params {\"starting_edges\":64} --extra_app_params {\"output_dimensions\":8} --extra_proc_params {\"discrete\":true,\"leak_mode\":\"all\",\"max_delay\":4,\"max_threshold\":2,\"max_weight\":1,\"min_potential\":-1,\"min_weight\":-1} --encoder \"temporal\" --decoder \"ttls\"",
      "fitness": [
        0.0,
        0.0,
        0.0
      ],
      "hyperparam": "0.000000000-2.000000000-0.000000000-0.000000000-2.000000000-1.000000000-0.000000000-3.000000000-2.000000000-1.000000000-4.000000000-0.000000000",
      "mean": 0.0,
      "median": 0.0,
      "network": "/lustre/isaac24/scratch/jhanna8/repos/2026_dr_tests/bayes/dimensionality_reduction/42/networks/dimensionality_reduction_risp_20"
    },
    {
      "best": 0.0,
      "cmd": "bin/dimensionality_reduction_risp -a train --app_params 42/dimensionality_reduction.json --eons_params 42/eons.json --proc_params 42/risp.json --threads 13 --epochs 10 --sim_time 32 --extra_eons_params {\"starting_edges\":64} --extra_app_params {\"output_dimensions\":16} --extra_proc_params {\"discrete\":true,\"leak_mode\":\"all\",\"max_delay\":8,\"max_threshold\":4,\"max_weight\":4,\"min_potential\":-2,\"min_weight\":-4} --encoder \"rate\" --decoder \"ttls\"",
      "fitness": [
        0.0,
        0.0,
        0.0
      ],
      "hyperparam": "0.000000000-3.000000000-0.000000000-0.000000000-3.000000000-2.000000000-2.000000000-2.000000000-0.000000000-2.000000000-2.000000000-0.000000000",
      "mean": 0.0,
      "median": 0.0,
      "network": "/lustre/isaac24/scratch/jhanna8/repos/2026_dr_tests/bayes/dimensionality_reduction/42/networks/dimensionality_reduction_risp_5"
    },
    {
      "best": 0.0,
      "cmd": "bin/dimensionality_reduction_risp -a train --app_params 42/dimensionality_reduction.json --eons_params 42/eons.json --proc_params 42/risp.json --threads 13 --epochs 10 --sim_time 128 --extra_eons_params {\"starting_edges\":64} --extra_app_params {\"output_dimensions\":16} --extra_proc_params {\"discrete\":false,\"leak_mode\":\"all\",\"max_delay\":8,\"max_threshold\":4,\"max_weight\":2,\"min_potential\":-4,\"min_weight\":-1} --encoder \"rate\" --decoder \"ttls\"",
      "fitness": [
        0.0,
        0.0,
        0.0
      ],
      "hyperparam": "0.000000000-3.000000000-1.000000000-0.000000000-3.000000000-2.000000000-1.000000000-1.000000000-2.000000000-4.000000000-2.000000000-0.000000000",
      "mean": 0.0,
      "median": 0.0,
      "network": "/lustre/isaac24/scratch/jhanna8/repos/2026_dr_tests/bayes/dimensionality_reduction/42/networks/dimensionality_reduction_risp_4"
    },
    {
      "best": 0.0,
      "cmd": "bin/dimensionality_reduction_risp -a train --app_params 42/dimensionality_reduction.json --eons_params 42/eons.json --proc_params 42/risp.json --threads 13 --epochs 10 --sim_time 64 --extra_eons_params {\"starting_edges\":64} --extra_app_params {\"output_dimensions\":32} --extra_proc_params {\"discrete\":true,\"leak_mode\":\"all\",\"max_delay\":2,\"max_threshold\":4,\"max_weight\":8,\"min_potential\":-4,\"min_weight\":-4} --encoder \"rate\" --decoder \"ttls\"",
      "fitness": [
        0.0,
        0.0,
        0.0
      ],
      "hyperparam": "0.000000000-4.000000000-0.000000000-0.000000000-1.000000000-2.000000000-3.000000000-1.000000000-0.000000000-3.000000000-2.000000000-0.000000000",
      "mean": 0.0,
      "median": 0.0,
      "network": "/lustre/isaac24/scratch/jhanna8/repos/2026_dr_tests/bayes/dimensionality_reduction/42/networks/dimensionality_reduction_risp_24"
    },
    {
      "best": 0.0,
      "cmd": "bin/dimensionality_reduction_risp -a train --app_params 42/dimensionality_reduction.json --eons_params 42/eons.json --proc_params 42/risp.json --threads 13 --epochs 10 --sim_time 16 --extra_eons_params {\"starting_edges\":64} --extra_app_params {\"output_dimensions\":32} --extra_proc_params {\"discrete\":true,\"leak_mode\":\"all\",\"max_delay\":2,\"max_threshold\":4,\"max_weight\":8,\"min_potential\":-4,\"min_weight\":-2} --encoder \"rate\" --decoder \"rate\"",
      "fitness": [
        -2.75861e-15,
        0.0,
        0.0
      ],
      "hyperparam": "0.000000000-4.000000000-0.000000000-0.000000000-1.000000000-2.000000000-3.000000000-1.000000000-1.000000000-1.000000000-2.000000000-1.000000000",
      "mean": -9.195366666666666e-16,
      "median": 0.0,
      "network": "/lustre/isaac24/scratch/jhanna8/repos/2026_dr_tests/bayes/dimensionality_reduction/42/networks/dimensionality_reduction_risp_6"
    },
    {
      "best": 0.0,
      "cmd": "bin/dimensionality_reduction_risp -a train --app_params 42/dimensionality_reduction.json --eons_params 42/eons.json --proc_params 42/risp.json --threads 13 --epochs 10 --sim_time 16 --extra_eons_params {\"starting_edges\":96} --extra_app_params {\"output_dimensions\":2} --extra_proc_params {\"discrete\":false,\"leak_mode\":\"none\",\"max_delay\":16,\"max_threshold\":2,\"max_weight\":8,\"min_potential\":-1,\"min_weight\":-1} --encoder \"spike\" --decoder \"ttls\"",
      "fitness": [
        0.0,
        0.0,
        0.0
      ],
      "hyperparam": "1.000000000-0.000000000-1.000000000-1.000000000-4.000000000-1.000000000-3.000000000-3.000000000-2.000000000-1.000000000-1.000000000-0.000000000",
      "mean": 0.0,
      "median": 0.0,
      "network": "/lustre/isaac24/scratch/jhanna8/repos/2026_dr_tests/bayes/dimensionality_reduction/42/networks/dimensionality_reduction_risp_25"
    },
    {
      "best": 3.6755e-05,
      "cmd": "bin/dimensionality_reduction_risp -a train --app_params 42/dimensionality_reduction.json --eons_params 42/eons.json --proc_params 42/risp.json --threads 13 --epochs 10 --sim_time 32 --extra_eons_params {\"starting_edges\":96} --extra_app_params {\"output_dimensions\":4} --extra_proc_params {\"discrete\":false,\"leak_mode\":\"none\",\"max_delay\":8,\"max_threshold\":4,\"max_weight\":2,\"min_potential\":-8,\"min_weight\":-2} --encoder \"spike\" --decoder \"rate\"",
      "fitness": [
        3.6755e-05,
        0.0,
        9.80133e-06
      ],
      "hyperparam": "1.000000000-1.000000000-1.000000000-1.000000000-3.000000000-2.000000000-1.000000000-0.000000000-1.000000000-2.000000000-1.000000000-1.000000000",
      "mean": 1.551877666666667e-05,
      "median": 9.80133e-06,
      "network": "/lustre/isaac24/scratch/jhanna8/repos/2026_dr_tests/bayes/dimensionality_reduction/42/networks/dimensionality_reduction_risp_11"
    },
    {
      "best": 2.64127e-05,
      "cmd": "bin/dimensionality_reduction_risp -a train --app_params 42/dimensionality_reduction.json --eons_params 42/eons.json --proc_params 42/risp.json --threads 13 --epochs 10 --sim_time 64 --extra_eons_params {\"starting_edges\":96} --extra_app_params {\"output_dimensions\":4} --extra_proc_params {\"discrete\":false,\"leak_mode\":\"none\",\"max_delay\":8,\"max_threshold\":4,\"max_weight\":2,\"min_potential\":-2,\"min_weight\":-1} --encoder \"spikes\" --decoder \"rate\"",
      "fitness": [
        7.2489e-06,
        0.0,
        2.64127e-05
      ],
      "hyperparam": "1.000000000-1.000000000-1.000000000-1.000000000-3.000000000-2.000000000-1.000000000-2.000000000-2.000000000-3.000000000-3.000000000-1.000000000",
      "mean": 1.1220533333333332e-05,
      "median": 7.2489e-06,
      "network": "/lustre/isaac24/scratch/jhanna8/repos/2026_dr_tests/bayes/dimensionality_reduction/42/networks/dimensionality_reduction_risp_15"
    },
    {
      "best": 1.83775e-05,
      "cmd": "bin/dimensionality_reduction_risp -a train --app_params 42/dimensionality_reduction.json --eons_params 42/eons.json --proc_params 42/risp.json --threads 13 --epochs 10 --sim_time 32 --extra_eons_params {\"starting_edges\":96} --extra_app_params {\"output_dimensions\":8} --extra_proc_params {\"discrete\":true,\"leak_mode\":\"none\",\"max_delay\":16,\"max_threshold\":8,\"max_weight\":2,\"min_potential\":-4,\"min_weight\":-4} --encoder \"spikes\" --decoder \"rate\"",
      "fitness": [
        0.0,
        0.0,
        1.83775e-05
      ],
      "hyperparam": "1.000000000-2.000000000-0.000000000-1.000000000-4.000000000-3.000000000-1.000000000-1.000000000-0.000000000-2.000000000-3.000000000-1.000000000",
      "mean": 6.125833333333334e-06,
      "median": 0.0,
      "network": "/lustre/isaac24/scratch/jhanna8/repos/2026_dr_tests/bayes/dimensionality_reduction/42/networks/dimensionality_reduction_risp_18"
    },
    {
      "best": -0.000109501,
      "cmd": "bin/dimensionality_reduction_risp -a train --app_params 42/dimensionality_reduction.json --eons_params 42/eons.json --proc_params 42/risp.json --threads 13 --epochs 10 --sim_time 128 --extra_eons_params {\"starting_edges\":96} --extra_app_params {\"output_dimensions\":8} --extra_proc_params {\"discrete\":false,\"leak_mode\":\"none\",\"max_delay\":8,\"max_threshold\":1,\"max_weight\":8,\"min_potential\":-4,\"min_weight\":-4} --encoder \"spike\" --decoder \"rate\"",
      "fitness": [
        -0.000121238,
        -0.000423585,
        -0.000109501
      ],
      "hyperparam": "1.000000000-2.000000000-1.000000000-1.000000000-3.000000000-0.000000000-3.000000000-1.000000000-0.000000000-4.000000000-1.000000000-1.000000000",
      "mean": -0.00021810799999999998,
      "median": -0.000121238,
      "network": "/lustre/isaac24/scratch/jhanna8/repos/2026_dr_tests/bayes/dimensionality_reduction/42/networks/dimensionality_reduction_risp_14"
    },
    {
      "best": 0.0,
      "cmd": "bin/dimensionality_reduction_risp -a train --app_params 42/dimensionality_reduction.json --eons_params 42/eons.json --proc_params 42/risp.json --threads 13 --epochs 10 --sim_time 64 --extra_eons_params {\"starting_edges\":96} --extra_app_params {\"output_dimensions\":8} --extra_proc_params {\"discrete\":false,\"leak_mode\":\"none\",\"max_delay\":16,\"max_threshold\":8,\"max_weight\":8,\"min_potential\":-2,\"min_weight\":-1} --encoder \"spike\" --decoder \"ttls\"",
      "fitness": [
        0.0,
        -0.0013712,
        -0.00148638
      ],
      "hyperparam": "1.000000000-2.000000000-1.000000000-1.000000000-4.000000000-3.000000000-3.000000000-2.000000000-2.000000000-3.000000000-1.000000000-0.000000000",
      "mean": -0.0009525266666666667,
      "median": -0.0013712,
      "network": "/lustre/isaac24/scratch/jhanna8/repos/2026_dr_tests/bayes/dimensionality_reduction/42/networks/dimensionality_reduction_risp_13"
    },
    {
      "best": 0.0,
      "cmd": "bin/dimensionality_reduction_risp -a train --app_params 42/dimensionality_reduction.json --eons_params 42/eons.json --proc_params 42/risp.json --threads 13 --epochs 10 --sim_time 32 --extra_eons_params {\"starting_edges\":96} --extra_app_params {\"output_dimensions\":32} --extra_proc_params {\"discrete\":true,\"leak_mode\":\"all\",\"max_delay\":8,\"max_threshold\":4,\"max_weight\":4,\"min_potential\":-4,\"min_weight\":-2} --encoder \"spikes\" --decoder \"rate\"",
      "fitness": [
        0.0,
        0.0,
        0.0
      ],
      "hyperparam": "1.000000000-4.000000000-0.000000000-0.000000000-3.000000000-2.000000000-2.000000000-1.000000000-1.000000000-2.000000000-3.000000000-1.000000000",
      "mean": 0.0,
      "median": 0.0,
      "network": "/lustre/isaac24/scratch/jhanna8/repos/2026_dr_tests/bayes/dimensionality_reduction/42/networks/dimensionality_reduction_risp_2"
    },
    {
      "best": 0.0,
      "cmd": "bin/dimensionality_reduction_risp -a train --app_params 42/dimensionality_reduction.json --eons_params 42/eons.json --proc_params 42/risp.json --threads 13 --epochs 10 --sim_time 64 --extra_eons_params {\"starting_edges\":96} --extra_app_params {\"output_dimensions\":32} --extra_proc_params {\"discrete\":false,\"leak_mode\":\"all\",\"max_delay\":1,\"max_threshold\":2,\"max_weight\":2,\"min_potential\":-4,\"min_weight\":-2} --encoder \"val\" --decoder \"ttls\"",
      "fitness": [
        0.0,
        0.0,
        0.0
      ],
      "hyperparam": "1.000000000-4.000000000-1.000000000-0.000000000-0.000000000-1.000000000-1.000000000-1.000000000-1.000000000-3.000000000-0.000000000-0.000000000",
      "mean": 0.0,
      "median": 0.0,
      "network": "/lustre/isaac24/scratch/jhanna8/repos/2026_dr_tests/bayes/dimensionality_reduction/42/networks/dimensionality_reduction_risp_19"
    },
    {
      "best": -0.000151539,
      "cmd": "bin/dimensionality_reduction_risp -a train --app_params 42/dimensionality_reduction.json --eons_params 42/eons.json --proc_params 42/risp.json --threads 13 --epochs 10 --sim_time 128 --extra_eons_params {\"starting_edges\":96} --extra_app_params {\"output_dimensions\":32} --extra_proc_params {\"discrete\":false,\"leak_mode\":\"none\",\"max_delay\":1,\"max_threshold\":8,\"max_weight\":16,\"min_potential\":-8,\"min_weight\":-2} --encoder \"spike\" --decoder \"ttls\"",
      "fitness": [
        -0.00041949,
        -0.000488339,
        -0.000151539
      ],
      "hyperparam": "1.000000000-4.000000000-1.000000000-1.000000000-0.000000000-3.000000000-4.000000000-0.000000000-1.000000000-4.000000000-1.000000000-0.000000000",
      "mean": -0.0003531226666666667,
      "median": -0.00041949,
      "network": "/lustre/isaac24/scratch/jhanna8/repos/2026_dr_tests/bayes/dimensionality_reduction/42/networks/dimensionality_reduction_risp_8"
    },
    {
      "best": 0.0,
      "cmd": "bin/dimensionality_reduction_risp -a train --app_params 42/dimensionality_reduction.json --eons_params 42/eons.json --proc_params 42/risp.json --threads 13 --epochs 10 --sim_time 32 --extra_eons_params {\"starting_edges\":128} --extra_app_params {\"output_dimensions\":4} --extra_proc_params {\"discrete\":true,\"leak_mode\":\"all\",\"max_delay\":4,\"max_threshold\":2,\"max_weight\":1,\"min_potential\":-4,\"min_weight\":-1} --encoder \"rate\" --decoder \"rate\"",
      "fitness": [
        0.0,
        0.0,
        0.0
      ],
      "hyperparam": "2.000000000-1.000000000-0.000000000-0.000000000-2.000000000-1.000000000-0.000000000-1.000000000-2.000000000-2.000000000-2.000000000-1.000000000",
      "mean": 0.0,
      "median": 0.0,
      "network": "/lustre/isaac24/scratch/jhanna8/repos/2026_dr_tests/bayes/dimensionality_reduction/42/networks/dimensionality_reduction_risp_23"
    },
    {
      "best": 0.0,
      "cmd": "bin/dimensionality_reduction_risp -a train --app_params 42/dimensionality_reduction.json --eons_params 42/eons.json --proc_params 42/risp.json --threads 13 --epochs 10 --sim_time 128 --extra_eons_params {\"starting_edges\":128} --extra_app_params {\"output_dimensions\":4} --extra_proc_params {\"discrete\":false,\"leak_mode\":\"all\",\"max_delay\":8,\"max_threshold\":8,\"max_weight\":1,\"min_potential\":-1,\"min_weight\":-4} --encoder \"spikes\" --decoder \"rate\"",
      "fitness": [
        0.0,
        0.0,
        0.0
      ],
      "hyperparam": "2.000000000-1.000000000-1.000000000-0.000000000-3.000000000-3.000000000-0.000000000-3.000000000-0.000000000-4.000000000-3.000000000-1.000000000",
      "mean": 0.0,
      "median": 0.0,
      "network": "/lustre/isaac24/scratch/jhanna8/repos/2026_dr_tests/bayes/dimensionality_reduction/42/networks/dimensionality_reduction_risp_12"
    },
    {
      "best": 0.000101677,
      "cmd": "bin/dimensionality_reduction_risp -a train --app_params 42/dimensionality_reduction.json --eons_params 42/eons.json --proc_params 42/risp.json --threads 13 --epochs 10 --sim_time 32 --extra_eons_params {\"starting_edges\":128} --extra_app_params {\"output_dimensions\":4} --extra_proc_params {\"discrete\":false,\"leak_mode\":\"none\",\"max_delay\":2,\"max_threshold\":2,\"max_weight\":8,\"min_potential\":-8,\"min_weight\":-4} --encoder \"rate\" --decoder \"ttls\"",
      "fitness": [
        0.0,
        3.59945e-05,
        0.000101677
      ],
      "hyperparam": "2.000000000-1.000000000-1.000000000-1.000000000-1.000000000-1.000000000-3.000000000-0.000000000-0.000000000-2.000000000-2.000000000-0.000000000",
      "mean": 4.58905e-05,
      "median": 3.59945e-05,
      "network": "/lustre/isaac24/scratch/jhanna8/repos/2026_dr_tests/bayes/dimensionality_reduction/42/networks/dimensionality_reduction_risp_7"
    },
    {
      "best": -0.000125739,
      "cmd": "bin/dimensionality_reduction_risp -a train --app_params 42/dimensionality_reduction.json --eons_params 42/eons.json --proc_params 42/risp.json --threads 13 --epochs 10 --sim_time 64 --extra_eons_params {\"starting_edges\":128} --extra_app_params {\"output_dimensions\":16} --extra_proc_params {\"discrete\":true,\"leak_mode\":\"all\",\"max_delay\":2,\"max_threshold\":2,\"max_weight\":8,\"min_potential\":-8,\"min_weight\":-2} --encoder \"spike\" --decoder \"ttls\"",
      "fitness": [
        -0.000285692,
        -0.000125739,
        -0.00042257
      ],
      "hyperparam": "2.000000000-3.000000000-0.000000000-0.000000000-1.000000000-1.000000000-3.000000000-0.000000000-1.000000000-3.000000000-1.000000000-0.000000000",
      "mean": -0.00027800033333333336,
      "median": -0.000285692,
      "network": "/lustre/isaac24/scratch/jhanna8/repos/2026_dr_tests/bayes/dimensionality_reduction/42/networks/dimensionality_reduction_risp_21"
    },
    {
      "best": -1.9984e-14,
      "cmd": "bin/dimensionality_reduction_risp -a train --app_params 42/dimensionality_reduction.json --eons_params 42/eons.json --proc_params 42/risp.json --threads 13 --epochs 10 --sim_time 16 --extra_eons_params {\"starting_edges\":128} --extra_app_params {\"output_dimensions\":16} --extra_proc_params {\"discrete\":false,\"leak_mode\":\"none\",\"max_delay\":2,\"max_threshold\":8,\"max_weight\":4,\"min_potential\":-2,\"min_weight\":-2} --encoder \"spike\" --decoder \"ttls\"",
      "fitness": [
        -1.9984e-14,
        -0.000603806,
        -0.000559808
      ],
      "hyperparam": "2.000000000-3.000000000-1.000000000-1.000000000-1.000000000-3.000000000-2.000000000-2.000000000-1.000000000-1.000000000-1.000000000-0.000000000",
      "mean": -0.00038787133333999463,
      "median": -0.000559808,
      "network": "/lustre/isaac24/scratch/jhanna8/repos/2026_dr_tests/bayes/dimensionality_reduction/42/networks/dimensionality_reduction_risp_9"
    },
    {
      "best": 0.0,
      "cmd": "bin/dimensionality_reduction_risp -a train --app_params 42/dimensionality_reduction.json --eons_params 42/eons.json --proc_params 42/risp.json --threads 13 --epochs 10 --sim_time 16 --extra_eons_params {\"starting_edges\":128} --extra_app_params {\"output_dimensions\":16} --extra_proc_params {\"discrete\":false,\"leak_mode\":\"none\",\"max_delay\":8,\"max_threshold\":16,\"max_weight\":4,\"min_potential\":-2,\"min_weight\":-2} --encoder \"rate\" --decoder \"rate\"",
      "fitness": [
        -1.6241e-14,
        0.0,
        -2.97205e-15
      ],
      "hyperparam": "2.000000000-3.000000000-1.000000000-1.000000000-3.000000000-4.000000000-2.000000000-2.000000000-1.000000000-1.000000000-2.000000000-1.000000000",
      "mean": -6.404349999999999e-15,
      "median": -2.97205e-15,
      "network": "/lustre/isaac24/scratch/jhanna8/repos/2026_dr_tests/bayes/dimensionality_reduction/42/networks/dimensionality_reduction_risp_16"
    },
    {
      "best": 0.0,
      "cmd": "bin/dimensionality_reduction_risp -a train --app_params 42/dimensionality_reduction.json --eons_params 42/eons.json --proc_params 42/risp.json --threads 13 --epochs 10 --sim_time 8 --extra_eons_params {\"starting_edges\":128} --extra_app_params {\"output_dimensions\":32} --extra_proc_params {\"discrete\":false,\"leak_mode\":\"all\",\"max_delay\":2,\"max_threshold\":16,\"max_weight\":4,\"min_potential\":-1,\"min_weight\":-2} --encoder \"rate\" --decoder \"ttls\"",
      "fitness": [
        0.0,
        0.0,
        0.0
      ],
      "hyperparam": "2.000000000-4.000000000-1.000000000-0.000000000-1.000000000-4.000000000-2.000000000-3.000000000-1.000000000-0.000000000-2.000000000-0.000000000",
      "mean": 0.0,
      "median": 0.0,
      "network": "/lustre/isaac24/scratch/jhanna8/repos/2026_dr_tests/bayes/dimensionality_reduction/42/networks/dimensionality_reduction_risp_1"
    }
  ],
  "decoder": {
    "base": [
      "ttls",
      "rate"
    ]
  },
  "encoder": {
    "base": [
      "val",
      "spike",
      "rate",
      "spikes",
      "temporal"
    ]
  },
  "eons_params": {
    "starting_edges": [
      64,
      96,
      128
    ]
  },
  "fitness_metric": "fitness",
  "iterations_per_test": 3,
  "num_best_networks": 0,
  "opt_params": {
    "n_random_starts": 25,
    "random_state": 18389
  },
  "optimizer": "python ../utils/scikit_opt.py",
  "proc_params": {
    "discrete": [
      true,
      false
    ],
    "leak_mode": [
      "all",
      "none"
    ],
    "max_delay": [
      1,
      2,
      4,
      8,
      16
    ],
    "max_threshold": [
      1,
      2,
      4,
      8,
      16
    ],
    "max_weight": [
      1,
      2,
      4,
      8,
      16
    ],
    "min_potential": [
      -8,
      -4,
      -2,
      -1
    ],
    "min_weight": [
      -4,
      -2,
      -1
    ]
  },
  "python_app": false,
  "test_episodes": 0,
  "test_iteration_type": "none"
}
