{
  "app_params": {
    "output_dimensions": [
      2,
      4,
      8,
      16,
      32
    ]
  },
  "app_proc": "dimensionality_reduction_risp",
  "argv": "../bin/bayes --input_file /lustre/isaac24/scratch/jhanna8/repos/2026_dr_tests/bayes/dimensionality_reduction/40/b40.in --output_file /lustre/isaac24/scratch/jhanna8/repos/2026_dr_tests/bayes/dimensionality_reduction/40/b40.out --n_calls 25 -d /lustre/isaac24/scratch/jhanna8/repos/2026_dr_tests/bayes/dimensionality_reduction/40/networks ",
  "bayes_iteration": 25,
  "bayes_iteration_type": "median",
  "best_fitness": [
    {
      "cmd": "bin/dimensionality_reduction_risp -a train --app_params 40/dimensionality_reduction.json --eons_params 40/eons.json --proc_params 40/risp.json --threads 13 --epochs 10 --sim_time 32 --extra_eons_params {\"starting_edges\":96} --extra_app_params {\"output_dimensions\":2} --extra_proc_params {\"discrete\":true,\"leak_mode\":\"none\",\"max_delay\":16,\"max_threshold\":2,\"max_weight\":2,\"min_potential\":-4,\"min_weight\":-4} --encoder \"spikes\" --decoder \"ttls\"",
      "fitness": 0.00220397,
      "network": "/lustre/isaac24/scratch/jhanna8/repos/2026_dr_tests/bayes/dimensionality_reduction/40/networks/dimensionality_reduction_risp_12"
    },
    {
      "cmd": "bin/dimensionality_reduction_risp -a train --app_params 40/dimensionality_reduction.json --eons_params 40/eons.json --proc_params 40/risp.json --threads 13 --epochs 10 --sim_time 32 --extra_eons_params {\"starting_edges\":96} --extra_app_params {\"output_dimensions\":2} --extra_proc_params {\"discrete\":false,\"leak_mode\":\"none\",\"max_delay\":16,\"max_threshold\":1,\"max_weight\":4,\"min_potential\":-1,\"min_weight\":-2} --encoder \"spike\" --decoder \"rate\"",
      "fitness": 0.000967023,
      "network": "/lustre/isaac24/scratch/jhanna8/repos/2026_dr_tests/bayes/dimensionality_reduction/40/networks/dimensionality_reduction_risp_20"
    },
    {
      "cmd": "bin/dimensionality_reduction_risp -a train --app_params 40/dimensionality_reduction.json --eons_params 40/eons.json --proc_params 40/risp.json --threads 13 --epochs 10 --sim_time 16 --extra_eons_params {\"starting_edges\":96} --extra_app_params {\"output_dimensions\":4} --extra_proc_params {\"discrete\":true,\"leak_mode\":\"none\",\"max_delay\":1,\"max_threshold\":4,\"max_weight\":2,\"min_potential\":-4,\"min_weight\":-4} --encoder \"val\" --decoder \"rate\"",
      "fitness": 0.00046073,
      "network": "/lustre/isaac24/scratch/jhanna8/repos/2026_dr_tests/bayes/dimensionality_reduction/40/networks/dimensionality_reduction_risp_7"
    },
    {
      "cmd": "bin/dimensionality_reduction_risp -a train --app_params 40/dimensionality_reduction.json --eons_params 40/eons.json --proc_params 40/risp.json --threads 13 --epochs 10 --sim_time 16 --extra_eons_params {\"starting_edges\":64} --extra_app_params {\"output_dimensions\":8} --extra_proc_params {\"discrete\":false,\"leak_mode\":\"none\",\"max_delay\":8,\"max_threshold\":1,\"max_weight\":8,\"min_potential\":-4,\"min_weight\":-2} --encoder \"val\" --decoder \"ttls\"",
      "fitness": 0.000171258,
      "network": "/lustre/isaac24/scratch/jhanna8/repos/2026_dr_tests/bayes/dimensionality_reduction/40/networks/dimensionality_reduction_risp_2"
    },
    {
      "cmd": "bin/dimensionality_reduction_risp -a train --app_params 40/dimensionality_reduction.json --eons_params 40/eons.json --proc_params 40/risp.json --threads 13 --epochs 10 --sim_time 32 --extra_eons_params {\"starting_edges\":64} --extra_app_params {\"output_dimensions\":4} --extra_proc_params {\"discrete\":false,\"leak_mode\":\"none\",\"max_delay\":4,\"max_threshold\":4,\"max_weight\":2,\"min_potential\":-2,\"min_weight\":-2} --encoder \"spike\" --decoder \"rate\"",
      "fitness": 2.19009e-05,
      "network": "/lustre/isaac24/scratch/jhanna8/repos/2026_dr_tests/bayes/dimensionality_reduction/40/networks/dimensionality_reduction_risp_15"
    },
    {
      "cmd": "bin/dimensionality_reduction_risp -a train --app_params 40/dimensionality_reduction.json --eons_params 40/eons.json --proc_params 40/risp.json --threads 13 --epochs 10 --sim_time 128 --extra_eons_params {\"starting_edges\":96} --extra_app_params {\"output_dimensions\":16} --extra_proc_params {\"discrete\":false,\"leak_mode\":\"all\",\"max_delay\":16,\"max_threshold\":1,\"max_weight\":2,\"min_potential\":-2,\"min_weight\":-1} --encoder \"temporal\" --decoder \"ttls\"",
      "fitness": 7.351e-06,
      "network": "/lustre/isaac24/scratch/jhanna8/repos/2026_dr_tests/bayes/dimensionality_reduction/40/networks/dimensionality_reduction_risp_22"
    },
    {
      "cmd": "bin/dimensionality_reduction_risp -a train --app_params 40/dimensionality_reduction.json --eons_params 40/eons.json --proc_params 40/risp.json --threads 13 --epochs 10 --sim_time 32 --extra_eons_params {\"starting_edges\":64} --extra_app_params {\"output_dimensions\":8} --extra_proc_params {\"discrete\":false,\"leak_mode\":\"none\",\"max_delay\":4,\"max_threshold\":2,\"max_weight\":4,\"min_potential\":-4,\"min_weight\":-4} --encoder \"val\" --decoder \"rate\"",
      "fitness": 3.62445e-06,
      "network": "/lustre/isaac24/scratch/jhanna8/repos/2026_dr_tests/bayes/dimensionality_reduction/40/networks/dimensionality_reduction_risp_10"
    },
    {
      "cmd": "bin/dimensionality_reduction_risp -a train --app_params 40/dimensionality_reduction.json --eons_params 40/eons.json --proc_params 40/risp.json --threads 13 --epochs 10 --sim_time 32 --extra_eons_params {\"starting_edges\":96} --extra_app_params {\"output_dimensions\":32} --extra_proc_params {\"discrete\":false,\"leak_mode\":\"none\",\"max_delay\":8,\"max_threshold\":8,\"max_weight\":4,\"min_potential\":-8,\"min_weight\":-2} --encoder \"spikes\" --decoder \"rate\"",
      "fitness": 9.25391e-07,
      "network": "/lustre/isaac24/scratch/jhanna8/repos/2026_dr_tests/bayes/dimensionality_reduction/40/networks/dimensionality_reduction_risp_11"
    },
    {
      "cmd": "bin/dimensionality_reduction_risp -a train --app_params 40/dimensionality_reduction.json --eons_params 40/eons.json --proc_params 40/risp.json --threads 13 --epochs 10 --sim_time 8 --extra_eons_params {\"starting_edges\":96} --extra_app_params {\"output_dimensions\":4} --extra_proc_params {\"discrete\":false,\"leak_mode\":\"none\",\"max_delay\":2,\"max_threshold\":16,\"max_weight\":8,\"min_potential\":-2,\"min_weight\":-2} --encoder \"spike\" --decoder \"ttls\"",
      "fitness": 0.0,
      "network": "/lustre/isaac24/scratch/jhanna8/repos/2026_dr_tests/bayes/dimensionality_reduction/40/networks/dimensionality_reduction_risp_9"
    },
    {
      "cmd": "bin/dimensionality_reduction_risp -a train --app_params 40/dimensionality_reduction.json --eons_params 40/eons.json --proc_params 40/risp.json --threads 13 --epochs 10 --sim_time 32 --extra_eons_params {\"starting_edges\":128} --extra_app_params {\"output_dimensions\":8} --extra_proc_params {\"discrete\":false,\"leak_mode\":\"all\",\"max_delay\":4,\"max_threshold\":2,\"max_weight\":16,\"min_potential\":-2,\"min_weight\":-2} --encoder \"rate\" --decoder \"rate\"",
      "fitness": -0.000544361,
      "network": "/lustre/isaac24/scratch/jhanna8/repos/2026_dr_tests/bayes/dimensionality_reduction/40/networks/dimensionality_reduction_risp_21"
    },
    {
      "cmd": "bin/dimensionality_reduction_risp -a train --app_params 40/dimensionality_reduction.json --eons_params 40/eons.json --proc_params 40/risp.json --threads 13 --epochs 10 --sim_time 64 --extra_eons_params {\"starting_edges\":96} --extra_app_params {\"output_dimensions\":4} --extra_proc_params {\"discrete\":true,\"leak_mode\":\"all\",\"max_delay\":16,\"max_threshold\":1,\"max_weight\":16,\"min_potential\":-8,\"min_weight\":-2} --encoder \"spike\" --decoder \"ttls\"",
      "fitness": -0.00103736,
      "network": "/lustre/isaac24/scratch/jhanna8/repos/2026_dr_tests/bayes/dimensionality_reduction/40/networks/dimensionality_reduction_risp_24"
    },
    {
      "cmd": "bin/dimensionality_reduction_risp -a train --app_params 40/dimensionality_reduction.json --eons_params 40/eons.json --proc_params 40/risp.json --threads 13 --epochs 10 --sim_time 32 --extra_eons_params {\"starting_edges\":128} --extra_app_params {\"output_dimensions\":16} --extra_proc_params {\"discrete\":false,\"leak_mode\":\"none\",\"max_delay\":4,\"max_threshold\":8,\"max_weight\":8,\"min_potential\":-2,\"min_weight\":-2} --encoder \"temporal\" --decoder \"ttls\"",
      "fitness": -0.00189747,
      "network": "/lustre/isaac24/scratch/jhanna8/repos/2026_dr_tests/bayes/dimensionality_reduction/40/networks/dimensionality_reduction_risp_4"
    }
  ],
  "command": "bin/dimensionality_reduction_risp -a train --app_params 40/dimensionality_reduction.json --eons_params 40/eons.json --proc_params 40/risp.json --threads 13 --epochs 10",
  "command_params": {
    "sim_time": [
      8,
      16,
      32,
      64,
      128
    ]
  },
  "data_points": [
    {
      "best": 2.19009e-05,
      "cmd": "bin/dimensionality_reduction_risp -a train --app_params 40/dimensionality_reduction.json --eons_params 40/eons.json --proc_params 40/risp.json --threads 13 --epochs 10 --sim_time 32 --extra_eons_params {\"starting_edges\":64} --extra_app_params {\"output_dimensions\":4} --extra_proc_params {\"discrete\":false,\"leak_mode\":\"none\",\"max_delay\":4,\"max_threshold\":4,\"max_weight\":2,\"min_potential\":-2,\"min_weight\":-2} --encoder \"spike\" --decoder \"rate\"",
      "fitness": [
        1.70502e-05,
        9.59854e-06,
        2.19009e-05
      ],
      "hyperparam": "0.000000000-1.000000000-1.000000000-1.000000000-2.000000000-2.000000000-1.000000000-2.000000000-1.000000000-2.000000000-1.000000000-1.000000000",
      "mean": 1.6183213333333333e-05,
      "median": 1.70502e-05,
      "network": "/lustre/isaac24/scratch/jhanna8/repos/2026_dr_tests/bayes/dimensionality_reduction/40/networks/dimensionality_reduction_risp_15"
    },
    {
      "best": 3.62445e-06,
      "cmd": "bin/dimensionality_reduction_risp -a train --app_params 40/dimensionality_reduction.json --eons_params 40/eons.json --proc_params 40/risp.json --threads 13 --epochs 10 --sim_time 32 --extra_eons_params {\"starting_edges\":64} --extra_app_params {\"output_dimensions\":8} --extra_proc_params {\"discrete\":false,\"leak_mode\":\"none\",\"max_delay\":4,\"max_threshold\":2,\"max_weight\":4,\"min_potential\":-4,\"min_weight\":-4} --encoder \"val\" --decoder \"rate\"",
      "fitness": [
        3.62445e-06,
        0.0,
        1.20815e-06
      ],
      "hyperparam": "0.000000000-2.000000000-1.000000000-1.000000000-2.000000000-1.000000000-2.000000000-1.000000000-0.000000000-2.000000000-0.000000000-1.000000000",
      "mean": 1.6108666666666667e-06,
      "median": 1.20815e-06,
      "network": "/lustre/isaac24/scratch/jhanna8/repos/2026_dr_tests/bayes/dimensionality_reduction/40/networks/dimensionality_reduction_risp_10"
    },
    {
      "best": 0.000171258,
      "cmd": "bin/dimensionality_reduction_risp -a train --app_params 40/dimensionality_reduction.json --eons_params 40/eons.json --proc_params 40/risp.json --threads 13 --epochs 10 --sim_time 16 --extra_eons_params {\"starting_edges\":64} --extra_app_params {\"output_dimensions\":8} --extra_proc_params {\"discrete\":false,\"leak_mode\":\"none\",\"max_delay\":8,\"max_threshold\":1,\"max_weight\":8,\"min_potential\":-4,\"min_weight\":-2} --encoder \"val\" --decoder \"ttls\"",
      "fitness": [
        0.0,
        0.000171258,
        0.0
      ],
      "hyperparam": "0.000000000-2.000000000-1.000000000-1.000000000-3.000000000-0.000000000-3.000000000-1.000000000-1.000000000-1.000000000-0.000000000-0.000000000",
      "mean": 5.7086e-05,
      "median": 0.0,
      "network": "/lustre/isaac24/scratch/jhanna8/repos/2026_dr_tests/bayes/dimensionality_reduction/40/networks/dimensionality_reduction_risp_2"
    },
    {
      "best": 0.0,
      "cmd": "bin/dimensionality_reduction_risp -a train --app_params 40/dimensionality_reduction.json --eons_params 40/eons.json --proc_params 40/risp.json --threads 13 --epochs 10 --sim_time 64 --extra_eons_params {\"starting_edges\":64} --extra_app_params {\"output_dimensions\":16} --extra_proc_params {\"discrete\":true,\"leak_mode\":\"all\",\"max_delay\":4,\"max_threshold\":8,\"max_weight\":4,\"min_potential\":-4,\"min_weight\":-2} --encoder \"spike\" --decoder \"ttls\"",
      "fitness": [
        0.0,
        0.0,
        0.0
      ],
      "hyperparam": "0.000000000-3.000000000-0.000000000-0.000000000-2.000000000-3.000000000-2.000000000-1.000000000-1.000000000-3.000000000-1.000000000-0.000000000",
      "mean": 0.0,
      "median": 0.0,
      "network": "/lustre/isaac24/scratch/jhanna8/repos/2026_dr_tests/bayes/dimensionality_reduction/40/networks/dimensionality_reduction_risp_1"
    },
    {
      "best": 0.0,
      "cmd": "bin/dimensionality_reduction_risp -a train --app_params 40/dimensionality_reduction.json --eons_params 40/eons.json --proc_params 40/risp.json --threads 13 --epochs 10 --sim_time 16 --extra_eons_params {\"starting_edges\":64} --extra_app_params {\"output_dimensions\":16} --extra_proc_params {\"discrete\":false,\"leak_mode\":\"none\",\"max_delay\":8,\"max_threshold\":8,\"max_weight\":4,\"min_potential\":-2,\"min_weight\":-1} --encoder \"rate\" --decoder \"ttls\"",
      "fitness": [
        0.0,
        0.0,
        0.0
      ],
      "hyperparam": "0.000000000-3.000000000-1.000000000-1.000000000-3.000000000-3.000000000-2.000000000-2.000000000-2.000000000-1.000000000-2.000000000-0.000000000",
      "mean": 0.0,
      "median": 0.0,
      "network": "/lustre/isaac24/scratch/jhanna8/repos/2026_dr_tests/bayes/dimensionality_reduction/40/networks/dimensionality_reduction_risp_18"
    },
    {
      "best": 0.0,
      "cmd": "bin/dimensionality_reduction_risp -a train --app_params 40/dimensionality_reduction.json --eons_params 40/eons.json --proc_params 40/risp.json --threads 13 --epochs 10 --sim_time 128 --extra_eons_params {\"starting_edges\":96} --extra_app_params {\"output_dimensions\":2} --extra_proc_params {\"discrete\":true,\"leak_mode\":\"none\",\"max_delay\":8,\"max_threshold\":1,\"max_weight\":8,\"min_potential\":-4,\"min_weight\":-1} --encoder \"rate\" --decoder \"ttls\"",
      "fitness": [
        0.0,
        -0.00261644,
        0.0
      ],
      "hyperparam": "1.000000000-0.000000000-0.000000000-1.000000000-3.000000000-0.000000000-3.000000000-1.000000000-2.000000000-4.000000000-2.000000000-0.000000000",
      "mean": -0.0008721466666666666,
      "median": 0.0,
      "network": "/lustre/isaac24/scratch/jhanna8/repos/2026_dr_tests/bayes/dimensionality_reduction/40/networks/dimensionality_reduction_risp_19"
    },
    {
      "best": 0.00220397,
      "cmd": "bin/dimensionality_reduction_risp -a train --app_params 40/dimensionality_reduction.json --eons_params 40/eons.json --proc_params 40/risp.json --threads 13 --epochs 10 --sim_time 32 --extra_eons_params {\"starting_edges\":96} --extra_app_params {\"output_dimensions\":2} --extra_proc_params {\"discrete\":true,\"leak_mode\":\"none\",\"max_delay\":16,\"max_threshold\":2,\"max_weight\":2,\"min_potential\":-4,\"min_weight\":-4} --encoder \"spikes\" --decoder \"ttls\"",
      "fitness": [
        1.44978e-05,
        4.8326e-05,
        0.00220397
      ],
      "hyperparam": "1.000000000-0.000000000-0.000000000-1.000000000-4.000000000-1.000000000-1.000000000-1.000000000-0.000000000-2.000000000-3.000000000-0.000000000",
      "mean": 0.0007555979333333333,
      "median": 4.8326e-05,
      "network": "/lustre/isaac24/scratch/jhanna8/repos/2026_dr_tests/bayes/dimensionality_reduction/40/networks/dimensionality_reduction_risp_12"
    },
    {
      "best": 0.000967023,
      "cmd": "bin/dimensionality_reduction_risp -a train --app_params 40/dimensionality_reduction.json --eons_params 40/eons.json --proc_params 40/risp.json --threads 13 --epochs 10 --sim_time 32 --extra_eons_params {\"starting_edges\":96} --extra_app_params {\"output_dimensions\":2} --extra_proc_params {\"discrete\":false,\"leak_mode\":\"none\",\"max_delay\":16,\"max_threshold\":1,\"max_weight\":4,\"min_potential\":-1,\"min_weight\":-2} --encoder \"spike\" --decoder \"rate\"",
      "fitness": [
        0.000967023,
        0.000382252,
        4.79927e-05
      ],
      "hyperparam": "1.000000000-0.000000000-1.000000000-1.000000000-4.000000000-0.000000000-2.000000000-3.000000000-1.000000000-2.000000000-1.000000000-1.000000000",
      "mean": 0.0004657559,
      "median": 0.000382252,
      "network": "/lustre/isaac24/scratch/jhanna8/repos/2026_dr_tests/bayes/dimensionality_reduction/40/networks/dimensionality_reduction_risp_20"
    },
    {
      "best": -0.00103736,
      "cmd": "bin/dimensionality_reduction_risp -a train --app_params 40/dimensionality_reduction.json --eons_params 40/eons.json --proc_params 40/risp.json --threads 13 --epochs 10 --sim_time 64 --extra_eons_params {\"starting_edges\":96} --extra_app_params {\"output_dimensions\":4} --extra_proc_params {\"discrete\":true,\"leak_mode\":\"all\",\"max_delay\":16,\"max_threshold\":1,\"max_weight\":16,\"min_potential\":-8,\"min_weight\":-2} --encoder \"spike\" --decoder \"ttls\"",
      "fitness": [
        -0.00106688,
        -0.00108022,
        -0.00103736
      ],
      "hyperparam": "1.000000000-1.000000000-0.000000000-0.000000000-4.000000000-0.000000000-4.000000000-0.000000000-1.000000000-3.000000000-1.000000000-0.000000000",
      "mean": -0.0010614866666666667,
      "median": -0.00106688,
      "network": "/lustre/isaac24/scratch/jhanna8/repos/2026_dr_tests/bayes/dimensionality_reduction/40/networks/dimensionality_reduction_risp_24"
    },
    {
      "best": 0.00046073,
      "cmd": "bin/dimensionality_reduction_risp -a train --app_params 40/dimensionality_reduction.json --eons_params 40/eons.json --proc_params 40/risp.json --threads 13 --epochs 10 --sim_time 16 --extra_eons_params {\"starting_edges\":96} --extra_app_params {\"output_dimensions\":4} --extra_proc_params {\"discrete\":true,\"leak_mode\":\"none\",\"max_delay\":1,\"max_threshold\":4,\"max_weight\":2,\"min_potential\":-4,\"min_weight\":-4} --encoder \"val\" --decoder \"rate\"",
      "fitness": [
        0.00046073,
        1.43978e-05,
        0.000455931
      ],
      "hyperparam": "1.000000000-1.000000000-0.000000000-1.000000000-0.000000000-2.000000000-1.000000000-1.000000000-0.000000000-1.000000000-0.000000000-1.000000000",
      "mean": 0.0003103529333333334,
      "median": 0.000455931,
      "network": "/lustre/isaac24/scratch/jhanna8/repos/2026_dr_tests/bayes/dimensionality_reduction/40/networks/dimensionality_reduction_risp_7"
    },
    {
      "best": 0.0,
      "cmd": "bin/dimensionality_reduction_risp -a train --app_params 40/dimensionality_reduction.json --eons_params 40/eons.json --proc_params 40/risp.json --threads 13 --epochs 10 --sim_time 32 --extra_eons_params {\"starting_edges\":96} --extra_app_params {\"output_dimensions\":4} --extra_proc_params {\"discrete\":false,\"leak_mode\":\"all\",\"max_delay\":8,\"max_threshold\":4,\"max_weight\":16,\"min_potential\":-4,\"min_weight\":-2} --encoder \"spike\" --decoder \"ttls\"",
      "fitness": [
        0.0,
        0.0,
        -0.000520712
      ],
      "hyperparam": "1.000000000-1.000000000-1.000000000-0.000000000-3.000000000-2.000000000-4.000000000-1.000000000-1.000000000-2.000000000-1.000000000-0.000000000",
      "mean": -0.00017357066666666667,
      "median": 0.0,
      "network": "/lustre/isaac24/scratch/jhanna8/repos/2026_dr_tests/bayes/dimensionality_reduction/40/networks/dimensionality_reduction_risp_16"
    },
    {
      "best": 0.0,
      "cmd": "bin/dimensionality_reduction_risp -a train --app_params 40/dimensionality_reduction.json --eons_params 40/eons.json --proc_params 40/risp.json --threads 13 --epochs 10 --sim_time 8 --extra_eons_params {\"starting_edges\":96} --extra_app_params {\"output_dimensions\":4} --extra_proc_params {\"discrete\":false,\"leak_mode\":\"none\",\"max_delay\":2,\"max_threshold\":16,\"max_weight\":8,\"min_potential\":-2,\"min_weight\":-2} --encoder \"spike\" --decoder \"ttls\"",
      "fitness": [
        0.0,
        0.0,
        0.0
      ],
      "hyperparam": "1.000000000-1.000000000-1.000000000-1.000000000-1.000000000-4.000000000-3.000000000-2.000000000-1.000000000-0.000000000-1.000000000-0.000000000",
      "mean": 0.0,
      "median": 0.0,
      "network": "/lustre/isaac24/scratch/jhanna8/repos/2026_dr_tests/bayes/dimensionality_reduction/40/networks/dimensionality_reduction_risp_9"
    },
    {
      "best": 0.0,
      "cmd": "bin/dimensionality_reduction_risp -a train --app_params 40/dimensionality_reduction.json --eons_params 40/eons.json --proc_params 40/risp.json --threads 13 --epochs 10 --sim_time 64 --extra_eons_params {\"starting_edges\":96} --extra_app_params {\"output_dimensions\":4} --extra_proc_params {\"discrete\":false,\"leak_mode\":\"none\",\"max_delay\":16,\"max_threshold\":2,\"max_weight\":8,\"min_potential\":-2,\"min_weight\":-4} --encoder \"spike\" --decoder \"rate\"",
      "fitness": [
        0.0,
        0.0,
        0.0
      ],
      "hyperparam": "1.000000000-1.000000000-1.000000000-1.000000000-4.000000000-1.000000000-3.000000000-2.000000000-0.000000000-3.000000000-1.000000000-1.000000000",
      "mean": 0.0,
      "median": 0.0,
      "network": "/lustre/isaac24/scratch/jhanna8/repos/2026_dr_tests/bayes/dimensionality_reduction/40/networks/dimensionality_reduction_risp_3"
    },
    {
      "best": 0.0,
      "cmd": "bin/dimensionality_reduction_risp -a train --app_params 40/dimensionality_reduction.json --eons_params 40/eons.json --proc_params 40/risp.json --threads 13 --epochs 10 --sim_time 32 --extra_eons_params {\"starting_edges\":96} --extra_app_params {\"output_dimensions\":8} --extra_proc_params {\"discrete\":true,\"leak_mode\":\"all\",\"max_delay\":8,\"max_threshold\":8,\"max_weight\":1,\"min_potential\":-4,\"min_weight\":-4} --encoder \"temporal\" --decoder \"rate\"",
      "fitness": [
        0.0,
        0.0,
        0.0
      ],
      "hyperparam": "1.000000000-2.000000000-0.000000000-0.000000000-3.000000000-3.000000000-0.000000000-1.000000000-0.000000000-2.000000000-4.000000000-1.000000000",
      "mean": 0.0,
      "median": 0.0,
      "network": "/lustre/isaac24/scratch/jhanna8/repos/2026_dr_tests/bayes/dimensionality_reduction/40/networks/dimensionality_reduction_risp_13"
    },
    {
      "best": 0.0,
      "cmd": "bin/dimensionality_reduction_risp -a train --app_params 40/dimensionality_reduction.json --eons_params 40/eons.json --proc_params 40/risp.json --threads 13 --epochs 10 --sim_time 32 --extra_eons_params {\"starting_edges\":96} --extra_app_params {\"output_dimensions\":8} --extra_proc_params {\"discrete\":false,\"leak_mode\":\"all\",\"max_delay\":2,\"max_threshold\":16,\"max_weight\":16,\"min_potential\":-4,\"min_weight\":-1} --encoder \"rate\" --decoder \"rate\"",
      "fitness": [
        0.0,
        0.0,
        -0.000231868
      ],
      "hyperparam": "1.000000000-2.000000000-1.000000000-0.000000000-1.000000000-4.000000000-4.000000000-1.000000000-2.000000000-2.000000000-2.000000000-1.000000000",
      "mean": -7.728933333333333e-05,
      "median": 0.0,
      "network": "/lustre/isaac24/scratch/jhanna8/repos/2026_dr_tests/bayes/dimensionality_reduction/40/networks/dimensionality_reduction_risp_14"
    },
    {
      "best": 0.0,
      "cmd": "bin/dimensionality_reduction_risp -a train --app_params 40/dimensionality_reduction.json --eons_params 40/eons.json --proc_params 40/risp.json --threads 13 --epochs 10 --sim_time 32 --extra_eons_params {\"starting_edges\":96} --extra_app_params {\"output_dimensions\":8} --extra_proc_params {\"discrete\":false,\"leak_mode\":\"all\",\"max_delay\":8,\"max_threshold\":4,\"max_weight\":2,\"min_potential\":-4,\"min_weight\":-4} --encoder \"spike\" --decoder \"ttls\"",
      "fitness": [
        0.0,
        0.0,
        0.0
      ],
      "hyperparam": "1.000000000-2.000000000-1.000000000-0.000000000-3.000000000-2.000000000-1.000000000-1.000000000-0.000000000-2.000000000-1.000000000-0.000000000",
      "mean": 0.0,
      "median": 0.0,
      "network": "/lustre/isaac24/scratch/jhanna8/repos/2026_dr_tests/bayes/dimensionality_reduction/40/networks/dimensionality_reduction_risp_17"
    },
    {
      "best": 0.0,
      "cmd": "bin/dimensionality_reduction_risp -a train --app_params 40/dimensionality_reduction.json --eons_params 40/eons.json --proc_params 40/risp.json --threads 13 --epochs 10 --sim_time 64 --extra_eons_params {\"starting_edges\":96} --extra_app_params {\"output_dimensions\":16} --extra_proc_params {\"discrete\":true,\"leak_mode\":\"all\",\"max_delay\":4,\"max_threshold\":8,\"max_weight\":8,\"min_potential\":-4,\"min_weight\":-4} --encoder \"rate\" --decoder \"ttls\"",
      "fitness": [
        0.0,
        0.0,
        0.0
      ],
      "hyperparam": "1.000000000-3.000000000-0.000000000-0.000000000-2.000000000-3.000000000-3.000000000-1.000000000-0.000000000-3.000000000-2.000000000-0.000000000",
      "mean": 0.0,
      "median": 0.0,
      "network": "/lustre/isaac24/scratch/jhanna8/repos/2026_dr_tests/bayes/dimensionality_reduction/40/networks/dimensionality_reduction_risp_23"
    },
    {
      "best": 0.0,
      "cmd": "bin/dimensionality_reduction_risp -a train --app_params 40/dimensionality_reduction.json --eons_params 40/eons.json --proc_params 40/risp.json --threads 13 --epochs 10 --sim_time 64 --extra_eons_params {\"starting_edges\":96} --extra_app_params {\"output_dimensions\":16} --extra_proc_params {\"discrete\":true,\"leak_mode\":\"all\",\"max_delay\":8,\"max_threshold\":2,\"max_weight\":4,\"min_potential\":-2,\"min_weight\":-1} --encoder \"spike\" --decoder \"ttls\"",
      "fitness": [
        0.0,
        -0.000205794,
        0.0
      ],
      "hyperparam": "1.000000000-3.000000000-0.000000000-0.000000000-3.000000000-1.000000000-2.000000000-2.000000000-2.000000000-3.000000000-1.000000000-0.000000000",
      "mean": -6.8598e-05,
      "median": 0.0,
      "network": "/lustre/isaac24/scratch/jhanna8/repos/2026_dr_tests/bayes/dimensionality_reduction/40/networks/dimensionality_reduction_risp_8"
    },
    {
      "best": 7.351e-06,
      "cmd": "bin/dimensionality_reduction_risp -a train --app_params 40/dimensionality_reduction.json --eons_params 40/eons.json --proc_params 40/risp.json --threads 13 --epochs 10 --sim_time 128 --extra_eons_params {\"starting_edges\":96} --extra_app_params {\"output_dimensions\":16} --extra_proc_params {\"discrete\":false,\"leak_mode\":\"all\",\"max_delay\":16,\"max_threshold\":1,\"max_weight\":2,\"min_potential\":-2,\"min_weight\":-1} --encoder \"temporal\" --decoder \"ttls\"",
      "fitness": [
        7.351e-06,
        0.0,
        0.0
      ],
      "hyperparam": "1.000000000-3.000000000-1.000000000-0.000000000-4.000000000-0.000000000-1.000000000-2.000000000-2.000000000-4.000000000-4.000000000-0.000000000",
      "mean": 2.450333333333333e-06,
      "median": 0.0,
      "network": "/lustre/isaac24/scratch/jhanna8/repos/2026_dr_tests/bayes/dimensionality_reduction/40/networks/dimensionality_reduction_risp_22"
    },
    {
      "best": 0.0,
      "cmd": "bin/dimensionality_reduction_risp -a train --app_params 40/dimensionality_reduction.json --eons_params 40/eons.json --proc_params 40/risp.json --threads 13 --epochs 10 --sim_time 8 --extra_eons_params {\"starting_edges\":96} --extra_app_params {\"output_dimensions\":32} --extra_proc_params {\"discrete\":false,\"leak_mode\":\"all\",\"max_delay\":2,\"max_threshold\":4,\"max_weight\":8,\"min_potential\":-2,\"min_weight\":-2} --encoder \"val\" --decoder \"ttls\"",
      "fitness": [
        0.0,
        0.0,
        0.0
      ],
      "hyperparam": "1.000000000-4.000000000-1.000000000-0.000000000-1.000000000-2.000000000-3.000000000-2.000000000-1.000000000-0.000000000-0.000000000-0.000000000",
      "mean": 0.0,
      "median": 0.0,
      "network": "/lustre/isaac24/scratch/jhanna8/repos/2026_dr_tests/bayes/dimensionality_reduction/40/networks/dimensionality_reduction_risp_5"
    },
    {
      "best": 9.25391e-07,
      "cmd": "bin/dimensionality_reduction_risp -a train --app_params 40/dimensionality_reduction.json --eons_params 40/eons.json --proc_params 40/risp.json --threads 13 --epochs 10 --sim_time 32 --extra_eons_params {\"starting_edges\":96} --extra_app_params {\"output_dimensions\":32} --extra_proc_params {\"discrete\":false,\"leak_mode\":\"none\",\"max_delay\":8,\"max_threshold\":8,\"max_weight\":4,\"min_potential\":-8,\"min_weight\":-2} --encoder \"spikes\" --decoder \"rate\"",
      "fitness": [
        0.0,
        9.25391e-07,
        0.0
      ],
      "hyperparam": "1.000000000-4.000000000-1.000000000-1.000000000-3.000000000-3.000000000-2.000000000-0.000000000-1.000000000-2.000000000-3.000000000-1.000000000",
      "mean": 3.0846366666666666e-07,
      "median": 0.0,
      "network": "/lustre/isaac24/scratch/jhanna8/repos/2026_dr_tests/bayes/dimensionality_reduction/40/networks/dimensionality_reduction_risp_11"
    },
    {
      "best": 0.0,
      "cmd": "bin/dimensionality_reduction_risp -a train --app_params 40/dimensionality_reduction.json --eons_params 40/eons.json --proc_params 40/risp.json --threads 13 --epochs 10 --sim_time 64 --extra_eons_params {\"starting_edges\":128} --extra_app_params {\"output_dimensions\":8} --extra_proc_params {\"discrete\":true,\"leak_mode\":\"all\",\"max_delay\":2,\"max_threshold\":2,\"max_weight\":1,\"min_potential\":-2,\"min_weight\":-1} --encoder \"rate\" --decoder \"ttls\"",
      "fitness": [
        0.0,
        0.0,
        0.0
      ],
      "hyperparam": "2.000000000-2.000000000-0.000000000-0.000000000-1.000000000-1.000000000-0.000000000-2.000000000-2.000000000-3.000000000-2.000000000-0.000000000",
      "mean": 0.0,
      "median": 0.0,
      "network": "/lustre/isaac24/scratch/jhanna8/repos/2026_dr_tests/bayes/dimensionality_reduction/40/networks/dimensionality_reduction_risp_6"
    },
    {
      "best": -0.000544361,
      "cmd": "bin/dimensionality_reduction_risp -a train --app_params 40/dimensionality_reduction.json --eons_params 40/eons.json --proc_params 40/risp.json --threads 13 --epochs 10 --sim_time 32 --extra_eons_params {\"starting_edges\":128} --extra_app_params {\"output_dimensions\":8} --extra_proc_params {\"discrete\":false,\"leak_mode\":\"all\",\"max_delay\":4,\"max_threshold\":2,\"max_weight\":16,\"min_potential\":-2,\"min_weight\":-2} --encoder \"rate\" --decoder \"rate\"",
      "fitness": [
        -0.00112781,
        -0.00256699,
        -0.000544361
      ],
      "hyperparam": "2.000000000-2.000000000-1.000000000-0.000000000-2.000000000-1.000000000-4.000000000-2.000000000-1.000000000-2.000000000-2.000000000-1.000000000",
      "mean": -0.0014130536666666666,
      "median": -0.00112781,
      "network": "/lustre/isaac24/scratch/jhanna8/repos/2026_dr_tests/bayes/dimensionality_reduction/40/networks/dimensionality_reduction_risp_21"
    },
    {
      "best": 0.0,
      "cmd": "bin/dimensionality_reduction_risp -a train --app_params 40/dimensionality_reduction.json --eons_params 40/eons.json --proc_params 40/risp.json --threads 13 --epochs 10 --sim_time 128 --extra_eons_params {\"starting_edges\":128} --extra_app_params {\"output_dimensions\":16} --extra_proc_params {\"discrete\":false,\"leak_mode\":\"all\",\"max_delay\":2,\"max_threshold\":4,\"max_weight\":1,\"min_potential\":-8,\"min_weight\":-2} --encoder \"rate\" --decoder \"rate\"",
      "fitness": [
        0.0,
        0.0,
        0.0
      ],
      "hyperparam": "2.000000000-3.000000000-1.000000000-0.000000000-1.000000000-2.000000000-0.000000000-0.000000000-1.000000000-4.000000000-2.000000000-1.000000000",
      "mean": 0.0,
      "median": 0.0,
      "network": "/lustre/isaac24/scratch/jhanna8/repos/2026_dr_tests/bayes/dimensionality_reduction/40/networks/dimensionality_reduction_risp_25"
    },
    {
      "best": -0.00189747,
      "cmd": "bin/dimensionality_reduction_risp -a train --app_params 40/dimensionality_reduction.json --eons_params 40/eons.json --proc_params 40/risp.json --threads 13 --epochs 10 --sim_time 32 --extra_eons_params {\"starting_edges\":128} --extra_app_params {\"output_dimensions\":16} --extra_proc_params {\"discrete\":false,\"leak_mode\":\"none\",\"max_delay\":4,\"max_threshold\":8,\"max_weight\":8,\"min_potential\":-2,\"min_weight\":-2} --encoder \"temporal\" --decoder \"ttls\"",
      "fitness": [
        -0.00290785,
        -0.00257143,
        -0.00189747
      ],
      "hyperparam": "2.000000000-3.000000000-1.000000000-1.000000000-2.000000000-3.000000000-3.000000000-2.000000000-1.000000000-2.000000000-4.000000000-0.000000000",
      "mean": -0.0024589166666666665,
      "median": -0.00257143,
      "network": "/lustre/isaac24/scratch/jhanna8/repos/2026_dr_tests/bayes/dimensionality_reduction/40/networks/dimensionality_reduction_risp_4"
    }
  ],
  "decoder": {
    "base": [
      "ttls",
      "rate"
    ]
  },
  "encoder": {
    "base": [
      "val",
      "spike",
      "rate",
      "spikes",
      "temporal"
    ]
  },
  "eons_params": {
    "starting_edges": [
      64,
      96,
      128
    ]
  },
  "fitness_metric": "fitness",
  "iterations_per_test": 3,
  "num_best_networks": 0,
  "opt_params": {
    "n_random_starts": 25,
    "random_state": 23287
  },
  "optimizer": "python ../utils/scikit_opt.py",
  "proc_params": {
    "discrete": [
      true,
      false
    ],
    "leak_mode": [
      "all",
      "none"
    ],
    "max_delay": [
      1,
      2,
      4,
      8,
      16
    ],
    "max_threshold": [
      1,
      2,
      4,
      8,
      16
    ],
    "max_weight": [
      1,
      2,
      4,
      8,
      16
    ],
    "min_potential": [
      -8,
      -4,
      -2,
      -1
    ],
    "min_weight": [
      -4,
      -2,
      -1
    ]
  },
  "python_app": false,
  "test_episodes": 0,
  "test_iteration_type": "none"
}
