{
  "app_params": {
    "output_dimensions": [
      2,
      4,
      8,
      16,
      32
    ]
  },
  "app_proc": "dimensionality_reduction_risp",
  "argv": "../bin/bayes --input_file /lustre/isaac24/scratch/jhanna8/repos/2026_dr_tests/bayes/dimensionality_reduction/20/b20.in --output_file /lustre/isaac24/scratch/jhanna8/repos/2026_dr_tests/bayes/dimensionality_reduction/20/b20.out --n_calls 5 -d /lustre/isaac24/scratch/jhanna8/repos/2026_dr_tests/bayes/dimensionality_reduction/20/networks ",
  "bayes_iteration": 5,
  "bayes_iteration_type": "median",
  "best_fitness": [
    {
      "cmd": "bin/dimensionality_reduction_risp -a train --app_params 20/dimensionality_reduction.json --eons_params 20/eons.json --proc_params 20/risp.json --sim_time 16 --threads 13 --epochs 10 --extra_eons_params {\"starting_edges\":96} --extra_app_params {\"output_dimensions\":8} --extra_proc_params {\"discrete\":false,\"leak_mode\":\"none\",\"max_delay\":8,\"max_threshold\":1,\"max_weight\":2,\"min_potential\":-1,\"min_weight\":-2} --encoder \"val\" --decoder \"ttls\"",
      "fitness": 0.131306,
      "network": "/lustre/isaac24/scratch/jhanna8/repos/2026_dr_tests/bayes/dimensionality_reduction/20/networks/dimensionality_reduction_risp_1"
    },
    {
      "cmd": "bin/dimensionality_reduction_risp -a train --app_params 20/dimensionality_reduction.json --eons_params 20/eons.json --proc_params 20/risp.json --sim_time 16 --threads 13 --epochs 10 --extra_eons_params {\"starting_edges\":64} --extra_app_params {\"output_dimensions\":4} --extra_proc_params {\"discrete\":true,\"leak_mode\":\"all\",\"max_delay\":4,\"max_threshold\":8,\"max_weight\":16,\"min_potential\":-4,\"min_weight\":-4} --encoder \"spike\" --decoder \"rate\"",
      "fitness": 0.0707999,
      "network": "/lustre/isaac24/scratch/jhanna8/repos/2026_dr_tests/bayes/dimensionality_reduction/20/networks/dimensionality_reduction_risp_2"
    },
    {
      "cmd": "bin/dimensionality_reduction_risp -a train --app_params 20/dimensionality_reduction.json --eons_params 20/eons.json --proc_params 20/risp.json --sim_time 16 --threads 13 --epochs 10 --extra_eons_params {\"starting_edges\":96} --extra_app_params {\"output_dimensions\":32} --extra_proc_params {\"discrete\":true,\"leak_mode\":\"all\",\"max_delay\":1,\"max_threshold\":4,\"max_weight\":16,\"min_potential\":-4,\"min_weight\":-2} --encoder \"spikes\" --decoder \"rate\"",
      "fitness": 0.0647774,
      "network": "/lustre/isaac24/scratch/jhanna8/repos/2026_dr_tests/bayes/dimensionality_reduction/20/networks/dimensionality_reduction_risp_5"
    },
    {
      "cmd": "bin/dimensionality_reduction_risp -a train --app_params 20/dimensionality_reduction.json --eons_params 20/eons.json --proc_params 20/risp.json --sim_time 16 --threads 13 --epochs 10 --extra_eons_params {\"starting_edges\":128} --extra_app_params {\"output_dimensions\":8} --extra_proc_params {\"discrete\":true,\"leak_mode\":\"all\",\"max_delay\":8,\"max_threshold\":8,\"max_weight\":2,\"min_potential\":-1,\"min_weight\":-2} --encoder \"rate\" --decoder \"rate\"",
      "fitness": 0.0563542,
      "network": "/lustre/isaac24/scratch/jhanna8/repos/2026_dr_tests/bayes/dimensionality_reduction/20/networks/dimensionality_reduction_risp_4"
    },
    {
      "cmd": "bin/dimensionality_reduction_risp -a train --app_params 20/dimensionality_reduction.json --eons_params 20/eons.json --proc_params 20/risp.json --sim_time 16 --threads 13 --epochs 10 --extra_eons_params {\"starting_edges\":96} --extra_app_params {\"output_dimensions\":4} --extra_proc_params {\"discrete\":false,\"leak_mode\":\"none\",\"max_delay\":8,\"max_threshold\":1,\"max_weight\":4,\"min_potential\":-2,\"min_weight\":-2} --encoder \"spike\" --decoder \"rate\"",
      "fitness": 0.0469227,
      "network": "/lustre/isaac24/scratch/jhanna8/repos/2026_dr_tests/bayes/dimensionality_reduction/20/networks/dimensionality_reduction_risp_3"
    }
  ],
  "command": "bin/dimensionality_reduction_risp -a train --app_params 20/dimensionality_reduction.json --eons_params 20/eons.json --proc_params 20/risp.json --sim_time 16 --threads 13 --epochs 10",
  "command_params": {},
  "data_points": [
    {
      "best": 0.0707999,
      "cmd": "bin/dimensionality_reduction_risp -a train --app_params 20/dimensionality_reduction.json --eons_params 20/eons.json --proc_params 20/risp.json --sim_time 16 --threads 13 --epochs 10 --extra_eons_params {\"starting_edges\":64} --extra_app_params {\"output_dimensions\":4} --extra_proc_params {\"discrete\":true,\"leak_mode\":\"all\",\"max_delay\":4,\"max_threshold\":8,\"max_weight\":16,\"min_potential\":-4,\"min_weight\":-4} --encoder \"spike\" --decoder \"rate\"",
      "fitness": [
        0.0235844,
        0.0707999,
        0.064399
      ],
      "hyperparam": "0.000000000-1.000000000-0.000000000-0.000000000-2.000000000-3.000000000-4.000000000-1.000000000-0.000000000-1.000000000-1.000000000",
      "mean": 0.052927766666666674,
      "median": 0.064399,
      "network": "/lustre/isaac24/scratch/jhanna8/repos/2026_dr_tests/bayes/dimensionality_reduction/20/networks/dimensionality_reduction_risp_2"
    },
    {
      "best": 0.0469227,
      "cmd": "bin/dimensionality_reduction_risp -a train --app_params 20/dimensionality_reduction.json --eons_params 20/eons.json --proc_params 20/risp.json --sim_time 16 --threads 13 --epochs 10 --extra_eons_params {\"starting_edges\":96} --extra_app_params {\"output_dimensions\":4} --extra_proc_params {\"discrete\":false,\"leak_mode\":\"none\",\"max_delay\":8,\"max_threshold\":1,\"max_weight\":4,\"min_potential\":-2,\"min_weight\":-2} --encoder \"spike\" --decoder \"rate\"",
      "fitness": [
        -0.00371549,
        0.0469227,
        0.038936
      ],
      "hyperparam": "1.000000000-1.000000000-1.000000000-1.000000000-3.000000000-0.000000000-2.000000000-2.000000000-1.000000000-1.000000000-1.000000000",
      "mean": 0.027381069999999997,
      "median": 0.038936,
      "network": "/lustre/isaac24/scratch/jhanna8/repos/2026_dr_tests/bayes/dimensionality_reduction/20/networks/dimensionality_reduction_risp_3"
    },
    {
      "best": 0.131306,
      "cmd": "bin/dimensionality_reduction_risp -a train --app_params 20/dimensionality_reduction.json --eons_params 20/eons.json --proc_params 20/risp.json --sim_time 16 --threads 13 --epochs 10 --extra_eons_params {\"starting_edges\":96} --extra_app_params {\"output_dimensions\":8} --extra_proc_params {\"discrete\":false,\"leak_mode\":\"none\",\"max_delay\":8,\"max_threshold\":1,\"max_weight\":2,\"min_potential\":-1,\"min_weight\":-2} --encoder \"val\" --decoder \"ttls\"",
      "fitness": [
        0.0851818,
        0.120277,
        0.131306
      ],
      "hyperparam": "1.000000000-2.000000000-1.000000000-1.000000000-3.000000000-0.000000000-1.000000000-3.000000000-1.000000000-0.000000000-0.000000000",
      "mean": 0.11225493333333332,
      "median": 0.120277,
      "network": "/lustre/isaac24/scratch/jhanna8/repos/2026_dr_tests/bayes/dimensionality_reduction/20/networks/dimensionality_reduction_risp_1"
    },
    {
      "best": 0.0647774,
      "cmd": "bin/dimensionality_reduction_risp -a train --app_params 20/dimensionality_reduction.json --eons_params 20/eons.json --proc_params 20/risp.json --sim_time 16 --threads 13 --epochs 10 --extra_eons_params {\"starting_edges\":96} --extra_app_params {\"output_dimensions\":32} --extra_proc_params {\"discrete\":true,\"leak_mode\":\"all\",\"max_delay\":1,\"max_threshold\":4,\"max_weight\":16,\"min_potential\":-4,\"min_weight\":-2} --encoder \"spikes\" --decoder \"rate\"",
      "fitness": [
        0.0647774,
        0.0538681,
        0.0210977
      ],
      "hyperparam": "1.000000000-4.000000000-0.000000000-0.000000000-0.000000000-2.000000000-4.000000000-1.000000000-1.000000000-3.000000000-1.000000000",
      "mean": 0.04658106666666667,
      "median": 0.0538681,
      "network": "/lustre/isaac24/scratch/jhanna8/repos/2026_dr_tests/bayes/dimensionality_reduction/20/networks/dimensionality_reduction_risp_5"
    },
    {
      "best": 0.0563542,
      "cmd": "bin/dimensionality_reduction_risp -a train --app_params 20/dimensionality_reduction.json --eons_params 20/eons.json --proc_params 20/risp.json --sim_time 16 --threads 13 --epochs 10 --extra_eons_params {\"starting_edges\":128} --extra_app_params {\"output_dimensions\":8} --extra_proc_params {\"discrete\":true,\"leak_mode\":\"all\",\"max_delay\":8,\"max_threshold\":8,\"max_weight\":2,\"min_potential\":-1,\"min_weight\":-2} --encoder \"rate\" --decoder \"rate\"",
      "fitness": [
        0.0557939,
        0.0479489,
        0.0563542
      ],
      "hyperparam": "2.000000000-2.000000000-0.000000000-0.000000000-3.000000000-3.000000000-1.000000000-3.000000000-1.000000000-2.000000000-1.000000000",
      "mean": 0.053365666666666665,
      "median": 0.0557939,
      "network": "/lustre/isaac24/scratch/jhanna8/repos/2026_dr_tests/bayes/dimensionality_reduction/20/networks/dimensionality_reduction_risp_4"
    }
  ],
  "decoder": {
    "base": [
      "ttls",
      "rate"
    ]
  },
  "encoder": {
    "base": [
      "val",
      "spike",
      "rate",
      "spikes",
      "temporal"
    ]
  },
  "eons_params": {
    "starting_edges": [
      64,
      96,
      128
    ]
  },
  "fitness_metric": "fitness",
  "iterations_per_test": 3,
  "num_best_networks": 0,
  "opt_params": {
    "n_random_starts": 5,
    "random_state": 10008
  },
  "optimizer": "python ../utils/scikit_opt.py",
  "proc_params": {
    "discrete": [
      true,
      false
    ],
    "leak_mode": [
      "all",
      "none"
    ],
    "max_delay": [
      1,
      2,
      4,
      8,
      16
    ],
    "max_threshold": [
      1,
      2,
      4,
      8,
      16
    ],
    "max_weight": [
      1,
      2,
      4,
      8,
      16
    ],
    "min_potential": [
      -8,
      -4,
      -2,
      -1
    ],
    "min_weight": [
      -4,
      -2,
      -1
    ]
  },
  "python_app": false,
  "test_episodes": 0,
  "test_iteration_type": "none"
}
