{
  "app_params": {
    "output_dimensions": [
      2,
      4,
      8,
      16,
      32
    ]
  },
  "app_proc": "dimensionality_reduction_risp",
  "argv": "../bin/bayes --input_file /lustre/isaac24/scratch/jhanna8/repos/2026_dr_tests/bayes/dimensionality_reduction/29/b29.in --output_file /lustre/isaac24/scratch/jhanna8/repos/2026_dr_tests/bayes/dimensionality_reduction/29/b29.out --n_calls 5 -d /lustre/isaac24/scratch/jhanna8/repos/2026_dr_tests/bayes/dimensionality_reduction/29/networks ",
  "bayes_iteration": 5,
  "bayes_iteration_type": "median",
  "best_fitness": [
    {
      "cmd": "bin/dimensionality_reduction_risp -a train --app_params 29/dimensionality_reduction.json --eons_params 29/eons.json --proc_params 29/risp.json --sim_time 64 --threads 13 --epochs 10 --extra_eons_params {\"starting_edges\":96} --extra_app_params {\"output_dimensions\":8} --extra_proc_params {\"discrete\":false,\"leak_mode\":\"all\",\"max_delay\":4,\"max_threshold\":16,\"max_weight\":8,\"min_potential\":-1,\"min_weight\":-2} --encoder \"spike\" --decoder \"ttls\"",
      "fitness": 0.163699,
      "network": "/lustre/isaac24/scratch/jhanna8/repos/2026_dr_tests/bayes/dimensionality_reduction/29/networks/dimensionality_reduction_risp_2"
    },
    {
      "cmd": "bin/dimensionality_reduction_risp -a train --app_params 29/dimensionality_reduction.json --eons_params 29/eons.json --proc_params 29/risp.json --sim_time 64 --threads 13 --epochs 10 --extra_eons_params {\"starting_edges\":96} --extra_app_params {\"output_dimensions\":32} --extra_proc_params {\"discrete\":true,\"leak_mode\":\"none\",\"max_delay\":4,\"max_threshold\":4,\"max_weight\":8,\"min_potential\":-8,\"min_weight\":-2} --encoder \"spike\" --decoder \"rate\"",
      "fitness": 0.162513,
      "network": "/lustre/isaac24/scratch/jhanna8/repos/2026_dr_tests/bayes/dimensionality_reduction/29/networks/dimensionality_reduction_risp_3"
    },
    {
      "cmd": "bin/dimensionality_reduction_risp -a train --app_params 29/dimensionality_reduction.json --eons_params 29/eons.json --proc_params 29/risp.json --sim_time 64 --threads 13 --epochs 10 --extra_eons_params {\"starting_edges\":96} --extra_app_params {\"output_dimensions\":16} --extra_proc_params {\"discrete\":true,\"leak_mode\":\"all\",\"max_delay\":8,\"max_threshold\":8,\"max_weight\":8,\"min_potential\":-2,\"min_weight\":-2} --encoder \"spikes\" --decoder \"ttls\"",
      "fitness": 0.161122,
      "network": "/lustre/isaac24/scratch/jhanna8/repos/2026_dr_tests/bayes/dimensionality_reduction/29/networks/dimensionality_reduction_risp_4"
    },
    {
      "cmd": "bin/dimensionality_reduction_risp -a train --app_params 29/dimensionality_reduction.json --eons_params 29/eons.json --proc_params 29/risp.json --sim_time 64 --threads 13 --epochs 10 --extra_eons_params {\"starting_edges\":128} --extra_app_params {\"output_dimensions\":8} --extra_proc_params {\"discrete\":false,\"leak_mode\":\"none\",\"max_delay\":16,\"max_threshold\":4,\"max_weight\":1,\"min_potential\":-4,\"min_weight\":-2} --encoder \"rate\" --decoder \"rate\"",
      "fitness": 0.146741,
      "network": "/lustre/isaac24/scratch/jhanna8/repos/2026_dr_tests/bayes/dimensionality_reduction/29/networks/dimensionality_reduction_risp_1"
    },
    {
      "cmd": "bin/dimensionality_reduction_risp -a train --app_params 29/dimensionality_reduction.json --eons_params 29/eons.json --proc_params 29/risp.json --sim_time 64 --threads 13 --epochs 10 --extra_eons_params {\"starting_edges\":96} --extra_app_params {\"output_dimensions\":8} --extra_proc_params {\"discrete\":false,\"leak_mode\":\"all\",\"max_delay\":8,\"max_threshold\":2,\"max_weight\":8,\"min_potential\":-8,\"min_weight\":-4} --encoder \"temporal\" --decoder \"rate\"",
      "fitness": 0.102673,
      "network": "/lustre/isaac24/scratch/jhanna8/repos/2026_dr_tests/bayes/dimensionality_reduction/29/networks/dimensionality_reduction_risp_5"
    }
  ],
  "command": "bin/dimensionality_reduction_risp -a train --app_params 29/dimensionality_reduction.json --eons_params 29/eons.json --proc_params 29/risp.json --sim_time 64 --threads 13 --epochs 10",
  "command_params": {},
  "data_points": [
    {
      "best": 0.163699,
      "cmd": "bin/dimensionality_reduction_risp -a train --app_params 29/dimensionality_reduction.json --eons_params 29/eons.json --proc_params 29/risp.json --sim_time 64 --threads 13 --epochs 10 --extra_eons_params {\"starting_edges\":96} --extra_app_params {\"output_dimensions\":8} --extra_proc_params {\"discrete\":false,\"leak_mode\":\"all\",\"max_delay\":4,\"max_threshold\":16,\"max_weight\":8,\"min_potential\":-1,\"min_weight\":-2} --encoder \"spike\" --decoder \"ttls\"",
      "fitness": [
        0.163699,
        0.149505,
        0.158733
      ],
      "hyperparam": "1.000000000-2.000000000-1.000000000-0.000000000-2.000000000-4.000000000-3.000000000-3.000000000-1.000000000-1.000000000-0.000000000",
      "mean": 0.15731233333333336,
      "median": 0.158733,
      "network": "/lustre/isaac24/scratch/jhanna8/repos/2026_dr_tests/bayes/dimensionality_reduction/29/networks/dimensionality_reduction_risp_2"
    },
    {
      "best": 0.102673,
      "cmd": "bin/dimensionality_reduction_risp -a train --app_params 29/dimensionality_reduction.json --eons_params 29/eons.json --proc_params 29/risp.json --sim_time 64 --threads 13 --epochs 10 --extra_eons_params {\"starting_edges\":96} --extra_app_params {\"output_dimensions\":8} --extra_proc_params {\"discrete\":false,\"leak_mode\":\"all\",\"max_delay\":8,\"max_threshold\":2,\"max_weight\":8,\"min_potential\":-8,\"min_weight\":-4} --encoder \"temporal\" --decoder \"rate\"",
      "fitness": [
        0.0933642,
        0.102673,
        0.0987053
      ],
      "hyperparam": "1.000000000-2.000000000-1.000000000-0.000000000-3.000000000-1.000000000-3.000000000-0.000000000-0.000000000-4.000000000-1.000000000",
      "mean": 0.0982475,
      "median": 0.0987053,
      "network": "/lustre/isaac24/scratch/jhanna8/repos/2026_dr_tests/bayes/dimensionality_reduction/29/networks/dimensionality_reduction_risp_5"
    },
    {
      "best": 0.161122,
      "cmd": "bin/dimensionality_reduction_risp -a train --app_params 29/dimensionality_reduction.json --eons_params 29/eons.json --proc_params 29/risp.json --sim_time 64 --threads 13 --epochs 10 --extra_eons_params {\"starting_edges\":96} --extra_app_params {\"output_dimensions\":16} --extra_proc_params {\"discrete\":true,\"leak_mode\":\"all\",\"max_delay\":8,\"max_threshold\":8,\"max_weight\":8,\"min_potential\":-2,\"min_weight\":-2} --encoder \"spikes\" --decoder \"ttls\"",
      "fitness": [
        0.161122,
        0.151713,
        0.157151
      ],
      "hyperparam": "1.000000000-3.000000000-0.000000000-0.000000000-3.000000000-3.000000000-3.000000000-2.000000000-1.000000000-3.000000000-0.000000000",
      "mean": 0.156662,
      "median": 0.157151,
      "network": "/lustre/isaac24/scratch/jhanna8/repos/2026_dr_tests/bayes/dimensionality_reduction/29/networks/dimensionality_reduction_risp_4"
    },
    {
      "best": 0.162513,
      "cmd": "bin/dimensionality_reduction_risp -a train --app_params 29/dimensionality_reduction.json --eons_params 29/eons.json --proc_params 29/risp.json --sim_time 64 --threads 13 --epochs 10 --extra_eons_params {\"starting_edges\":96} --extra_app_params {\"output_dimensions\":32} --extra_proc_params {\"discrete\":true,\"leak_mode\":\"none\",\"max_delay\":4,\"max_threshold\":4,\"max_weight\":8,\"min_potential\":-8,\"min_weight\":-2} --encoder \"spike\" --decoder \"rate\"",
      "fitness": [
        0.162513,
        0.154792,
        0.156792
      ],
      "hyperparam": "1.000000000-4.000000000-0.000000000-1.000000000-2.000000000-2.000000000-3.000000000-0.000000000-1.000000000-1.000000000-1.000000000",
      "mean": 0.15803233333333333,
      "median": 0.156792,
      "network": "/lustre/isaac24/scratch/jhanna8/repos/2026_dr_tests/bayes/dimensionality_reduction/29/networks/dimensionality_reduction_risp_3"
    },
    {
      "best": 0.146741,
      "cmd": "bin/dimensionality_reduction_risp -a train --app_params 29/dimensionality_reduction.json --eons_params 29/eons.json --proc_params 29/risp.json --sim_time 64 --threads 13 --epochs 10 --extra_eons_params {\"starting_edges\":128} --extra_app_params {\"output_dimensions\":8} --extra_proc_params {\"discrete\":false,\"leak_mode\":\"none\",\"max_delay\":16,\"max_threshold\":4,\"max_weight\":1,\"min_potential\":-4,\"min_weight\":-2} --encoder \"rate\" --decoder \"rate\"",
      "fitness": [
        0.130145,
        0.146741,
        0.133277
      ],
      "hyperparam": "2.000000000-2.000000000-1.000000000-1.000000000-4.000000000-2.000000000-0.000000000-1.000000000-1.000000000-2.000000000-1.000000000",
      "mean": 0.136721,
      "median": 0.133277,
      "network": "/lustre/isaac24/scratch/jhanna8/repos/2026_dr_tests/bayes/dimensionality_reduction/29/networks/dimensionality_reduction_risp_1"
    }
  ],
  "decoder": {
    "base": [
      "ttls",
      "rate"
    ]
  },
  "encoder": {
    "base": [
      "val",
      "spike",
      "rate",
      "spikes",
      "temporal"
    ]
  },
  "eons_params": {
    "starting_edges": [
      64,
      96,
      128
    ]
  },
  "fitness_metric": "fitness",
  "iterations_per_test": 3,
  "num_best_networks": 0,
  "opt_params": {
    "n_random_starts": 5,
    "random_state": 6184
  },
  "optimizer": "python ../utils/scikit_opt.py",
  "proc_params": {
    "discrete": [
      true,
      false
    ],
    "leak_mode": [
      "all",
      "none"
    ],
    "max_delay": [
      1,
      2,
      4,
      8,
      16
    ],
    "max_threshold": [
      1,
      2,
      4,
      8,
      16
    ],
    "max_weight": [
      1,
      2,
      4,
      8,
      16
    ],
    "min_potential": [
      -8,
      -4,
      -2,
      -1
    ],
    "min_weight": [
      -4,
      -2,
      -1
    ]
  },
  "python_app": false,
  "test_episodes": 0,
  "test_iteration_type": "none"
}
