Fitness metric fitness
Executing python ../utils/scikit_opt.py --n_calls 100 --n_random_starts 100 --random_state 16326

Writing the following to python: [{"categories":[0,1,2],"name":"starting_edges","type":"C"},{"categories":[0,1,2,3,4],"name":"output_dimensions","type":"C"},{"categories":[0,1],"name":"discrete","type":"C"},{"categories":[0,1],"name":"leak_mode","type":"C"},{"categories":[0,1,2,3,4],"name":"max_delay","type":"C"},{"categories":[0,1,2,3,4],"name":"max_threshold","type":"C"},{"categories":[0,1,2,3,4],"name":"max_weight","type":"C"},{"categories":[0,1,2,3],"name":"min_potential","type":"C"},{"categories":[0,1,2],"name":"min_weight","type":"C"},{"categories":[0,1,2,3,4],"name":"sim_time","type":"C"},{"categories":[0,1,2,3,4],"name":"base","type":"C"},{"categories":[0,1],"name":"base","type":"C"}]
-
Bayes Iteration :   0
  Cmd: bin/dimensionality_reduction_risp -a train --app_params 02/dimensionality_reduction.json --eons_params 02/eons.json --proc_params 02/risp.json --threads 13 --epochs 10 --sim_time 16 --extra_eons_params '{"starting_edges":64}' --extra_app_params '{"output_dimensions":8}' --extra_proc_params '{"discrete":false,"leak_mode":"none","max_delay":4,"max_threshold":1,"max_weight":4,"min_potential":-1,"min_weight":-4}' --encoder "spikes" --decoder "rate"
  Selected Fitness: -244.779

Best Fitness = -192.048000

Bayes Iteration :   1
  Cmd: bin/dimensionality_reduction_risp -a train --app_params 02/dimensionality_reduction.json --eons_params 02/eons.json --proc_params 02/risp.json --threads 13 --epochs 10 --sim_time 64 --extra_eons_params '{"starting_edges":128}' --extra_app_params '{"output_dimensions":4}' --extra_proc_params '{"discrete":true,"leak_mode":"all","max_delay":1,"max_threshold":2,"max_weight":8,"min_potential":-8,"min_weight":-2}' --encoder "spike" --decoder "rate"
  Selected Fitness: -199.7

Best Fitness = -192.048000

Bayes Iteration :   2
  Cmd: bin/dimensionality_reduction_risp -a train --app_params 02/dimensionality_reduction.json --eons_params 02/eons.json --proc_params 02/risp.json --threads 13 --epochs 10 --sim_time 64 --extra_eons_params '{"starting_edges":96}' --extra_app_params '{"output_dimensions":16}' --extra_proc_params '{"discrete":false,"leak_mode":"none","max_delay":2,"max_threshold":4,"max_weight":8,"min_potential":-4,"min_weight":-1}' --encoder "rate" --decoder "ttls"
  Selected Fitness: -400.351

Best Fitness = -192.048000

Bayes Iteration :   3
  Cmd: bin/dimensionality_reduction_risp -a train --app_params 02/dimensionality_reduction.json --eons_params 02/eons.json --proc_params 02/risp.json --threads 13 --epochs 10 --sim_time 8 --extra_eons_params '{"starting_edges":128}' --extra_app_params '{"output_dimensions":4}' --extra_proc_params '{"discrete":true,"leak_mode":"all","max_delay":2,"max_threshold":2,"max_weight":8,"min_potential":-4,"min_weight":-2}' --encoder "val" --decoder "rate"
  Selected Fitness: -133.962

Best Fitness = -122.298000

Bayes Iteration :   4
  Cmd: bin/dimensionality_reduction_risp -a train --app_params 02/dimensionality_reduction.json --eons_params 02/eons.json --proc_params 02/risp.json --threads 13 --epochs 10 --sim_time 16 --extra_eons_params '{"starting_edges":128}' --extra_app_params '{"output_dimensions":32}' --extra_proc_params '{"discrete":true,"leak_mode":"all","max_delay":2,"max_threshold":16,"max_weight":2,"min_potential":-4,"min_weight":-2}' --encoder "spike" --decoder "ttls"
  Selected Fitness: -150.085

Best Fitness = -122.298000

Bayes Iteration :   5
  Cmd: bin/dimensionality_reduction_risp -a train --app_params 02/dimensionality_reduction.json --eons_params 02/eons.json --proc_params 02/risp.json --threads 13 --epochs 10 --sim_time 128 --extra_eons_params '{"starting_edges":128}' --extra_app_params '{"output_dimensions":16}' --extra_proc_params '{"discrete":true,"leak_mode":"none","max_delay":2,"max_threshold":2,"max_weight":8,"min_potential":-1,"min_weight":-4}' --encoder "spike" --decoder "rate"
  Selected Fitness: -157.39

Best Fitness = -122.298000

Bayes Iteration :   6
  Cmd: bin/dimensionality_reduction_risp -a train --app_params 02/dimensionality_reduction.json --eons_params 02/eons.json --proc_params 02/risp.json --threads 13 --epochs 10 --sim_time 64 --extra_eons_params '{"starting_edges":128}' --extra_app_params '{"output_dimensions":4}' --extra_proc_params '{"discrete":false,"leak_mode":"all","max_delay":2,"max_threshold":4,"max_weight":4,"min_potential":-2,"min_weight":-2}' --encoder "temporal" --decoder "ttls"
  Selected Fitness: -405.777

Best Fitness = -122.298000

Bayes Iteration :   7
  Cmd: bin/dimensionality_reduction_risp -a train --app_params 02/dimensionality_reduction.json --eons_params 02/eons.json --proc_params 02/risp.json --threads 13 --epochs 10 --sim_time 64 --extra_eons_params '{"starting_edges":128}' --extra_app_params '{"output_dimensions":16}' --extra_proc_params '{"discrete":true,"leak_mode":"none","max_delay":4,"max_threshold":4,"max_weight":4,"min_potential":-2,"min_weight":-2}' --encoder "temporal" --decoder "rate"
  Selected Fitness: -178.705

Best Fitness = -122.298000

Bayes Iteration :   8
  Cmd: bin/dimensionality_reduction_risp -a train --app_params 02/dimensionality_reduction.json --eons_params 02/eons.json --proc_params 02/risp.json --threads 13 --epochs 10 --sim_time 128 --extra_eons_params '{"starting_edges":64}' --extra_app_params '{"output_dimensions":4}' --extra_proc_params '{"discrete":true,"leak_mode":"all","max_delay":8,"max_threshold":4,"max_weight":4,"min_potential":-4,"min_weight":-1}' --encoder "rate" --decoder "rate"
  Selected Fitness: -331.203

Best Fitness = -122.298000

Bayes Iteration :   9
  Cmd: bin/dimensionality_reduction_risp -a train --app_params 02/dimensionality_reduction.json --eons_params 02/eons.json --proc_params 02/risp.json --threads 13 --epochs 10 --sim_time 64 --extra_eons_params '{"starting_edges":96}' --extra_app_params '{"output_dimensions":32}' --extra_proc_params '{"discrete":true,"leak_mode":"all","max_delay":16,"max_threshold":8,"max_weight":8,"min_potential":-1,"min_weight":-4}' --encoder "spike" --decoder "ttls"
  Selected Fitness: -139.437

Best Fitness = -119.113000

Bayes Iteration :  10
  Cmd: bin/dimensionality_reduction_risp -a train --app_params 02/dimensionality_reduction.json --eons_params 02/eons.json --proc_params 02/risp.json --threads 13 --epochs 10 --sim_time 16 --extra_eons_params '{"starting_edges":128}' --extra_app_params '{"output_dimensions":16}' --extra_proc_params '{"discrete":false,"leak_mode":"none","max_delay":16,"max_threshold":4,"max_weight":2,"min_potential":-1,"min_weight":-4}' --encoder "rate" --decoder "rate"
  Selected Fitness: -248.191

Best Fitness = -119.113000

Bayes Iteration :  11
  Cmd: bin/dimensionality_reduction_risp -a train --app_params 02/dimensionality_reduction.json --eons_params 02/eons.json --proc_params 02/risp.json --threads 13 --epochs 10 --sim_time 8 --extra_eons_params '{"starting_edges":128}' --extra_app_params '{"output_dimensions":2}' --extra_proc_params '{"discrete":false,"leak_mode":"none","max_delay":8,"max_threshold":4,"max_weight":4,"min_potential":-4,"min_weight":-2}' --encoder "spike" --decoder "ttls"
  Selected Fitness: -220.37

Best Fitness = -119.113000

Bayes Iteration :  12
  Cmd: bin/dimensionality_reduction_risp -a train --app_params 02/dimensionality_reduction.json --eons_params 02/eons.json --proc_params 02/risp.json --threads 13 --epochs 10 --sim_time 16 --extra_eons_params '{"starting_edges":96}' --extra_app_params '{"output_dimensions":4}' --extra_proc_params '{"discrete":false,"leak_mode":"all","max_delay":2,"max_threshold":16,"max_weight":8,"min_potential":-2,"min_weight":-2}' --encoder "spikes" --decoder "ttls"
  Selected Fitness: -383.868

Best Fitness = -119.113000

Bayes Iteration :  13
  Cmd: bin/dimensionality_reduction_risp -a train --app_params 02/dimensionality_reduction.json --eons_params 02/eons.json --proc_params 02/risp.json --threads 13 --epochs 10 --sim_time 128 --extra_eons_params '{"starting_edges":128}' --extra_app_params '{"output_dimensions":4}' --extra_proc_params '{"discrete":false,"leak_mode":"none","max_delay":16,"max_threshold":8,"max_weight":8,"min_potential":-8,"min_weight":-4}' --encoder "rate" --decoder "ttls"
  Selected Fitness: -459.481

Best Fitness = -119.113000

Bayes Iteration :  14
  Cmd: bin/dimensionality_reduction_risp -a train --app_params 02/dimensionality_reduction.json --eons_params 02/eons.json --proc_params 02/risp.json --threads 13 --epochs 10 --sim_time 32 --extra_eons_params '{"starting_edges":64}' --extra_app_params '{"output_dimensions":8}' --extra_proc_params '{"discrete":true,"leak_mode":"all","max_delay":4,"max_threshold":8,"max_weight":4,"min_potential":-1,"min_weight":-2}' --encoder "rate" --decoder "rate"
  Selected Fitness: -256.468

Best Fitness = -119.113000

Bayes Iteration :  15
  Cmd: bin/dimensionality_reduction_risp -a train --app_params 02/dimensionality_reduction.json --eons_params 02/eons.json --proc_params 02/risp.json --threads 13 --epochs 10 --sim_time 16 --extra_eons_params '{"starting_edges":96}' --extra_app_params '{"output_dimensions":32}' --extra_proc_params '{"discrete":true,"leak_mode":"all","max_delay":1,"max_threshold":4,"max_weight":4,"min_potential":-2,"min_weight":-2}' --encoder "spike" --decoder "ttls"
  Selected Fitness: -133.155

Best Fitness = -110.505000

Bayes Iteration :  16
  Cmd: bin/dimensionality_reduction_risp -a train --app_params 02/dimensionality_reduction.json --eons_params 02/eons.json --proc_params 02/risp.json --threads 13 --epochs 10 --sim_time 8 --extra_eons_params '{"starting_edges":64}' --extra_app_params '{"output_dimensions":8}' --extra_proc_params '{"discrete":false,"leak_mode":"none","max_delay":2,"max_threshold":4,"max_weight":2,"min_potential":-4,"min_weight":-4}' --encoder "val" --decoder "ttls"
  Selected Fitness: -231.65

Best Fitness = -110.505000

Bayes Iteration :  17
  Cmd: bin/dimensionality_reduction_risp -a train --app_params 02/dimensionality_reduction.json --eons_params 02/eons.json --proc_params 02/risp.json --threads 13 --epochs 10 --sim_time 16 --extra_eons_params '{"starting_edges":96}' --extra_app_params '{"output_dimensions":16}' --extra_proc_params '{"discrete":false,"leak_mode":"none","max_delay":16,"max_threshold":8,"max_weight":8,"min_potential":-8,"min_weight":-2}' --encoder "rate" --decoder "ttls"
  Selected Fitness: -375.257

Best Fitness = -110.505000

Bayes Iteration :  18
  Cmd: bin/dimensionality_reduction_risp -a train --app_params 02/dimensionality_reduction.json --eons_params 02/eons.json --proc_params 02/risp.json --threads 13 --epochs 10 --sim_time 16 --extra_eons_params '{"starting_edges":96}' --extra_app_params '{"output_dimensions":4}' --extra_proc_params '{"discrete":false,"leak_mode":"none","max_delay":16,"max_threshold":2,"max_weight":1,"min_potential":-1,"min_weight":-4}' --encoder "temporal" --decoder "ttls"
  Selected Fitness: -1016.54

Best Fitness = -110.505000

Bayes Iteration :  19
  Cmd: bin/dimensionality_reduction_risp -a train --app_params 02/dimensionality_reduction.json --eons_params 02/eons.json --proc_params 02/risp.json --threads 13 --epochs 10 --sim_time 64 --extra_eons_params '{"starting_edges":128}' --extra_app_params '{"output_dimensions":4}' --extra_proc_params '{"discrete":true,"leak_mode":"none","max_delay":8,"max_threshold":8,"max_weight":16,"min_potential":-8,"min_weight":-4}' --encoder "rate" --decoder "ttls"
  Selected Fitness: -667.237

Best Fitness = -110.505000

Bayes Iteration :  20
  Cmd: bin/dimensionality_reduction_risp -a train --app_params 02/dimensionality_reduction.json --eons_params 02/eons.json --proc_params 02/risp.json --threads 13 --epochs 10 --sim_time 16 --extra_eons_params '{"starting_edges":96}' --extra_app_params '{"output_dimensions":8}' --extra_proc_params '{"discrete":false,"leak_mode":"none","max_delay":8,"max_threshold":2,"max_weight":1,"min_potential":-1,"min_weight":-1}' --encoder "spike" --decoder "ttls"
  Selected Fitness: -396.886

Best Fitness = -110.505000

Bayes Iteration :  21
  Cmd: bin/dimensionality_reduction_risp -a train --app_params 02/dimensionality_reduction.json --eons_params 02/eons.json --proc_params 02/risp.json --threads 13 --epochs 10 --sim_time 16 --extra_eons_params '{"starting_edges":96}' --extra_app_params '{"output_dimensions":8}' --extra_proc_params '{"discrete":true,"leak_mode":"none","max_delay":2,"max_threshold":8,"max_weight":4,"min_potential":-8,"min_weight":-1}' --encoder "rate" --decoder "ttls"
  Selected Fitness: -452.942

Best Fitness = -110.505000

Bayes Iteration :  22
  Cmd: bin/dimensionality_reduction_risp -a train --app_params 02/dimensionality_reduction.json --eons_params 02/eons.json --proc_params 02/risp.json --threads 13 --epochs 10 --sim_time 128 --extra_eons_params '{"starting_edges":96}' --extra_app_params '{"output_dimensions":4}' --extra_proc_params '{"discrete":true,"leak_mode":"none","max_delay":4,"max_threshold":1,"max_weight":1,"min_potential":-2,"min_weight":-2}' --encoder "spikes" --decoder "ttls"
  Selected Fitness: -390.866

Best Fitness = -110.505000

Bayes Iteration :  23
  Cmd: bin/dimensionality_reduction_risp -a train --app_params 02/dimensionality_reduction.json --eons_params 02/eons.json --proc_params 02/risp.json --threads 13 --epochs 10 --sim_time 16 --extra_eons_params '{"starting_edges":128}' --extra_app_params '{"output_dimensions":2}' --extra_proc_params '{"discrete":false,"leak_mode":"all","max_delay":2,"max_threshold":2,"max_weight":2,"min_potential":-2,"min_weight":-1}' --encoder "temporal" --decoder "ttls"
  Selected Fitness: -407.284

Best Fitness = -110.505000

Bayes Iteration :  24
  Cmd: bin/dimensionality_reduction_risp -a train --app_params 02/dimensionality_reduction.json --eons_params 02/eons.json --proc_params 02/risp.json --threads 13 --epochs 10 --sim_time 32 --extra_eons_params '{"starting_edges":96}' --extra_app_params '{"output_dimensions":4}' --extra_proc_params '{"discrete":false,"leak_mode":"none","max_delay":2,"max_threshold":4,"max_weight":4,"min_potential":-4,"min_weight":-2}' --encoder "spike" --decoder "rate"
  Selected Fitness: -154.367

Best Fitness = -110.505000

Bayes Iteration :  25
  Cmd: bin/dimensionality_reduction_risp -a train --app_params 02/dimensionality_reduction.json --eons_params 02/eons.json --proc_params 02/risp.json --threads 13 --epochs 10 --sim_time 16 --extra_eons_params '{"starting_edges":128}' --extra_app_params '{"output_dimensions":2}' --extra_proc_params '{"discrete":true,"leak_mode":"all","max_delay":8,"max_threshold":8,"max_weight":8,"min_potential":-8,"min_weight":-4}' --encoder "rate" --decoder "ttls"
  Selected Fitness: -294.717

Best Fitness = -110.505000

Bayes Iteration :  26
  Cmd: bin/dimensionality_reduction_risp -a train --app_params 02/dimensionality_reduction.json --eons_params 02/eons.json --proc_params 02/risp.json --threads 13 --epochs 10 --sim_time 16 --extra_eons_params '{"starting_edges":64}' --extra_app_params '{"output_dimensions":32}' --extra_proc_params '{"discrete":false,"leak_mode":"all","max_delay":1,"max_threshold":1,"max_weight":8,"min_potential":-2,"min_weight":-2}' --encoder "temporal" --decoder "ttls"
  Selected Fitness: -192.14

Best Fitness = -110.505000

Bayes Iteration :  27
  Cmd: bin/dimensionality_reduction_risp -a train --app_params 02/dimensionality_reduction.json --eons_params 02/eons.json --proc_params 02/risp.json --threads 13 --epochs 10 --sim_time 64 --extra_eons_params '{"starting_edges":96}' --extra_app_params '{"output_dimensions":16}' --extra_proc_params '{"discrete":false,"leak_mode":"all","max_delay":16,"max_threshold":4,"max_weight":1,"min_potential":-2,"min_weight":-2}' --encoder "spike" --decoder "ttls"
  Selected Fitness: -499.175

Best Fitness = -110.505000

Bayes Iteration :  28
  Cmd: bin/dimensionality_reduction_risp -a train --app_params 02/dimensionality_reduction.json --eons_params 02/eons.json --proc_params 02/risp.json --threads 13 --epochs 10 --sim_time 32 --extra_eons_params '{"starting_edges":128}' --extra_app_params '{"output_dimensions":8}' --extra_proc_params '{"discrete":true,"leak_mode":"all","max_delay":8,"max_threshold":1,"max_weight":16,"min_potential":-2,"min_weight":-1}' --encoder "spike" --decoder "ttls"
  Selected Fitness: -183.049

Best Fitness = -110.505000

Bayes Iteration :  29
  Cmd: bin/dimensionality_reduction_risp -a train --app_params 02/dimensionality_reduction.json --eons_params 02/eons.json --proc_params 02/risp.json --threads 13 --epochs 10 --sim_time 128 --extra_eons_params '{"starting_edges":96}' --extra_app_params '{"output_dimensions":8}' --extra_proc_params '{"discrete":true,"leak_mode":"none","max_delay":8,"max_threshold":8,"max_weight":4,"min_potential":-4,"min_weight":-2}' --encoder "rate" --decoder "rate"
  Selected Fitness: -253.816

Best Fitness = -110.505000

Bayes Iteration :  30
  Cmd: bin/dimensionality_reduction_risp -a train --app_params 02/dimensionality_reduction.json --eons_params 02/eons.json --proc_params 02/risp.json --threads 13 --epochs 10 --sim_time 8 --extra_eons_params '{"starting_edges":96}' --extra_app_params '{"output_dimensions":8}' --extra_proc_params '{"discrete":false,"leak_mode":"all","max_delay":8,"max_threshold":4,"max_weight":2,"min_potential":-2,"min_weight":-2}' --encoder "spike" --decoder "ttls"
  Selected Fitness: -279.855

Best Fitness = -110.505000

Bayes Iteration :  31
  Cmd: bin/dimensionality_reduction_risp -a train --app_params 02/dimensionality_reduction.json --eons_params 02/eons.json --proc_params 02/risp.json --threads 13 --epochs 10 --sim_time 64 --extra_eons_params '{"starting_edges":64}' --extra_app_params '{"output_dimensions":4}' --extra_proc_params '{"discrete":false,"leak_mode":"all","max_delay":4,"max_threshold":1,"max_weight":8,"min_potential":-1,"min_weight":-4}' --encoder "val" --decoder "rate"
  Selected Fitness: -179.645

Best Fitness = -110.505000

Bayes Iteration :  32
  Cmd: bin/dimensionality_reduction_risp -a train --app_params 02/dimensionality_reduction.json --eons_params 02/eons.json --proc_params 02/risp.json --threads 13 --epochs 10 --sim_time 128 --extra_eons_params '{"starting_edges":96}' --extra_app_params '{"output_dimensions":16}' --extra_proc_params '{"discrete":true,"leak_mode":"all","max_delay":4,"max_threshold":2,"max_weight":8,"min_potential":-2,"min_weight":-2}' --encoder "rate" --decoder "rate"
  Selected Fitness: -277.197

Best Fitness = -110.505000

Bayes Iteration :  33
  Cmd: bin/dimensionality_reduction_risp -a train --app_params 02/dimensionality_reduction.json --eons_params 02/eons.json --proc_params 02/risp.json --threads 13 --epochs 10 --sim_time 64 --extra_eons_params '{"starting_edges":128}' --extra_app_params '{"output_dimensions":8}' --extra_proc_params '{"discrete":true,"leak_mode":"all","max_delay":4,"max_threshold":8,"max_weight":16,"min_potential":-2,"min_weight":-4}' --encoder "rate" --decoder "rate"
  Selected Fitness: -283.801

Best Fitness = -110.505000

Bayes Iteration :  34
  Cmd: bin/dimensionality_reduction_risp -a train --app_params 02/dimensionality_reduction.json --eons_params 02/eons.json --proc_params 02/risp.json --threads 13 --epochs 10 --sim_time 16 --extra_eons_params '{"starting_edges":96}' --extra_app_params '{"output_dimensions":4}' --extra_proc_params '{"discrete":false,"leak_mode":"all","max_delay":4,"max_threshold":4,"max_weight":1,"min_potential":-2,"min_weight":-2}' --encoder "rate" --decoder "rate"
  Selected Fitness: -751.904

Best Fitness = -110.505000

Bayes Iteration :  35
  Cmd: bin/dimensionality_reduction_risp -a train --app_params 02/dimensionality_reduction.json --eons_params 02/eons.json --proc_params 02/risp.json --threads 13 --epochs 10 --sim_time 16 --extra_eons_params '{"starting_edges":64}' --extra_app_params '{"output_dimensions":16}' --extra_proc_params '{"discrete":true,"leak_mode":"none","max_delay":2,"max_threshold":4,"max_weight":16,"min_potential":-2,"min_weight":-2}' --encoder "rate" --decoder "rate"
  Selected Fitness: -217.016

Best Fitness = -110.505000

Bayes Iteration :  36
  Cmd: bin/dimensionality_reduction_risp -a train --app_params 02/dimensionality_reduction.json --eons_params 02/eons.json --proc_params 02/risp.json --threads 13 --epochs 10 --sim_time 8 --extra_eons_params '{"starting_edges":128}' --extra_app_params '{"output_dimensions":32}' --extra_proc_params '{"discrete":false,"leak_mode":"none","max_delay":8,"max_threshold":1,"max_weight":16,"min_potential":-4,"min_weight":-1}' --encoder "temporal" --decoder "ttls"
  Selected Fitness: -230.767

Best Fitness = -110.505000

Bayes Iteration :  37
  Cmd: bin/dimensionality_reduction_risp -a train --app_params 02/dimensionality_reduction.json --eons_params 02/eons.json --proc_params 02/risp.json --threads 13 --epochs 10 --sim_time 32 --extra_eons_params '{"starting_edges":128}' --extra_app_params '{"output_dimensions":16}' --extra_proc_params '{"discrete":false,"leak_mode":"all","max_delay":2,"max_threshold":16,"max_weight":2,"min_potential":-4,"min_weight":-2}' --encoder "spikes" --decoder "ttls"
  Selected Fitness: -318.961

Best Fitness = -110.505000

Bayes Iteration :  38
  Cmd: bin/dimensionality_reduction_risp -a train --app_params 02/dimensionality_reduction.json --eons_params 02/eons.json --proc_params 02/risp.json --threads 13 --epochs 10 --sim_time 16 --extra_eons_params '{"starting_edges":96}' --extra_app_params '{"output_dimensions":8}' --extra_proc_params '{"discrete":true,"leak_mode":"none","max_delay":16,"max_threshold":4,"max_weight":1,"min_potential":-2,"min_weight":-2}' --encoder "temporal" --decoder "rate"
  Selected Fitness: -613.481

Best Fitness = -110.505000

Bayes Iteration :  39
  Cmd: bin/dimensionality_reduction_risp -a train --app_params 02/dimensionality_reduction.json --eons_params 02/eons.json --proc_params 02/risp.json --threads 13 --epochs 10 --sim_time 8 --extra_eons_params '{"starting_edges":64}' --extra_app_params '{"output_dimensions":16}' --extra_proc_params '{"discrete":false,"leak_mode":"none","max_delay":4,"max_threshold":4,"max_weight":4,"min_potential":-4,"min_weight":-1}' --encoder "spike" --decoder "rate"
  Selected Fitness: -184.746

Best Fitness = -110.505000

Bayes Iteration :  40
  Cmd: bin/dimensionality_reduction_risp -a train --app_params 02/dimensionality_reduction.json --eons_params 02/eons.json --proc_params 02/risp.json --threads 13 --epochs 10 --sim_time 32 --extra_eons_params '{"starting_edges":128}' --extra_app_params '{"output_dimensions":4}' --extra_proc_params '{"discrete":false,"leak_mode":"none","max_delay":8,"max_threshold":8,"max_weight":8,"min_potential":-2,"min_weight":-1}' --encoder "spikes" --decoder "rate"
  Selected Fitness: -161.302

Best Fitness = -110.505000

Bayes Iteration :  41
  Cmd: bin/dimensionality_reduction_risp -a train --app_params 02/dimensionality_reduction.json --eons_params 02/eons.json --proc_params 02/risp.json --threads 13 --epochs 10 --sim_time 16 --extra_eons_params '{"starting_edges":96}' --extra_app_params '{"output_dimensions":8}' --extra_proc_params '{"discrete":true,"leak_mode":"none","max_delay":8,"max_threshold":8,"max_weight":2,"min_potential":-1,"min_weight":-1}' --encoder "spike" --decoder "rate"
  Selected Fitness: -248.916

Best Fitness = -110.505000

Bayes Iteration :  42
  Cmd: bin/dimensionality_reduction_risp -a train --app_params 02/dimensionality_reduction.json --eons_params 02/eons.json --proc_params 02/risp.json --threads 13 --epochs 10 --sim_time 16 --extra_eons_params '{"starting_edges":64}' --extra_app_params '{"output_dimensions":16}' --extra_proc_params '{"discrete":true,"leak_mode":"none","max_delay":16,"max_threshold":2,"max_weight":8,"min_potential":-1,"min_weight":-4}' --encoder "val" --decoder "rate"
  Selected Fitness: -347.986

Best Fitness = -110.505000

Bayes Iteration :  43
  Cmd: bin/dimensionality_reduction_risp -a train --app_params 02/dimensionality_reduction.json --eons_params 02/eons.json --proc_params 02/risp.json --threads 13 --epochs 10 --sim_time 32 --extra_eons_params '{"starting_edges":96}' --extra_app_params '{"output_dimensions":16}' --extra_proc_params '{"discrete":true,"leak_mode":"none","max_delay":2,"max_threshold":16,"max_weight":8,"min_potential":-4,"min_weight":-1}' --encoder "spikes" --decoder "ttls"
  Selected Fitness: -294.978

Best Fitness = -110.505000

Bayes Iteration :  44
  Cmd: bin/dimensionality_reduction_risp -a train --app_params 02/dimensionality_reduction.json --eons_params 02/eons.json --proc_params 02/risp.json --threads 13 --epochs 10 --sim_time 64 --extra_eons_params '{"starting_edges":128}' --extra_app_params '{"output_dimensions":32}' --extra_proc_params '{"discrete":false,"leak_mode":"all","max_delay":2,"max_threshold":1,"max_weight":4,"min_potential":-8,"min_weight":-1}' --encoder "val" --decoder "ttls"
  Selected Fitness: -139.533

Best Fitness = -110.505000

Bayes Iteration :  45
  Cmd: bin/dimensionality_reduction_risp -a train --app_params 02/dimensionality_reduction.json --eons_params 02/eons.json --proc_params 02/risp.json --threads 13 --epochs 10 --sim_time 64 --extra_eons_params '{"starting_edges":128}' --extra_app_params '{"output_dimensions":4}' --extra_proc_params '{"discrete":false,"leak_mode":"none","max_delay":2,"max_threshold":2,"max_weight":4,"min_potential":-1,"min_weight":-2}' --encoder "rate" --decoder "rate"
  Selected Fitness: -163.152

Best Fitness = -110.505000

Bayes Iteration :  46
  Cmd: bin/dimensionality_reduction_risp -a train --app_params 02/dimensionality_reduction.json --eons_params 02/eons.json --proc_params 02/risp.json --threads 13 --epochs 10 --sim_time 8 --extra_eons_params '{"starting_edges":128}' --extra_app_params '{"output_dimensions":2}' --extra_proc_params '{"discrete":false,"leak_mode":"none","max_delay":1,"max_threshold":16,"max_weight":16,"min_potential":-2,"min_weight":-2}' --encoder "spike" --decoder "rate"
  Selected Fitness: -138.346

Best Fitness = -110.505000

Bayes Iteration :  47
  Cmd: bin/dimensionality_reduction_risp -a train --app_params 02/dimensionality_reduction.json --eons_params 02/eons.json --proc_params 02/risp.json --threads 13 --epochs 10 --sim_time 32 --extra_eons_params '{"starting_edges":64}' --extra_app_params '{"output_dimensions":32}' --extra_proc_params '{"discrete":true,"leak_mode":"all","max_delay":8,"max_threshold":4,"max_weight":16,"min_potential":-2,"min_weight":-4}' --encoder "temporal" --decoder "rate"
  Selected Fitness: -252.315

Best Fitness = -110.505000

Bayes Iteration :  48
  Cmd: bin/dimensionality_reduction_risp -a train --app_params 02/dimensionality_reduction.json --eons_params 02/eons.json --proc_params 02/risp.json --threads 13 --epochs 10 --sim_time 16 --extra_eons_params '{"starting_edges":96}' --extra_app_params '{"output_dimensions":4}' --extra_proc_params '{"discrete":true,"leak_mode":"all","max_delay":8,"max_threshold":16,"max_weight":2,"min_potential":-4,"min_weight":-4}' --encoder "spikes" --decoder "rate"
  Selected Fitness: -231.596

Best Fitness = -110.505000

Bayes Iteration :  49
  Cmd: bin/dimensionality_reduction_risp -a train --app_params 02/dimensionality_reduction.json --eons_params 02/eons.json --proc_params 02/risp.json --threads 13 --epochs 10 --sim_time 16 --extra_eons_params '{"starting_edges":128}' --extra_app_params '{"output_dimensions":8}' --extra_proc_params '{"discrete":false,"leak_mode":"none","max_delay":2,"max_threshold":8,"max_weight":4,"min_potential":-8,"min_weight":-2}' --encoder "temporal" --decoder "ttls"
  Selected Fitness: -392.626

Best Fitness = -110.505000

Bayes Iteration :  50
  Cmd: bin/dimensionality_reduction_risp -a train --app_params 02/dimensionality_reduction.json --eons_params 02/eons.json --proc_params 02/risp.json --threads 13 --epochs 10 --sim_time 128 --extra_eons_params '{"starting_edges":128}' --extra_app_params '{"output_dimensions":8}' --extra_proc_params '{"discrete":true,"leak_mode":"none","max_delay":2,"max_threshold":2,"max_weight":2,"min_potential":-2,"min_weight":-2}' --encoder "spike" --decoder "rate"
  Selected Fitness: -306.734

Best Fitness = -110.505000

Bayes Iteration :  51
  Cmd: bin/dimensionality_reduction_risp -a train --app_params 02/dimensionality_reduction.json --eons_params 02/eons.json --proc_params 02/risp.json --threads 13 --epochs 10 --sim_time 8 --extra_eons_params '{"starting_edges":96}' --extra_app_params '{"output_dimensions":2}' --extra_proc_params '{"discrete":true,"leak_mode":"none","max_delay":8,"max_threshold":8,"max_weight":16,"min_potential":-4,"min_weight":-4}' --encoder "spike" --decoder "ttls"
  Selected Fitness: -183.185

Best Fitness = -110.505000

Bayes Iteration :  52
  Cmd: bin/dimensionality_reduction_risp -a train --app_params 02/dimensionality_reduction.json --eons_params 02/eons.json --proc_params 02/risp.json --threads 13 --epochs 10 --sim_time 32 --extra_eons_params '{"starting_edges":96}' --extra_app_params '{"output_dimensions":4}' --extra_proc_params '{"discrete":false,"leak_mode":"none","max_delay":2,"max_threshold":8,"max_weight":4,"min_potential":-4,"min_weight":-2}' --encoder "rate" --decoder "ttls"
  Selected Fitness: -480.773

Best Fitness = -110.505000

Bayes Iteration :  53
  Cmd: bin/dimensionality_reduction_risp -a train --app_params 02/dimensionality_reduction.json --eons_params 02/eons.json --proc_params 02/risp.json --threads 13 --epochs 10 --sim_time 8 --extra_eons_params '{"starting_edges":128}' --extra_app_params '{"output_dimensions":16}' --extra_proc_params '{"discrete":true,"leak_mode":"none","max_delay":2,"max_threshold":4,"max_weight":16,"min_potential":-4,"min_weight":-2}' --encoder "spike" --decoder "rate"
  Selected Fitness: -101.627

Best Fitness = -81.014300

Bayes Iteration :  54
  Cmd: bin/dimensionality_reduction_risp -a train --app_params 02/dimensionality_reduction.json --eons_params 02/eons.json --proc_params 02/risp.json --threads 13 --epochs 10 --sim_time 32 --extra_eons_params '{"starting_edges":96}' --extra_app_params '{"output_dimensions":4}' --extra_proc_params '{"discrete":true,"leak_mode":"none","max_delay":4,"max_threshold":2,"max_weight":8,"min_potential":-4,"min_weight":-4}' --encoder "rate" --decoder "ttls"
  Selected Fitness: -420.022

Best Fitness = -81.014300

Bayes Iteration :  55
  Cmd: bin/dimensionality_reduction_risp -a train --app_params 02/dimensionality_reduction.json --eons_params 02/eons.json --proc_params 02/risp.json --threads 13 --epochs 10 --sim_time 32 --extra_eons_params '{"starting_edges":64}' --extra_app_params '{"output_dimensions":8}' --extra_proc_params '{"discrete":true,"leak_mode":"none","max_delay":4,"max_threshold":8,"max_weight":8,"min_potential":-2,"min_weight":-4}' --encoder "spikes" --decoder "ttls"
  Selected Fitness: -356.811

Best Fitness = -81.014300

Bayes Iteration :  56
  Cmd: bin/dimensionality_reduction_risp -a train --app_params 02/dimensionality_reduction.json --eons_params 02/eons.json --proc_params 02/risp.json --threads 13 --epochs 10 --sim_time 64 --extra_eons_params '{"starting_edges":64}' --extra_app_params '{"output_dimensions":32}' --extra_proc_params '{"discrete":true,"leak_mode":"all","max_delay":4,"max_threshold":2,"max_weight":2,"min_potential":-4,"min_weight":-2}' --encoder "rate" --decoder "rate"
  Selected Fitness: -203.434

Best Fitness = -81.014300

Bayes Iteration :  57
  Cmd: bin/dimensionality_reduction_risp -a train --app_params 02/dimensionality_reduction.json --eons_params 02/eons.json --proc_params 02/risp.json --threads 13 --epochs 10 --sim_time 32 --extra_eons_params '{"starting_edges":96}' --extra_app_params '{"output_dimensions":8}' --extra_proc_params '{"discrete":true,"leak_mode":"all","max_delay":1,"max_threshold":2,"max_weight":8,"min_potential":-4,"min_weight":-1}' --encoder "temporal" --decoder "rate"
  Selected Fitness: -155.814

Best Fitness = -81.014300

Bayes Iteration :  58
  Cmd: bin/dimensionality_reduction_risp -a train --app_params 02/dimensionality_reduction.json --eons_params 02/eons.json --proc_params 02/risp.json --threads 13 --epochs 10 --sim_time 32 --extra_eons_params '{"starting_edges":96}' --extra_app_params '{"output_dimensions":32}' --extra_proc_params '{"discrete":false,"leak_mode":"none","max_delay":4,"max_threshold":2,"max_weight":16,"min_potential":-1,"min_weight":-2}' --encoder "spikes" --decoder "rate"
  Selected Fitness: -146.171

Best Fitness = -81.014300

Bayes Iteration :  59
  Cmd: bin/dimensionality_reduction_risp -a train --app_params 02/dimensionality_reduction.json --eons_params 02/eons.json --proc_params 02/risp.json --threads 13 --epochs 10 --sim_time 32 --extra_eons_params '{"starting_edges":128}' --extra_app_params '{"output_dimensions":32}' --extra_proc_params '{"discrete":true,"leak_mode":"none","max_delay":16,"max_threshold":1,"max_weight":2,"min_potential":-4,"min_weight":-2}' --encoder "spikes" --decoder "ttls"
  Selected Fitness: -210.012

Best Fitness = -81.014300

Bayes Iteration :  60
  Cmd: bin/dimensionality_reduction_risp -a train --app_params 02/dimensionality_reduction.json --eons_params 02/eons.json --proc_params 02/risp.json --threads 13 --epochs 10 --sim_time 128 --extra_eons_params '{"starting_edges":64}' --extra_app_params '{"output_dimensions":8}' --extra_proc_params '{"discrete":false,"leak_mode":"none","max_delay":1,"max_threshold":1,"max_weight":4,"min_potential":-8,"min_weight":-2}' --encoder "spike" --decoder "rate"
  Selected Fitness: -289.504

Best Fitness = -81.014300

Bayes Iteration :  61
  Cmd: bin/dimensionality_reduction_risp -a train --app_params 02/dimensionality_reduction.json --eons_params 02/eons.json --proc_params 02/risp.json --threads 13 --epochs 10 --sim_time 16 --extra_eons_params '{"starting_edges":64}' --extra_app_params '{"output_dimensions":4}' --extra_proc_params '{"discrete":true,"leak_mode":"all","max_delay":4,"max_threshold":8,"max_weight":2,"min_potential":-4,"min_weight":-4}' --encoder "val" --decoder "rate"
  Selected Fitness: -376.77

Best Fitness = -81.014300

Bayes Iteration :  62
  Cmd: bin/dimensionality_reduction_risp -a train --app_params 02/dimensionality_reduction.json --eons_params 02/eons.json --proc_params 02/risp.json --threads 13 --epochs 10 --sim_time 8 --extra_eons_params '{"starting_edges":128}' --extra_app_params '{"output_dimensions":4}' --extra_proc_params '{"discrete":true,"leak_mode":"all","max_delay":4,"max_threshold":8,"max_weight":4,"min_potential":-4,"min_weight":-1}' --encoder "spike" --decoder "ttls"
  Selected Fitness: -160.322

Best Fitness = -81.014300

Bayes Iteration :  63
  Cmd: bin/dimensionality_reduction_risp -a train --app_params 02/dimensionality_reduction.json --eons_params 02/eons.json --proc_params 02/risp.json --threads 13 --epochs 10 --sim_time 64 --extra_eons_params '{"starting_edges":96}' --extra_app_params '{"output_dimensions":16}' --extra_proc_params '{"discrete":true,"leak_mode":"none","max_delay":8,"max_threshold":2,"max_weight":4,"min_potential":-2,"min_weight":-1}' --encoder "spikes" --decoder "ttls"
  Selected Fitness: -301.047

Best Fitness = -81.014300

Bayes Iteration :  64
  Cmd: bin/dimensionality_reduction_risp -a train --app_params 02/dimensionality_reduction.json --eons_params 02/eons.json --proc_params 02/risp.json --threads 13 --epochs 10 --sim_time 32 --extra_eons_params '{"starting_edges":64}' --extra_app_params '{"output_dimensions":4}' --extra_proc_params '{"discrete":false,"leak_mode":"all","max_delay":2,"max_threshold":1,"max_weight":2,"min_potential":-8,"min_weight":-4}' --encoder "rate" --decoder "ttls"
  Selected Fitness: -712.354

Best Fitness = -81.014300

Bayes Iteration :  65
  Cmd: bin/dimensionality_reduction_risp -a train --app_params 02/dimensionality_reduction.json --eons_params 02/eons.json --proc_params 02/risp.json --threads 13 --epochs 10 --sim_time 32 --extra_eons_params '{"starting_edges":96}' --extra_app_params '{"output_dimensions":4}' --extra_proc_params '{"discrete":true,"leak_mode":"all","max_delay":16,"max_threshold":2,"max_weight":8,"min_potential":-2,"min_weight":-2}' --encoder "spike" --decoder "ttls"
  Selected Fitness: -168.756

Best Fitness = -81.014300

Bayes Iteration :  66
  Cmd: bin/dimensionality_reduction_risp -a train --app_params 02/dimensionality_reduction.json --eons_params 02/eons.json --proc_params 02/risp.json --threads 13 --epochs 10 --sim_time 16 --extra_eons_params '{"starting_edges":96}' --extra_app_params '{"output_dimensions":16}' --extra_proc_params '{"discrete":true,"leak_mode":"all","max_delay":1,"max_threshold":16,"max_weight":4,"min_potential":-8,"min_weight":-4}' --encoder "spike" --decoder "ttls"
  Selected Fitness: -207.33

Best Fitness = -81.014300

Bayes Iteration :  67
  Cmd: bin/dimensionality_reduction_risp -a train --app_params 02/dimensionality_reduction.json --eons_params 02/eons.json --proc_params 02/risp.json --threads 13 --epochs 10 --sim_time 8 --extra_eons_params '{"starting_edges":64}' --extra_app_params '{"output_dimensions":16}' --extra_proc_params '{"discrete":true,"leak_mode":"all","max_delay":4,"max_threshold":4,"max_weight":4,"min_potential":-8,"min_weight":-2}' --encoder "spike" --decoder "ttls"
  Selected Fitness: -175.183

Best Fitness = -81.014300

Bayes Iteration :  68
  Cmd: bin/dimensionality_reduction_risp -a train --app_params 02/dimensionality_reduction.json --eons_params 02/eons.json --proc_params 02/risp.json --threads 13 --epochs 10 --sim_time 128 --extra_eons_params '{"starting_edges":128}' --extra_app_params '{"output_dimensions":16}' --extra_proc_params '{"discrete":false,"leak_mode":"all","max_delay":8,"max_threshold":8,"max_weight":4,"min_potential":-1,"min_weight":-2}' --encoder "spike" --decoder "ttls"
  Selected Fitness: -202.293

Best Fitness = -81.014300

Bayes Iteration :  69
  Cmd: bin/dimensionality_reduction_risp -a train --app_params 02/dimensionality_reduction.json --eons_params 02/eons.json --proc_params 02/risp.json --threads 13 --epochs 10 --sim_time 64 --extra_eons_params '{"starting_edges":96}' --extra_app_params '{"output_dimensions":4}' --extra_proc_params '{"discrete":true,"leak_mode":"none","max_delay":8,"max_threshold":2,"max_weight":2,"min_potential":-2,"min_weight":-4}' --encoder "spikes" --decoder "rate"
  Selected Fitness: -297.116

Best Fitness = -81.014300

Bayes Iteration :  70
  Cmd: bin/dimensionality_reduction_risp -a train --app_params 02/dimensionality_reduction.json --eons_params 02/eons.json --proc_params 02/risp.json --threads 13 --epochs 10 --sim_time 16 --extra_eons_params '{"starting_edges":96}' --extra_app_params '{"output_dimensions":32}' --extra_proc_params '{"discrete":false,"leak_mode":"none","max_delay":2,"max_threshold":2,"max_weight":4,"min_potential":-2,"min_weight":-2}' --encoder "temporal" --decoder "rate"
  Selected Fitness: -195.116

Best Fitness = -81.014300

Bayes Iteration :  71
  Cmd: bin/dimensionality_reduction_risp -a train --app_params 02/dimensionality_reduction.json --eons_params 02/eons.json --proc_params 02/risp.json --threads 13 --epochs 10 --sim_time 32 --extra_eons_params '{"starting_edges":96}' --extra_app_params '{"output_dimensions":4}' --extra_proc_params '{"discrete":true,"leak_mode":"all","max_delay":4,"max_threshold":1,"max_weight":1,"min_potential":-4,"min_weight":-2}' --encoder "spike" --decoder "ttls"
  Selected Fitness: -311.579

Best Fitness = -81.014300

Bayes Iteration :  72
  Cmd: bin/dimensionality_reduction_risp -a train --app_params 02/dimensionality_reduction.json --eons_params 02/eons.json --proc_params 02/risp.json --threads 13 --epochs 10 --sim_time 8 --extra_eons_params '{"starting_edges":96}' --extra_app_params '{"output_dimensions":16}' --extra_proc_params '{"discrete":false,"leak_mode":"all","max_delay":8,"max_threshold":16,"max_weight":2,"min_potential":-8,"min_weight":-2}' --encoder "spikes" --decoder "ttls"
  Selected Fitness: -388.823

Best Fitness = -81.014300

Bayes Iteration :  73
  Cmd: bin/dimensionality_reduction_risp -a train --app_params 02/dimensionality_reduction.json --eons_params 02/eons.json --proc_params 02/risp.json --threads 13 --epochs 10 --sim_time 64 --extra_eons_params '{"starting_edges":96}' --extra_app_params '{"output_dimensions":32}' --extra_proc_params '{"discrete":false,"leak_mode":"all","max_delay":16,"max_threshold":4,"max_weight":1,"min_potential":-8,"min_weight":-4}' --encoder "spike" --decoder "rate"
  Selected Fitness: -315.1

Best Fitness = -81.014300

Bayes Iteration :  74
  Cmd: bin/dimensionality_reduction_risp -a train --app_params 02/dimensionality_reduction.json --eons_params 02/eons.json --proc_params 02/risp.json --threads 13 --epochs 10 --sim_time 16 --extra_eons_params '{"starting_edges":96}' --extra_app_params '{"output_dimensions":16}' --extra_proc_params '{"discrete":false,"leak_mode":"all","max_delay":8,"max_threshold":8,"max_weight":2,"min_potential":-4,"min_weight":-2}' --encoder "rate" --decoder "rate"
  Selected Fitness: -197.224

Best Fitness = -81.014300

Bayes Iteration :  75
  Cmd: bin/dimensionality_reduction_risp -a train --app_params 02/dimensionality_reduction.json --eons_params 02/eons.json --proc_params 02/risp.json --threads 13 --epochs 10 --sim_time 64 --extra_eons_params '{"starting_edges":96}' --extra_app_params '{"output_dimensions":8}' --extra_proc_params '{"discrete":true,"leak_mode":"none","max_delay":8,"max_threshold":2,"max_weight":8,"min_potential":-2,"min_weight":-2}' --encoder "spikes" --decoder "ttls"
  Selected Fitness: -379.515

Best Fitness = -81.014300

Bayes Iteration :  76
  Cmd: bin/dimensionality_reduction_risp -a train --app_params 02/dimensionality_reduction.json --eons_params 02/eons.json --proc_params 02/risp.json --threads 13 --epochs 10 --sim_time 64 --extra_eons_params '{"starting_edges":96}' --extra_app_params '{"output_dimensions":4}' --extra_proc_params '{"discrete":true,"leak_mode":"none","max_delay":8,"max_threshold":8,"max_weight":1,"min_potential":-2,"min_weight":-2}' --encoder "spikes" --decoder "rate"
  Selected Fitness: -282.052

Best Fitness = -81.014300

Bayes Iteration :  77
  Cmd: bin/dimensionality_reduction_risp -a train --app_params 02/dimensionality_reduction.json --eons_params 02/eons.json --proc_params 02/risp.json --threads 13 --epochs 10 --sim_time 128 --extra_eons_params '{"starting_edges":96}' --extra_app_params '{"output_dimensions":2}' --extra_proc_params '{"discrete":true,"leak_mode":"none","max_delay":2,"max_threshold":16,"max_weight":2,"min_potential":-4,"min_weight":-2}' --encoder "spikes" --decoder "ttls"
  Selected Fitness: -266.709

Best Fitness = -81.014300

Bayes Iteration :  78
  Cmd: bin/dimensionality_reduction_risp -a train --app_params 02/dimensionality_reduction.json --eons_params 02/eons.json --proc_params 02/risp.json --threads 13 --epochs 10 --sim_time 128 --extra_eons_params '{"starting_edges":128}' --extra_app_params '{"output_dimensions":32}' --extra_proc_params '{"discrete":false,"leak_mode":"all","max_delay":8,"max_threshold":4,"max_weight":1,"min_potential":-2,"min_weight":-1}' --encoder "spikes" --decoder "ttls"
  Selected Fitness: -261.353

Best Fitness = -81.014300

Bayes Iteration :  79
  Cmd: bin/dimensionality_reduction_risp -a train --app_params 02/dimensionality_reduction.json --eons_params 02/eons.json --proc_params 02/risp.json --threads 13 --epochs 10 --sim_time 128 --extra_eons_params '{"starting_edges":96}' --extra_app_params '{"output_dimensions":8}' --extra_proc_params '{"discrete":false,"leak_mode":"all","max_delay":1,"max_threshold":16,"max_weight":2,"min_potential":-1,"min_weight":-4}' --encoder "rate" --decoder "rate"
  Selected Fitness: -403.698

Best Fitness = -81.014300

Bayes Iteration :  80
  Cmd: bin/dimensionality_reduction_risp -a train --app_params 02/dimensionality_reduction.json --eons_params 02/eons.json --proc_params 02/risp.json --threads 13 --epochs 10 --sim_time 16 --extra_eons_params '{"starting_edges":96}' --extra_app_params '{"output_dimensions":8}' --extra_proc_params '{"discrete":false,"leak_mode":"all","max_delay":16,"max_threshold":1,"max_weight":8,"min_potential":-8,"min_weight":-1}' --encoder "temporal" --decoder "rate"
  Selected Fitness: -532.281

Best Fitness = -81.014300

Bayes Iteration :  81
  Cmd: bin/dimensionality_reduction_risp -a train --app_params 02/dimensionality_reduction.json --eons_params 02/eons.json --proc_params 02/risp.json --threads 13 --epochs 10 --sim_time 16 --extra_eons_params '{"starting_edges":96}' --extra_app_params '{"output_dimensions":16}' --extra_proc_params '{"discrete":true,"leak_mode":"none","max_delay":2,"max_threshold":4,"max_weight":4,"min_potential":-4,"min_weight":-2}' --encoder "spikes" --decoder "ttls"
  Selected Fitness: -316.346

Best Fitness = -81.014300

Bayes Iteration :  82
  Cmd: bin/dimensionality_reduction_risp -a train --app_params 02/dimensionality_reduction.json --eons_params 02/eons.json --proc_params 02/risp.json --threads 13 --epochs 10 --sim_time 8 --extra_eons_params '{"starting_edges":96}' --extra_app_params '{"output_dimensions":2}' --extra_proc_params '{"discrete":true,"leak_mode":"all","max_delay":8,"max_threshold":8,"max_weight":2,"min_potential":-4,"min_weight":-2}' --encoder "rate" --decoder "rate"
  Selected Fitness: -137.546

Best Fitness = -81.014300

Bayes Iteration :  83
  Cmd: bin/dimensionality_reduction_risp -a train --app_params 02/dimensionality_reduction.json --eons_params 02/eons.json --proc_params 02/risp.json --threads 13 --epochs 10 --sim_time 16 --extra_eons_params '{"starting_edges":96}' --extra_app_params '{"output_dimensions":4}' --extra_proc_params '{"discrete":true,"leak_mode":"all","max_delay":4,"max_threshold":8,"max_weight":16,"min_potential":-2,"min_weight":-4}' --encoder "temporal" --decoder "rate"
  Selected Fitness: -211.505

Best Fitness = -81.014300

Bayes Iteration :  84
  Cmd: bin/dimensionality_reduction_risp -a train --app_params 02/dimensionality_reduction.json --eons_params 02/eons.json --proc_params 02/risp.json --threads 13 --epochs 10 --sim_time 16 --extra_eons_params '{"starting_edges":64}' --extra_app_params '{"output_dimensions":8}' --extra_proc_params '{"discrete":false,"leak_mode":"all","max_delay":16,"max_threshold":8,"max_weight":8,"min_potential":-2,"min_weight":-2}' --encoder "spike" --decoder "rate"
  Selected Fitness: -432.459

Best Fitness = -81.014300

Bayes Iteration :  85
  Cmd: bin/dimensionality_reduction_risp -a train --app_params 02/dimensionality_reduction.json --eons_params 02/eons.json --proc_params 02/risp.json --threads 13 --epochs 10 --sim_time 8 --extra_eons_params '{"starting_edges":128}' --extra_app_params '{"output_dimensions":32}' --extra_proc_params '{"discrete":true,"leak_mode":"none","max_delay":4,"max_threshold":16,"max_weight":4,"min_potential":-1,"min_weight":-2}' --encoder "temporal" --decoder "rate"
  Selected Fitness: -204.011

Best Fitness = -81.014300

Bayes Iteration :  86
  Cmd: bin/dimensionality_reduction_risp -a train --app_params 02/dimensionality_reduction.json --eons_params 02/eons.json --proc_params 02/risp.json --threads 13 --epochs 10 --sim_time 8 --extra_eons_params '{"starting_edges":128}' --extra_app_params '{"output_dimensions":16}' --extra_proc_params '{"discrete":false,"leak_mode":"all","max_delay":16,"max_threshold":4,"max_weight":2,"min_potential":-2,"min_weight":-2}' --encoder "rate" --decoder "ttls"
  Selected Fitness: -400.907

Best Fitness = -81.014300

Bayes Iteration :  87
  Cmd: bin/dimensionality_reduction_risp -a train --app_params 02/dimensionality_reduction.json --eons_params 02/eons.json --proc_params 02/risp.json --threads 13 --epochs 10 --sim_time 8 --extra_eons_params '{"starting_edges":64}' --extra_app_params '{"output_dimensions":32}' --extra_proc_params '{"discrete":true,"leak_mode":"all","max_delay":1,"max_threshold":8,"max_weight":4,"min_potential":-2,"min_weight":-2}' --encoder "spikes" --decoder "rate"
  Selected Fitness: -160.361

Best Fitness = -81.014300

Bayes Iteration :  88
  Cmd: bin/dimensionality_reduction_risp -a train --app_params 02/dimensionality_reduction.json --eons_params 02/eons.json --proc_params 02/risp.json --threads 13 --epochs 10 --sim_time 32 --extra_eons_params '{"starting_edges":96}' --extra_app_params '{"output_dimensions":8}' --extra_proc_params '{"discrete":false,"leak_mode":"none","max_delay":16,"max_threshold":8,"max_weight":8,"min_potential":-2,"min_weight":-1}' --encoder "rate" --decoder "ttls"
  Selected Fitness: -556.961

Best Fitness = -81.014300

Bayes Iteration :  89
  Cmd: bin/dimensionality_reduction_risp -a train --app_params 02/dimensionality_reduction.json --eons_params 02/eons.json --proc_params 02/risp.json --threads 13 --epochs 10 --sim_time 8 --extra_eons_params '{"starting_edges":64}' --extra_app_params '{"output_dimensions":16}' --extra_proc_params '{"discrete":false,"leak_mode":"all","max_delay":4,"max_threshold":4,"max_weight":16,"min_potential":-4,"min_weight":-4}' --encoder "spike" --decoder "rate"
  Selected Fitness: -184.606

Best Fitness = -81.014300

Bayes Iteration :  90
  Cmd: bin/dimensionality_reduction_risp -a train --app_params 02/dimensionality_reduction.json --eons_params 02/eons.json --proc_params 02/risp.json --threads 13 --epochs 10 --sim_time 64 --extra_eons_params '{"starting_edges":64}' --extra_app_params '{"output_dimensions":4}' --extra_proc_params '{"discrete":false,"leak_mode":"none","max_delay":2,"max_threshold":8,"max_weight":2,"min_potential":-8,"min_weight":-1}' --encoder "val" --decoder "rate"
  Selected Fitness: -378.285

Best Fitness = -81.014300

Bayes Iteration :  91
  Cmd: bin/dimensionality_reduction_risp -a train --app_params 02/dimensionality_reduction.json --eons_params 02/eons.json --proc_params 02/risp.json --threads 13 --epochs 10 --sim_time 128 --extra_eons_params '{"starting_edges":64}' --extra_app_params '{"output_dimensions":2}' --extra_proc_params '{"discrete":true,"leak_mode":"all","max_delay":4,"max_threshold":4,"max_weight":2,"min_potential":-2,"min_weight":-2}' --encoder "rate" --decoder "ttls"
  Selected Fitness: -622.757

Best Fitness = -81.014300

Bayes Iteration :  92
  Cmd: bin/dimensionality_reduction_risp -a train --app_params 02/dimensionality_reduction.json --eons_params 02/eons.json --proc_params 02/risp.json --threads 13 --epochs 10 --sim_time 8 --extra_eons_params '{"starting_edges":64}' --extra_app_params '{"output_dimensions":32}' --extra_proc_params '{"discrete":true,"leak_mode":"all","max_delay":8,"max_threshold":16,"max_weight":4,"min_potential":-2,"min_weight":-2}' --encoder "spikes" --decoder "rate"
  Selected Fitness: -162.661

Best Fitness = -81.014300

Bayes Iteration :  93
  Cmd: bin/dimensionality_reduction_risp -a train --app_params 02/dimensionality_reduction.json --eons_params 02/eons.json --proc_params 02/risp.json --threads 13 --epochs 10 --sim_time 64 --extra_eons_params '{"starting_edges":64}' --extra_app_params '{"output_dimensions":16}' --extra_proc_params '{"discrete":true,"leak_mode":"all","max_delay":2,"max_threshold":8,"max_weight":8,"min_potential":-8,"min_weight":-2}' --encoder "spikes" --decoder "ttls"
  Selected Fitness: -294.578

Best Fitness = -81.014300

Bayes Iteration :  94
  Cmd: bin/dimensionality_reduction_risp -a train --app_params 02/dimensionality_reduction.json --eons_params 02/eons.json --proc_params 02/risp.json --threads 13 --epochs 10 --sim_time 32 --extra_eons_params '{"starting_edges":64}' --extra_app_params '{"output_dimensions":16}' --extra_proc_params '{"discrete":false,"leak_mode":"all","max_delay":2,"max_threshold":8,"max_weight":2,"min_potential":-2,"min_weight":-1}' --encoder "rate" --decoder "ttls"
  Selected Fitness: -439.119

Best Fitness = -81.014300

Bayes Iteration :  95
  Cmd: bin/dimensionality_reduction_risp -a train --app_params 02/dimensionality_reduction.json --eons_params 02/eons.json --proc_params 02/risp.json --threads 13 --epochs 10 --sim_time 128 --extra_eons_params '{"starting_edges":128}' --extra_app_params '{"output_dimensions":8}' --extra_proc_params '{"discrete":true,"leak_mode":"all","max_delay":1,"max_threshold":4,"max_weight":2,"min_potential":-8,"min_weight":-4}' --encoder "spike" --decoder "rate"
  Selected Fitness: -488.308

Best Fitness = -81.014300

Bayes Iteration :  96
  Cmd: bin/dimensionality_reduction_risp -a train --app_params 02/dimensionality_reduction.json --eons_params 02/eons.json --proc_params 02/risp.json --threads 13 --epochs 10 --sim_time 8 --extra_eons_params '{"starting_edges":128}' --extra_app_params '{"output_dimensions":8}' --extra_proc_params '{"discrete":true,"leak_mode":"all","max_delay":1,"max_threshold":1,"max_weight":4,"min_potential":-4,"min_weight":-2}' --encoder "spike" --decoder "rate"
  Selected Fitness: -134.156

Best Fitness = -81.014300

Bayes Iteration :  97
  Cmd: bin/dimensionality_reduction_risp -a train --app_params 02/dimensionality_reduction.json --eons_params 02/eons.json --proc_params 02/risp.json --threads 13 --epochs 10 --sim_time 128 --extra_eons_params '{"starting_edges":64}' --extra_app_params '{"output_dimensions":8}' --extra_proc_params '{"discrete":false,"leak_mode":"all","max_delay":16,"max_threshold":4,"max_weight":16,"min_potential":-2,"min_weight":-2}' --encoder "val" --decoder "ttls"
  Selected Fitness: -146.05

Best Fitness = -81.014300

Bayes Iteration :  98
  Cmd: bin/dimensionality_reduction_risp -a train --app_params 02/dimensionality_reduction.json --eons_params 02/eons.json --proc_params 02/risp.json --threads 13 --epochs 10 --sim_time 16 --extra_eons_params '{"starting_edges":128}' --extra_app_params '{"output_dimensions":4}' --extra_proc_params '{"discrete":true,"leak_mode":"none","max_delay":16,"max_threshold":8,"max_weight":8,"min_potential":-1,"min_weight":-2}' --encoder "temporal" --decoder "ttls"
  Selected Fitness: -553.824

Best Fitness = -81.014300

Bayes Iteration :  99
  Cmd: bin/dimensionality_reduction_risp -a train --app_params 02/dimensionality_reduction.json --eons_params 02/eons.json --proc_params 02/risp.json --threads 13 --epochs 10 --sim_time 16 --extra_eons_params '{"starting_edges":128}' --extra_app_params '{"output_dimensions":16}' --extra_proc_params '{"discrete":false,"leak_mode":"all","max_delay":1,"max_threshold":8,"max_weight":16,"min_potential":-2,"min_weight":-1}' --encoder "spikes" --decoder "rate"
  Selected Fitness: -252.348

Best Fitness = -81.014300

