{
  "app_params": {
    "output_dimensions": [
      2,
      4,
      8,
      16,
      32
    ]
  },
  "app_proc": "dimensionality_reduction_risp",
  "argv": "../bin/bayes --input_file /lustre/isaac24/scratch/jhanna8/repos/2026_dr_tests/bayes/dimensionality_reduction/31/b31.in --output_file /lustre/isaac24/scratch/jhanna8/repos/2026_dr_tests/bayes/dimensionality_reduction/31/b31.out --n_calls 5 -d /lustre/isaac24/scratch/jhanna8/repos/2026_dr_tests/bayes/dimensionality_reduction/31/networks ",
  "bayes_iteration": 5,
  "bayes_iteration_type": "median",
  "best_fitness": [
    {
      "cmd": "bin/dimensionality_reduction_risp -a train --app_params 31/dimensionality_reduction.json --eons_params 31/eons.json --proc_params 31/risp.json --sim_time 128 --threads 13 --epochs 10 --extra_eons_params {\"starting_edges\":64} --extra_app_params {\"output_dimensions\":16} --extra_proc_params {\"discrete\":true,\"leak_mode\":\"none\",\"max_delay\":4,\"max_threshold\":8,\"max_weight\":16,\"min_potential\":-2,\"min_weight\":-4} --encoder \"val\" --decoder \"rate\"",
      "fitness": 0.185497,
      "network": "/lustre/isaac24/scratch/jhanna8/repos/2026_dr_tests/bayes/dimensionality_reduction/31/networks/dimensionality_reduction_risp_4"
    },
    {
      "cmd": "bin/dimensionality_reduction_risp -a train --app_params 31/dimensionality_reduction.json --eons_params 31/eons.json --proc_params 31/risp.json --sim_time 128 --threads 13 --epochs 10 --extra_eons_params {\"starting_edges\":128} --extra_app_params {\"output_dimensions\":16} --extra_proc_params {\"discrete\":true,\"leak_mode\":\"none\",\"max_delay\":2,\"max_threshold\":8,\"max_weight\":4,\"min_potential\":-2,\"min_weight\":-4} --encoder \"val\" --decoder \"rate\"",
      "fitness": 0.182767,
      "network": "/lustre/isaac24/scratch/jhanna8/repos/2026_dr_tests/bayes/dimensionality_reduction/31/networks/dimensionality_reduction_risp_5"
    },
    {
      "cmd": "bin/dimensionality_reduction_risp -a train --app_params 31/dimensionality_reduction.json --eons_params 31/eons.json --proc_params 31/risp.json --sim_time 128 --threads 13 --epochs 10 --extra_eons_params {\"starting_edges\":64} --extra_app_params {\"output_dimensions\":16} --extra_proc_params {\"discrete\":false,\"leak_mode\":\"all\",\"max_delay\":8,\"max_threshold\":8,\"max_weight\":2,\"min_potential\":-4,\"min_weight\":-2} --encoder \"spike\" --decoder \"ttls\"",
      "fitness": 0.177575,
      "network": "/lustre/isaac24/scratch/jhanna8/repos/2026_dr_tests/bayes/dimensionality_reduction/31/networks/dimensionality_reduction_risp_1"
    },
    {
      "cmd": "bin/dimensionality_reduction_risp -a train --app_params 31/dimensionality_reduction.json --eons_params 31/eons.json --proc_params 31/risp.json --sim_time 128 --threads 13 --epochs 10 --extra_eons_params {\"starting_edges\":96} --extra_app_params {\"output_dimensions\":16} --extra_proc_params {\"discrete\":false,\"leak_mode\":\"none\",\"max_delay\":1,\"max_threshold\":2,\"max_weight\":2,\"min_potential\":-2,\"min_weight\":-2} --encoder \"spikes\" --decoder \"ttls\"",
      "fitness": 0.175642,
      "network": "/lustre/isaac24/scratch/jhanna8/repos/2026_dr_tests/bayes/dimensionality_reduction/31/networks/dimensionality_reduction_risp_3"
    },
    {
      "cmd": "bin/dimensionality_reduction_risp -a train --app_params 31/dimensionality_reduction.json --eons_params 31/eons.json --proc_params 31/risp.json --sim_time 128 --threads 13 --epochs 10 --extra_eons_params {\"starting_edges\":128} --extra_app_params {\"output_dimensions\":32} --extra_proc_params {\"discrete\":false,\"leak_mode\":\"none\",\"max_delay\":16,\"max_threshold\":4,\"max_weight\":4,\"min_potential\":-2,\"min_weight\":-2} --encoder \"spike\" --decoder \"ttls\"",
      "fitness": 0.167282,
      "network": "/lustre/isaac24/scratch/jhanna8/repos/2026_dr_tests/bayes/dimensionality_reduction/31/networks/dimensionality_reduction_risp_2"
    }
  ],
  "command": "bin/dimensionality_reduction_risp -a train --app_params 31/dimensionality_reduction.json --eons_params 31/eons.json --proc_params 31/risp.json --sim_time 128 --threads 13 --epochs 10",
  "command_params": {},
  "data_points": [
    {
      "best": 0.185497,
      "cmd": "bin/dimensionality_reduction_risp -a train --app_params 31/dimensionality_reduction.json --eons_params 31/eons.json --proc_params 31/risp.json --sim_time 128 --threads 13 --epochs 10 --extra_eons_params {\"starting_edges\":64} --extra_app_params {\"output_dimensions\":16} --extra_proc_params {\"discrete\":true,\"leak_mode\":\"none\",\"max_delay\":4,\"max_threshold\":8,\"max_weight\":16,\"min_potential\":-2,\"min_weight\":-4} --encoder \"val\" --decoder \"rate\"",
      "fitness": [
        0.185497,
        0.184404,
        0.17817
      ],
      "hyperparam": "0.000000000-3.000000000-0.000000000-1.000000000-2.000000000-3.000000000-4.000000000-2.000000000-0.000000000-0.000000000-1.000000000",
      "mean": 0.18269033333333332,
      "median": 0.184404,
      "network": "/lustre/isaac24/scratch/jhanna8/repos/2026_dr_tests/bayes/dimensionality_reduction/31/networks/dimensionality_reduction_risp_4"
    },
    {
      "best": 0.177575,
      "cmd": "bin/dimensionality_reduction_risp -a train --app_params 31/dimensionality_reduction.json --eons_params 31/eons.json --proc_params 31/risp.json --sim_time 128 --threads 13 --epochs 10 --extra_eons_params {\"starting_edges\":64} --extra_app_params {\"output_dimensions\":16} --extra_proc_params {\"discrete\":false,\"leak_mode\":\"all\",\"max_delay\":8,\"max_threshold\":8,\"max_weight\":2,\"min_potential\":-4,\"min_weight\":-2} --encoder \"spike\" --decoder \"ttls\"",
      "fitness": [
        0.175408,
        0.174562,
        0.177575
      ],
      "hyperparam": "0.000000000-3.000000000-1.000000000-0.000000000-3.000000000-3.000000000-1.000000000-1.000000000-1.000000000-1.000000000-0.000000000",
      "mean": 0.17584833333333336,
      "median": 0.175408,
      "network": "/lustre/isaac24/scratch/jhanna8/repos/2026_dr_tests/bayes/dimensionality_reduction/31/networks/dimensionality_reduction_risp_1"
    },
    {
      "best": 0.175642,
      "cmd": "bin/dimensionality_reduction_risp -a train --app_params 31/dimensionality_reduction.json --eons_params 31/eons.json --proc_params 31/risp.json --sim_time 128 --threads 13 --epochs 10 --extra_eons_params {\"starting_edges\":96} --extra_app_params {\"output_dimensions\":16} --extra_proc_params {\"discrete\":false,\"leak_mode\":\"none\",\"max_delay\":1,\"max_threshold\":2,\"max_weight\":2,\"min_potential\":-2,\"min_weight\":-2} --encoder \"spikes\" --decoder \"ttls\"",
      "fitness": [
        0.16625499999999999,
        0.173692,
        0.175642
      ],
      "hyperparam": "1.000000000-3.000000000-1.000000000-1.000000000-0.000000000-1.000000000-1.000000000-2.000000000-1.000000000-3.000000000-0.000000000",
      "mean": 0.171863,
      "median": 0.173692,
      "network": "/lustre/isaac24/scratch/jhanna8/repos/2026_dr_tests/bayes/dimensionality_reduction/31/networks/dimensionality_reduction_risp_3"
    },
    {
      "best": 0.182767,
      "cmd": "bin/dimensionality_reduction_risp -a train --app_params 31/dimensionality_reduction.json --eons_params 31/eons.json --proc_params 31/risp.json --sim_time 128 --threads 13 --epochs 10 --extra_eons_params {\"starting_edges\":128} --extra_app_params {\"output_dimensions\":16} --extra_proc_params {\"discrete\":true,\"leak_mode\":\"none\",\"max_delay\":2,\"max_threshold\":8,\"max_weight\":4,\"min_potential\":-2,\"min_weight\":-4} --encoder \"val\" --decoder \"rate\"",
      "fitness": [
        0.178406,
        0.182767,
        0.175774
      ],
      "hyperparam": "2.000000000-3.000000000-0.000000000-1.000000000-1.000000000-3.000000000-2.000000000-2.000000000-0.000000000-0.000000000-1.000000000",
      "mean": 0.17898233333333335,
      "median": 0.178406,
      "network": "/lustre/isaac24/scratch/jhanna8/repos/2026_dr_tests/bayes/dimensionality_reduction/31/networks/dimensionality_reduction_risp_5"
    },
    {
      "best": 0.167282,
      "cmd": "bin/dimensionality_reduction_risp -a train --app_params 31/dimensionality_reduction.json --eons_params 31/eons.json --proc_params 31/risp.json --sim_time 128 --threads 13 --epochs 10 --extra_eons_params {\"starting_edges\":128} --extra_app_params {\"output_dimensions\":32} --extra_proc_params {\"discrete\":false,\"leak_mode\":\"none\",\"max_delay\":16,\"max_threshold\":4,\"max_weight\":4,\"min_potential\":-2,\"min_weight\":-2} --encoder \"spike\" --decoder \"ttls\"",
      "fitness": [
        0.166866,
        0.167282,
        0.162412
      ],
      "hyperparam": "2.000000000-4.000000000-1.000000000-1.000000000-4.000000000-2.000000000-2.000000000-2.000000000-1.000000000-1.000000000-0.000000000",
      "mean": 0.16552,
      "median": 0.166866,
      "network": "/lustre/isaac24/scratch/jhanna8/repos/2026_dr_tests/bayes/dimensionality_reduction/31/networks/dimensionality_reduction_risp_2"
    }
  ],
  "decoder": {
    "base": [
      "ttls",
      "rate"
    ]
  },
  "encoder": {
    "base": [
      "val",
      "spike",
      "rate",
      "spikes",
      "temporal"
    ]
  },
  "eons_params": {
    "starting_edges": [
      64,
      96,
      128
    ]
  },
  "fitness_metric": "fitness",
  "iterations_per_test": 3,
  "num_best_networks": 0,
  "opt_params": {
    "n_random_starts": 5,
    "random_state": 26348
  },
  "optimizer": "python ../utils/scikit_opt.py",
  "proc_params": {
    "discrete": [
      true,
      false
    ],
    "leak_mode": [
      "all",
      "none"
    ],
    "max_delay": [
      1,
      2,
      4,
      8,
      16
    ],
    "max_threshold": [
      1,
      2,
      4,
      8,
      16
    ],
    "max_weight": [
      1,
      2,
      4,
      8,
      16
    ],
    "min_potential": [
      -8,
      -4,
      -2,
      -1
    ],
    "min_weight": [
      -4,
      -2,
      -1
    ]
  },
  "python_app": false,
  "test_episodes": 0,
  "test_iteration_type": "none"
}
