{
  "app_params": {
    "output_dimensions": [
      2,
      4,
      8,
      16,
      32
    ]
  },
  "app_proc": "dimensionality_reduction_risp",
  "argv": "../bin/bayes --input_file /lustre/isaac24/scratch/jhanna8/repos/2026_dr_tests/bayes/dimensionality_reduction/22/b22.in --output_file /lustre/isaac24/scratch/jhanna8/repos/2026_dr_tests/bayes/dimensionality_reduction/22/b22.out --n_calls 5 -d /lustre/isaac24/scratch/jhanna8/repos/2026_dr_tests/bayes/dimensionality_reduction/22/networks ",
  "bayes_iteration": 5,
  "bayes_iteration_type": "median",
  "best_fitness": [
    {
      "cmd": "bin/dimensionality_reduction_risp -a train --app_params 22/dimensionality_reduction.json --eons_params 22/eons.json --proc_params 22/risp.json --sim_time 16 --threads 13 --epochs 10 --extra_eons_params {\"starting_edges\":64} --extra_app_params {\"output_dimensions\":16} --extra_proc_params {\"discrete\":true,\"leak_mode\":\"all\",\"max_delay\":16,\"max_threshold\":1,\"max_weight\":8,\"min_potential\":-8,\"min_weight\":-2} --encoder \"spike\" --decoder \"ttls\"",
      "fitness": 0.164717,
      "network": "/lustre/isaac24/scratch/jhanna8/repos/2026_dr_tests/bayes/dimensionality_reduction/22/networks/dimensionality_reduction_risp_1"
    },
    {
      "cmd": "bin/dimensionality_reduction_risp -a train --app_params 22/dimensionality_reduction.json --eons_params 22/eons.json --proc_params 22/risp.json --sim_time 16 --threads 13 --epochs 10 --extra_eons_params {\"starting_edges\":64} --extra_app_params {\"output_dimensions\":32} --extra_proc_params {\"discrete\":true,\"leak_mode\":\"all\",\"max_delay\":16,\"max_threshold\":2,\"max_weight\":2,\"min_potential\":-4,\"min_weight\":-1} --encoder \"spikes\" --decoder \"rate\"",
      "fitness": 0.161235,
      "network": "/lustre/isaac24/scratch/jhanna8/repos/2026_dr_tests/bayes/dimensionality_reduction/22/networks/dimensionality_reduction_risp_2"
    },
    {
      "cmd": "bin/dimensionality_reduction_risp -a train --app_params 22/dimensionality_reduction.json --eons_params 22/eons.json --proc_params 22/risp.json --sim_time 16 --threads 13 --epochs 10 --extra_eons_params {\"starting_edges\":96} --extra_app_params {\"output_dimensions\":8} --extra_proc_params {\"discrete\":true,\"leak_mode\":\"none\",\"max_delay\":8,\"max_threshold\":8,\"max_weight\":16,\"min_potential\":-1,\"min_weight\":-2} --encoder \"spike\" --decoder \"rate\"",
      "fitness": 0.155399,
      "network": "/lustre/isaac24/scratch/jhanna8/repos/2026_dr_tests/bayes/dimensionality_reduction/22/networks/dimensionality_reduction_risp_4"
    },
    {
      "cmd": "bin/dimensionality_reduction_risp -a train --app_params 22/dimensionality_reduction.json --eons_params 22/eons.json --proc_params 22/risp.json --sim_time 16 --threads 13 --epochs 10 --extra_eons_params {\"starting_edges\":96} --extra_app_params {\"output_dimensions\":4} --extra_proc_params {\"discrete\":true,\"leak_mode\":\"none\",\"max_delay\":4,\"max_threshold\":4,\"max_weight\":4,\"min_potential\":-4,\"min_weight\":-1} --encoder \"rate\" --decoder \"ttls\"",
      "fitness": 0.155172,
      "network": "/lustre/isaac24/scratch/jhanna8/repos/2026_dr_tests/bayes/dimensionality_reduction/22/networks/dimensionality_reduction_risp_5"
    },
    {
      "cmd": "bin/dimensionality_reduction_risp -a train --app_params 22/dimensionality_reduction.json --eons_params 22/eons.json --proc_params 22/risp.json --sim_time 16 --threads 13 --epochs 10 --extra_eons_params {\"starting_edges\":64} --extra_app_params {\"output_dimensions\":8} --extra_proc_params {\"discrete\":true,\"leak_mode\":\"none\",\"max_delay\":16,\"max_threshold\":1,\"max_weight\":4,\"min_potential\":-4,\"min_weight\":-2} --encoder \"spikes\" --decoder \"rate\"",
      "fitness": 0.152043,
      "network": "/lustre/isaac24/scratch/jhanna8/repos/2026_dr_tests/bayes/dimensionality_reduction/22/networks/dimensionality_reduction_risp_3"
    }
  ],
  "command": "bin/dimensionality_reduction_risp -a train --app_params 22/dimensionality_reduction.json --eons_params 22/eons.json --proc_params 22/risp.json --sim_time 16 --threads 13 --epochs 10",
  "command_params": {},
  "data_points": [
    {
      "best": 0.152043,
      "cmd": "bin/dimensionality_reduction_risp -a train --app_params 22/dimensionality_reduction.json --eons_params 22/eons.json --proc_params 22/risp.json --sim_time 16 --threads 13 --epochs 10 --extra_eons_params {\"starting_edges\":64} --extra_app_params {\"output_dimensions\":8} --extra_proc_params {\"discrete\":true,\"leak_mode\":\"none\",\"max_delay\":16,\"max_threshold\":1,\"max_weight\":4,\"min_potential\":-4,\"min_weight\":-2} --encoder \"spikes\" --decoder \"rate\"",
      "fitness": [
        0.143138,
        0.144764,
        0.152043
      ],
      "hyperparam": "0.000000000-2.000000000-0.000000000-1.000000000-4.000000000-0.000000000-2.000000000-1.000000000-1.000000000-3.000000000-1.000000000",
      "mean": 0.14664833333333335,
      "median": 0.144764,
      "network": "/lustre/isaac24/scratch/jhanna8/repos/2026_dr_tests/bayes/dimensionality_reduction/22/networks/dimensionality_reduction_risp_3"
    },
    {
      "best": 0.164717,
      "cmd": "bin/dimensionality_reduction_risp -a train --app_params 22/dimensionality_reduction.json --eons_params 22/eons.json --proc_params 22/risp.json --sim_time 16 --threads 13 --epochs 10 --extra_eons_params {\"starting_edges\":64} --extra_app_params {\"output_dimensions\":16} --extra_proc_params {\"discrete\":true,\"leak_mode\":\"all\",\"max_delay\":16,\"max_threshold\":1,\"max_weight\":8,\"min_potential\":-8,\"min_weight\":-2} --encoder \"spike\" --decoder \"ttls\"",
      "fitness": [
        0.164717,
        0.162806,
        0.1619
      ],
      "hyperparam": "0.000000000-3.000000000-0.000000000-0.000000000-4.000000000-0.000000000-3.000000000-0.000000000-1.000000000-1.000000000-0.000000000",
      "mean": 0.163141,
      "median": 0.162806,
      "network": "/lustre/isaac24/scratch/jhanna8/repos/2026_dr_tests/bayes/dimensionality_reduction/22/networks/dimensionality_reduction_risp_1"
    },
    {
      "best": 0.161235,
      "cmd": "bin/dimensionality_reduction_risp -a train --app_params 22/dimensionality_reduction.json --eons_params 22/eons.json --proc_params 22/risp.json --sim_time 16 --threads 13 --epochs 10 --extra_eons_params {\"starting_edges\":64} --extra_app_params {\"output_dimensions\":32} --extra_proc_params {\"discrete\":true,\"leak_mode\":\"all\",\"max_delay\":16,\"max_threshold\":2,\"max_weight\":2,\"min_potential\":-4,\"min_weight\":-1} --encoder \"spikes\" --decoder \"rate\"",
      "fitness": [
        0.160564,
        0.161235,
        0.159685
      ],
      "hyperparam": "0.000000000-4.000000000-0.000000000-0.000000000-4.000000000-1.000000000-1.000000000-1.000000000-2.000000000-3.000000000-1.000000000",
      "mean": 0.16049466666666667,
      "median": 0.160564,
      "network": "/lustre/isaac24/scratch/jhanna8/repos/2026_dr_tests/bayes/dimensionality_reduction/22/networks/dimensionality_reduction_risp_2"
    },
    {
      "best": 0.155172,
      "cmd": "bin/dimensionality_reduction_risp -a train --app_params 22/dimensionality_reduction.json --eons_params 22/eons.json --proc_params 22/risp.json --sim_time 16 --threads 13 --epochs 10 --extra_eons_params {\"starting_edges\":96} --extra_app_params {\"output_dimensions\":4} --extra_proc_params {\"discrete\":true,\"leak_mode\":\"none\",\"max_delay\":4,\"max_threshold\":4,\"max_weight\":4,\"min_potential\":-4,\"min_weight\":-1} --encoder \"rate\" --decoder \"ttls\"",
      "fitness": [
        0.155172,
        0.139767,
        0.11317
      ],
      "hyperparam": "1.000000000-1.000000000-0.000000000-1.000000000-2.000000000-2.000000000-2.000000000-1.000000000-2.000000000-2.000000000-0.000000000",
      "mean": 0.13603633333333334,
      "median": 0.139767,
      "network": "/lustre/isaac24/scratch/jhanna8/repos/2026_dr_tests/bayes/dimensionality_reduction/22/networks/dimensionality_reduction_risp_5"
    },
    {
      "best": 0.155399,
      "cmd": "bin/dimensionality_reduction_risp -a train --app_params 22/dimensionality_reduction.json --eons_params 22/eons.json --proc_params 22/risp.json --sim_time 16 --threads 13 --epochs 10 --extra_eons_params {\"starting_edges\":96} --extra_app_params {\"output_dimensions\":8} --extra_proc_params {\"discrete\":true,\"leak_mode\":\"none\",\"max_delay\":8,\"max_threshold\":8,\"max_weight\":16,\"min_potential\":-1,\"min_weight\":-2} --encoder \"spike\" --decoder \"rate\"",
      "fitness": [
        0.152486,
        0.155399,
        0.145899
      ],
      "hyperparam": "1.000000000-2.000000000-0.000000000-1.000000000-3.000000000-3.000000000-4.000000000-3.000000000-1.000000000-1.000000000-1.000000000",
      "mean": 0.15126133333333333,
      "median": 0.152486,
      "network": "/lustre/isaac24/scratch/jhanna8/repos/2026_dr_tests/bayes/dimensionality_reduction/22/networks/dimensionality_reduction_risp_4"
    }
  ],
  "decoder": {
    "base": [
      "ttls",
      "rate"
    ]
  },
  "encoder": {
    "base": [
      "val",
      "spike",
      "rate",
      "spikes",
      "temporal"
    ]
  },
  "eons_params": {
    "starting_edges": [
      64,
      96,
      128
    ]
  },
  "fitness_metric": "fitness",
  "iterations_per_test": 3,
  "num_best_networks": 0,
  "opt_params": {
    "n_random_starts": 5,
    "random_state": 3936
  },
  "optimizer": "python ../utils/scikit_opt.py",
  "proc_params": {
    "discrete": [
      true,
      false
    ],
    "leak_mode": [
      "all",
      "none"
    ],
    "max_delay": [
      1,
      2,
      4,
      8,
      16
    ],
    "max_threshold": [
      1,
      2,
      4,
      8,
      16
    ],
    "max_weight": [
      1,
      2,
      4,
      8,
      16
    ],
    "min_potential": [
      -8,
      -4,
      -2,
      -1
    ],
    "min_weight": [
      -4,
      -2,
      -1
    ]
  },
  "python_app": false,
  "test_episodes": 0,
  "test_iteration_type": "none"
}
